Copyright 1986-2020 Xilinx, Inc. All Rights Reserved.
------------------------------------------------------------------------------------------------
| Tool Version : Vivado v.2020.2 (win64) Build 3064766 Wed Nov 18 09:12:45 MST 2020
| Date         : Fri Apr 17 17:01:03 2026
| Host         : DESKTOP-7CFQ9ND running 64-bit major release  (build 9200)
| Command      : report_control_sets -verbose -file top_stopwatch_watch_control_sets_placed.rpt
| Design       : top_stopwatch_watch
| Device       : xc7a35t
------------------------------------------------------------------------------------------------

Control Set Information

Table of Contents
-----------------
1. Summary
2. Histogram
3. Flip-Flop Distribution
4. Detailed Control Set Information

1. Summary
----------

+----------------------------------------------------------+-------+
|                          Status                          | Count |
+----------------------------------------------------------+-------+
| Total control sets                                       |    11 |
|    Minimum number of control sets                        |    11 |
|    Addition due to synthesis replication                 |     0 |
|    Addition due to physical synthesis replication        |     0 |
| Unused register locations in slices containing registers |    30 |
+----------------------------------------------------------+-------+
* Control sets can be merged at opt_design using control_set_merge or merge_equivalent_drivers
** Run report_qor_suggestions for automated merging and remapping suggestions


2. Histogram
------------

+--------------------+-------+
|       Fanout       | Count |
+--------------------+-------+
| Total control sets |    11 |
| >= 0 to < 4        |     1 |
| >= 4 to < 6        |     1 |
| >= 6 to < 8        |     7 |
| >= 8 to < 10       |     1 |
| >= 10 to < 12      |     0 |
| >= 12 to < 14      |     0 |
| >= 14 to < 16      |     0 |
| >= 16              |     1 |
+--------------------+-------+
* Control sets can be remapped at either synth_design or opt_design


3. Flip-Flop Distribution
-------------------------

+--------------+-----------------------+------------------------+-----------------+--------------+
| Clock Enable | Synchronous Set/Reset | Asynchronous Set/Reset | Total Registers | Total Slices |
+--------------+-----------------------+------------------------+-----------------+--------------+
| No           | No                    | No                     |               0 |            0 |
| No           | No                    | Yes                    |             181 |           57 |
| No           | Yes                   | No                     |               0 |            0 |
| Yes          | No                    | No                     |               0 |            0 |
| Yes          | No                    | Yes                    |              61 |           37 |
| Yes          | Yes                   | No                     |               0 |            0 |
+--------------+-----------------------+------------------------+-----------------+--------------+


4. Detailed Control Set Information
-----------------------------------

+--------------------------------------+---------------------------------------------+-----------------------------------------------+------------------+----------------+--------------+
|             Clock Signal             |                Enable Signal                |                Set/Reset Signal               | Slice Load Count | Bel Load Count | Bels / Slice |
+--------------------------------------+---------------------------------------------+-----------------------------------------------+------------------+----------------+--------------+
|  u3_FND_Controller/u10_tick_1ms/E[0] |                                             | u1_stopwatch_datapath/u1_tick_gen_100hz/AR[0] |                1 |              3 |         3.00 |
|  clk_IBUF_BUFG                       | u1_watch_control_unit/tick_reg_1[0]         | u1_stopwatch_datapath/u1_tick_gen_100hz/AR[0] |                3 |              5 |         1.67 |
|  clk_IBUF_BUFG                       | u1_watch_control_unit/tick_reg[0]           | u1_stopwatch_datapath/u1_tick_gen_100hz/AR[0] |                5 |              6 |         1.20 |
|  clk_IBUF_BUFG                       | u1_watch_control_unit/tick_reg_0[0]         | u1_stopwatch_datapath/u1_tick_gen_100hz/AR[0] |                5 |              6 |         1.20 |
|  clk_IBUF_BUFG                       | u1_stopwatch_control_unit/tick_reg[0]       | u1_stopwatch_datapath/u1_tick_gen_100hz/AR[0] |                3 |              7 |         2.33 |
|  clk_IBUF_BUFG                       | u1_stopwatch_control_unit/tick_reg_0[0]     | u1_stopwatch_datapath/u1_tick_gen_100hz/AR[0] |                4 |              7 |         1.75 |
|  clk_IBUF_BUFG                       | u1_stopwatch_control_unit/tick_100hz_reg[0] | u1_stopwatch_datapath/u1_tick_gen_100hz/AR[0] |                4 |              7 |         1.75 |
|  clk_IBUF_BUFG                       | u1_stopwatch_control_unit/E[0]              | u1_stopwatch_datapath/u1_tick_gen_100hz/AR[0] |                4 |              7 |         1.75 |
|  clk_IBUF_BUFG                       | u1_watch_control_unit/E[0]                  | u1_stopwatch_datapath/u1_tick_gen_100hz/AR[0] |                6 |              7 |         1.17 |
|  clk_IBUF_BUFG                       | u3_FND_Controller/u10_tick_1ms/E[0]         | u1_stopwatch_datapath/u1_tick_gen_100hz/AR[0] |                3 |              9 |         3.00 |
|  clk_IBUF_BUFG                       |                                             | u1_stopwatch_datapath/u1_tick_gen_100hz/AR[0] |               56 |            178 |         3.18 |
+--------------------------------------+---------------------------------------------+-----------------------------------------------+------------------+----------------+--------------+


