Copyright 1986-2020 Xilinx, Inc. All Rights Reserved.
-----------------------------------------------------------------------------------------------------------------------------------------------------------------------------------------------------------------
| Tool Version : Vivado v.2020.2 (win64) Build 3064766 Wed Nov 18 09:12:45 MST 2020
| Date         : Mon Jun 15 13:11:35 2026
| Host         : DESKTOP-7CFQ9ND running 64-bit major release  (build 9200)
| Command      : report_timing_summary -max_paths 10 -file i2c_demo_count_timing_summary_routed.rpt -pb i2c_demo_count_timing_summary_routed.pb -rpx i2c_demo_count_timing_summary_routed.rpx -warn_on_violation
| Design       : i2c_demo_count
| Device       : 7a35t-cpg236
| Speed File   : -1  PRODUCTION 1.23 2018-06-13
-----------------------------------------------------------------------------------------------------------------------------------------------------------------------------------------------------------------

Timing Summary Report

------------------------------------------------------------------------------------------------
| Timer Settings
| --------------
------------------------------------------------------------------------------------------------

  Enable Multi Corner Analysis               :  Yes
  Enable Pessimism Removal                   :  Yes
  Pessimism Removal Resolution               :  Nearest Common Node
  Enable Input Delay Default Clock           :  No
  Enable Preset / Clear Arcs                 :  No
  Disable Flight Delays                      :  No
  Ignore I/O Paths                           :  No
  Timing Early Launch at Borrowing Latches   :  No
  Borrow Time for Max Delay Exceptions       :  Yes
  Merge Timing Exceptions                    :  Yes

  Corner  Analyze    Analyze    
  Name    Max Paths  Min Paths  
  ------  ---------  ---------  
  Slow    Yes        Yes        
  Fast    Yes        Yes        



check_timing report

Table of Contents
-----------------
1. checking no_clock (0)
2. checking constant_clock (0)
3. checking pulse_width_clock (0)
4. checking unconstrained_internal_endpoints (0)
5. checking no_input_delay (2)
6. checking no_output_delay (2)
7. checking multiple_clock (0)
8. checking generated_clocks (0)
9. checking loops (0)
10. checking partial_input_delay (0)
11. checking partial_output_delay (0)
12. checking latch_loops (0)

1. checking no_clock (0)
------------------------
 There are 0 register/latch pins with no clock.


2. checking constant_clock (0)
------------------------------
 There are 0 register/latch pins with constant_clock.


3. checking pulse_width_clock (0)
---------------------------------
 There are 0 register/latch pins which need pulse_width check


4. checking unconstrained_internal_endpoints (0)
------------------------------------------------
 There are 0 pins that are not constrained for maximum delay.

 There are 0 pins that are not constrained for maximum delay due to constant clock.


5. checking no_input_delay (2)
------------------------------
 There are 2 input ports with no input delay specified. (HIGH)

 There are 0 input ports with no input delay but user has a false path constraint.


6. checking no_output_delay (2)
-------------------------------
 There are 2 ports with no output delay specified. (HIGH)

 There are 0 ports with no output delay but user has a false path constraint

 There are 0 ports with no output delay but with a timing clock defined on it or propagating through it


7. checking multiple_clock (0)
------------------------------
 There are 0 register/latch pins with multiple clocks.


8. checking generated_clocks (0)
--------------------------------
 There are 0 generated clocks that are not connected to a clock source.


9. checking loops (0)
---------------------
 There are 0 combinational loops in the design.


10. checking partial_input_delay (0)
------------------------------------
 There are 0 input ports with partial input delay specified.


11. checking partial_output_delay (0)
-------------------------------------
 There are 0 ports with partial output delay specified.


12. checking latch_loops (0)
----------------------------
 There are 0 combinational latch loops in the design through latch input



------------------------------------------------------------------------------------------------
| Design Timing Summary
| ---------------------
------------------------------------------------------------------------------------------------

    WNS(ns)      TNS(ns)  TNS Failing Endpoints  TNS Total Endpoints      WHS(ns)      THS(ns)  THS Failing Endpoints  THS Total Endpoints     WPWS(ns)     TPWS(ns)  TPWS Failing Endpoints  TPWS Total Endpoints  
    -------      -------  ---------------------  -------------------      -------      -------  ---------------------  -------------------     --------     --------  ----------------------  --------------------  
      6.428        0.000                      0                   76        0.186        0.000                      0                   76        4.500        0.000                       0                    53  


All user specified timing constraints are met.


------------------------------------------------------------------------------------------------
| Clock Summary
| -------------
------------------------------------------------------------------------------------------------

Clock        Waveform(ns)       Period(ns)      Frequency(MHz)
-----        ------------       ----------      --------------
sys_clk_pin  {0.000 5.000}      10.000          100.000         


------------------------------------------------------------------------------------------------
| Intra Clock Table
| -----------------
------------------------------------------------------------------------------------------------

Clock             WNS(ns)      TNS(ns)  TNS Failing Endpoints  TNS Total Endpoints      WHS(ns)      THS(ns)  THS Failing Endpoints  THS Total Endpoints     WPWS(ns)     TPWS(ns)  TPWS Failing Endpoints  TPWS Total Endpoints  
-----             -------      -------  ---------------------  -------------------      -------      -------  ---------------------  -------------------     --------     --------  ----------------------  --------------------  
sys_clk_pin         6.428        0.000                      0                   76        0.186        0.000                      0                   76        4.500        0.000                       0                    53  


------------------------------------------------------------------------------------------------
| Inter Clock Table
| -----------------
------------------------------------------------------------------------------------------------

From Clock    To Clock          WNS(ns)      TNS(ns)  TNS Failing Endpoints  TNS Total Endpoints      WHS(ns)      THS(ns)  THS Failing Endpoints  THS Total Endpoints  
----------    --------          -------      -------  ---------------------  -------------------      -------      -------  ---------------------  -------------------  


------------------------------------------------------------------------------------------------
| Other Path Groups Table
| -----------------------
------------------------------------------------------------------------------------------------

Path Group    From Clock    To Clock          WNS(ns)      TNS(ns)  TNS Failing Endpoints  TNS Total Endpoints      WHS(ns)      THS(ns)  THS Failing Endpoints  THS Total Endpoints  
----------    ----------    --------          -------      -------  ---------------------  -------------------      -------      -------  ---------------------  -------------------  


------------------------------------------------------------------------------------------------
| Timing Details
| --------------
------------------------------------------------------------------------------------------------


---------------------------------------------------------------------------------------------------
From Clock:  sys_clk_pin
  To Clock:  sys_clk_pin

Setup :            0  Failing Endpoints,  Worst Slack        6.428ns,  Total Violation        0.000ns
Hold  :            0  Failing Endpoints,  Worst Slack        0.186ns,  Total Violation        0.000ns
PW    :            0  Failing Endpoints,  Worst Slack        4.500ns,  Total Violation        0.000ns
---------------------------------------------------------------------------------------------------


Max Delay Paths
--------------------------------------------------------------------------------------
Slack (MET) :             6.428ns  (required time - arrival time)
  Source:                 dut/u_i2c_master/div_cnt_reg[3]/C
                            (rising edge-triggered cell FDCE clocked by sys_clk_pin  {rise@0.000ns fall@5.000ns period=10.000ns})
  Destination:            dut/u_i2c_master/div_cnt_reg[2]/D
                            (rising edge-triggered cell FDCE clocked by sys_clk_pin  {rise@0.000ns fall@5.000ns period=10.000ns})
  Path Group:             sys_clk_pin
  Path Type:              Setup (Max at Slow Process Corner)
  Requirement:            10.000ns  (sys_clk_pin rise@10.000ns - sys_clk_pin rise@0.000ns)
  Data Path Delay:        3.613ns  (logic 1.255ns (34.734%)  route 2.358ns (65.266%))
  Logic Levels:           3  (LUT4=2 LUT5=1)
  Clock Path Skew:        0.000ns (DCD - SCD + CPR)
    Destination Clock Delay (DCD):    5.009ns = ( 15.009 - 10.000 ) 
    Source Clock Delay      (SCD):    5.312ns
    Clock Pessimism Removal (CPR):    0.303ns
  Clock Uncertainty:      0.035ns  ((TSJ^2 + TIJ^2)^1/2 + DJ) / 2 + PE
    Total System Jitter     (TSJ):    0.071ns
    Total Input Jitter      (TIJ):    0.000ns
    Discrete Jitter          (DJ):    0.000ns
    Phase Error              (PE):    0.000ns

    Location             Delay type                Incr(ns)  Path(ns)    Netlist Resource(s)
  -------------------------------------------------------------------    -------------------
                         (clock sys_clk_pin rise edge)
                                                      0.000     0.000 r  
    W5                                                0.000     0.000 r  clk (IN)
                         net (fo=0)                   0.000     0.000    clk
    W5                   IBUF (Prop_ibuf_I_O)         1.458     1.458 r  clk_IBUF_inst/O
                         net (fo=1, routed)           1.967     3.425    clk_IBUF
    BUFGCTRL_X0Y0        BUFG (Prop_bufg_I_O)         0.096     3.521 r  clk_IBUF_BUFG_inst/O
                         net (fo=52, routed)          1.791     5.312    dut/u_i2c_master/clk_IBUF_BUFG
    SLICE_X2Y123         FDCE                                         r  dut/u_i2c_master/div_cnt_reg[3]/C
  -------------------------------------------------------------------    -------------------
    SLICE_X2Y123         FDCE (Prop_fdce_C_Q)         0.478     5.790 f  dut/u_i2c_master/div_cnt_reg[3]/Q
                         net (fo=5, routed)           0.875     6.665    dut/u_i2c_master/div_cnt[3]
    SLICE_X2Y123         LUT5 (Prop_lut5_I1_O)        0.295     6.960 r  dut/u_i2c_master/div_cnt[7]_i_2/O
                         net (fo=2, routed)           0.573     7.533    dut/u_i2c_master/div_cnt[7]_i_2_n_0
    SLICE_X3Y123         LUT4 (Prop_lut4_I3_O)        0.150     7.683 f  dut/u_i2c_master/div_cnt[5]_i_2/O
                         net (fo=6, routed)           0.910     8.593    dut/u_i2c_master/qtr_tick
    SLICE_X2Y123         LUT4 (Prop_lut4_I0_O)        0.332     8.925 r  dut/u_i2c_master/div_cnt[2]_i_1/O
                         net (fo=1, routed)           0.000     8.925    dut/u_i2c_master/div_cnt_1[2]
    SLICE_X2Y123         FDCE                                         r  dut/u_i2c_master/div_cnt_reg[2]/D
  -------------------------------------------------------------------    -------------------

                         (clock sys_clk_pin rise edge)
                                                     10.000    10.000 r  
    W5                                                0.000    10.000 r  clk (IN)
                         net (fo=0)                   0.000    10.000    clk
    W5                   IBUF (Prop_ibuf_I_O)         1.388    11.388 r  clk_IBUF_inst/O
                         net (fo=1, routed)           1.862    13.250    clk_IBUF
    BUFGCTRL_X0Y0        BUFG (Prop_bufg_I_O)         0.091    13.341 r  clk_IBUF_BUFG_inst/O
                         net (fo=52, routed)          1.668    15.009    dut/u_i2c_master/clk_IBUF_BUFG
    SLICE_X2Y123         FDCE                                         r  dut/u_i2c_master/div_cnt_reg[2]/C
                         clock pessimism              0.303    15.312    
                         clock uncertainty           -0.035    15.277    
    SLICE_X2Y123         FDCE (Setup_fdce_C_D)        0.077    15.354    dut/u_i2c_master/div_cnt_reg[2]
  -------------------------------------------------------------------
                         required time                         15.354    
                         arrival time                          -8.925    
  -------------------------------------------------------------------
                         slack                                  6.428    

Slack (MET) :             6.447ns  (required time - arrival time)
  Source:                 dut/u_i2c_master/div_cnt_reg[3]/C
                            (rising edge-triggered cell FDCE clocked by sys_clk_pin  {rise@0.000ns fall@5.000ns period=10.000ns})
  Destination:            dut/u_i2c_master/div_cnt_reg[3]/D
                            (rising edge-triggered cell FDCE clocked by sys_clk_pin  {rise@0.000ns fall@5.000ns period=10.000ns})
  Path Group:             sys_clk_pin
  Path Type:              Setup (Max at Slow Process Corner)
  Requirement:            10.000ns  (sys_clk_pin rise@10.000ns - sys_clk_pin rise@0.000ns)
  Data Path Delay:        3.635ns  (logic 1.277ns (35.129%)  route 2.358ns (64.871%))
  Logic Levels:           3  (LUT4=1 LUT5=2)
  Clock Path Skew:        0.000ns (DCD - SCD + CPR)
    Destination Clock Delay (DCD):    5.009ns = ( 15.009 - 10.000 ) 
    Source Clock Delay      (SCD):    5.312ns
    Clock Pessimism Removal (CPR):    0.303ns
  Clock Uncertainty:      0.035ns  ((TSJ^2 + TIJ^2)^1/2 + DJ) / 2 + PE
    Total System Jitter     (TSJ):    0.071ns
    Total Input Jitter      (TIJ):    0.000ns
    Discrete Jitter          (DJ):    0.000ns
    Phase Error              (PE):    0.000ns

    Location             Delay type                Incr(ns)  Path(ns)    Netlist Resource(s)
  -------------------------------------------------------------------    -------------------
                         (clock sys_clk_pin rise edge)
                                                      0.000     0.000 r  
    W5                                                0.000     0.000 r  clk (IN)
                         net (fo=0)                   0.000     0.000    clk
    W5                   IBUF (Prop_ibuf_I_O)         1.458     1.458 r  clk_IBUF_inst/O
                         net (fo=1, routed)           1.967     3.425    clk_IBUF
    BUFGCTRL_X0Y0        BUFG (Prop_bufg_I_O)         0.096     3.521 r  clk_IBUF_BUFG_inst/O
                         net (fo=52, routed)          1.791     5.312    dut/u_i2c_master/clk_IBUF_BUFG
    SLICE_X2Y123         FDCE                                         r  dut/u_i2c_master/div_cnt_reg[3]/C
  -------------------------------------------------------------------    -------------------
    SLICE_X2Y123         FDCE (Prop_fdce_C_Q)         0.478     5.790 f  dut/u_i2c_master/div_cnt_reg[3]/Q
                         net (fo=5, routed)           0.875     6.665    dut/u_i2c_master/div_cnt[3]
    SLICE_X2Y123         LUT5 (Prop_lut5_I1_O)        0.295     6.960 r  dut/u_i2c_master/div_cnt[7]_i_2/O
                         net (fo=2, routed)           0.573     7.533    dut/u_i2c_master/div_cnt[7]_i_2_n_0
    SLICE_X3Y123         LUT4 (Prop_lut4_I3_O)        0.150     7.683 f  dut/u_i2c_master/div_cnt[5]_i_2/O
                         net (fo=6, routed)           0.910     8.593    dut/u_i2c_master/qtr_tick
    SLICE_X2Y123         LUT5 (Prop_lut5_I0_O)        0.354     8.947 r  dut/u_i2c_master/div_cnt[3]_i_1/O
                         net (fo=1, routed)           0.000     8.947    dut/u_i2c_master/div_cnt_1[3]
    SLICE_X2Y123         FDCE                                         r  dut/u_i2c_master/div_cnt_reg[3]/D
  -------------------------------------------------------------------    -------------------

                         (clock sys_clk_pin rise edge)
                                                     10.000    10.000 r  
    W5                                                0.000    10.000 r  clk (IN)
                         net (fo=0)                   0.000    10.000    clk
    W5                   IBUF (Prop_ibuf_I_O)         1.388    11.388 r  clk_IBUF_inst/O
                         net (fo=1, routed)           1.862    13.250    clk_IBUF
    BUFGCTRL_X0Y0        BUFG (Prop_bufg_I_O)         0.091    13.341 r  clk_IBUF_BUFG_inst/O
                         net (fo=52, routed)          1.668    15.009    dut/u_i2c_master/clk_IBUF_BUFG
    SLICE_X2Y123         FDCE                                         r  dut/u_i2c_master/div_cnt_reg[3]/C
                         clock pessimism              0.303    15.312    
                         clock uncertainty           -0.035    15.277    
    SLICE_X2Y123         FDCE (Setup_fdce_C_D)        0.118    15.395    dut/u_i2c_master/div_cnt_reg[3]
  -------------------------------------------------------------------
                         required time                         15.395    
                         arrival time                          -8.947    
  -------------------------------------------------------------------
                         slack                                  6.447    

Slack (MET) :             6.734ns  (required time - arrival time)
  Source:                 dut/u_i2c_master/div_cnt_reg[3]/C
                            (rising edge-triggered cell FDCE clocked by sys_clk_pin  {rise@0.000ns fall@5.000ns period=10.000ns})
  Destination:            dut/u_i2c_master/qtr_tick_reg/D
                            (rising edge-triggered cell FDCE clocked by sys_clk_pin  {rise@0.000ns fall@5.000ns period=10.000ns})
  Path Group:             sys_clk_pin
  Path Type:              Setup (Max at Slow Process Corner)
  Requirement:            10.000ns  (sys_clk_pin rise@10.000ns - sys_clk_pin rise@0.000ns)
  Data Path Delay:        2.938ns  (logic 0.923ns (31.420%)  route 2.015ns (68.580%))
  Logic Levels:           2  (LUT4=1 LUT5=1)
  Clock Path Skew:        -0.038ns (DCD - SCD + CPR)
    Destination Clock Delay (DCD):    5.007ns = ( 15.007 - 10.000 ) 
    Source Clock Delay      (SCD):    5.312ns
    Clock Pessimism Removal (CPR):    0.267ns
  Clock Uncertainty:      0.035ns  ((TSJ^2 + TIJ^2)^1/2 + DJ) / 2 + PE
    Total System Jitter     (TSJ):    0.071ns
    Total Input Jitter      (TIJ):    0.000ns
    Discrete Jitter          (DJ):    0.000ns
    Phase Error              (PE):    0.000ns

    Location             Delay type                Incr(ns)  Path(ns)    Netlist Resource(s)
  -------------------------------------------------------------------    -------------------
                         (clock sys_clk_pin rise edge)
                                                      0.000     0.000 r  
    W5                                                0.000     0.000 r  clk (IN)
                         net (fo=0)                   0.000     0.000    clk
    W5                   IBUF (Prop_ibuf_I_O)         1.458     1.458 r  clk_IBUF_inst/O
                         net (fo=1, routed)           1.967     3.425    clk_IBUF
    BUFGCTRL_X0Y0        BUFG (Prop_bufg_I_O)         0.096     3.521 r  clk_IBUF_BUFG_inst/O
                         net (fo=52, routed)          1.791     5.312    dut/u_i2c_master/clk_IBUF_BUFG
    SLICE_X2Y123         FDCE                                         r  dut/u_i2c_master/div_cnt_reg[3]/C
  -------------------------------------------------------------------    -------------------
    SLICE_X2Y123         FDCE (Prop_fdce_C_Q)         0.478     5.790 r  dut/u_i2c_master/div_cnt_reg[3]/Q
                         net (fo=5, routed)           0.875     6.665    dut/u_i2c_master/div_cnt[3]
    SLICE_X2Y123         LUT5 (Prop_lut5_I1_O)        0.295     6.960 f  dut/u_i2c_master/div_cnt[7]_i_2/O
                         net (fo=2, routed)           0.573     7.533    dut/u_i2c_master/div_cnt[7]_i_2_n_0
    SLICE_X3Y123         LUT4 (Prop_lut4_I3_O)        0.150     7.683 r  dut/u_i2c_master/div_cnt[5]_i_2/O
                         net (fo=6, routed)           0.567     8.250    dut/u_i2c_master/qtr_tick
    SLICE_X1Y125         FDCE                                         r  dut/u_i2c_master/qtr_tick_reg/D
  -------------------------------------------------------------------    -------------------

                         (clock sys_clk_pin rise edge)
                                                     10.000    10.000 r  
    W5                                                0.000    10.000 r  clk (IN)
                         net (fo=0)                   0.000    10.000    clk
    W5                   IBUF (Prop_ibuf_I_O)         1.388    11.388 r  clk_IBUF_inst/O
                         net (fo=1, routed)           1.862    13.250    clk_IBUF
    BUFGCTRL_X0Y0        BUFG (Prop_bufg_I_O)         0.091    13.341 r  clk_IBUF_BUFG_inst/O
                         net (fo=52, routed)          1.666    15.007    dut/u_i2c_master/clk_IBUF_BUFG
    SLICE_X1Y125         FDCE                                         r  dut/u_i2c_master/qtr_tick_reg/C
                         clock pessimism              0.267    15.274    
                         clock uncertainty           -0.035    15.239    
    SLICE_X1Y125         FDCE (Setup_fdce_C_D)       -0.255    14.984    dut/u_i2c_master/qtr_tick_reg
  -------------------------------------------------------------------
                         required time                         14.984    
                         arrival time                          -8.250    
  -------------------------------------------------------------------
                         slack                                  6.734    

Slack (MET) :             6.775ns  (required time - arrival time)
  Source:                 dut/u_i2c_master/div_cnt_reg[3]/C
                            (rising edge-triggered cell FDCE clocked by sys_clk_pin  {rise@0.000ns fall@5.000ns period=10.000ns})
  Destination:            dut/u_i2c_master/div_cnt_reg[5]/D
                            (rising edge-triggered cell FDCE clocked by sys_clk_pin  {rise@0.000ns fall@5.000ns period=10.000ns})
  Path Group:             sys_clk_pin
  Path Type:              Setup (Max at Slow Process Corner)
  Requirement:            10.000ns  (sys_clk_pin rise@10.000ns - sys_clk_pin rise@0.000ns)
  Data Path Delay:        3.268ns  (logic 1.255ns (38.400%)  route 2.013ns (61.600%))
  Logic Levels:           3  (LUT4=1 LUT5=1 LUT6=1)
  Clock Path Skew:        0.000ns (DCD - SCD + CPR)
    Destination Clock Delay (DCD):    5.009ns = ( 15.009 - 10.000 ) 
    Source Clock Delay      (SCD):    5.312ns
    Clock Pessimism Removal (CPR):    0.303ns
  Clock Uncertainty:      0.035ns  ((TSJ^2 + TIJ^2)^1/2 + DJ) / 2 + PE
    Total System Jitter     (TSJ):    0.071ns
    Total Input Jitter      (TIJ):    0.000ns
    Discrete Jitter          (DJ):    0.000ns
    Phase Error              (PE):    0.000ns

    Location             Delay type                Incr(ns)  Path(ns)    Netlist Resource(s)
  -------------------------------------------------------------------    -------------------
                         (clock sys_clk_pin rise edge)
                                                      0.000     0.000 r  
    W5                                                0.000     0.000 r  clk (IN)
                         net (fo=0)                   0.000     0.000    clk
    W5                   IBUF (Prop_ibuf_I_O)         1.458     1.458 r  clk_IBUF_inst/O
                         net (fo=1, routed)           1.967     3.425    clk_IBUF
    BUFGCTRL_X0Y0        BUFG (Prop_bufg_I_O)         0.096     3.521 r  clk_IBUF_BUFG_inst/O
                         net (fo=52, routed)          1.791     5.312    dut/u_i2c_master/clk_IBUF_BUFG
    SLICE_X2Y123         FDCE                                         r  dut/u_i2c_master/div_cnt_reg[3]/C
  -------------------------------------------------------------------    -------------------
    SLICE_X2Y123         FDCE (Prop_fdce_C_Q)         0.478     5.790 f  dut/u_i2c_master/div_cnt_reg[3]/Q
                         net (fo=5, routed)           0.875     6.665    dut/u_i2c_master/div_cnt[3]
    SLICE_X2Y123         LUT5 (Prop_lut5_I1_O)        0.295     6.960 r  dut/u_i2c_master/div_cnt[7]_i_2/O
                         net (fo=2, routed)           0.573     7.533    dut/u_i2c_master/div_cnt[7]_i_2_n_0
    SLICE_X3Y123         LUT4 (Prop_lut4_I3_O)        0.150     7.683 f  dut/u_i2c_master/div_cnt[5]_i_2/O
                         net (fo=6, routed)           0.565     8.249    dut/u_i2c_master/qtr_tick
    SLICE_X2Y123         LUT6 (Prop_lut6_I0_O)        0.332     8.581 r  dut/u_i2c_master/div_cnt[5]_i_1/O
                         net (fo=1, routed)           0.000     8.581    dut/u_i2c_master/div_cnt_1[5]
    SLICE_X2Y123         FDCE                                         r  dut/u_i2c_master/div_cnt_reg[5]/D
  -------------------------------------------------------------------    -------------------

                         (clock sys_clk_pin rise edge)
                                                     10.000    10.000 r  
    W5                                                0.000    10.000 r  clk (IN)
                         net (fo=0)                   0.000    10.000    clk
    W5                   IBUF (Prop_ibuf_I_O)         1.388    11.388 r  clk_IBUF_inst/O
                         net (fo=1, routed)           1.862    13.250    clk_IBUF
    BUFGCTRL_X0Y0        BUFG (Prop_bufg_I_O)         0.091    13.341 r  clk_IBUF_BUFG_inst/O
                         net (fo=52, routed)          1.668    15.009    dut/u_i2c_master/clk_IBUF_BUFG
    SLICE_X2Y123         FDCE                                         r  dut/u_i2c_master/div_cnt_reg[5]/C
                         clock pessimism              0.303    15.312    
                         clock uncertainty           -0.035    15.277    
    SLICE_X2Y123         FDCE (Setup_fdce_C_D)        0.079    15.356    dut/u_i2c_master/div_cnt_reg[5]
  -------------------------------------------------------------------
                         required time                         15.356    
                         arrival time                          -8.581    
  -------------------------------------------------------------------
                         slack                                  6.775    

Slack (MET) :             6.931ns  (required time - arrival time)
  Source:                 dut/u_i2c_master/div_cnt_reg[3]/C
                            (rising edge-triggered cell FDCE clocked by sys_clk_pin  {rise@0.000ns fall@5.000ns period=10.000ns})
  Destination:            dut/u_i2c_master/div_cnt_reg[4]/D
                            (rising edge-triggered cell FDCE clocked by sys_clk_pin  {rise@0.000ns fall@5.000ns period=10.000ns})
  Path Group:             sys_clk_pin
  Path Type:              Setup (Max at Slow Process Corner)
  Requirement:            10.000ns  (sys_clk_pin rise@10.000ns - sys_clk_pin rise@0.000ns)
  Data Path Delay:        3.114ns  (logic 1.255ns (40.299%)  route 1.859ns (59.701%))
  Logic Levels:           3  (LUT4=1 LUT5=1 LUT6=1)
  Clock Path Skew:        0.000ns (DCD - SCD + CPR)
    Destination Clock Delay (DCD):    5.009ns = ( 15.009 - 10.000 ) 
    Source Clock Delay      (SCD):    5.312ns
    Clock Pessimism Removal (CPR):    0.303ns
  Clock Uncertainty:      0.035ns  ((TSJ^2 + TIJ^2)^1/2 + DJ) / 2 + PE
    Total System Jitter     (TSJ):    0.071ns
    Total Input Jitter      (TIJ):    0.000ns
    Discrete Jitter          (DJ):    0.000ns
    Phase Error              (PE):    0.000ns

    Location             Delay type                Incr(ns)  Path(ns)    Netlist Resource(s)
  -------------------------------------------------------------------    -------------------
                         (clock sys_clk_pin rise edge)
                                                      0.000     0.000 r  
    W5                                                0.000     0.000 r  clk (IN)
                         net (fo=0)                   0.000     0.000    clk
    W5                   IBUF (Prop_ibuf_I_O)         1.458     1.458 r  clk_IBUF_inst/O
                         net (fo=1, routed)           1.967     3.425    clk_IBUF
    BUFGCTRL_X0Y0        BUFG (Prop_bufg_I_O)         0.096     3.521 r  clk_IBUF_BUFG_inst/O
                         net (fo=52, routed)          1.791     5.312    dut/u_i2c_master/clk_IBUF_BUFG
    SLICE_X2Y123         FDCE                                         r  dut/u_i2c_master/div_cnt_reg[3]/C
  -------------------------------------------------------------------    -------------------
    SLICE_X2Y123         FDCE (Prop_fdce_C_Q)         0.478     5.790 f  dut/u_i2c_master/div_cnt_reg[3]/Q
                         net (fo=5, routed)           0.875     6.665    dut/u_i2c_master/div_cnt[3]
    SLICE_X2Y123         LUT5 (Prop_lut5_I1_O)        0.295     6.960 r  dut/u_i2c_master/div_cnt[7]_i_2/O
                         net (fo=2, routed)           0.573     7.533    dut/u_i2c_master/div_cnt[7]_i_2_n_0
    SLICE_X3Y123         LUT4 (Prop_lut4_I3_O)        0.150     7.683 f  dut/u_i2c_master/div_cnt[5]_i_2/O
                         net (fo=6, routed)           0.411     8.094    dut/u_i2c_master/qtr_tick
    SLICE_X2Y123         LUT6 (Prop_lut6_I0_O)        0.332     8.426 r  dut/u_i2c_master/div_cnt[4]_i_1/O
                         net (fo=1, routed)           0.000     8.426    dut/u_i2c_master/div_cnt_1[4]
    SLICE_X2Y123         FDCE                                         r  dut/u_i2c_master/div_cnt_reg[4]/D
  -------------------------------------------------------------------    -------------------

                         (clock sys_clk_pin rise edge)
                                                     10.000    10.000 r  
    W5                                                0.000    10.000 r  clk (IN)
                         net (fo=0)                   0.000    10.000    clk
    W5                   IBUF (Prop_ibuf_I_O)         1.388    11.388 r  clk_IBUF_inst/O
                         net (fo=1, routed)           1.862    13.250    clk_IBUF
    BUFGCTRL_X0Y0        BUFG (Prop_bufg_I_O)         0.091    13.341 r  clk_IBUF_BUFG_inst/O
                         net (fo=52, routed)          1.668    15.009    dut/u_i2c_master/clk_IBUF_BUFG
    SLICE_X2Y123         FDCE                                         r  dut/u_i2c_master/div_cnt_reg[4]/C
                         clock pessimism              0.303    15.312    
                         clock uncertainty           -0.035    15.277    
    SLICE_X2Y123         FDCE (Setup_fdce_C_D)        0.081    15.358    dut/u_i2c_master/div_cnt_reg[4]
  -------------------------------------------------------------------
                         required time                         15.358    
                         arrival time                          -8.426    
  -------------------------------------------------------------------
                         slack                                  6.931    

Slack (MET) :             6.959ns  (required time - arrival time)
  Source:                 dut/u_i2c_master/div_cnt_reg[3]/C
                            (rising edge-triggered cell FDCE clocked by sys_clk_pin  {rise@0.000ns fall@5.000ns period=10.000ns})
  Destination:            dut/u_i2c_master/div_cnt_reg[1]/D
                            (rising edge-triggered cell FDCE clocked by sys_clk_pin  {rise@0.000ns fall@5.000ns period=10.000ns})
  Path Group:             sys_clk_pin
  Path Type:              Setup (Max at Slow Process Corner)
  Requirement:            10.000ns  (sys_clk_pin rise@10.000ns - sys_clk_pin rise@0.000ns)
  Data Path Delay:        3.014ns  (logic 1.255ns (41.635%)  route 1.759ns (58.365%))
  Logic Levels:           3  (LUT3=1 LUT4=1 LUT5=1)
  Clock Path Skew:        -0.022ns (DCD - SCD + CPR)
    Destination Clock Delay (DCD):    5.009ns = ( 15.009 - 10.000 ) 
    Source Clock Delay      (SCD):    5.312ns
    Clock Pessimism Removal (CPR):    0.281ns
  Clock Uncertainty:      0.035ns  ((TSJ^2 + TIJ^2)^1/2 + DJ) / 2 + PE
    Total System Jitter     (TSJ):    0.071ns
    Total Input Jitter      (TIJ):    0.000ns
    Discrete Jitter          (DJ):    0.000ns
    Phase Error              (PE):    0.000ns

    Location             Delay type                Incr(ns)  Path(ns)    Netlist Resource(s)
  -------------------------------------------------------------------    -------------------
                         (clock sys_clk_pin rise edge)
                                                      0.000     0.000 r  
    W5                                                0.000     0.000 r  clk (IN)
                         net (fo=0)                   0.000     0.000    clk
    W5                   IBUF (Prop_ibuf_I_O)         1.458     1.458 r  clk_IBUF_inst/O
                         net (fo=1, routed)           1.967     3.425    clk_IBUF
    BUFGCTRL_X0Y0        BUFG (Prop_bufg_I_O)         0.096     3.521 r  clk_IBUF_BUFG_inst/O
                         net (fo=52, routed)          1.791     5.312    dut/u_i2c_master/clk_IBUF_BUFG
    SLICE_X2Y123         FDCE                                         r  dut/u_i2c_master/div_cnt_reg[3]/C
  -------------------------------------------------------------------    -------------------
    SLICE_X2Y123         FDCE (Prop_fdce_C_Q)         0.478     5.790 f  dut/u_i2c_master/div_cnt_reg[3]/Q
                         net (fo=5, routed)           0.875     6.665    dut/u_i2c_master/div_cnt[3]
    SLICE_X2Y123         LUT5 (Prop_lut5_I1_O)        0.295     6.960 r  dut/u_i2c_master/div_cnt[7]_i_2/O
                         net (fo=2, routed)           0.573     7.533    dut/u_i2c_master/div_cnt[7]_i_2_n_0
    SLICE_X3Y123         LUT4 (Prop_lut4_I3_O)        0.150     7.683 f  dut/u_i2c_master/div_cnt[5]_i_2/O
                         net (fo=6, routed)           0.311     7.995    dut/u_i2c_master/qtr_tick
    SLICE_X3Y123         LUT3 (Prop_lut3_I0_O)        0.332     8.327 r  dut/u_i2c_master/div_cnt[1]_i_1/O
                         net (fo=1, routed)           0.000     8.327    dut/u_i2c_master/div_cnt_1[1]
    SLICE_X3Y123         FDCE                                         r  dut/u_i2c_master/div_cnt_reg[1]/D
  -------------------------------------------------------------------    -------------------

                         (clock sys_clk_pin rise edge)
                                                     10.000    10.000 r  
    W5                                                0.000    10.000 r  clk (IN)
                         net (fo=0)                   0.000    10.000    clk
    W5                   IBUF (Prop_ibuf_I_O)         1.388    11.388 r  clk_IBUF_inst/O
                         net (fo=1, routed)           1.862    13.250    clk_IBUF
    BUFGCTRL_X0Y0        BUFG (Prop_bufg_I_O)         0.091    13.341 r  clk_IBUF_BUFG_inst/O
                         net (fo=52, routed)          1.668    15.009    dut/u_i2c_master/clk_IBUF_BUFG
    SLICE_X3Y123         FDCE                                         r  dut/u_i2c_master/div_cnt_reg[1]/C
                         clock pessimism              0.281    15.290    
                         clock uncertainty           -0.035    15.255    
    SLICE_X3Y123         FDCE (Setup_fdce_C_D)        0.031    15.286    dut/u_i2c_master/div_cnt_reg[1]
  -------------------------------------------------------------------
                         required time                         15.286    
                         arrival time                          -8.327    
  -------------------------------------------------------------------
                         slack                                  6.959    

Slack (MET) :             6.966ns  (required time - arrival time)
  Source:                 dut/u_i2c_master/qtr_tick_reg/C
                            (rising edge-triggered cell FDCE clocked by sys_clk_pin  {rise@0.000ns fall@5.000ns period=10.000ns})
  Destination:            dut/u_i2c_master/bit_cnt_reg[0]/D
                            (rising edge-triggered cell FDCE clocked by sys_clk_pin  {rise@0.000ns fall@5.000ns period=10.000ns})
  Path Group:             sys_clk_pin
  Path Type:              Setup (Max at Slow Process Corner)
  Requirement:            10.000ns  (sys_clk_pin rise@10.000ns - sys_clk_pin rise@0.000ns)
  Data Path Delay:        3.006ns  (logic 0.966ns (32.136%)  route 2.040ns (67.864%))
  Logic Levels:           3  (LUT4=1 LUT5=1 LUT6=1)
  Clock Path Skew:        -0.022ns (DCD - SCD + CPR)
    Destination Clock Delay (DCD):    5.007ns = ( 15.007 - 10.000 ) 
    Source Clock Delay      (SCD):    5.310ns
    Clock Pessimism Removal (CPR):    0.281ns
  Clock Uncertainty:      0.035ns  ((TSJ^2 + TIJ^2)^1/2 + DJ) / 2 + PE
    Total System Jitter     (TSJ):    0.071ns
    Total Input Jitter      (TIJ):    0.000ns
    Discrete Jitter          (DJ):    0.000ns
    Phase Error              (PE):    0.000ns

    Location             Delay type                Incr(ns)  Path(ns)    Netlist Resource(s)
  -------------------------------------------------------------------    -------------------
                         (clock sys_clk_pin rise edge)
                                                      0.000     0.000 r  
    W5                                                0.000     0.000 r  clk (IN)
                         net (fo=0)                   0.000     0.000    clk
    W5                   IBUF (Prop_ibuf_I_O)         1.458     1.458 r  clk_IBUF_inst/O
                         net (fo=1, routed)           1.967     3.425    clk_IBUF
    BUFGCTRL_X0Y0        BUFG (Prop_bufg_I_O)         0.096     3.521 r  clk_IBUF_BUFG_inst/O
                         net (fo=52, routed)          1.789     5.310    dut/u_i2c_master/clk_IBUF_BUFG
    SLICE_X1Y125         FDCE                                         r  dut/u_i2c_master/qtr_tick_reg/C
  -------------------------------------------------------------------    -------------------
    SLICE_X1Y125         FDCE (Prop_fdce_C_Q)         0.419     5.729 r  dut/u_i2c_master/qtr_tick_reg/Q
                         net (fo=8, routed)           0.750     6.479    dut/u_i2c_master/qtr_tick_reg_n_0
    SLICE_X1Y125         LUT6 (Prop_lut6_I5_O)        0.299     6.778 r  dut/u_i2c_master/bit_cnt[2]_i_3/O
                         net (fo=1, routed)           0.433     7.212    dut/u_i2c_master/bit_cnt[2]_i_3_n_0
    SLICE_X1Y125         LUT5 (Prop_lut5_I3_O)        0.124     7.336 r  dut/u_i2c_master/bit_cnt[2]_i_2/O
                         net (fo=3, routed)           0.857     8.192    dut/u_i2c_master/bit_cnt
    SLICE_X0Y125         LUT4 (Prop_lut4_I2_O)        0.124     8.316 r  dut/u_i2c_master/bit_cnt[0]_i_1/O
                         net (fo=1, routed)           0.000     8.316    dut/u_i2c_master/bit_cnt[0]_i_1_n_0
    SLICE_X0Y125         FDCE                                         r  dut/u_i2c_master/bit_cnt_reg[0]/D
  -------------------------------------------------------------------    -------------------

                         (clock sys_clk_pin rise edge)
                                                     10.000    10.000 r  
    W5                                                0.000    10.000 r  clk (IN)
                         net (fo=0)                   0.000    10.000    clk
    W5                   IBUF (Prop_ibuf_I_O)         1.388    11.388 r  clk_IBUF_inst/O
                         net (fo=1, routed)           1.862    13.250    clk_IBUF
    BUFGCTRL_X0Y0        BUFG (Prop_bufg_I_O)         0.091    13.341 r  clk_IBUF_BUFG_inst/O
                         net (fo=52, routed)          1.666    15.007    dut/u_i2c_master/clk_IBUF_BUFG
    SLICE_X0Y125         FDCE                                         r  dut/u_i2c_master/bit_cnt_reg[0]/C
                         clock pessimism              0.281    15.288    
                         clock uncertainty           -0.035    15.253    
    SLICE_X0Y125         FDCE (Setup_fdce_C_D)        0.029    15.282    dut/u_i2c_master/bit_cnt_reg[0]
  -------------------------------------------------------------------
                         required time                         15.282    
                         arrival time                          -8.316    
  -------------------------------------------------------------------
                         slack                                  6.966    

Slack (MET) :             6.984ns  (required time - arrival time)
  Source:                 dut/u_i2c_master/qtr_tick_reg/C
                            (rising edge-triggered cell FDCE clocked by sys_clk_pin  {rise@0.000ns fall@5.000ns period=10.000ns})
  Destination:            dut/u_i2c_master/bit_cnt_reg[1]/D
                            (rising edge-triggered cell FDCE clocked by sys_clk_pin  {rise@0.000ns fall@5.000ns period=10.000ns})
  Path Group:             sys_clk_pin
  Path Type:              Setup (Max at Slow Process Corner)
  Requirement:            10.000ns  (sys_clk_pin rise@10.000ns - sys_clk_pin rise@0.000ns)
  Data Path Delay:        3.034ns  (logic 0.994ns (32.762%)  route 2.040ns (67.238%))
  Logic Levels:           3  (LUT5=2 LUT6=1)
  Clock Path Skew:        -0.022ns (DCD - SCD + CPR)
    Destination Clock Delay (DCD):    5.007ns = ( 15.007 - 10.000 ) 
    Source Clock Delay      (SCD):    5.310ns
    Clock Pessimism Removal (CPR):    0.281ns
  Clock Uncertainty:      0.035ns  ((TSJ^2 + TIJ^2)^1/2 + DJ) / 2 + PE
    Total System Jitter     (TSJ):    0.071ns
    Total Input Jitter      (TIJ):    0.000ns
    Discrete Jitter          (DJ):    0.000ns
    Phase Error              (PE):    0.000ns

    Location             Delay type                Incr(ns)  Path(ns)    Netlist Resource(s)
  -------------------------------------------------------------------    -------------------
                         (clock sys_clk_pin rise edge)
                                                      0.000     0.000 r  
    W5                                                0.000     0.000 r  clk (IN)
                         net (fo=0)                   0.000     0.000    clk
    W5                   IBUF (Prop_ibuf_I_O)         1.458     1.458 r  clk_IBUF_inst/O
                         net (fo=1, routed)           1.967     3.425    clk_IBUF
    BUFGCTRL_X0Y0        BUFG (Prop_bufg_I_O)         0.096     3.521 r  clk_IBUF_BUFG_inst/O
                         net (fo=52, routed)          1.789     5.310    dut/u_i2c_master/clk_IBUF_BUFG
    SLICE_X1Y125         FDCE                                         r  dut/u_i2c_master/qtr_tick_reg/C
  -------------------------------------------------------------------    -------------------
    SLICE_X1Y125         FDCE (Prop_fdce_C_Q)         0.419     5.729 r  dut/u_i2c_master/qtr_tick_reg/Q
                         net (fo=8, routed)           0.750     6.479    dut/u_i2c_master/qtr_tick_reg_n_0
    SLICE_X1Y125         LUT6 (Prop_lut6_I5_O)        0.299     6.778 r  dut/u_i2c_master/bit_cnt[2]_i_3/O
                         net (fo=1, routed)           0.433     7.212    dut/u_i2c_master/bit_cnt[2]_i_3_n_0
    SLICE_X1Y125         LUT5 (Prop_lut5_I3_O)        0.124     7.336 r  dut/u_i2c_master/bit_cnt[2]_i_2/O
                         net (fo=3, routed)           0.857     8.192    dut/u_i2c_master/bit_cnt
    SLICE_X0Y125         LUT5 (Prop_lut5_I3_O)        0.152     8.344 r  dut/u_i2c_master/bit_cnt[1]_i_1/O
                         net (fo=1, routed)           0.000     8.344    dut/u_i2c_master/bit_cnt[1]_i_1_n_0
    SLICE_X0Y125         FDCE                                         r  dut/u_i2c_master/bit_cnt_reg[1]/D
  -------------------------------------------------------------------    -------------------

                         (clock sys_clk_pin rise edge)
                                                     10.000    10.000 r  
    W5                                                0.000    10.000 r  clk (IN)
                         net (fo=0)                   0.000    10.000    clk
    W5                   IBUF (Prop_ibuf_I_O)         1.388    11.388 r  clk_IBUF_inst/O
                         net (fo=1, routed)           1.862    13.250    clk_IBUF
    BUFGCTRL_X0Y0        BUFG (Prop_bufg_I_O)         0.091    13.341 r  clk_IBUF_BUFG_inst/O
                         net (fo=52, routed)          1.666    15.007    dut/u_i2c_master/clk_IBUF_BUFG
    SLICE_X0Y125         FDCE                                         r  dut/u_i2c_master/bit_cnt_reg[1]/C
                         clock pessimism              0.281    15.288    
                         clock uncertainty           -0.035    15.253    
    SLICE_X0Y125         FDCE (Setup_fdce_C_D)        0.075    15.328    dut/u_i2c_master/bit_cnt_reg[1]
  -------------------------------------------------------------------
                         required time                         15.328    
                         arrival time                          -8.344    
  -------------------------------------------------------------------
                         slack                                  6.984    

Slack (MET) :             7.021ns  (required time - arrival time)
  Source:                 dut/u_i2c_master/step_reg[1]/C
                            (rising edge-triggered cell FDCE clocked by sys_clk_pin  {rise@0.000ns fall@5.000ns period=10.000ns})
  Destination:            dut/u_i2c_master/FSM_sequential_state_reg[0]/D
                            (rising edge-triggered cell FDCE clocked by sys_clk_pin  {rise@0.000ns fall@5.000ns period=10.000ns})
  Path Group:             sys_clk_pin
  Path Type:              Setup (Max at Slow Process Corner)
  Requirement:            10.000ns  (sys_clk_pin rise@10.000ns - sys_clk_pin rise@0.000ns)
  Data Path Delay:        2.953ns  (logic 0.828ns (28.035%)  route 2.125ns (71.965%))
  Logic Levels:           3  (LUT3=2 LUT6=1)
  Clock Path Skew:        -0.019ns (DCD - SCD + CPR)
    Destination Clock Delay (DCD):    5.010ns = ( 15.010 - 10.000 ) 
    Source Clock Delay      (SCD):    5.310ns
    Clock Pessimism Removal (CPR):    0.281ns
  Clock Uncertainty:      0.035ns  ((TSJ^2 + TIJ^2)^1/2 + DJ) / 2 + PE
    Total System Jitter     (TSJ):    0.071ns
    Total Input Jitter      (TIJ):    0.000ns
    Discrete Jitter          (DJ):    0.000ns
    Phase Error              (PE):    0.000ns

    Location             Delay type                Incr(ns)  Path(ns)    Netlist Resource(s)
  -------------------------------------------------------------------    -------------------
                         (clock sys_clk_pin rise edge)
                                                      0.000     0.000 r  
    W5                                                0.000     0.000 r  clk (IN)
                         net (fo=0)                   0.000     0.000    clk
    W5                   IBUF (Prop_ibuf_I_O)         1.458     1.458 r  clk_IBUF_inst/O
                         net (fo=1, routed)           1.967     3.425    clk_IBUF
    BUFGCTRL_X0Y0        BUFG (Prop_bufg_I_O)         0.096     3.521 r  clk_IBUF_BUFG_inst/O
                         net (fo=52, routed)          1.789     5.310    dut/u_i2c_master/clk_IBUF_BUFG
    SLICE_X1Y125         FDCE                                         r  dut/u_i2c_master/step_reg[1]/C
  -------------------------------------------------------------------    -------------------
    SLICE_X1Y125         FDCE (Prop_fdce_C_Q)         0.456     5.766 r  dut/u_i2c_master/step_reg[1]/Q
                         net (fo=8, routed)           0.864     6.630    dut/u_i2c_master/step_reg_n_0_[1]
    SLICE_X1Y126         LUT3 (Prop_lut3_I0_O)        0.124     6.754 r  dut/u_i2c_master/tx_shift_reg[7]_i_3/O
                         net (fo=2, routed)           0.817     7.571    dut/u_i2c_master/tx_shift_reg[7]_i_3_n_0
    SLICE_X1Y127         LUT6 (Prop_lut6_I3_O)        0.124     7.695 r  dut/u_i2c_master/FSM_sequential_state[2]_i_2/O
                         net (fo=3, routed)           0.445     8.140    dut/u_i2c_master/FSM_sequential_state[2]_i_2_n_0
    SLICE_X1Y127         LUT3 (Prop_lut3_I1_O)        0.124     8.264 r  dut/u_i2c_master/FSM_sequential_state[0]_i_1/O
                         net (fo=1, routed)           0.000     8.264    dut/u_i2c_master/FSM_sequential_state[0]_i_1_n_0
    SLICE_X1Y127         FDCE                                         r  dut/u_i2c_master/FSM_sequential_state_reg[0]/D
  -------------------------------------------------------------------    -------------------

                         (clock sys_clk_pin rise edge)
                                                     10.000    10.000 r  
    W5                                                0.000    10.000 r  clk (IN)
                         net (fo=0)                   0.000    10.000    clk
    W5                   IBUF (Prop_ibuf_I_O)         1.388    11.388 r  clk_IBUF_inst/O
                         net (fo=1, routed)           1.862    13.250    clk_IBUF
    BUFGCTRL_X0Y0        BUFG (Prop_bufg_I_O)         0.091    13.341 r  clk_IBUF_BUFG_inst/O
                         net (fo=52, routed)          1.669    15.010    dut/u_i2c_master/clk_IBUF_BUFG
    SLICE_X1Y127         FDCE                                         r  dut/u_i2c_master/FSM_sequential_state_reg[0]/C
                         clock pessimism              0.281    15.291    
                         clock uncertainty           -0.035    15.256    
    SLICE_X1Y127         FDCE (Setup_fdce_C_D)        0.029    15.285    dut/u_i2c_master/FSM_sequential_state_reg[0]
  -------------------------------------------------------------------
                         required time                         15.285    
                         arrival time                          -8.264    
  -------------------------------------------------------------------
                         slack                                  7.021    

Slack (MET) :             7.038ns  (required time - arrival time)
  Source:                 dut/u_i2c_master/step_reg[1]/C
                            (rising edge-triggered cell FDCE clocked by sys_clk_pin  {rise@0.000ns fall@5.000ns period=10.000ns})
  Destination:            dut/u_i2c_master/FSM_sequential_state_reg[2]/D
                            (rising edge-triggered cell FDCE clocked by sys_clk_pin  {rise@0.000ns fall@5.000ns period=10.000ns})
  Path Group:             sys_clk_pin
  Path Type:              Setup (Max at Slow Process Corner)
  Requirement:            10.000ns  (sys_clk_pin rise@10.000ns - sys_clk_pin rise@0.000ns)
  Data Path Delay:        2.939ns  (logic 0.828ns (28.172%)  route 2.111ns (71.828%))
  Logic Levels:           3  (LUT3=1 LUT6=2)
  Clock Path Skew:        -0.019ns (DCD - SCD + CPR)
    Destination Clock Delay (DCD):    5.010ns = ( 15.010 - 10.000 ) 
    Source Clock Delay      (SCD):    5.310ns
    Clock Pessimism Removal (CPR):    0.281ns
  Clock Uncertainty:      0.035ns  ((TSJ^2 + TIJ^2)^1/2 + DJ) / 2 + PE
    Total System Jitter     (TSJ):    0.071ns
    Total Input Jitter      (TIJ):    0.000ns
    Discrete Jitter          (DJ):    0.000ns
    Phase Error              (PE):    0.000ns

    Location             Delay type                Incr(ns)  Path(ns)    Netlist Resource(s)
  -------------------------------------------------------------------    -------------------
                         (clock sys_clk_pin rise edge)
                                                      0.000     0.000 r  
    W5                                                0.000     0.000 r  clk (IN)
                         net (fo=0)                   0.000     0.000    clk
    W5                   IBUF (Prop_ibuf_I_O)         1.458     1.458 r  clk_IBUF_inst/O
                         net (fo=1, routed)           1.967     3.425    clk_IBUF
    BUFGCTRL_X0Y0        BUFG (Prop_bufg_I_O)         0.096     3.521 r  clk_IBUF_BUFG_inst/O
                         net (fo=52, routed)          1.789     5.310    dut/u_i2c_master/clk_IBUF_BUFG
    SLICE_X1Y125         FDCE                                         r  dut/u_i2c_master/step_reg[1]/C
  -------------------------------------------------------------------    -------------------
    SLICE_X1Y125         FDCE (Prop_fdce_C_Q)         0.456     5.766 r  dut/u_i2c_master/step_reg[1]/Q
                         net (fo=8, routed)           0.864     6.630    dut/u_i2c_master/step_reg_n_0_[1]
    SLICE_X1Y126         LUT3 (Prop_lut3_I0_O)        0.124     6.754 r  dut/u_i2c_master/tx_shift_reg[7]_i_3/O
                         net (fo=2, routed)           0.817     7.571    dut/u_i2c_master/tx_shift_reg[7]_i_3_n_0
    SLICE_X1Y127         LUT6 (Prop_lut6_I3_O)        0.124     7.695 r  dut/u_i2c_master/FSM_sequential_state[2]_i_2/O
                         net (fo=3, routed)           0.431     8.125    dut/u_i2c_master/FSM_sequential_state[2]_i_2_n_0
    SLICE_X0Y127         LUT6 (Prop_lut6_I4_O)        0.124     8.249 r  dut/u_i2c_master/FSM_sequential_state[2]_i_1/O
                         net (fo=1, routed)           0.000     8.249    dut/u_i2c_master/FSM_sequential_state[2]_i_1_n_0
    SLICE_X0Y127         FDCE                                         r  dut/u_i2c_master/FSM_sequential_state_reg[2]/D
  -------------------------------------------------------------------    -------------------

                         (clock sys_clk_pin rise edge)
                                                     10.000    10.000 r  
    W5                                                0.000    10.000 r  clk (IN)
                         net (fo=0)                   0.000    10.000    clk
    W5                   IBUF (Prop_ibuf_I_O)         1.388    11.388 r  clk_IBUF_inst/O
                         net (fo=1, routed)           1.862    13.250    clk_IBUF
    BUFGCTRL_X0Y0        BUFG (Prop_bufg_I_O)         0.091    13.341 r  clk_IBUF_BUFG_inst/O
                         net (fo=52, routed)          1.669    15.010    dut/u_i2c_master/clk_IBUF_BUFG
    SLICE_X0Y127         FDCE                                         r  dut/u_i2c_master/FSM_sequential_state_reg[2]/C
                         clock pessimism              0.281    15.291    
                         clock uncertainty           -0.035    15.256    
    SLICE_X0Y127         FDCE (Setup_fdce_C_D)        0.031    15.287    dut/u_i2c_master/FSM_sequential_state_reg[2]
  -------------------------------------------------------------------
                         required time                         15.287    
                         arrival time                          -8.249    
  -------------------------------------------------------------------
                         slack                                  7.038    





Min Delay Paths
--------------------------------------------------------------------------------------
Slack (MET) :             0.186ns  (arrival time - required time)
  Source:                 tx_data_reg[6]/C
                            (rising edge-triggered cell FDCE clocked by sys_clk_pin  {rise@0.000ns fall@5.000ns period=10.000ns})
  Destination:            dut/u_i2c_master/tx_shift_reg_reg[6]/D
                            (rising edge-triggered cell FDCE clocked by sys_clk_pin  {rise@0.000ns fall@5.000ns period=10.000ns})
  Path Group:             sys_clk_pin
  Path Type:              Hold (Min at Fast Process Corner)
  Requirement:            0.000ns  (sys_clk_pin rise@0.000ns - sys_clk_pin rise@0.000ns)
  Data Path Delay:        0.291ns  (logic 0.209ns (71.796%)  route 0.082ns (28.204%))
  Logic Levels:           1  (LUT3=1)
  Clock Path Skew:        0.013ns (DCD - SCD - CPR)
    Destination Clock Delay (DCD):    2.065ns
    Source Clock Delay      (SCD):    1.549ns
    Clock Pessimism Removal (CPR):    0.503ns

    Location             Delay type                Incr(ns)  Path(ns)    Netlist Resource(s)
  -------------------------------------------------------------------    -------------------
                         (clock sys_clk_pin rise edge)
                                                      0.000     0.000 r  
    W5                                                0.000     0.000 r  clk (IN)
                         net (fo=0)                   0.000     0.000    clk
    W5                   IBUF (Prop_ibuf_I_O)         0.226     0.226 r  clk_IBUF_inst/O
                         net (fo=1, routed)           0.631     0.858    clk_IBUF
    BUFGCTRL_X0Y0        BUFG (Prop_bufg_I_O)         0.026     0.884 r  clk_IBUF_BUFG_inst/O
                         net (fo=52, routed)          0.665     1.549    clk_IBUF_BUFG
    SLICE_X2Y127         FDCE                                         r  tx_data_reg[6]/C
  -------------------------------------------------------------------    -------------------
    SLICE_X2Y127         FDCE (Prop_fdce_C_Q)         0.164     1.713 r  tx_data_reg[6]/Q
                         net (fo=1, routed)           0.082     1.795    dut/u_i2c_master/tx_shift_reg_reg[7]_0[6]
    SLICE_X3Y127         LUT3 (Prop_lut3_I0_O)        0.045     1.840 r  dut/u_i2c_master/tx_shift_reg[6]_i_1/O
                         net (fo=1, routed)           0.000     1.840    dut/u_i2c_master/tx_shift_reg[6]
    SLICE_X3Y127         FDCE                                         r  dut/u_i2c_master/tx_shift_reg_reg[6]/D
  -------------------------------------------------------------------    -------------------

                         (clock sys_clk_pin rise edge)
                                                      0.000     0.000 r  
    W5                                                0.000     0.000 r  clk (IN)
                         net (fo=0)                   0.000     0.000    clk
    W5                   IBUF (Prop_ibuf_I_O)         0.414     0.414 r  clk_IBUF_inst/O
                         net (fo=1, routed)           0.685     1.099    clk_IBUF
    BUFGCTRL_X0Y0        BUFG (Prop_bufg_I_O)         0.029     1.128 r  clk_IBUF_BUFG_inst/O
                         net (fo=52, routed)          0.937     2.065    dut/u_i2c_master/clk_IBUF_BUFG
    SLICE_X3Y127         FDCE                                         r  dut/u_i2c_master/tx_shift_reg_reg[6]/C
                         clock pessimism             -0.503     1.562    
    SLICE_X3Y127         FDCE (Hold_fdce_C_D)         0.092     1.654    dut/u_i2c_master/tx_shift_reg_reg[6]
  -------------------------------------------------------------------
                         required time                         -1.654    
                         arrival time                           1.840    
  -------------------------------------------------------------------
                         slack                                  0.186    

Slack (MET) :             0.187ns  (arrival time - required time)
  Source:                 tx_data_reg[0]/C
                            (rising edge-triggered cell FDCE clocked by sys_clk_pin  {rise@0.000ns fall@5.000ns period=10.000ns})
  Destination:            dut/u_i2c_master/tx_shift_reg_reg[0]/D
                            (rising edge-triggered cell FDCE clocked by sys_clk_pin  {rise@0.000ns fall@5.000ns period=10.000ns})
  Path Group:             sys_clk_pin
  Path Type:              Hold (Min at Fast Process Corner)
  Requirement:            0.000ns  (sys_clk_pin rise@0.000ns - sys_clk_pin rise@0.000ns)
  Data Path Delay:        0.291ns  (logic 0.209ns (71.796%)  route 0.082ns (28.204%))
  Logic Levels:           1  (LUT2=1)
  Clock Path Skew:        0.013ns (DCD - SCD - CPR)
    Destination Clock Delay (DCD):    2.065ns
    Source Clock Delay      (SCD):    1.549ns
    Clock Pessimism Removal (CPR):    0.503ns

    Location             Delay type                Incr(ns)  Path(ns)    Netlist Resource(s)
  -------------------------------------------------------------------    -------------------
                         (clock sys_clk_pin rise edge)
                                                      0.000     0.000 r  
    W5                                                0.000     0.000 r  clk (IN)
                         net (fo=0)                   0.000     0.000    clk
    W5                   IBUF (Prop_ibuf_I_O)         0.226     0.226 r  clk_IBUF_inst/O
                         net (fo=1, routed)           0.631     0.858    clk_IBUF
    BUFGCTRL_X0Y0        BUFG (Prop_bufg_I_O)         0.026     0.884 r  clk_IBUF_BUFG_inst/O
                         net (fo=52, routed)          0.665     1.549    clk_IBUF_BUFG
    SLICE_X2Y127         FDCE                                         r  tx_data_reg[0]/C
  -------------------------------------------------------------------    -------------------
    SLICE_X2Y127         FDCE (Prop_fdce_C_Q)         0.164     1.713 r  tx_data_reg[0]/Q
                         net (fo=1, routed)           0.082     1.795    dut/u_i2c_master/tx_shift_reg_reg[7]_0[0]
    SLICE_X3Y127         LUT2 (Prop_lut2_I1_O)        0.045     1.840 r  dut/u_i2c_master/tx_shift_reg[0]_i_1/O
                         net (fo=1, routed)           0.000     1.840    dut/u_i2c_master/tx_shift_reg[0]
    SLICE_X3Y127         FDCE                                         r  dut/u_i2c_master/tx_shift_reg_reg[0]/D
  -------------------------------------------------------------------    -------------------

                         (clock sys_clk_pin rise edge)
                                                      0.000     0.000 r  
    W5                                                0.000     0.000 r  clk (IN)
                         net (fo=0)                   0.000     0.000    clk
    W5                   IBUF (Prop_ibuf_I_O)         0.414     0.414 r  clk_IBUF_inst/O
                         net (fo=1, routed)           0.685     1.099    clk_IBUF
    BUFGCTRL_X0Y0        BUFG (Prop_bufg_I_O)         0.029     1.128 r  clk_IBUF_BUFG_inst/O
                         net (fo=52, routed)          0.937     2.065    dut/u_i2c_master/clk_IBUF_BUFG
    SLICE_X3Y127         FDCE                                         r  dut/u_i2c_master/tx_shift_reg_reg[0]/C
                         clock pessimism             -0.503     1.562    
    SLICE_X3Y127         FDCE (Hold_fdce_C_D)         0.091     1.653    dut/u_i2c_master/tx_shift_reg_reg[0]
  -------------------------------------------------------------------
                         required time                         -1.653    
                         arrival time                           1.840    
  -------------------------------------------------------------------
                         slack                                  0.187    

Slack (MET) :             0.192ns  (arrival time - required time)
  Source:                 counter_reg[1]/C
                            (rising edge-triggered cell FDCE clocked by sys_clk_pin  {rise@0.000ns fall@5.000ns period=10.000ns})
  Destination:            counter_reg[5]/D
                            (rising edge-triggered cell FDCE clocked by sys_clk_pin  {rise@0.000ns fall@5.000ns period=10.000ns})
  Path Group:             sys_clk_pin
  Path Type:              Hold (Min at Fast Process Corner)
  Requirement:            0.000ns  (sys_clk_pin rise@0.000ns - sys_clk_pin rise@0.000ns)
  Data Path Delay:        0.327ns  (logic 0.186ns (56.796%)  route 0.141ns (43.204%))
  Logic Levels:           1  (LUT6=1)
  Clock Path Skew:        0.014ns (DCD - SCD - CPR)
    Destination Clock Delay (DCD):    2.066ns
    Source Clock Delay      (SCD):    1.549ns
    Clock Pessimism Removal (CPR):    0.503ns

    Location             Delay type                Incr(ns)  Path(ns)    Netlist Resource(s)
  -------------------------------------------------------------------    -------------------
                         (clock sys_clk_pin rise edge)
                                                      0.000     0.000 r  
    W5                                                0.000     0.000 r  clk (IN)
                         net (fo=0)                   0.000     0.000    clk
    W5                   IBUF (Prop_ibuf_I_O)         0.226     0.226 r  clk_IBUF_inst/O
                         net (fo=1, routed)           0.631     0.858    clk_IBUF
    BUFGCTRL_X0Y0        BUFG (Prop_bufg_I_O)         0.026     0.884 r  clk_IBUF_BUFG_inst/O
                         net (fo=52, routed)          0.665     1.549    clk_IBUF_BUFG
    SLICE_X1Y128         FDCE                                         r  counter_reg[1]/C
  -------------------------------------------------------------------    -------------------
    SLICE_X1Y128         FDCE (Prop_fdce_C_Q)         0.141     1.690 r  counter_reg[1]/Q
                         net (fo=7, routed)           0.141     1.831    counter_reg[1]
    SLICE_X2Y128         LUT6 (Prop_lut6_I1_O)        0.045     1.876 r  counter[5]_i_1/O
                         net (fo=1, routed)           0.000     1.876    p_0_in[5]
    SLICE_X2Y128         FDCE                                         r  counter_reg[5]/D
  -------------------------------------------------------------------    -------------------

                         (clock sys_clk_pin rise edge)
                                                      0.000     0.000 r  
    W5                                                0.000     0.000 r  clk (IN)
                         net (fo=0)                   0.000     0.000    clk
    W5                   IBUF (Prop_ibuf_I_O)         0.414     0.414 r  clk_IBUF_inst/O
                         net (fo=1, routed)           0.685     1.099    clk_IBUF
    BUFGCTRL_X0Y0        BUFG (Prop_bufg_I_O)         0.029     1.128 r  clk_IBUF_BUFG_inst/O
                         net (fo=52, routed)          0.938     2.066    clk_IBUF_BUFG
    SLICE_X2Y128         FDCE                                         r  counter_reg[5]/C
                         clock pessimism             -0.503     1.563    
    SLICE_X2Y128         FDCE (Hold_fdce_C_D)         0.121     1.684    counter_reg[5]
  -------------------------------------------------------------------
                         required time                         -1.684    
                         arrival time                           1.876    
  -------------------------------------------------------------------
                         slack                                  0.192    

Slack (MET) :             0.213ns  (arrival time - required time)
  Source:                 dut/u_i2c_master/div_cnt_reg[5]/C
                            (rising edge-triggered cell FDCE clocked by sys_clk_pin  {rise@0.000ns fall@5.000ns period=10.000ns})
  Destination:            dut/u_i2c_master/div_cnt_reg[5]/D
                            (rising edge-triggered cell FDCE clocked by sys_clk_pin  {rise@0.000ns fall@5.000ns period=10.000ns})
  Path Group:             sys_clk_pin
  Path Type:              Hold (Min at Fast Process Corner)
  Requirement:            0.000ns  (sys_clk_pin rise@0.000ns - sys_clk_pin rise@0.000ns)
  Data Path Delay:        0.334ns  (logic 0.209ns (62.484%)  route 0.125ns (37.516%))
  Logic Levels:           1  (LUT6=1)
  Clock Path Skew:        0.000ns (DCD - SCD - CPR)
    Destination Clock Delay (DCD):    2.063ns
    Source Clock Delay      (SCD):    1.547ns
    Clock Pessimism Removal (CPR):    0.516ns

    Location             Delay type                Incr(ns)  Path(ns)    Netlist Resource(s)
  -------------------------------------------------------------------    -------------------
                         (clock sys_clk_pin rise edge)
                                                      0.000     0.000 r  
    W5                                                0.000     0.000 r  clk (IN)
                         net (fo=0)                   0.000     0.000    clk
    W5                   IBUF (Prop_ibuf_I_O)         0.226     0.226 r  clk_IBUF_inst/O
                         net (fo=1, routed)           0.631     0.858    clk_IBUF
    BUFGCTRL_X0Y0        BUFG (Prop_bufg_I_O)         0.026     0.884 r  clk_IBUF_BUFG_inst/O
                         net (fo=52, routed)          0.663     1.547    dut/u_i2c_master/clk_IBUF_BUFG
    SLICE_X2Y123         FDCE                                         r  dut/u_i2c_master/div_cnt_reg[5]/C
  -------------------------------------------------------------------    -------------------
    SLICE_X2Y123         FDCE (Prop_fdce_C_Q)         0.164     1.711 r  dut/u_i2c_master/div_cnt_reg[5]/Q
                         net (fo=3, routed)           0.125     1.836    dut/u_i2c_master/div_cnt[5]
    SLICE_X2Y123         LUT6 (Prop_lut6_I1_O)        0.045     1.881 r  dut/u_i2c_master/div_cnt[5]_i_1/O
                         net (fo=1, routed)           0.000     1.881    dut/u_i2c_master/div_cnt_1[5]
    SLICE_X2Y123         FDCE                                         r  dut/u_i2c_master/div_cnt_reg[5]/D
  -------------------------------------------------------------------    -------------------

                         (clock sys_clk_pin rise edge)
                                                      0.000     0.000 r  
    W5                                                0.000     0.000 r  clk (IN)
                         net (fo=0)                   0.000     0.000    clk
    W5                   IBUF (Prop_ibuf_I_O)         0.414     0.414 r  clk_IBUF_inst/O
                         net (fo=1, routed)           0.685     1.099    clk_IBUF
    BUFGCTRL_X0Y0        BUFG (Prop_bufg_I_O)         0.029     1.128 r  clk_IBUF_BUFG_inst/O
                         net (fo=52, routed)          0.935     2.063    dut/u_i2c_master/clk_IBUF_BUFG
    SLICE_X2Y123         FDCE                                         r  dut/u_i2c_master/div_cnt_reg[5]/C
                         clock pessimism             -0.516     1.547    
    SLICE_X2Y123         FDCE (Hold_fdce_C_D)         0.121     1.668    dut/u_i2c_master/div_cnt_reg[5]
  -------------------------------------------------------------------
                         required time                         -1.668    
                         arrival time                           1.881    
  -------------------------------------------------------------------
                         slack                                  0.213    

Slack (MET) :             0.220ns  (arrival time - required time)
  Source:                 dut/u_i2c_master/tx_shift_reg_reg[3]/C
                            (rising edge-triggered cell FDCE clocked by sys_clk_pin  {rise@0.000ns fall@5.000ns period=10.000ns})
  Destination:            dut/u_i2c_master/tx_shift_reg_reg[4]/D
                            (rising edge-triggered cell FDCE clocked by sys_clk_pin  {rise@0.000ns fall@5.000ns period=10.000ns})
  Path Group:             sys_clk_pin
  Path Type:              Hold (Min at Fast Process Corner)
  Requirement:            0.000ns  (sys_clk_pin rise@0.000ns - sys_clk_pin rise@0.000ns)
  Data Path Delay:        0.312ns  (logic 0.226ns (72.544%)  route 0.086ns (27.456%))
  Logic Levels:           1  (LUT3=1)
  Clock Path Skew:        0.000ns (DCD - SCD - CPR)
    Destination Clock Delay (DCD):    2.065ns
    Source Clock Delay      (SCD):    1.549ns
    Clock Pessimism Removal (CPR):    0.516ns

    Location             Delay type                Incr(ns)  Path(ns)    Netlist Resource(s)
  -------------------------------------------------------------------    -------------------
                         (clock sys_clk_pin rise edge)
                                                      0.000     0.000 r  
    W5                                                0.000     0.000 r  clk (IN)
                         net (fo=0)                   0.000     0.000    clk
    W5                   IBUF (Prop_ibuf_I_O)         0.226     0.226 r  clk_IBUF_inst/O
                         net (fo=1, routed)           0.631     0.858    clk_IBUF
    BUFGCTRL_X0Y0        BUFG (Prop_bufg_I_O)         0.026     0.884 r  clk_IBUF_BUFG_inst/O
                         net (fo=52, routed)          0.665     1.549    dut/u_i2c_master/clk_IBUF_BUFG
    SLICE_X3Y127         FDCE                                         r  dut/u_i2c_master/tx_shift_reg_reg[3]/C
  -------------------------------------------------------------------    -------------------
    SLICE_X3Y127         FDCE (Prop_fdce_C_Q)         0.128     1.677 r  dut/u_i2c_master/tx_shift_reg_reg[3]/Q
                         net (fo=1, routed)           0.086     1.762    dut/u_i2c_master/tx_shift_reg_reg_n_0_[3]
    SLICE_X3Y127         LUT3 (Prop_lut3_I2_O)        0.098     1.860 r  dut/u_i2c_master/tx_shift_reg[4]_i_1/O
                         net (fo=1, routed)           0.000     1.860    dut/u_i2c_master/tx_shift_reg[4]
    SLICE_X3Y127         FDCE                                         r  dut/u_i2c_master/tx_shift_reg_reg[4]/D
  -------------------------------------------------------------------    -------------------

                         (clock sys_clk_pin rise edge)
                                                      0.000     0.000 r  
    W5                                                0.000     0.000 r  clk (IN)
                         net (fo=0)                   0.000     0.000    clk
    W5                   IBUF (Prop_ibuf_I_O)         0.414     0.414 r  clk_IBUF_inst/O
                         net (fo=1, routed)           0.685     1.099    clk_IBUF
    BUFGCTRL_X0Y0        BUFG (Prop_bufg_I_O)         0.029     1.128 r  clk_IBUF_BUFG_inst/O
                         net (fo=52, routed)          0.937     2.065    dut/u_i2c_master/clk_IBUF_BUFG
    SLICE_X3Y127         FDCE                                         r  dut/u_i2c_master/tx_shift_reg_reg[4]/C
                         clock pessimism             -0.516     1.549    
    SLICE_X3Y127         FDCE (Hold_fdce_C_D)         0.092     1.641    dut/u_i2c_master/tx_shift_reg_reg[4]
  -------------------------------------------------------------------
                         required time                         -1.641    
                         arrival time                           1.860    
  -------------------------------------------------------------------
                         slack                                  0.220    

Slack (MET) :             0.220ns  (arrival time - required time)
  Source:                 dut/u_i2c_master/div_cnt_reg[2]/C
                            (rising edge-triggered cell FDCE clocked by sys_clk_pin  {rise@0.000ns fall@5.000ns period=10.000ns})
  Destination:            dut/u_i2c_master/div_cnt_reg[6]/D
                            (rising edge-triggered cell FDCE clocked by sys_clk_pin  {rise@0.000ns fall@5.000ns period=10.000ns})
  Path Group:             sys_clk_pin
  Path Type:              Hold (Min at Fast Process Corner)
  Requirement:            0.000ns  (sys_clk_pin rise@0.000ns - sys_clk_pin rise@0.000ns)
  Data Path Delay:        0.324ns  (logic 0.209ns (64.424%)  route 0.115ns (35.577%))
  Logic Levels:           1  (LUT5=1)
  Clock Path Skew:        0.013ns (DCD - SCD - CPR)
    Destination Clock Delay (DCD):    2.063ns
    Source Clock Delay      (SCD):    1.547ns
    Clock Pessimism Removal (CPR):    0.503ns

    Location             Delay type                Incr(ns)  Path(ns)    Netlist Resource(s)
  -------------------------------------------------------------------    -------------------
                         (clock sys_clk_pin rise edge)
                                                      0.000     0.000 r  
    W5                                                0.000     0.000 r  clk (IN)
                         net (fo=0)                   0.000     0.000    clk
    W5                   IBUF (Prop_ibuf_I_O)         0.226     0.226 r  clk_IBUF_inst/O
                         net (fo=1, routed)           0.631     0.858    clk_IBUF
    BUFGCTRL_X0Y0        BUFG (Prop_bufg_I_O)         0.026     0.884 r  clk_IBUF_BUFG_inst/O
                         net (fo=52, routed)          0.663     1.547    dut/u_i2c_master/clk_IBUF_BUFG
    SLICE_X2Y123         FDCE                                         r  dut/u_i2c_master/div_cnt_reg[2]/C
  -------------------------------------------------------------------    -------------------
    SLICE_X2Y123         FDCE (Prop_fdce_C_Q)         0.164     1.711 r  dut/u_i2c_master/div_cnt_reg[2]/Q
                         net (fo=7, routed)           0.115     1.826    dut/u_i2c_master/div_cnt[2]
    SLICE_X3Y123         LUT5 (Prop_lut5_I2_O)        0.045     1.871 r  dut/u_i2c_master/div_cnt[6]_i_1/O
                         net (fo=1, routed)           0.000     1.871    dut/u_i2c_master/div_cnt_1[6]
    SLICE_X3Y123         FDCE                                         r  dut/u_i2c_master/div_cnt_reg[6]/D
  -------------------------------------------------------------------    -------------------

                         (clock sys_clk_pin rise edge)
                                                      0.000     0.000 r  
    W5                                                0.000     0.000 r  clk (IN)
                         net (fo=0)                   0.000     0.000    clk
    W5                   IBUF (Prop_ibuf_I_O)         0.414     0.414 r  clk_IBUF_inst/O
                         net (fo=1, routed)           0.685     1.099    clk_IBUF
    BUFGCTRL_X0Y0        BUFG (Prop_bufg_I_O)         0.029     1.128 r  clk_IBUF_BUFG_inst/O
                         net (fo=52, routed)          0.935     2.063    dut/u_i2c_master/clk_IBUF_BUFG
    SLICE_X3Y123         FDCE                                         r  dut/u_i2c_master/div_cnt_reg[6]/C
                         clock pessimism             -0.503     1.560    
    SLICE_X3Y123         FDCE (Hold_fdce_C_D)         0.091     1.651    dut/u_i2c_master/div_cnt_reg[6]
  -------------------------------------------------------------------
                         required time                         -1.651    
                         arrival time                           1.871    
  -------------------------------------------------------------------
                         slack                                  0.220    

Slack (MET) :             0.220ns  (arrival time - required time)
  Source:                 dut/u_i2c_master/div_cnt_reg[2]/C
                            (rising edge-triggered cell FDCE clocked by sys_clk_pin  {rise@0.000ns fall@5.000ns period=10.000ns})
  Destination:            dut/u_i2c_master/div_cnt_reg[7]/D
                            (rising edge-triggered cell FDCE clocked by sys_clk_pin  {rise@0.000ns fall@5.000ns period=10.000ns})
  Path Group:             sys_clk_pin
  Path Type:              Hold (Min at Fast Process Corner)
  Requirement:            0.000ns  (sys_clk_pin rise@0.000ns - sys_clk_pin rise@0.000ns)
  Data Path Delay:        0.325ns  (logic 0.209ns (64.226%)  route 0.116ns (35.774%))
  Logic Levels:           1  (LUT4=1)
  Clock Path Skew:        0.013ns (DCD - SCD - CPR)
    Destination Clock Delay (DCD):    2.063ns
    Source Clock Delay      (SCD):    1.547ns
    Clock Pessimism Removal (CPR):    0.503ns

    Location             Delay type                Incr(ns)  Path(ns)    Netlist Resource(s)
  -------------------------------------------------------------------    -------------------
                         (clock sys_clk_pin rise edge)
                                                      0.000     0.000 r  
    W5                                                0.000     0.000 r  clk (IN)
                         net (fo=0)                   0.000     0.000    clk
    W5                   IBUF (Prop_ibuf_I_O)         0.226     0.226 r  clk_IBUF_inst/O
                         net (fo=1, routed)           0.631     0.858    clk_IBUF
    BUFGCTRL_X0Y0        BUFG (Prop_bufg_I_O)         0.026     0.884 r  clk_IBUF_BUFG_inst/O
                         net (fo=52, routed)          0.663     1.547    dut/u_i2c_master/clk_IBUF_BUFG
    SLICE_X2Y123         FDCE                                         r  dut/u_i2c_master/div_cnt_reg[2]/C
  -------------------------------------------------------------------    -------------------
    SLICE_X2Y123         FDCE (Prop_fdce_C_Q)         0.164     1.711 r  dut/u_i2c_master/div_cnt_reg[2]/Q
                         net (fo=7, routed)           0.116     1.827    dut/u_i2c_master/div_cnt[2]
    SLICE_X3Y123         LUT4 (Prop_lut4_I1_O)        0.045     1.872 r  dut/u_i2c_master/div_cnt[7]_i_1/O
                         net (fo=1, routed)           0.000     1.872    dut/u_i2c_master/div_cnt_1[7]
    SLICE_X3Y123         FDCE                                         r  dut/u_i2c_master/div_cnt_reg[7]/D
  -------------------------------------------------------------------    -------------------

                         (clock sys_clk_pin rise edge)
                                                      0.000     0.000 r  
    W5                                                0.000     0.000 r  clk (IN)
                         net (fo=0)                   0.000     0.000    clk
    W5                   IBUF (Prop_ibuf_I_O)         0.414     0.414 r  clk_IBUF_inst/O
                         net (fo=1, routed)           0.685     1.099    clk_IBUF
    BUFGCTRL_X0Y0        BUFG (Prop_bufg_I_O)         0.029     1.128 r  clk_IBUF_BUFG_inst/O
                         net (fo=52, routed)          0.935     2.063    dut/u_i2c_master/clk_IBUF_BUFG
    SLICE_X3Y123         FDCE                                         r  dut/u_i2c_master/div_cnt_reg[7]/C
                         clock pessimism             -0.503     1.560    
    SLICE_X3Y123         FDCE (Hold_fdce_C_D)         0.092     1.652    dut/u_i2c_master/div_cnt_reg[7]
  -------------------------------------------------------------------
                         required time                         -1.652    
                         arrival time                           1.872    
  -------------------------------------------------------------------
                         slack                                  0.220    

Slack (MET) :             0.232ns  (arrival time - required time)
  Source:                 dut/u_i2c_master/tx_shift_reg_reg[0]/C
                            (rising edge-triggered cell FDCE clocked by sys_clk_pin  {rise@0.000ns fall@5.000ns period=10.000ns})
  Destination:            dut/u_i2c_master/tx_shift_reg_reg[1]/D
                            (rising edge-triggered cell FDCE clocked by sys_clk_pin  {rise@0.000ns fall@5.000ns period=10.000ns})
  Path Group:             sys_clk_pin
  Path Type:              Hold (Min at Fast Process Corner)
  Requirement:            0.000ns  (sys_clk_pin rise@0.000ns - sys_clk_pin rise@0.000ns)
  Data Path Delay:        0.339ns  (logic 0.183ns (53.966%)  route 0.156ns (46.034%))
  Logic Levels:           1  (LUT3=1)
  Clock Path Skew:        0.000ns (DCD - SCD - CPR)
    Destination Clock Delay (DCD):    2.065ns
    Source Clock Delay      (SCD):    1.549ns
    Clock Pessimism Removal (CPR):    0.516ns

    Location             Delay type                Incr(ns)  Path(ns)    Netlist Resource(s)
  -------------------------------------------------------------------    -------------------
                         (clock sys_clk_pin rise edge)
                                                      0.000     0.000 r  
    W5                                                0.000     0.000 r  clk (IN)
                         net (fo=0)                   0.000     0.000    clk
    W5                   IBUF (Prop_ibuf_I_O)         0.226     0.226 r  clk_IBUF_inst/O
                         net (fo=1, routed)           0.631     0.858    clk_IBUF
    BUFGCTRL_X0Y0        BUFG (Prop_bufg_I_O)         0.026     0.884 r  clk_IBUF_BUFG_inst/O
                         net (fo=52, routed)          0.665     1.549    dut/u_i2c_master/clk_IBUF_BUFG
    SLICE_X3Y127         FDCE                                         r  dut/u_i2c_master/tx_shift_reg_reg[0]/C
  -------------------------------------------------------------------    -------------------
    SLICE_X3Y127         FDCE (Prop_fdce_C_Q)         0.141     1.690 r  dut/u_i2c_master/tx_shift_reg_reg[0]/Q
                         net (fo=1, routed)           0.156     1.846    dut/u_i2c_master/tx_shift_reg_reg_n_0_[0]
    SLICE_X3Y127         LUT3 (Prop_lut3_I2_O)        0.042     1.888 r  dut/u_i2c_master/tx_shift_reg[1]_i_1/O
                         net (fo=1, routed)           0.000     1.888    dut/u_i2c_master/tx_shift_reg[1]
    SLICE_X3Y127         FDCE                                         r  dut/u_i2c_master/tx_shift_reg_reg[1]/D
  -------------------------------------------------------------------    -------------------

                         (clock sys_clk_pin rise edge)
                                                      0.000     0.000 r  
    W5                                                0.000     0.000 r  clk (IN)
                         net (fo=0)                   0.000     0.000    clk
    W5                   IBUF (Prop_ibuf_I_O)         0.414     0.414 r  clk_IBUF_inst/O
                         net (fo=1, routed)           0.685     1.099    clk_IBUF
    BUFGCTRL_X0Y0        BUFG (Prop_bufg_I_O)         0.029     1.128 r  clk_IBUF_BUFG_inst/O
                         net (fo=52, routed)          0.937     2.065    dut/u_i2c_master/clk_IBUF_BUFG
    SLICE_X3Y127         FDCE                                         r  dut/u_i2c_master/tx_shift_reg_reg[1]/C
                         clock pessimism             -0.516     1.549    
    SLICE_X3Y127         FDCE (Hold_fdce_C_D)         0.107     1.656    dut/u_i2c_master/tx_shift_reg_reg[1]
  -------------------------------------------------------------------
                         required time                         -1.656    
                         arrival time                           1.888    
  -------------------------------------------------------------------
                         slack                                  0.232    

Slack (MET) :             0.234ns  (arrival time - required time)
  Source:                 dut/u_i2c_master/tx_shift_reg_reg[6]/C
                            (rising edge-triggered cell FDCE clocked by sys_clk_pin  {rise@0.000ns fall@5.000ns period=10.000ns})
  Destination:            dut/u_i2c_master/tx_shift_reg_reg[7]/D
                            (rising edge-triggered cell FDCE clocked by sys_clk_pin  {rise@0.000ns fall@5.000ns period=10.000ns})
  Path Group:             sys_clk_pin
  Path Type:              Hold (Min at Fast Process Corner)
  Requirement:            0.000ns  (sys_clk_pin rise@0.000ns - sys_clk_pin rise@0.000ns)
  Data Path Delay:        0.341ns  (logic 0.183ns (53.649%)  route 0.158ns (46.351%))
  Logic Levels:           1  (LUT3=1)
  Clock Path Skew:        0.000ns (DCD - SCD - CPR)
    Destination Clock Delay (DCD):    2.065ns
    Source Clock Delay      (SCD):    1.549ns
    Clock Pessimism Removal (CPR):    0.516ns

    Location             Delay type                Incr(ns)  Path(ns)    Netlist Resource(s)
  -------------------------------------------------------------------    -------------------
                         (clock sys_clk_pin rise edge)
                                                      0.000     0.000 r  
    W5                                                0.000     0.000 r  clk (IN)
                         net (fo=0)                   0.000     0.000    clk
    W5                   IBUF (Prop_ibuf_I_O)         0.226     0.226 r  clk_IBUF_inst/O
                         net (fo=1, routed)           0.631     0.858    clk_IBUF
    BUFGCTRL_X0Y0        BUFG (Prop_bufg_I_O)         0.026     0.884 r  clk_IBUF_BUFG_inst/O
                         net (fo=52, routed)          0.665     1.549    dut/u_i2c_master/clk_IBUF_BUFG
    SLICE_X3Y127         FDCE                                         r  dut/u_i2c_master/tx_shift_reg_reg[6]/C
  -------------------------------------------------------------------    -------------------
    SLICE_X3Y127         FDCE (Prop_fdce_C_Q)         0.141     1.690 r  dut/u_i2c_master/tx_shift_reg_reg[6]/Q
                         net (fo=1, routed)           0.158     1.848    dut/u_i2c_master/tx_shift_reg_reg_n_0_[6]
    SLICE_X3Y127         LUT3 (Prop_lut3_I2_O)        0.042     1.890 r  dut/u_i2c_master/tx_shift_reg[7]_i_2/O
                         net (fo=1, routed)           0.000     1.890    dut/u_i2c_master/tx_shift_reg[7]
    SLICE_X3Y127         FDCE                                         r  dut/u_i2c_master/tx_shift_reg_reg[7]/D
  -------------------------------------------------------------------    -------------------

                         (clock sys_clk_pin rise edge)
                                                      0.000     0.000 r  
    W5                                                0.000     0.000 r  clk (IN)
                         net (fo=0)                   0.000     0.000    clk
    W5                   IBUF (Prop_ibuf_I_O)         0.414     0.414 r  clk_IBUF_inst/O
                         net (fo=1, routed)           0.685     1.099    clk_IBUF
    BUFGCTRL_X0Y0        BUFG (Prop_bufg_I_O)         0.029     1.128 r  clk_IBUF_BUFG_inst/O
                         net (fo=52, routed)          0.937     2.065    dut/u_i2c_master/clk_IBUF_BUFG
    SLICE_X3Y127         FDCE                                         r  dut/u_i2c_master/tx_shift_reg_reg[7]/C
                         clock pessimism             -0.516     1.549    
    SLICE_X3Y127         FDCE (Hold_fdce_C_D)         0.107     1.656    dut/u_i2c_master/tx_shift_reg_reg[7]
  -------------------------------------------------------------------
                         required time                         -1.656    
                         arrival time                           1.890    
  -------------------------------------------------------------------
                         slack                                  0.234    

Slack (MET) :             0.249ns  (arrival time - required time)
  Source:                 dff_reg[0]/C
                            (rising edge-triggered cell FDCE clocked by sys_clk_pin  {rise@0.000ns fall@5.000ns period=10.000ns})
  Destination:            dff_reg[1]/D
                            (rising edge-triggered cell FDCE clocked by sys_clk_pin  {rise@0.000ns fall@5.000ns period=10.000ns})
  Path Group:             sys_clk_pin
  Path Type:              Hold (Min at Fast Process Corner)
  Requirement:            0.000ns  (sys_clk_pin rise@0.000ns - sys_clk_pin rise@0.000ns)
  Data Path Delay:        0.315ns  (logic 0.141ns (44.783%)  route 0.174ns (55.217%))
  Logic Levels:           0  
  Clock Path Skew:        0.000ns (DCD - SCD - CPR)
    Destination Clock Delay (DCD):    2.067ns
    Source Clock Delay      (SCD):    1.550ns
    Clock Pessimism Removal (CPR):    0.517ns

    Location             Delay type                Incr(ns)  Path(ns)    Netlist Resource(s)
  -------------------------------------------------------------------    -------------------
                         (clock sys_clk_pin rise edge)
                                                      0.000     0.000 r  
    W5                                                0.000     0.000 r  clk (IN)
                         net (fo=0)                   0.000     0.000    clk
    W5                   IBUF (Prop_ibuf_I_O)         0.226     0.226 r  clk_IBUF_inst/O
                         net (fo=1, routed)           0.631     0.858    clk_IBUF
    BUFGCTRL_X0Y0        BUFG (Prop_bufg_I_O)         0.026     0.884 r  clk_IBUF_BUFG_inst/O
                         net (fo=52, routed)          0.666     1.550    clk_IBUF_BUFG
    SLICE_X0Y120         FDCE                                         r  dff_reg[0]/C
  -------------------------------------------------------------------    -------------------
    SLICE_X0Y120         FDCE (Prop_fdce_C_Q)         0.141     1.691 r  dff_reg[0]/Q
                         net (fo=1, routed)           0.174     1.864    dff_reg_n_0_[0]
    SLICE_X0Y120         FDCE                                         r  dff_reg[1]/D
  -------------------------------------------------------------------    -------------------

                         (clock sys_clk_pin rise edge)
                                                      0.000     0.000 r  
    W5                                                0.000     0.000 r  clk (IN)
                         net (fo=0)                   0.000     0.000    clk
    W5                   IBUF (Prop_ibuf_I_O)         0.414     0.414 r  clk_IBUF_inst/O
                         net (fo=1, routed)           0.685     1.099    clk_IBUF
    BUFGCTRL_X0Y0        BUFG (Prop_bufg_I_O)         0.029     1.128 r  clk_IBUF_BUFG_inst/O
                         net (fo=52, routed)          0.939     2.067    clk_IBUF_BUFG
    SLICE_X0Y120         FDCE                                         r  dff_reg[1]/C
                         clock pessimism             -0.517     1.550    
    SLICE_X0Y120         FDCE (Hold_fdce_C_D)         0.066     1.616    dff_reg[1]
  -------------------------------------------------------------------
                         required time                         -1.616    
                         arrival time                           1.864    
  -------------------------------------------------------------------
                         slack                                  0.249    





Pulse Width Checks
--------------------------------------------------------------------------------------
Clock Name:         sys_clk_pin
Waveform(ns):       { 0.000 5.000 }
Period(ns):         10.000
Sources:            { clk }

Check Type        Corner  Lib Pin  Reference Pin  Required(ns)  Actual(ns)  Slack(ns)  Location       Pin
Min Period        n/a     BUFG/I   n/a            2.155         10.000      7.845      BUFGCTRL_X0Y0  clk_IBUF_BUFG_inst/I
Min Period        n/a     FDCE/C   n/a            1.000         10.000      9.000      SLICE_X0Y126   FSM_sequential_state_reg[0]/C
Min Period        n/a     FDCE/C   n/a            1.000         10.000      9.000      SLICE_X0Y126   FSM_sequential_state_reg[1]/C
Min Period        n/a     FDCE/C   n/a            1.000         10.000      9.000      SLICE_X0Y126   FSM_sequential_state_reg[2]/C
Min Period        n/a     FDCE/C   n/a            1.000         10.000      9.000      SLICE_X0Y127   cmd_start_reg/C
Min Period        n/a     FDCE/C   n/a            1.000         10.000      9.000      SLICE_X0Y127   cmd_stop_reg/C
Min Period        n/a     FDCE/C   n/a            1.000         10.000      9.000      SLICE_X0Y127   cmd_write_reg/C
Min Period        n/a     FDCE/C   n/a            1.000         10.000      9.000      SLICE_X1Y128   counter_reg[0]/C
Min Period        n/a     FDCE/C   n/a            1.000         10.000      9.000      SLICE_X1Y128   counter_reg[1]/C
Min Period        n/a     FDCE/C   n/a            1.000         10.000      9.000      SLICE_X1Y128   counter_reg[2]/C
Low Pulse Width   Slow    FDCE/C   n/a            0.500         5.000       4.500      SLICE_X0Y126   FSM_sequential_state_reg[0]/C
Low Pulse Width   Slow    FDCE/C   n/a            0.500         5.000       4.500      SLICE_X0Y126   FSM_sequential_state_reg[1]/C
Low Pulse Width   Slow    FDCE/C   n/a            0.500         5.000       4.500      SLICE_X0Y126   FSM_sequential_state_reg[2]/C
Low Pulse Width   Slow    FDCE/C   n/a            0.500         5.000       4.500      SLICE_X0Y127   cmd_start_reg/C
Low Pulse Width   Slow    FDCE/C   n/a            0.500         5.000       4.500      SLICE_X0Y127   cmd_stop_reg/C
Low Pulse Width   Slow    FDCE/C   n/a            0.500         5.000       4.500      SLICE_X0Y127   cmd_write_reg/C
Low Pulse Width   Slow    FDCE/C   n/a            0.500         5.000       4.500      SLICE_X1Y128   counter_reg[0]/C
Low Pulse Width   Slow    FDCE/C   n/a            0.500         5.000       4.500      SLICE_X1Y128   counter_reg[1]/C
Low Pulse Width   Slow    FDCE/C   n/a            0.500         5.000       4.500      SLICE_X1Y128   counter_reg[2]/C
Low Pulse Width   Slow    FDCE/C   n/a            0.500         5.000       4.500      SLICE_X2Y128   counter_reg[3]/C
High Pulse Width  Slow    FDCE/C   n/a            0.500         5.000       4.500      SLICE_X0Y120   dff_reg[0]/C
High Pulse Width  Slow    FDCE/C   n/a            0.500         5.000       4.500      SLICE_X0Y120   dff_reg[1]/C
High Pulse Width  Slow    FDCE/C   n/a            0.500         5.000       4.500      SLICE_X0Y125   dut/u_i2c_master/bit_cnt_reg[0]/C
High Pulse Width  Slow    FDCE/C   n/a            0.500         5.000       4.500      SLICE_X0Y125   dut/u_i2c_master/bit_cnt_reg[1]/C
High Pulse Width  Slow    FDCE/C   n/a            0.500         5.000       4.500      SLICE_X0Y125   dut/u_i2c_master/bit_cnt_reg[2]/C
High Pulse Width  Slow    FDCE/C   n/a            0.500         5.000       4.500      SLICE_X2Y124   dut/u_i2c_master/div_cnt_reg[0]/C
High Pulse Width  Slow    FDCE/C   n/a            0.500         5.000       4.500      SLICE_X1Y125   dut/u_i2c_master/qtr_tick_reg/C
High Pulse Width  Slow    FDPE/C   n/a            0.500         5.000       4.500      SLICE_X0Y125   dut/u_i2c_master/sda_r_reg/C
High Pulse Width  Slow    FDCE/C   n/a            0.500         5.000       4.500      SLICE_X1Y125   dut/u_i2c_master/step_reg[1]/C
High Pulse Width  Slow    FDCE/C   n/a            0.500         5.000       4.500      SLICE_X0Y126   FSM_sequential_state_reg[0]/C



