Vivado Simulator 2020.2
Copyright 1986-1999, 2001-2020 Xilinx, Inc. All Rights Reserved.
Running: C:/Xilinx/Vivado/2020.2/bin/unwrapped/win64.o/xelab.exe -wto 8f2cc8da7023485da490aba254b3e4f5 --incr --debug typical --relax --mt 2 -L xil_defaultlib -L uvm -L unisims_ver -L unimacro_ver -L secureip --snapshot tb_rv32i_behav xil_defaultlib.tb_rv32i xil_defaultlib.glbl -log elaborate.log 
Using 2 slave threads.
Starting static elaboration
Pass Through NonSizing Optimizer
Completed static elaboration
Starting simulation data flow analysis
Completed simulation data flow analysis
Time Resolution for simulation is 1ps
Compiling module xil_defaultlib.control_unit
Compiling module xil_defaultlib.register_file
Compiling module xil_defaultlib.alu
Compiling module xil_defaultlib.program_counter
Compiling module xil_defaultlib.datapath
Compiling module xil_defaultlib.rv32i_cpu
Compiling module xil_defaultlib.instruction_mem
Compiling module xil_defaultlib.top_rv32i_soc
Compiling module xil_defaultlib.tb_rv32i
Compiling module xil_defaultlib.glbl
Built simulation snapshot tb_rv32i_behav
