Copyright 1986-2020 Xilinx, Inc. All Rights Reserved.
--------------------------------------------------------------------------------------------------------------------------------------------------------------------------------------------------------------------------------
| Tool Version : Vivado v.2020.2 (win64) Build 3064766 Wed Nov 18 09:12:45 MST 2020
| Date         : Thu Apr 30 20:24:02 2026
| Host         : DESKTOP-7CFQ9ND running 64-bit major release  (build 9200)
| Command      : report_timing_summary -max_paths 10 -file top_sr04_controller_timing_summary_routed.rpt -pb top_sr04_controller_timing_summary_routed.pb -rpx top_sr04_controller_timing_summary_routed.rpx -warn_on_violation
| Design       : top_sr04_controller
| Device       : 7a35t-cpg236
| Speed File   : -1  PRODUCTION 1.23 2018-06-13
--------------------------------------------------------------------------------------------------------------------------------------------------------------------------------------------------------------------------------

Timing Summary Report

------------------------------------------------------------------------------------------------
| Timer Settings
| --------------
------------------------------------------------------------------------------------------------

  Enable Multi Corner Analysis               :  Yes
  Enable Pessimism Removal                   :  Yes
  Pessimism Removal Resolution               :  Nearest Common Node
  Enable Input Delay Default Clock           :  No
  Enable Preset / Clear Arcs                 :  No
  Disable Flight Delays                      :  No
  Ignore I/O Paths                           :  No
  Timing Early Launch at Borrowing Latches   :  No
  Borrow Time for Max Delay Exceptions       :  Yes
  Merge Timing Exceptions                    :  Yes

  Corner  Analyze    Analyze    
  Name    Max Paths  Min Paths  
  ------  ---------  ---------  
  Slow    Yes        Yes        
  Fast    Yes        Yes        



check_timing report

Table of Contents
-----------------
1. checking no_clock (8)
2. checking constant_clock (0)
3. checking pulse_width_clock (0)
4. checking unconstrained_internal_endpoints (16)
5. checking no_input_delay (3)
6. checking no_output_delay (12)
7. checking multiple_clock (0)
8. checking generated_clocks (0)
9. checking loops (0)
10. checking partial_input_delay (0)
11. checking partial_output_delay (0)
12. checking latch_loops (0)

1. checking no_clock (8)
------------------------
 There are 8 register/latch pins with no clock driven by root clock pin: U_BTN_DB/clk_100khz_reg/Q (HIGH)


2. checking constant_clock (0)
------------------------------
 There are 0 register/latch pins with constant_clock.


3. checking pulse_width_clock (0)
---------------------------------
 There are 0 register/latch pins which need pulse_width check


4. checking unconstrained_internal_endpoints (16)
-------------------------------------------------
 There are 16 pins that are not constrained for maximum delay. (HIGH)

 There are 0 pins that are not constrained for maximum delay due to constant clock.


5. checking no_input_delay (3)
------------------------------
 There are 3 input ports with no input delay specified. (HIGH)

 There are 0 input ports with no input delay but user has a false path constraint.


6. checking no_output_delay (12)
--------------------------------
 There are 12 ports with no output delay specified. (HIGH)

 There are 0 ports with no output delay but user has a false path constraint

 There are 0 ports with no output delay but with a timing clock defined on it or propagating through it


7. checking multiple_clock (0)
------------------------------
 There are 0 register/latch pins with multiple clocks.


8. checking generated_clocks (0)
--------------------------------
 There are 0 generated clocks that are not connected to a clock source.


9. checking loops (0)
---------------------
 There are 0 combinational loops in the design.


10. checking partial_input_delay (0)
------------------------------------
 There are 0 input ports with partial input delay specified.


11. checking partial_output_delay (0)
-------------------------------------
 There are 0 ports with partial output delay specified.


12. checking latch_loops (0)
----------------------------
 There are 0 combinational latch loops in the design through latch input



------------------------------------------------------------------------------------------------
| Design Timing Summary
| ---------------------
------------------------------------------------------------------------------------------------

    WNS(ns)      TNS(ns)  TNS Failing Endpoints  TNS Total Endpoints      WHS(ns)      THS(ns)  THS Failing Endpoints  THS Total Endpoints     WPWS(ns)     TPWS(ns)  TPWS Failing Endpoints  TPWS Total Endpoints  
    -------      -------  ---------------------  -------------------      -------      -------  ---------------------  -------------------     --------     --------  ----------------------  --------------------  
      5.211        0.000                      0                  164        0.172        0.000                      0                  164        4.500        0.000                       0                   105  


All user specified timing constraints are met.


------------------------------------------------------------------------------------------------
| Clock Summary
| -------------
------------------------------------------------------------------------------------------------

Clock        Waveform(ns)       Period(ns)      Frequency(MHz)
-----        ------------       ----------      --------------
sys_clk_pin  {0.000 5.000}      10.000          100.000         


------------------------------------------------------------------------------------------------
| Intra Clock Table
| -----------------
------------------------------------------------------------------------------------------------

Clock             WNS(ns)      TNS(ns)  TNS Failing Endpoints  TNS Total Endpoints      WHS(ns)      THS(ns)  THS Failing Endpoints  THS Total Endpoints     WPWS(ns)     TPWS(ns)  TPWS Failing Endpoints  TPWS Total Endpoints  
-----             -------      -------  ---------------------  -------------------      -------      -------  ---------------------  -------------------     --------     --------  ----------------------  --------------------  
sys_clk_pin         5.211        0.000                      0                  164        0.172        0.000                      0                  164        4.500        0.000                       0                   105  


------------------------------------------------------------------------------------------------
| Inter Clock Table
| -----------------
------------------------------------------------------------------------------------------------

From Clock    To Clock          WNS(ns)      TNS(ns)  TNS Failing Endpoints  TNS Total Endpoints      WHS(ns)      THS(ns)  THS Failing Endpoints  THS Total Endpoints  
----------    --------          -------      -------  ---------------------  -------------------      -------      -------  ---------------------  -------------------  


------------------------------------------------------------------------------------------------
| Other Path Groups Table
| -----------------------
------------------------------------------------------------------------------------------------

Path Group    From Clock    To Clock          WNS(ns)      TNS(ns)  TNS Failing Endpoints  TNS Total Endpoints      WHS(ns)      THS(ns)  THS Failing Endpoints  THS Total Endpoints  
----------    ----------    --------          -------      -------  ---------------------  -------------------      -------      -------  ---------------------  -------------------  


------------------------------------------------------------------------------------------------
| Timing Details
| --------------
------------------------------------------------------------------------------------------------


---------------------------------------------------------------------------------------------------
From Clock:  sys_clk_pin
  To Clock:  sys_clk_pin

Setup :            0  Failing Endpoints,  Worst Slack        5.211ns,  Total Violation        0.000ns
Hold  :            0  Failing Endpoints,  Worst Slack        0.172ns,  Total Violation        0.000ns
PW    :            0  Failing Endpoints,  Worst Slack        4.500ns,  Total Violation        0.000ns
---------------------------------------------------------------------------------------------------


Max Delay Paths
--------------------------------------------------------------------------------------
Slack (MET) :             5.211ns  (required time - arrival time)
  Source:                 U_SR04/wait_timeout_reg[9]/C
                            (rising edge-triggered cell FDCE clocked by sys_clk_pin  {rise@0.000ns fall@5.000ns period=10.000ns})
  Destination:            U_SR04/wait_timeout_reg[14]/D
                            (rising edge-triggered cell FDCE clocked by sys_clk_pin  {rise@0.000ns fall@5.000ns period=10.000ns})
  Path Group:             sys_clk_pin
  Path Type:              Setup (Max at Slow Process Corner)
  Requirement:            10.000ns  (sys_clk_pin rise@10.000ns - sys_clk_pin rise@0.000ns)
  Data Path Delay:        4.422ns  (logic 1.910ns (43.191%)  route 2.512ns (56.809%))
  Logic Levels:           3  (CARRY4=2 LUT2=1)
  Clock Path Skew:        -0.022ns (DCD - SCD + CPR)
    Destination Clock Delay (DCD):    4.854ns = ( 14.854 - 10.000 ) 
    Source Clock Delay      (SCD):    5.153ns
    Clock Pessimism Removal (CPR):    0.277ns
  Clock Uncertainty:      0.035ns  ((TSJ^2 + TIJ^2)^1/2 + DJ) / 2 + PE
    Total System Jitter     (TSJ):    0.071ns
    Total Input Jitter      (TIJ):    0.000ns
    Discrete Jitter          (DJ):    0.000ns
    Phase Error              (PE):    0.000ns

    Location             Delay type                Incr(ns)  Path(ns)    Netlist Resource(s)
  -------------------------------------------------------------------    -------------------
                         (clock sys_clk_pin rise edge)
                                                      0.000     0.000 r  
    W5                                                0.000     0.000 r  clk (IN)
                         net (fo=0)                   0.000     0.000    clk
    W5                   IBUF (Prop_ibuf_I_O)         1.458     1.458 r  clk_IBUF_inst/O
                         net (fo=1, routed)           1.967     3.425    clk_IBUF
    BUFGCTRL_X0Y0        BUFG (Prop_bufg_I_O)         0.096     3.521 r  clk_IBUF_BUFG_inst/O
                         net (fo=104, routed)         1.632     5.153    U_SR04/CLK
    SLICE_X59Y35         FDCE                                         r  U_SR04/wait_timeout_reg[9]/C
  -------------------------------------------------------------------    -------------------
    SLICE_X59Y35         FDCE (Prop_fdce_C_Q)         0.419     5.572 r  U_SR04/wait_timeout_reg[9]/Q
                         net (fo=2, routed)           0.865     6.437    U_SR04/wait_timeout_reg_n_0_[9]
    SLICE_X58Y35         CARRY4 (Prop_carry4_S[0]_CO[3])
                                                      0.828     7.265 r  U_SR04/wait_timeout_reg[12]_i_2/CO[3]
                         net (fo=1, routed)           0.000     7.265    U_SR04/wait_timeout_reg[12]_i_2_n_0
    SLICE_X58Y36         CARRY4 (Prop_carry4_CI_O[1])
                                                      0.334     7.599 r  U_SR04/wait_timeout_reg[15]_i_3/O[1]
                         net (fo=1, routed)           0.837     8.436    U_SR04/in9[14]
    SLICE_X60Y35         LUT2 (Prop_lut2_I1_O)        0.329     8.765 r  U_SR04/wait_timeout[14]_i_1/O
                         net (fo=1, routed)           0.811     9.575    U_SR04/wait_timeout[14]_i_1_n_0
    SLICE_X58Y35         FDCE                                         r  U_SR04/wait_timeout_reg[14]/D
  -------------------------------------------------------------------    -------------------

                         (clock sys_clk_pin rise edge)
                                                     10.000    10.000 r  
    W5                                                0.000    10.000 r  clk (IN)
                         net (fo=0)                   0.000    10.000    clk
    W5                   IBUF (Prop_ibuf_I_O)         1.388    11.388 r  clk_IBUF_inst/O
                         net (fo=1, routed)           1.862    13.250    clk_IBUF
    BUFGCTRL_X0Y0        BUFG (Prop_bufg_I_O)         0.091    13.341 r  clk_IBUF_BUFG_inst/O
                         net (fo=104, routed)         1.513    14.854    U_SR04/CLK
    SLICE_X58Y35         FDCE                                         r  U_SR04/wait_timeout_reg[14]/C
                         clock pessimism              0.277    15.131    
                         clock uncertainty           -0.035    15.096    
    SLICE_X58Y35         FDCE (Setup_fdce_C_D)       -0.309    14.787    U_SR04/wait_timeout_reg[14]
  -------------------------------------------------------------------
                         required time                         14.787    
                         arrival time                          -9.575    
  -------------------------------------------------------------------
                         slack                                  5.211    

Slack (MET) :             5.318ns  (required time - arrival time)
  Source:                 U_SR04/response_timeout_reg[3]/C
                            (rising edge-triggered cell FDCE clocked by sys_clk_pin  {rise@0.000ns fall@5.000ns period=10.000ns})
  Destination:            U_SR04/response_timeout_reg[14]/D
                            (rising edge-triggered cell FDCE clocked by sys_clk_pin  {rise@0.000ns fall@5.000ns period=10.000ns})
  Path Group:             sys_clk_pin
  Path Type:              Setup (Max at Slow Process Corner)
  Requirement:            10.000ns  (sys_clk_pin rise@10.000ns - sys_clk_pin rise@0.000ns)
  Data Path Delay:        4.522ns  (logic 2.036ns (45.026%)  route 2.486ns (54.974%))
  Logic Levels:           5  (CARRY4=4 LUT2=1)
  Clock Path Skew:        -0.020ns (DCD - SCD + CPR)
    Destination Clock Delay (DCD):    4.851ns = ( 14.851 - 10.000 ) 
    Source Clock Delay      (SCD):    5.145ns
    Clock Pessimism Removal (CPR):    0.274ns
  Clock Uncertainty:      0.035ns  ((TSJ^2 + TIJ^2)^1/2 + DJ) / 2 + PE
    Total System Jitter     (TSJ):    0.071ns
    Total Input Jitter      (TIJ):    0.000ns
    Discrete Jitter          (DJ):    0.000ns
    Phase Error              (PE):    0.000ns

    Location             Delay type                Incr(ns)  Path(ns)    Netlist Resource(s)
  -------------------------------------------------------------------    -------------------
                         (clock sys_clk_pin rise edge)
                                                      0.000     0.000 r  
    W5                                                0.000     0.000 r  clk (IN)
                         net (fo=0)                   0.000     0.000    clk
    W5                   IBUF (Prop_ibuf_I_O)         1.458     1.458 r  clk_IBUF_inst/O
                         net (fo=1, routed)           1.967     3.425    clk_IBUF
    BUFGCTRL_X0Y0        BUFG (Prop_bufg_I_O)         0.096     3.521 r  clk_IBUF_BUFG_inst/O
                         net (fo=104, routed)         1.624     5.145    U_SR04/CLK
    SLICE_X60Y29         FDCE                                         r  U_SR04/response_timeout_reg[3]/C
  -------------------------------------------------------------------    -------------------
    SLICE_X60Y29         FDCE (Prop_fdce_C_Q)         0.478     5.623 r  U_SR04/response_timeout_reg[3]/Q
                         net (fo=1, routed)           0.575     6.198    U_SR04/response_timeout_reg_n_0_[3]
    SLICE_X61Y29         CARRY4 (Prop_carry4_S[2]_CO[3])
                                                      0.693     6.891 r  U_SR04/response_timeout_reg[4]_i_2/CO[3]
                         net (fo=1, routed)           0.000     6.891    U_SR04/response_timeout_reg[4]_i_2_n_0
    SLICE_X61Y30         CARRY4 (Prop_carry4_CI_CO[3])
                                                      0.114     7.005 r  U_SR04/response_timeout_reg[8]_i_2/CO[3]
                         net (fo=1, routed)           0.000     7.005    U_SR04/response_timeout_reg[8]_i_2_n_0
    SLICE_X61Y31         CARRY4 (Prop_carry4_CI_CO[3])
                                                      0.114     7.119 r  U_SR04/response_timeout_reg[12]_i_2/CO[3]
                         net (fo=1, routed)           0.000     7.119    U_SR04/response_timeout_reg[12]_i_2_n_0
    SLICE_X61Y32         CARRY4 (Prop_carry4_CI_O[1])
                                                      0.334     7.453 r  U_SR04/response_timeout_reg[15]_i_3/O[1]
                         net (fo=1, routed)           0.955     8.408    U_SR04/in8[14]
    SLICE_X61Y35         LUT2 (Prop_lut2_I1_O)        0.303     8.711 r  U_SR04/response_timeout[14]_i_1/O
                         net (fo=1, routed)           0.956     9.667    U_SR04/response_timeout[14]_i_1_n_0
    SLICE_X61Y32         FDCE                                         r  U_SR04/response_timeout_reg[14]/D
  -------------------------------------------------------------------    -------------------

                         (clock sys_clk_pin rise edge)
                                                     10.000    10.000 r  
    W5                                                0.000    10.000 r  clk (IN)
                         net (fo=0)                   0.000    10.000    clk
    W5                   IBUF (Prop_ibuf_I_O)         1.388    11.388 r  clk_IBUF_inst/O
                         net (fo=1, routed)           1.862    13.250    clk_IBUF
    BUFGCTRL_X0Y0        BUFG (Prop_bufg_I_O)         0.091    13.341 r  clk_IBUF_BUFG_inst/O
                         net (fo=104, routed)         1.510    14.851    U_SR04/CLK
    SLICE_X61Y32         FDCE                                         r  U_SR04/response_timeout_reg[14]/C
                         clock pessimism              0.274    15.125    
                         clock uncertainty           -0.035    15.090    
    SLICE_X61Y32         FDCE (Setup_fdce_C_D)       -0.105    14.985    U_SR04/response_timeout_reg[14]
  -------------------------------------------------------------------
                         required time                         14.985    
                         arrival time                          -9.667    
  -------------------------------------------------------------------
                         slack                                  5.318    

Slack (MET) :             6.297ns  (required time - arrival time)
  Source:                 U_SR04/dist_counter_reg_reg[0]/C
                            (rising edge-triggered cell FDCE clocked by sys_clk_pin  {rise@0.000ns fall@5.000ns period=10.000ns})
  Destination:            U_SR04/dist_reg_reg[2]/CE
                            (rising edge-triggered cell FDCE clocked by sys_clk_pin  {rise@0.000ns fall@5.000ns period=10.000ns})
  Path Group:             sys_clk_pin
  Path Type:              Setup (Max at Slow Process Corner)
  Requirement:            10.000ns  (sys_clk_pin rise@10.000ns - sys_clk_pin rise@0.000ns)
  Data Path Delay:        3.457ns  (logic 0.704ns (20.363%)  route 2.753ns (79.637%))
  Logic Levels:           2  (LUT6=2)
  Clock Path Skew:        -0.041ns (DCD - SCD + CPR)
    Destination Clock Delay (DCD):    4.853ns = ( 14.853 - 10.000 ) 
    Source Clock Delay      (SCD):    5.154ns
    Clock Pessimism Removal (CPR):    0.260ns
  Clock Uncertainty:      0.035ns  ((TSJ^2 + TIJ^2)^1/2 + DJ) / 2 + PE
    Total System Jitter     (TSJ):    0.071ns
    Total Input Jitter      (TIJ):    0.000ns
    Discrete Jitter          (DJ):    0.000ns
    Phase Error              (PE):    0.000ns

    Location             Delay type                Incr(ns)  Path(ns)    Netlist Resource(s)
  -------------------------------------------------------------------    -------------------
                         (clock sys_clk_pin rise edge)
                                                      0.000     0.000 r  
    W5                                                0.000     0.000 r  clk (IN)
                         net (fo=0)                   0.000     0.000    clk
    W5                   IBUF (Prop_ibuf_I_O)         1.458     1.458 r  clk_IBUF_inst/O
                         net (fo=1, routed)           1.967     3.425    clk_IBUF
    BUFGCTRL_X0Y0        BUFG (Prop_bufg_I_O)         0.096     3.521 r  clk_IBUF_BUFG_inst/O
                         net (fo=104, routed)         1.633     5.154    U_SR04/CLK
    SLICE_X62Y36         FDCE                                         r  U_SR04/dist_counter_reg_reg[0]/C
  -------------------------------------------------------------------    -------------------
    SLICE_X62Y36         FDCE (Prop_fdce_C_Q)         0.456     5.610 r  U_SR04/dist_counter_reg_reg[0]/Q
                         net (fo=6, routed)           1.225     6.836    U_SR04/dist_counter_reg_reg_n_0_[0]
    SLICE_X64Y36         LUT6 (Prop_lut6_I3_O)        0.124     6.960 r  U_SR04/dist_counter_reg[5]_i_3/O
                         net (fo=7, routed)           0.769     7.728    U_SR04/dist_counter_reg[5]_i_3_n_0
    SLICE_X61Y35         LUT6 (Prop_lut6_I0_O)        0.124     7.852 r  U_SR04/dist_reg[8]_i_1/O
                         net (fo=9, routed)           0.759     8.612    U_SR04/dist_reg_1
    SLICE_X60Y34         FDCE                                         r  U_SR04/dist_reg_reg[2]/CE
  -------------------------------------------------------------------    -------------------

                         (clock sys_clk_pin rise edge)
                                                     10.000    10.000 r  
    W5                                                0.000    10.000 r  clk (IN)
                         net (fo=0)                   0.000    10.000    clk
    W5                   IBUF (Prop_ibuf_I_O)         1.388    11.388 r  clk_IBUF_inst/O
                         net (fo=1, routed)           1.862    13.250    clk_IBUF
    BUFGCTRL_X0Y0        BUFG (Prop_bufg_I_O)         0.091    13.341 r  clk_IBUF_BUFG_inst/O
                         net (fo=104, routed)         1.512    14.853    U_SR04/CLK
    SLICE_X60Y34         FDCE                                         r  U_SR04/dist_reg_reg[2]/C
                         clock pessimism              0.260    15.113    
                         clock uncertainty           -0.035    15.078    
    SLICE_X60Y34         FDCE (Setup_fdce_C_CE)      -0.169    14.909    U_SR04/dist_reg_reg[2]
  -------------------------------------------------------------------
                         required time                         14.909    
                         arrival time                          -8.612    
  -------------------------------------------------------------------
                         slack                                  6.297    

Slack (MET) :             6.297ns  (required time - arrival time)
  Source:                 U_SR04/dist_counter_reg_reg[0]/C
                            (rising edge-triggered cell FDCE clocked by sys_clk_pin  {rise@0.000ns fall@5.000ns period=10.000ns})
  Destination:            U_SR04/dist_reg_reg[3]/CE
                            (rising edge-triggered cell FDCE clocked by sys_clk_pin  {rise@0.000ns fall@5.000ns period=10.000ns})
  Path Group:             sys_clk_pin
  Path Type:              Setup (Max at Slow Process Corner)
  Requirement:            10.000ns  (sys_clk_pin rise@10.000ns - sys_clk_pin rise@0.000ns)
  Data Path Delay:        3.457ns  (logic 0.704ns (20.363%)  route 2.753ns (79.637%))
  Logic Levels:           2  (LUT6=2)
  Clock Path Skew:        -0.041ns (DCD - SCD + CPR)
    Destination Clock Delay (DCD):    4.853ns = ( 14.853 - 10.000 ) 
    Source Clock Delay      (SCD):    5.154ns
    Clock Pessimism Removal (CPR):    0.260ns
  Clock Uncertainty:      0.035ns  ((TSJ^2 + TIJ^2)^1/2 + DJ) / 2 + PE
    Total System Jitter     (TSJ):    0.071ns
    Total Input Jitter      (TIJ):    0.000ns
    Discrete Jitter          (DJ):    0.000ns
    Phase Error              (PE):    0.000ns

    Location             Delay type                Incr(ns)  Path(ns)    Netlist Resource(s)
  -------------------------------------------------------------------    -------------------
                         (clock sys_clk_pin rise edge)
                                                      0.000     0.000 r  
    W5                                                0.000     0.000 r  clk (IN)
                         net (fo=0)                   0.000     0.000    clk
    W5                   IBUF (Prop_ibuf_I_O)         1.458     1.458 r  clk_IBUF_inst/O
                         net (fo=1, routed)           1.967     3.425    clk_IBUF
    BUFGCTRL_X0Y0        BUFG (Prop_bufg_I_O)         0.096     3.521 r  clk_IBUF_BUFG_inst/O
                         net (fo=104, routed)         1.633     5.154    U_SR04/CLK
    SLICE_X62Y36         FDCE                                         r  U_SR04/dist_counter_reg_reg[0]/C
  -------------------------------------------------------------------    -------------------
    SLICE_X62Y36         FDCE (Prop_fdce_C_Q)         0.456     5.610 r  U_SR04/dist_counter_reg_reg[0]/Q
                         net (fo=6, routed)           1.225     6.836    U_SR04/dist_counter_reg_reg_n_0_[0]
    SLICE_X64Y36         LUT6 (Prop_lut6_I3_O)        0.124     6.960 r  U_SR04/dist_counter_reg[5]_i_3/O
                         net (fo=7, routed)           0.769     7.728    U_SR04/dist_counter_reg[5]_i_3_n_0
    SLICE_X61Y35         LUT6 (Prop_lut6_I0_O)        0.124     7.852 r  U_SR04/dist_reg[8]_i_1/O
                         net (fo=9, routed)           0.759     8.612    U_SR04/dist_reg_1
    SLICE_X60Y34         FDCE                                         r  U_SR04/dist_reg_reg[3]/CE
  -------------------------------------------------------------------    -------------------

                         (clock sys_clk_pin rise edge)
                                                     10.000    10.000 r  
    W5                                                0.000    10.000 r  clk (IN)
                         net (fo=0)                   0.000    10.000    clk
    W5                   IBUF (Prop_ibuf_I_O)         1.388    11.388 r  clk_IBUF_inst/O
                         net (fo=1, routed)           1.862    13.250    clk_IBUF
    BUFGCTRL_X0Y0        BUFG (Prop_bufg_I_O)         0.091    13.341 r  clk_IBUF_BUFG_inst/O
                         net (fo=104, routed)         1.512    14.853    U_SR04/CLK
    SLICE_X60Y34         FDCE                                         r  U_SR04/dist_reg_reg[3]/C
                         clock pessimism              0.260    15.113    
                         clock uncertainty           -0.035    15.078    
    SLICE_X60Y34         FDCE (Setup_fdce_C_CE)      -0.169    14.909    U_SR04/dist_reg_reg[3]
  -------------------------------------------------------------------
                         required time                         14.909    
                         arrival time                          -8.612    
  -------------------------------------------------------------------
                         slack                                  6.297    

Slack (MET) :             6.297ns  (required time - arrival time)
  Source:                 U_SR04/dist_counter_reg_reg[0]/C
                            (rising edge-triggered cell FDCE clocked by sys_clk_pin  {rise@0.000ns fall@5.000ns period=10.000ns})
  Destination:            U_SR04/dist_reg_reg[4]/CE
                            (rising edge-triggered cell FDCE clocked by sys_clk_pin  {rise@0.000ns fall@5.000ns period=10.000ns})
  Path Group:             sys_clk_pin
  Path Type:              Setup (Max at Slow Process Corner)
  Requirement:            10.000ns  (sys_clk_pin rise@10.000ns - sys_clk_pin rise@0.000ns)
  Data Path Delay:        3.457ns  (logic 0.704ns (20.363%)  route 2.753ns (79.637%))
  Logic Levels:           2  (LUT6=2)
  Clock Path Skew:        -0.041ns (DCD - SCD + CPR)
    Destination Clock Delay (DCD):    4.853ns = ( 14.853 - 10.000 ) 
    Source Clock Delay      (SCD):    5.154ns
    Clock Pessimism Removal (CPR):    0.260ns
  Clock Uncertainty:      0.035ns  ((TSJ^2 + TIJ^2)^1/2 + DJ) / 2 + PE
    Total System Jitter     (TSJ):    0.071ns
    Total Input Jitter      (TIJ):    0.000ns
    Discrete Jitter          (DJ):    0.000ns
    Phase Error              (PE):    0.000ns

    Location             Delay type                Incr(ns)  Path(ns)    Netlist Resource(s)
  -------------------------------------------------------------------    -------------------
                         (clock sys_clk_pin rise edge)
                                                      0.000     0.000 r  
    W5                                                0.000     0.000 r  clk (IN)
                         net (fo=0)                   0.000     0.000    clk
    W5                   IBUF (Prop_ibuf_I_O)         1.458     1.458 r  clk_IBUF_inst/O
                         net (fo=1, routed)           1.967     3.425    clk_IBUF
    BUFGCTRL_X0Y0        BUFG (Prop_bufg_I_O)         0.096     3.521 r  clk_IBUF_BUFG_inst/O
                         net (fo=104, routed)         1.633     5.154    U_SR04/CLK
    SLICE_X62Y36         FDCE                                         r  U_SR04/dist_counter_reg_reg[0]/C
  -------------------------------------------------------------------    -------------------
    SLICE_X62Y36         FDCE (Prop_fdce_C_Q)         0.456     5.610 r  U_SR04/dist_counter_reg_reg[0]/Q
                         net (fo=6, routed)           1.225     6.836    U_SR04/dist_counter_reg_reg_n_0_[0]
    SLICE_X64Y36         LUT6 (Prop_lut6_I3_O)        0.124     6.960 r  U_SR04/dist_counter_reg[5]_i_3/O
                         net (fo=7, routed)           0.769     7.728    U_SR04/dist_counter_reg[5]_i_3_n_0
    SLICE_X61Y35         LUT6 (Prop_lut6_I0_O)        0.124     7.852 r  U_SR04/dist_reg[8]_i_1/O
                         net (fo=9, routed)           0.759     8.612    U_SR04/dist_reg_1
    SLICE_X60Y34         FDCE                                         r  U_SR04/dist_reg_reg[4]/CE
  -------------------------------------------------------------------    -------------------

                         (clock sys_clk_pin rise edge)
                                                     10.000    10.000 r  
    W5                                                0.000    10.000 r  clk (IN)
                         net (fo=0)                   0.000    10.000    clk
    W5                   IBUF (Prop_ibuf_I_O)         1.388    11.388 r  clk_IBUF_inst/O
                         net (fo=1, routed)           1.862    13.250    clk_IBUF
    BUFGCTRL_X0Y0        BUFG (Prop_bufg_I_O)         0.091    13.341 r  clk_IBUF_BUFG_inst/O
                         net (fo=104, routed)         1.512    14.853    U_SR04/CLK
    SLICE_X60Y34         FDCE                                         r  U_SR04/dist_reg_reg[4]/C
                         clock pessimism              0.260    15.113    
                         clock uncertainty           -0.035    15.078    
    SLICE_X60Y34         FDCE (Setup_fdce_C_CE)      -0.169    14.909    U_SR04/dist_reg_reg[4]
  -------------------------------------------------------------------
                         required time                         14.909    
                         arrival time                          -8.612    
  -------------------------------------------------------------------
                         slack                                  6.297    

Slack (MET) :             6.297ns  (required time - arrival time)
  Source:                 U_SR04/dist_counter_reg_reg[0]/C
                            (rising edge-triggered cell FDCE clocked by sys_clk_pin  {rise@0.000ns fall@5.000ns period=10.000ns})
  Destination:            U_SR04/dist_reg_reg[5]/CE
                            (rising edge-triggered cell FDCE clocked by sys_clk_pin  {rise@0.000ns fall@5.000ns period=10.000ns})
  Path Group:             sys_clk_pin
  Path Type:              Setup (Max at Slow Process Corner)
  Requirement:            10.000ns  (sys_clk_pin rise@10.000ns - sys_clk_pin rise@0.000ns)
  Data Path Delay:        3.457ns  (logic 0.704ns (20.363%)  route 2.753ns (79.637%))
  Logic Levels:           2  (LUT6=2)
  Clock Path Skew:        -0.041ns (DCD - SCD + CPR)
    Destination Clock Delay (DCD):    4.853ns = ( 14.853 - 10.000 ) 
    Source Clock Delay      (SCD):    5.154ns
    Clock Pessimism Removal (CPR):    0.260ns
  Clock Uncertainty:      0.035ns  ((TSJ^2 + TIJ^2)^1/2 + DJ) / 2 + PE
    Total System Jitter     (TSJ):    0.071ns
    Total Input Jitter      (TIJ):    0.000ns
    Discrete Jitter          (DJ):    0.000ns
    Phase Error              (PE):    0.000ns

    Location             Delay type                Incr(ns)  Path(ns)    Netlist Resource(s)
  -------------------------------------------------------------------    -------------------
                         (clock sys_clk_pin rise edge)
                                                      0.000     0.000 r  
    W5                                                0.000     0.000 r  clk (IN)
                         net (fo=0)                   0.000     0.000    clk
    W5                   IBUF (Prop_ibuf_I_O)         1.458     1.458 r  clk_IBUF_inst/O
                         net (fo=1, routed)           1.967     3.425    clk_IBUF
    BUFGCTRL_X0Y0        BUFG (Prop_bufg_I_O)         0.096     3.521 r  clk_IBUF_BUFG_inst/O
                         net (fo=104, routed)         1.633     5.154    U_SR04/CLK
    SLICE_X62Y36         FDCE                                         r  U_SR04/dist_counter_reg_reg[0]/C
  -------------------------------------------------------------------    -------------------
    SLICE_X62Y36         FDCE (Prop_fdce_C_Q)         0.456     5.610 r  U_SR04/dist_counter_reg_reg[0]/Q
                         net (fo=6, routed)           1.225     6.836    U_SR04/dist_counter_reg_reg_n_0_[0]
    SLICE_X64Y36         LUT6 (Prop_lut6_I3_O)        0.124     6.960 r  U_SR04/dist_counter_reg[5]_i_3/O
                         net (fo=7, routed)           0.769     7.728    U_SR04/dist_counter_reg[5]_i_3_n_0
    SLICE_X61Y35         LUT6 (Prop_lut6_I0_O)        0.124     7.852 r  U_SR04/dist_reg[8]_i_1/O
                         net (fo=9, routed)           0.759     8.612    U_SR04/dist_reg_1
    SLICE_X60Y34         FDCE                                         r  U_SR04/dist_reg_reg[5]/CE
  -------------------------------------------------------------------    -------------------

                         (clock sys_clk_pin rise edge)
                                                     10.000    10.000 r  
    W5                                                0.000    10.000 r  clk (IN)
                         net (fo=0)                   0.000    10.000    clk
    W5                   IBUF (Prop_ibuf_I_O)         1.388    11.388 r  clk_IBUF_inst/O
                         net (fo=1, routed)           1.862    13.250    clk_IBUF
    BUFGCTRL_X0Y0        BUFG (Prop_bufg_I_O)         0.091    13.341 r  clk_IBUF_BUFG_inst/O
                         net (fo=104, routed)         1.512    14.853    U_SR04/CLK
    SLICE_X60Y34         FDCE                                         r  U_SR04/dist_reg_reg[5]/C
                         clock pessimism              0.260    15.113    
                         clock uncertainty           -0.035    15.078    
    SLICE_X60Y34         FDCE (Setup_fdce_C_CE)      -0.169    14.909    U_SR04/dist_reg_reg[5]
  -------------------------------------------------------------------
                         required time                         14.909    
                         arrival time                          -8.612    
  -------------------------------------------------------------------
                         slack                                  6.297    

Slack (MET) :             6.297ns  (required time - arrival time)
  Source:                 U_SR04/dist_counter_reg_reg[0]/C
                            (rising edge-triggered cell FDCE clocked by sys_clk_pin  {rise@0.000ns fall@5.000ns period=10.000ns})
  Destination:            U_SR04/dist_reg_reg[6]/CE
                            (rising edge-triggered cell FDCE clocked by sys_clk_pin  {rise@0.000ns fall@5.000ns period=10.000ns})
  Path Group:             sys_clk_pin
  Path Type:              Setup (Max at Slow Process Corner)
  Requirement:            10.000ns  (sys_clk_pin rise@10.000ns - sys_clk_pin rise@0.000ns)
  Data Path Delay:        3.457ns  (logic 0.704ns (20.363%)  route 2.753ns (79.637%))
  Logic Levels:           2  (LUT6=2)
  Clock Path Skew:        -0.041ns (DCD - SCD + CPR)
    Destination Clock Delay (DCD):    4.853ns = ( 14.853 - 10.000 ) 
    Source Clock Delay      (SCD):    5.154ns
    Clock Pessimism Removal (CPR):    0.260ns
  Clock Uncertainty:      0.035ns  ((TSJ^2 + TIJ^2)^1/2 + DJ) / 2 + PE
    Total System Jitter     (TSJ):    0.071ns
    Total Input Jitter      (TIJ):    0.000ns
    Discrete Jitter          (DJ):    0.000ns
    Phase Error              (PE):    0.000ns

    Location             Delay type                Incr(ns)  Path(ns)    Netlist Resource(s)
  -------------------------------------------------------------------    -------------------
                         (clock sys_clk_pin rise edge)
                                                      0.000     0.000 r  
    W5                                                0.000     0.000 r  clk (IN)
                         net (fo=0)                   0.000     0.000    clk
    W5                   IBUF (Prop_ibuf_I_O)         1.458     1.458 r  clk_IBUF_inst/O
                         net (fo=1, routed)           1.967     3.425    clk_IBUF
    BUFGCTRL_X0Y0        BUFG (Prop_bufg_I_O)         0.096     3.521 r  clk_IBUF_BUFG_inst/O
                         net (fo=104, routed)         1.633     5.154    U_SR04/CLK
    SLICE_X62Y36         FDCE                                         r  U_SR04/dist_counter_reg_reg[0]/C
  -------------------------------------------------------------------    -------------------
    SLICE_X62Y36         FDCE (Prop_fdce_C_Q)         0.456     5.610 r  U_SR04/dist_counter_reg_reg[0]/Q
                         net (fo=6, routed)           1.225     6.836    U_SR04/dist_counter_reg_reg_n_0_[0]
    SLICE_X64Y36         LUT6 (Prop_lut6_I3_O)        0.124     6.960 r  U_SR04/dist_counter_reg[5]_i_3/O
                         net (fo=7, routed)           0.769     7.728    U_SR04/dist_counter_reg[5]_i_3_n_0
    SLICE_X61Y35         LUT6 (Prop_lut6_I0_O)        0.124     7.852 r  U_SR04/dist_reg[8]_i_1/O
                         net (fo=9, routed)           0.759     8.612    U_SR04/dist_reg_1
    SLICE_X60Y34         FDCE                                         r  U_SR04/dist_reg_reg[6]/CE
  -------------------------------------------------------------------    -------------------

                         (clock sys_clk_pin rise edge)
                                                     10.000    10.000 r  
    W5                                                0.000    10.000 r  clk (IN)
                         net (fo=0)                   0.000    10.000    clk
    W5                   IBUF (Prop_ibuf_I_O)         1.388    11.388 r  clk_IBUF_inst/O
                         net (fo=1, routed)           1.862    13.250    clk_IBUF
    BUFGCTRL_X0Y0        BUFG (Prop_bufg_I_O)         0.091    13.341 r  clk_IBUF_BUFG_inst/O
                         net (fo=104, routed)         1.512    14.853    U_SR04/CLK
    SLICE_X60Y34         FDCE                                         r  U_SR04/dist_reg_reg[6]/C
                         clock pessimism              0.260    15.113    
                         clock uncertainty           -0.035    15.078    
    SLICE_X60Y34         FDCE (Setup_fdce_C_CE)      -0.169    14.909    U_SR04/dist_reg_reg[6]
  -------------------------------------------------------------------
                         required time                         14.909    
                         arrival time                          -8.612    
  -------------------------------------------------------------------
                         slack                                  6.297    

Slack (MET) :             6.357ns  (required time - arrival time)
  Source:                 U_SR04/dist_counter_reg_reg[0]/C
                            (rising edge-triggered cell FDCE clocked by sys_clk_pin  {rise@0.000ns fall@5.000ns period=10.000ns})
  Destination:            U_SR04/dist_reg_reg[0]/CE
                            (rising edge-triggered cell FDCE clocked by sys_clk_pin  {rise@0.000ns fall@5.000ns period=10.000ns})
  Path Group:             sys_clk_pin
  Path Type:              Setup (Max at Slow Process Corner)
  Requirement:            10.000ns  (sys_clk_pin rise@10.000ns - sys_clk_pin rise@0.000ns)
  Data Path Delay:        3.413ns  (logic 0.704ns (20.627%)  route 2.709ns (79.373%))
  Logic Levels:           2  (LUT6=2)
  Clock Path Skew:        -0.026ns (DCD - SCD + CPR)
    Destination Clock Delay (DCD):    4.854ns = ( 14.854 - 10.000 ) 
    Source Clock Delay      (SCD):    5.154ns
    Clock Pessimism Removal (CPR):    0.274ns
  Clock Uncertainty:      0.035ns  ((TSJ^2 + TIJ^2)^1/2 + DJ) / 2 + PE
    Total System Jitter     (TSJ):    0.071ns
    Total Input Jitter      (TIJ):    0.000ns
    Discrete Jitter          (DJ):    0.000ns
    Phase Error              (PE):    0.000ns

    Location             Delay type                Incr(ns)  Path(ns)    Netlist Resource(s)
  -------------------------------------------------------------------    -------------------
                         (clock sys_clk_pin rise edge)
                                                      0.000     0.000 r  
    W5                                                0.000     0.000 r  clk (IN)
                         net (fo=0)                   0.000     0.000    clk
    W5                   IBUF (Prop_ibuf_I_O)         1.458     1.458 r  clk_IBUF_inst/O
                         net (fo=1, routed)           1.967     3.425    clk_IBUF
    BUFGCTRL_X0Y0        BUFG (Prop_bufg_I_O)         0.096     3.521 r  clk_IBUF_BUFG_inst/O
                         net (fo=104, routed)         1.633     5.154    U_SR04/CLK
    SLICE_X62Y36         FDCE                                         r  U_SR04/dist_counter_reg_reg[0]/C
  -------------------------------------------------------------------    -------------------
    SLICE_X62Y36         FDCE (Prop_fdce_C_Q)         0.456     5.610 r  U_SR04/dist_counter_reg_reg[0]/Q
                         net (fo=6, routed)           1.225     6.836    U_SR04/dist_counter_reg_reg_n_0_[0]
    SLICE_X64Y36         LUT6 (Prop_lut6_I3_O)        0.124     6.960 r  U_SR04/dist_counter_reg[5]_i_3/O
                         net (fo=7, routed)           0.769     7.728    U_SR04/dist_counter_reg[5]_i_3_n_0
    SLICE_X61Y35         LUT6 (Prop_lut6_I0_O)        0.124     7.852 r  U_SR04/dist_reg[8]_i_1/O
                         net (fo=9, routed)           0.715     8.567    U_SR04/dist_reg_1
    SLICE_X64Y34         FDCE                                         r  U_SR04/dist_reg_reg[0]/CE
  -------------------------------------------------------------------    -------------------

                         (clock sys_clk_pin rise edge)
                                                     10.000    10.000 r  
    W5                                                0.000    10.000 r  clk (IN)
                         net (fo=0)                   0.000    10.000    clk
    W5                   IBUF (Prop_ibuf_I_O)         1.388    11.388 r  clk_IBUF_inst/O
                         net (fo=1, routed)           1.862    13.250    clk_IBUF
    BUFGCTRL_X0Y0        BUFG (Prop_bufg_I_O)         0.091    13.341 r  clk_IBUF_BUFG_inst/O
                         net (fo=104, routed)         1.513    14.854    U_SR04/CLK
    SLICE_X64Y34         FDCE                                         r  U_SR04/dist_reg_reg[0]/C
                         clock pessimism              0.274    15.128    
                         clock uncertainty           -0.035    15.093    
    SLICE_X64Y34         FDCE (Setup_fdce_C_CE)      -0.169    14.924    U_SR04/dist_reg_reg[0]
  -------------------------------------------------------------------
                         required time                         14.924    
                         arrival time                          -8.567    
  -------------------------------------------------------------------
                         slack                                  6.357    

Slack (MET) :             6.357ns  (required time - arrival time)
  Source:                 U_SR04/dist_counter_reg_reg[0]/C
                            (rising edge-triggered cell FDCE clocked by sys_clk_pin  {rise@0.000ns fall@5.000ns period=10.000ns})
  Destination:            U_SR04/dist_reg_reg[1]/CE
                            (rising edge-triggered cell FDCE clocked by sys_clk_pin  {rise@0.000ns fall@5.000ns period=10.000ns})
  Path Group:             sys_clk_pin
  Path Type:              Setup (Max at Slow Process Corner)
  Requirement:            10.000ns  (sys_clk_pin rise@10.000ns - sys_clk_pin rise@0.000ns)
  Data Path Delay:        3.413ns  (logic 0.704ns (20.627%)  route 2.709ns (79.373%))
  Logic Levels:           2  (LUT6=2)
  Clock Path Skew:        -0.026ns (DCD - SCD + CPR)
    Destination Clock Delay (DCD):    4.854ns = ( 14.854 - 10.000 ) 
    Source Clock Delay      (SCD):    5.154ns
    Clock Pessimism Removal (CPR):    0.274ns
  Clock Uncertainty:      0.035ns  ((TSJ^2 + TIJ^2)^1/2 + DJ) / 2 + PE
    Total System Jitter     (TSJ):    0.071ns
    Total Input Jitter      (TIJ):    0.000ns
    Discrete Jitter          (DJ):    0.000ns
    Phase Error              (PE):    0.000ns

    Location             Delay type                Incr(ns)  Path(ns)    Netlist Resource(s)
  -------------------------------------------------------------------    -------------------
                         (clock sys_clk_pin rise edge)
                                                      0.000     0.000 r  
    W5                                                0.000     0.000 r  clk (IN)
                         net (fo=0)                   0.000     0.000    clk
    W5                   IBUF (Prop_ibuf_I_O)         1.458     1.458 r  clk_IBUF_inst/O
                         net (fo=1, routed)           1.967     3.425    clk_IBUF
    BUFGCTRL_X0Y0        BUFG (Prop_bufg_I_O)         0.096     3.521 r  clk_IBUF_BUFG_inst/O
                         net (fo=104, routed)         1.633     5.154    U_SR04/CLK
    SLICE_X62Y36         FDCE                                         r  U_SR04/dist_counter_reg_reg[0]/C
  -------------------------------------------------------------------    -------------------
    SLICE_X62Y36         FDCE (Prop_fdce_C_Q)         0.456     5.610 r  U_SR04/dist_counter_reg_reg[0]/Q
                         net (fo=6, routed)           1.225     6.836    U_SR04/dist_counter_reg_reg_n_0_[0]
    SLICE_X64Y36         LUT6 (Prop_lut6_I3_O)        0.124     6.960 r  U_SR04/dist_counter_reg[5]_i_3/O
                         net (fo=7, routed)           0.769     7.728    U_SR04/dist_counter_reg[5]_i_3_n_0
    SLICE_X61Y35         LUT6 (Prop_lut6_I0_O)        0.124     7.852 r  U_SR04/dist_reg[8]_i_1/O
                         net (fo=9, routed)           0.715     8.567    U_SR04/dist_reg_1
    SLICE_X64Y34         FDCE                                         r  U_SR04/dist_reg_reg[1]/CE
  -------------------------------------------------------------------    -------------------

                         (clock sys_clk_pin rise edge)
                                                     10.000    10.000 r  
    W5                                                0.000    10.000 r  clk (IN)
                         net (fo=0)                   0.000    10.000    clk
    W5                   IBUF (Prop_ibuf_I_O)         1.388    11.388 r  clk_IBUF_inst/O
                         net (fo=1, routed)           1.862    13.250    clk_IBUF
    BUFGCTRL_X0Y0        BUFG (Prop_bufg_I_O)         0.091    13.341 r  clk_IBUF_BUFG_inst/O
                         net (fo=104, routed)         1.513    14.854    U_SR04/CLK
    SLICE_X64Y34         FDCE                                         r  U_SR04/dist_reg_reg[1]/C
                         clock pessimism              0.274    15.128    
                         clock uncertainty           -0.035    15.093    
    SLICE_X64Y34         FDCE (Setup_fdce_C_CE)      -0.169    14.924    U_SR04/dist_reg_reg[1]
  -------------------------------------------------------------------
                         required time                         14.924    
                         arrival time                          -8.567    
  -------------------------------------------------------------------
                         slack                                  6.357    

Slack (MET) :             6.425ns  (required time - arrival time)
  Source:                 U_SR04/response_timeout_reg[6]/C
                            (rising edge-triggered cell FDCE clocked by sys_clk_pin  {rise@0.000ns fall@5.000ns period=10.000ns})
  Destination:            U_SR04/FSM_sequential_state_reg[1]/D
                            (rising edge-triggered cell FDCE clocked by sys_clk_pin  {rise@0.000ns fall@5.000ns period=10.000ns})
  Path Group:             sys_clk_pin
  Path Type:              Setup (Max at Slow Process Corner)
  Requirement:            10.000ns  (sys_clk_pin rise@10.000ns - sys_clk_pin rise@0.000ns)
  Data Path Delay:        3.603ns  (logic 1.014ns (28.144%)  route 2.589ns (71.856%))
  Logic Levels:           4  (LUT3=1 LUT5=1 LUT6=2)
  Clock Path Skew:        -0.018ns (DCD - SCD + CPR)
    Destination Clock Delay (DCD):    4.854ns = ( 14.854 - 10.000 ) 
    Source Clock Delay      (SCD):    5.146ns
    Clock Pessimism Removal (CPR):    0.274ns
  Clock Uncertainty:      0.035ns  ((TSJ^2 + TIJ^2)^1/2 + DJ) / 2 + PE
    Total System Jitter     (TSJ):    0.071ns
    Total Input Jitter      (TIJ):    0.000ns
    Discrete Jitter          (DJ):    0.000ns
    Phase Error              (PE):    0.000ns

    Location             Delay type                Incr(ns)  Path(ns)    Netlist Resource(s)
  -------------------------------------------------------------------    -------------------
                         (clock sys_clk_pin rise edge)
                                                      0.000     0.000 r  
    W5                                                0.000     0.000 r  clk (IN)
                         net (fo=0)                   0.000     0.000    clk
    W5                   IBUF (Prop_ibuf_I_O)         1.458     1.458 r  clk_IBUF_inst/O
                         net (fo=1, routed)           1.967     3.425    clk_IBUF
    BUFGCTRL_X0Y0        BUFG (Prop_bufg_I_O)         0.096     3.521 r  clk_IBUF_BUFG_inst/O
                         net (fo=104, routed)         1.625     5.146    U_SR04/CLK
    SLICE_X60Y30         FDCE                                         r  U_SR04/response_timeout_reg[6]/C
  -------------------------------------------------------------------    -------------------
    SLICE_X60Y30         FDCE (Prop_fdce_C_Q)         0.518     5.664 f  U_SR04/response_timeout_reg[6]/Q
                         net (fo=2, routed)           0.872     6.536    U_SR04/response_timeout_reg_n_0_[6]
    SLICE_X60Y30         LUT6 (Prop_lut6_I1_O)        0.124     6.660 f  U_SR04/FSM_sequential_state[1]_i_7/O
                         net (fo=1, routed)           0.590     7.250    U_SR04/FSM_sequential_state[1]_i_7_n_0
    SLICE_X60Y31         LUT6 (Prop_lut6_I3_O)        0.124     7.374 f  U_SR04/FSM_sequential_state[1]_i_5/O
                         net (fo=1, routed)           0.457     7.831    U_SR04/FSM_sequential_state[1]_i_5_n_0
    SLICE_X60Y35         LUT3 (Prop_lut3_I1_O)        0.124     7.955 r  U_SR04/FSM_sequential_state[1]_i_2/O
                         net (fo=2, routed)           0.670     8.625    U_SR04/FSM_sequential_state[1]_i_2_n_0
    SLICE_X60Y35         LUT5 (Prop_lut5_I0_O)        0.124     8.749 r  U_SR04/FSM_sequential_state[1]_i_1/O
                         net (fo=1, routed)           0.000     8.749    U_SR04/next_state[1]
    SLICE_X60Y35         FDCE                                         r  U_SR04/FSM_sequential_state_reg[1]/D
  -------------------------------------------------------------------    -------------------

                         (clock sys_clk_pin rise edge)
                                                     10.000    10.000 r  
    W5                                                0.000    10.000 r  clk (IN)
                         net (fo=0)                   0.000    10.000    clk
    W5                   IBUF (Prop_ibuf_I_O)         1.388    11.388 r  clk_IBUF_inst/O
                         net (fo=1, routed)           1.862    13.250    clk_IBUF
    BUFGCTRL_X0Y0        BUFG (Prop_bufg_I_O)         0.091    13.341 r  clk_IBUF_BUFG_inst/O
                         net (fo=104, routed)         1.513    14.854    U_SR04/CLK
    SLICE_X60Y35         FDCE                                         r  U_SR04/FSM_sequential_state_reg[1]/C
                         clock pessimism              0.274    15.128    
                         clock uncertainty           -0.035    15.093    
    SLICE_X60Y35         FDCE (Setup_fdce_C_D)        0.081    15.174    U_SR04/FSM_sequential_state_reg[1]
  -------------------------------------------------------------------
                         required time                         15.174    
                         arrival time                          -8.749    
  -------------------------------------------------------------------
                         slack                                  6.425    





Min Delay Paths
--------------------------------------------------------------------------------------
Slack (MET) :             0.172ns  (arrival time - required time)
  Source:                 U_BTN_DB/r_counter_reg[5]/C
                            (rising edge-triggered cell FDCE clocked by sys_clk_pin  {rise@0.000ns fall@5.000ns period=10.000ns})
  Destination:            U_BTN_DB/r_counter_reg[3]/D
                            (rising edge-triggered cell FDCE clocked by sys_clk_pin  {rise@0.000ns fall@5.000ns period=10.000ns})
  Path Group:             sys_clk_pin
  Path Type:              Hold (Min at Fast Process Corner)
  Requirement:            0.000ns  (sys_clk_pin rise@0.000ns - sys_clk_pin rise@0.000ns)
  Data Path Delay:        0.309ns  (logic 0.186ns (60.114%)  route 0.123ns (39.886%))
  Logic Levels:           1  (LUT6=1)
  Clock Path Skew:        0.016ns (DCD - SCD - CPR)
    Destination Clock Delay (DCD):    1.990ns
    Source Clock Delay      (SCD):    1.476ns
    Clock Pessimism Removal (CPR):    0.498ns

    Location             Delay type                Incr(ns)  Path(ns)    Netlist Resource(s)
  -------------------------------------------------------------------    -------------------
                         (clock sys_clk_pin rise edge)
                                                      0.000     0.000 r  
    W5                                                0.000     0.000 r  clk (IN)
                         net (fo=0)                   0.000     0.000    clk
    W5                   IBUF (Prop_ibuf_I_O)         0.226     0.226 r  clk_IBUF_inst/O
                         net (fo=1, routed)           0.631     0.858    clk_IBUF
    BUFGCTRL_X0Y0        BUFG (Prop_bufg_I_O)         0.026     0.884 r  clk_IBUF_BUFG_inst/O
                         net (fo=104, routed)         0.593     1.476    U_BTN_DB/CLK
    SLICE_X59Y41         FDCE                                         r  U_BTN_DB/r_counter_reg[5]/C
  -------------------------------------------------------------------    -------------------
    SLICE_X59Y41         FDCE (Prop_fdce_C_Q)         0.141     1.617 f  U_BTN_DB/r_counter_reg[5]/Q
                         net (fo=4, routed)           0.123     1.741    U_BTN_DB/r_counter[5]
    SLICE_X60Y41         LUT6 (Prop_lut6_I0_O)        0.045     1.786 r  U_BTN_DB/r_counter[3]_i_1/O
                         net (fo=1, routed)           0.000     1.786    U_BTN_DB/r_counter_0[3]
    SLICE_X60Y41         FDCE                                         r  U_BTN_DB/r_counter_reg[3]/D
  -------------------------------------------------------------------    -------------------

                         (clock sys_clk_pin rise edge)
                                                      0.000     0.000 r  
    W5                                                0.000     0.000 r  clk (IN)
                         net (fo=0)                   0.000     0.000    clk
    W5                   IBUF (Prop_ibuf_I_O)         0.414     0.414 r  clk_IBUF_inst/O
                         net (fo=1, routed)           0.685     1.099    clk_IBUF
    BUFGCTRL_X0Y0        BUFG (Prop_bufg_I_O)         0.029     1.128 r  clk_IBUF_BUFG_inst/O
                         net (fo=104, routed)         0.863     1.990    U_BTN_DB/CLK
    SLICE_X60Y41         FDCE                                         r  U_BTN_DB/r_counter_reg[3]/C
                         clock pessimism             -0.498     1.492    
    SLICE_X60Y41         FDCE (Hold_fdce_C_D)         0.121     1.613    U_BTN_DB/r_counter_reg[3]
  -------------------------------------------------------------------
                         required time                         -1.613    
                         arrival time                           1.786    
  -------------------------------------------------------------------
                         slack                                  0.172    

Slack (MET) :             0.203ns  (arrival time - required time)
  Source:                 U_BTN_DB/r_counter_reg[4]/C
                            (rising edge-triggered cell FDCE clocked by sys_clk_pin  {rise@0.000ns fall@5.000ns period=10.000ns})
  Destination:            U_BTN_DB/r_counter_reg[5]/D
                            (rising edge-triggered cell FDCE clocked by sys_clk_pin  {rise@0.000ns fall@5.000ns period=10.000ns})
  Path Group:             sys_clk_pin
  Path Type:              Hold (Min at Fast Process Corner)
  Requirement:            0.000ns  (sys_clk_pin rise@0.000ns - sys_clk_pin rise@0.000ns)
  Data Path Delay:        0.307ns  (logic 0.186ns (60.609%)  route 0.121ns (39.391%))
  Logic Levels:           1  (LUT6=1)
  Clock Path Skew:        0.013ns (DCD - SCD - CPR)
    Destination Clock Delay (DCD):    1.990ns
    Source Clock Delay      (SCD):    1.476ns
    Clock Pessimism Removal (CPR):    0.501ns

    Location             Delay type                Incr(ns)  Path(ns)    Netlist Resource(s)
  -------------------------------------------------------------------    -------------------
                         (clock sys_clk_pin rise edge)
                                                      0.000     0.000 r  
    W5                                                0.000     0.000 r  clk (IN)
                         net (fo=0)                   0.000     0.000    clk
    W5                   IBUF (Prop_ibuf_I_O)         0.226     0.226 r  clk_IBUF_inst/O
                         net (fo=1, routed)           0.631     0.858    clk_IBUF
    BUFGCTRL_X0Y0        BUFG (Prop_bufg_I_O)         0.026     0.884 r  clk_IBUF_BUFG_inst/O
                         net (fo=104, routed)         0.593     1.476    U_BTN_DB/CLK
    SLICE_X58Y41         FDCE                                         r  U_BTN_DB/r_counter_reg[4]/C
  -------------------------------------------------------------------    -------------------
    SLICE_X58Y41         FDCE (Prop_fdce_C_Q)         0.141     1.617 r  U_BTN_DB/r_counter_reg[4]/Q
                         net (fo=9, routed)           0.121     1.738    U_BTN_DB/r_counter[4]
    SLICE_X59Y41         LUT6 (Prop_lut6_I4_O)        0.045     1.783 r  U_BTN_DB/r_counter[5]_i_1/O
                         net (fo=1, routed)           0.000     1.783    U_BTN_DB/r_counter_0[5]
    SLICE_X59Y41         FDCE                                         r  U_BTN_DB/r_counter_reg[5]/D
  -------------------------------------------------------------------    -------------------

                         (clock sys_clk_pin rise edge)
                                                      0.000     0.000 r  
    W5                                                0.000     0.000 r  clk (IN)
                         net (fo=0)                   0.000     0.000    clk
    W5                   IBUF (Prop_ibuf_I_O)         0.414     0.414 r  clk_IBUF_inst/O
                         net (fo=1, routed)           0.685     1.099    clk_IBUF
    BUFGCTRL_X0Y0        BUFG (Prop_bufg_I_O)         0.029     1.128 r  clk_IBUF_BUFG_inst/O
                         net (fo=104, routed)         0.863     1.990    U_BTN_DB/CLK
    SLICE_X59Y41         FDCE                                         r  U_BTN_DB/r_counter_reg[5]/C
                         clock pessimism             -0.501     1.489    
    SLICE_X59Y41         FDCE (Hold_fdce_C_D)         0.091     1.580    U_BTN_DB/r_counter_reg[5]
  -------------------------------------------------------------------
                         required time                         -1.580    
                         arrival time                           1.783    
  -------------------------------------------------------------------
                         slack                                  0.203    

Slack (MET) :             0.215ns  (arrival time - required time)
  Source:                 U_TICK_1us/count_reg[3]/C
                            (rising edge-triggered cell FDCE clocked by sys_clk_pin  {rise@0.000ns fall@5.000ns period=10.000ns})
  Destination:            U_TICK_1us/count_reg[2]/D
                            (rising edge-triggered cell FDCE clocked by sys_clk_pin  {rise@0.000ns fall@5.000ns period=10.000ns})
  Path Group:             sys_clk_pin
  Path Type:              Hold (Min at Fast Process Corner)
  Requirement:            0.000ns  (sys_clk_pin rise@0.000ns - sys_clk_pin rise@0.000ns)
  Data Path Delay:        0.350ns  (logic 0.186ns (53.075%)  route 0.164ns (46.925%))
  Logic Levels:           1  (LUT6=1)
  Clock Path Skew:        0.015ns (DCD - SCD - CPR)
    Destination Clock Delay (DCD):    1.986ns
    Source Clock Delay      (SCD):    1.473ns
    Clock Pessimism Removal (CPR):    0.498ns

    Location             Delay type                Incr(ns)  Path(ns)    Netlist Resource(s)
  -------------------------------------------------------------------    -------------------
                         (clock sys_clk_pin rise edge)
                                                      0.000     0.000 r  
    W5                                                0.000     0.000 r  clk (IN)
                         net (fo=0)                   0.000     0.000    clk
    W5                   IBUF (Prop_ibuf_I_O)         0.226     0.226 r  clk_IBUF_inst/O
                         net (fo=1, routed)           0.631     0.858    clk_IBUF
    BUFGCTRL_X0Y0        BUFG (Prop_bufg_I_O)         0.026     0.884 r  clk_IBUF_BUFG_inst/O
                         net (fo=104, routed)         0.590     1.473    U_TICK_1us/CLK
    SLICE_X59Y36         FDCE                                         r  U_TICK_1us/count_reg[3]/C
  -------------------------------------------------------------------    -------------------
    SLICE_X59Y36         FDCE (Prop_fdce_C_Q)         0.141     1.614 r  U_TICK_1us/count_reg[3]/Q
                         net (fo=6, routed)           0.164     1.779    U_TICK_1us/count[3]
    SLICE_X60Y36         LUT6 (Prop_lut6_I1_O)        0.045     1.824 r  U_TICK_1us/count[2]_i_1/O
                         net (fo=1, routed)           0.000     1.824    U_TICK_1us/count_0[2]
    SLICE_X60Y36         FDCE                                         r  U_TICK_1us/count_reg[2]/D
  -------------------------------------------------------------------    -------------------

                         (clock sys_clk_pin rise edge)
                                                      0.000     0.000 r  
    W5                                                0.000     0.000 r  clk (IN)
                         net (fo=0)                   0.000     0.000    clk
    W5                   IBUF (Prop_ibuf_I_O)         0.414     0.414 r  clk_IBUF_inst/O
                         net (fo=1, routed)           0.685     1.099    clk_IBUF
    BUFGCTRL_X0Y0        BUFG (Prop_bufg_I_O)         0.029     1.128 r  clk_IBUF_BUFG_inst/O
                         net (fo=104, routed)         0.859     1.986    U_TICK_1us/CLK
    SLICE_X60Y36         FDCE                                         r  U_TICK_1us/count_reg[2]/C
                         clock pessimism             -0.498     1.488    
    SLICE_X60Y36         FDCE (Hold_fdce_C_D)         0.120     1.608    U_TICK_1us/count_reg[2]
  -------------------------------------------------------------------
                         required time                         -1.608    
                         arrival time                           1.824    
  -------------------------------------------------------------------
                         slack                                  0.215    

Slack (MET) :             0.218ns  (arrival time - required time)
  Source:                 U_TICK_1us/count_reg[3]/C
                            (rising edge-triggered cell FDCE clocked by sys_clk_pin  {rise@0.000ns fall@5.000ns period=10.000ns})
  Destination:            U_TICK_1us/count_reg[5]/D
                            (rising edge-triggered cell FDCE clocked by sys_clk_pin  {rise@0.000ns fall@5.000ns period=10.000ns})
  Path Group:             sys_clk_pin
  Path Type:              Hold (Min at Fast Process Corner)
  Requirement:            0.000ns  (sys_clk_pin rise@0.000ns - sys_clk_pin rise@0.000ns)
  Data Path Delay:        0.354ns  (logic 0.186ns (52.476%)  route 0.168ns (47.524%))
  Logic Levels:           1  (LUT6=1)
  Clock Path Skew:        0.015ns (DCD - SCD - CPR)
    Destination Clock Delay (DCD):    1.986ns
    Source Clock Delay      (SCD):    1.473ns
    Clock Pessimism Removal (CPR):    0.498ns

    Location             Delay type                Incr(ns)  Path(ns)    Netlist Resource(s)
  -------------------------------------------------------------------    -------------------
                         (clock sys_clk_pin rise edge)
                                                      0.000     0.000 r  
    W5                                                0.000     0.000 r  clk (IN)
                         net (fo=0)                   0.000     0.000    clk
    W5                   IBUF (Prop_ibuf_I_O)         0.226     0.226 r  clk_IBUF_inst/O
                         net (fo=1, routed)           0.631     0.858    clk_IBUF
    BUFGCTRL_X0Y0        BUFG (Prop_bufg_I_O)         0.026     0.884 r  clk_IBUF_BUFG_inst/O
                         net (fo=104, routed)         0.590     1.473    U_TICK_1us/CLK
    SLICE_X59Y36         FDCE                                         r  U_TICK_1us/count_reg[3]/C
  -------------------------------------------------------------------    -------------------
    SLICE_X59Y36         FDCE (Prop_fdce_C_Q)         0.141     1.614 r  U_TICK_1us/count_reg[3]/Q
                         net (fo=6, routed)           0.168     1.783    U_TICK_1us/count[3]
    SLICE_X60Y36         LUT6 (Prop_lut6_I3_O)        0.045     1.828 r  U_TICK_1us/count[5]_i_1/O
                         net (fo=1, routed)           0.000     1.828    U_TICK_1us/count_0[5]
    SLICE_X60Y36         FDCE                                         r  U_TICK_1us/count_reg[5]/D
  -------------------------------------------------------------------    -------------------

                         (clock sys_clk_pin rise edge)
                                                      0.000     0.000 r  
    W5                                                0.000     0.000 r  clk (IN)
                         net (fo=0)                   0.000     0.000    clk
    W5                   IBUF (Prop_ibuf_I_O)         0.414     0.414 r  clk_IBUF_inst/O
                         net (fo=1, routed)           0.685     1.099    clk_IBUF
    BUFGCTRL_X0Y0        BUFG (Prop_bufg_I_O)         0.029     1.128 r  clk_IBUF_BUFG_inst/O
                         net (fo=104, routed)         0.859     1.986    U_TICK_1us/CLK
    SLICE_X60Y36         FDCE                                         r  U_TICK_1us/count_reg[5]/C
                         clock pessimism             -0.498     1.488    
    SLICE_X60Y36         FDCE (Hold_fdce_C_D)         0.121     1.609    U_TICK_1us/count_reg[5]
  -------------------------------------------------------------------
                         required time                         -1.609    
                         arrival time                           1.828    
  -------------------------------------------------------------------
                         slack                                  0.218    

Slack (MET) :             0.227ns  (arrival time - required time)
  Source:                 U_SR04/dist_reg_reg[7]/C
                            (rising edge-triggered cell FDCE clocked by sys_clk_pin  {rise@0.000ns fall@5.000ns period=10.000ns})
  Destination:            U_SR04/dist_reg[7]/D
                            (rising edge-triggered cell FDCE clocked by sys_clk_pin  {rise@0.000ns fall@5.000ns period=10.000ns})
  Path Group:             sys_clk_pin
  Path Type:              Hold (Min at Fast Process Corner)
  Requirement:            0.000ns  (sys_clk_pin rise@0.000ns - sys_clk_pin rise@0.000ns)
  Data Path Delay:        0.333ns  (logic 0.141ns (42.340%)  route 0.192ns (57.660%))
  Logic Levels:           0  
  Clock Path Skew:        0.036ns (DCD - SCD - CPR)
    Destination Clock Delay (DCD):    1.987ns
    Source Clock Delay      (SCD):    1.473ns
    Clock Pessimism Removal (CPR):    0.478ns

    Location             Delay type                Incr(ns)  Path(ns)    Netlist Resource(s)
  -------------------------------------------------------------------    -------------------
                         (clock sys_clk_pin rise edge)
                                                      0.000     0.000 r  
    W5                                                0.000     0.000 r  clk (IN)
                         net (fo=0)                   0.000     0.000    clk
    W5                   IBUF (Prop_ibuf_I_O)         0.226     0.226 r  clk_IBUF_inst/O
                         net (fo=1, routed)           0.631     0.858    clk_IBUF
    BUFGCTRL_X0Y0        BUFG (Prop_bufg_I_O)         0.026     0.884 r  clk_IBUF_BUFG_inst/O
                         net (fo=104, routed)         0.590     1.473    U_SR04/CLK
    SLICE_X61Y34         FDCE                                         r  U_SR04/dist_reg_reg[7]/C
  -------------------------------------------------------------------    -------------------
    SLICE_X61Y34         FDCE (Prop_fdce_C_Q)         0.141     1.614 r  U_SR04/dist_reg_reg[7]/Q
                         net (fo=4, routed)           0.192     1.806    U_SR04/dist_reg_reg_n_0_[7]
    SLICE_X62Y34         FDCE                                         r  U_SR04/dist_reg[7]/D
  -------------------------------------------------------------------    -------------------

                         (clock sys_clk_pin rise edge)
                                                      0.000     0.000 r  
    W5                                                0.000     0.000 r  clk (IN)
                         net (fo=0)                   0.000     0.000    clk
    W5                   IBUF (Prop_ibuf_I_O)         0.414     0.414 r  clk_IBUF_inst/O
                         net (fo=1, routed)           0.685     1.099    clk_IBUF
    BUFGCTRL_X0Y0        BUFG (Prop_bufg_I_O)         0.029     1.128 r  clk_IBUF_BUFG_inst/O
                         net (fo=104, routed)         0.860     1.987    U_SR04/CLK
    SLICE_X62Y34         FDCE                                         r  U_SR04/dist_reg[7]/C
                         clock pessimism             -0.478     1.509    
    SLICE_X62Y34         FDCE (Hold_fdce_C_D)         0.070     1.579    U_SR04/dist_reg[7]
  -------------------------------------------------------------------
                         required time                         -1.579    
                         arrival time                           1.806    
  -------------------------------------------------------------------
                         slack                                  0.227    

Slack (MET) :             0.234ns  (arrival time - required time)
  Source:                 U_TICK_1us/count_reg[4]/C
                            (rising edge-triggered cell FDCE clocked by sys_clk_pin  {rise@0.000ns fall@5.000ns period=10.000ns})
  Destination:            U_TICK_1us/tick_1us_reg/D
                            (rising edge-triggered cell FDCE clocked by sys_clk_pin  {rise@0.000ns fall@5.000ns period=10.000ns})
  Path Group:             sys_clk_pin
  Path Type:              Hold (Min at Fast Process Corner)
  Requirement:            0.000ns  (sys_clk_pin rise@0.000ns - sys_clk_pin rise@0.000ns)
  Data Path Delay:        0.370ns  (logic 0.226ns (61.094%)  route 0.144ns (38.906%))
  Logic Levels:           1  (LUT6=1)
  Clock Path Skew:        0.015ns (DCD - SCD - CPR)
    Destination Clock Delay (DCD):    1.986ns
    Source Clock Delay      (SCD):    1.473ns
    Clock Pessimism Removal (CPR):    0.498ns

    Location             Delay type                Incr(ns)  Path(ns)    Netlist Resource(s)
  -------------------------------------------------------------------    -------------------
                         (clock sys_clk_pin rise edge)
                                                      0.000     0.000 r  
    W5                                                0.000     0.000 r  clk (IN)
                         net (fo=0)                   0.000     0.000    clk
    W5                   IBUF (Prop_ibuf_I_O)         0.226     0.226 r  clk_IBUF_inst/O
                         net (fo=1, routed)           0.631     0.858    clk_IBUF
    BUFGCTRL_X0Y0        BUFG (Prop_bufg_I_O)         0.026     0.884 r  clk_IBUF_BUFG_inst/O
                         net (fo=104, routed)         0.590     1.473    U_TICK_1us/CLK
    SLICE_X59Y36         FDCE                                         r  U_TICK_1us/count_reg[4]/C
  -------------------------------------------------------------------    -------------------
    SLICE_X59Y36         FDCE (Prop_fdce_C_Q)         0.128     1.601 f  U_TICK_1us/count_reg[4]/Q
                         net (fo=5, routed)           0.144     1.745    U_TICK_1us/count[4]
    SLICE_X60Y36         LUT6 (Prop_lut6_I3_O)        0.098     1.843 r  U_TICK_1us/tick_1us_i_1/O
                         net (fo=1, routed)           0.000     1.843    U_TICK_1us/tick_1us
    SLICE_X60Y36         FDCE                                         r  U_TICK_1us/tick_1us_reg/D
  -------------------------------------------------------------------    -------------------

                         (clock sys_clk_pin rise edge)
                                                      0.000     0.000 r  
    W5                                                0.000     0.000 r  clk (IN)
                         net (fo=0)                   0.000     0.000    clk
    W5                   IBUF (Prop_ibuf_I_O)         0.414     0.414 r  clk_IBUF_inst/O
                         net (fo=1, routed)           0.685     1.099    clk_IBUF
    BUFGCTRL_X0Y0        BUFG (Prop_bufg_I_O)         0.029     1.128 r  clk_IBUF_BUFG_inst/O
                         net (fo=104, routed)         0.859     1.986    U_TICK_1us/CLK
    SLICE_X60Y36         FDCE                                         r  U_TICK_1us/tick_1us_reg/C
                         clock pessimism             -0.498     1.488    
    SLICE_X60Y36         FDCE (Hold_fdce_C_D)         0.121     1.609    U_TICK_1us/tick_1us_reg
  -------------------------------------------------------------------
                         required time                         -1.609    
                         arrival time                           1.843    
  -------------------------------------------------------------------
                         slack                                  0.234    

Slack (MET) :             0.237ns  (arrival time - required time)
  Source:                 U_SR04/t_cnt_reg[1]/C
                            (rising edge-triggered cell FDCE clocked by sys_clk_pin  {rise@0.000ns fall@5.000ns period=10.000ns})
  Destination:            U_SR04/t_cnt_reg[3]/D
                            (rising edge-triggered cell FDCE clocked by sys_clk_pin  {rise@0.000ns fall@5.000ns period=10.000ns})
  Path Group:             sys_clk_pin
  Path Type:              Hold (Min at Fast Process Corner)
  Requirement:            0.000ns  (sys_clk_pin rise@0.000ns - sys_clk_pin rise@0.000ns)
  Data Path Delay:        0.364ns  (logic 0.186ns (51.097%)  route 0.178ns (48.903%))
  Logic Levels:           1  (LUT5=1)
  Clock Path Skew:        0.035ns (DCD - SCD - CPR)
    Destination Clock Delay (DCD):    1.989ns
    Source Clock Delay      (SCD):    1.476ns
    Clock Pessimism Removal (CPR):    0.478ns

    Location             Delay type                Incr(ns)  Path(ns)    Netlist Resource(s)
  -------------------------------------------------------------------    -------------------
                         (clock sys_clk_pin rise edge)
                                                      0.000     0.000 r  
    W5                                                0.000     0.000 r  clk (IN)
                         net (fo=0)                   0.000     0.000    clk
    W5                   IBUF (Prop_ibuf_I_O)         0.226     0.226 r  clk_IBUF_inst/O
                         net (fo=1, routed)           0.631     0.858    clk_IBUF
    BUFGCTRL_X0Y0        BUFG (Prop_bufg_I_O)         0.026     0.884 r  clk_IBUF_BUFG_inst/O
                         net (fo=104, routed)         0.593     1.476    U_SR04/CLK
    SLICE_X62Y38         FDCE                                         r  U_SR04/t_cnt_reg[1]/C
  -------------------------------------------------------------------    -------------------
    SLICE_X62Y38         FDCE (Prop_fdce_C_Q)         0.141     1.617 r  U_SR04/t_cnt_reg[1]/Q
                         net (fo=6, routed)           0.178     1.795    U_SR04/t_cnt_reg_n_0_[1]
    SLICE_X61Y38         LUT5 (Prop_lut5_I4_O)        0.045     1.840 r  U_SR04/t_cnt[3]_i_1/O
                         net (fo=1, routed)           0.000     1.840    U_SR04/t_cnt[3]_i_1_n_0
    SLICE_X61Y38         FDCE                                         r  U_SR04/t_cnt_reg[3]/D
  -------------------------------------------------------------------    -------------------

                         (clock sys_clk_pin rise edge)
                                                      0.000     0.000 r  
    W5                                                0.000     0.000 r  clk (IN)
                         net (fo=0)                   0.000     0.000    clk
    W5                   IBUF (Prop_ibuf_I_O)         0.414     0.414 r  clk_IBUF_inst/O
                         net (fo=1, routed)           0.685     1.099    clk_IBUF
    BUFGCTRL_X0Y0        BUFG (Prop_bufg_I_O)         0.029     1.128 r  clk_IBUF_BUFG_inst/O
                         net (fo=104, routed)         0.862     1.989    U_SR04/CLK
    SLICE_X61Y38         FDCE                                         r  U_SR04/t_cnt_reg[3]/C
                         clock pessimism             -0.478     1.511    
    SLICE_X61Y38         FDCE (Hold_fdce_C_D)         0.092     1.603    U_SR04/t_cnt_reg[3]
  -------------------------------------------------------------------
                         required time                         -1.603    
                         arrival time                           1.840    
  -------------------------------------------------------------------
                         slack                                  0.237    

Slack (MET) :             0.247ns  (arrival time - required time)
  Source:                 U_SR04/t_cnt_reg[2]/C
                            (rising edge-triggered cell FDCE clocked by sys_clk_pin  {rise@0.000ns fall@5.000ns period=10.000ns})
  Destination:            U_SR04/t_cnt_reg[4]/D
                            (rising edge-triggered cell FDCE clocked by sys_clk_pin  {rise@0.000ns fall@5.000ns period=10.000ns})
  Path Group:             sys_clk_pin
  Path Type:              Hold (Min at Fast Process Corner)
  Requirement:            0.000ns  (sys_clk_pin rise@0.000ns - sys_clk_pin rise@0.000ns)
  Data Path Delay:        0.374ns  (logic 0.227ns (60.658%)  route 0.147ns (39.342%))
  Logic Levels:           1  (LUT6=1)
  Clock Path Skew:        0.035ns (DCD - SCD - CPR)
    Destination Clock Delay (DCD):    1.989ns
    Source Clock Delay      (SCD):    1.476ns
    Clock Pessimism Removal (CPR):    0.478ns

    Location             Delay type                Incr(ns)  Path(ns)    Netlist Resource(s)
  -------------------------------------------------------------------    -------------------
                         (clock sys_clk_pin rise edge)
                                                      0.000     0.000 r  
    W5                                                0.000     0.000 r  clk (IN)
                         net (fo=0)                   0.000     0.000    clk
    W5                   IBUF (Prop_ibuf_I_O)         0.226     0.226 r  clk_IBUF_inst/O
                         net (fo=1, routed)           0.631     0.858    clk_IBUF
    BUFGCTRL_X0Y0        BUFG (Prop_bufg_I_O)         0.026     0.884 r  clk_IBUF_BUFG_inst/O
                         net (fo=104, routed)         0.593     1.476    U_SR04/CLK
    SLICE_X62Y38         FDCE                                         r  U_SR04/t_cnt_reg[2]/C
  -------------------------------------------------------------------    -------------------
    SLICE_X62Y38         FDCE (Prop_fdce_C_Q)         0.128     1.604 r  U_SR04/t_cnt_reg[2]/Q
                         net (fo=5, routed)           0.147     1.751    U_SR04/t_cnt_reg_n_0_[2]
    SLICE_X61Y38         LUT6 (Prop_lut6_I5_O)        0.099     1.850 r  U_SR04/t_cnt[4]_i_1/O
                         net (fo=1, routed)           0.000     1.850    U_SR04/t_cnt[4]_i_1_n_0
    SLICE_X61Y38         FDCE                                         r  U_SR04/t_cnt_reg[4]/D
  -------------------------------------------------------------------    -------------------

                         (clock sys_clk_pin rise edge)
                                                      0.000     0.000 r  
    W5                                                0.000     0.000 r  clk (IN)
                         net (fo=0)                   0.000     0.000    clk
    W5                   IBUF (Prop_ibuf_I_O)         0.414     0.414 r  clk_IBUF_inst/O
                         net (fo=1, routed)           0.685     1.099    clk_IBUF
    BUFGCTRL_X0Y0        BUFG (Prop_bufg_I_O)         0.029     1.128 r  clk_IBUF_BUFG_inst/O
                         net (fo=104, routed)         0.862     1.989    U_SR04/CLK
    SLICE_X61Y38         FDCE                                         r  U_SR04/t_cnt_reg[4]/C
                         clock pessimism             -0.478     1.511    
    SLICE_X61Y38         FDCE (Hold_fdce_C_D)         0.092     1.603    U_SR04/t_cnt_reg[4]
  -------------------------------------------------------------------
                         required time                         -1.603    
                         arrival time                           1.850    
  -------------------------------------------------------------------
                         slack                                  0.247    

Slack (MET) :             0.248ns  (arrival time - required time)
  Source:                 U_TICK_1us/count_reg[2]/C
                            (rising edge-triggered cell FDCE clocked by sys_clk_pin  {rise@0.000ns fall@5.000ns period=10.000ns})
  Destination:            U_TICK_1us/count_reg[6]/D
                            (rising edge-triggered cell FDCE clocked by sys_clk_pin  {rise@0.000ns fall@5.000ns period=10.000ns})
  Path Group:             sys_clk_pin
  Path Type:              Hold (Min at Fast Process Corner)
  Requirement:            0.000ns  (sys_clk_pin rise@0.000ns - sys_clk_pin rise@0.000ns)
  Data Path Delay:        0.369ns  (logic 0.209ns (56.660%)  route 0.160ns (43.340%))
  Logic Levels:           1  (LUT6=1)
  Clock Path Skew:        0.000ns (DCD - SCD - CPR)
    Destination Clock Delay (DCD):    1.986ns
    Source Clock Delay      (SCD):    1.473ns
    Clock Pessimism Removal (CPR):    0.513ns

    Location             Delay type                Incr(ns)  Path(ns)    Netlist Resource(s)
  -------------------------------------------------------------------    -------------------
                         (clock sys_clk_pin rise edge)
                                                      0.000     0.000 r  
    W5                                                0.000     0.000 r  clk (IN)
                         net (fo=0)                   0.000     0.000    clk
    W5                   IBUF (Prop_ibuf_I_O)         0.226     0.226 r  clk_IBUF_inst/O
                         net (fo=1, routed)           0.631     0.858    clk_IBUF
    BUFGCTRL_X0Y0        BUFG (Prop_bufg_I_O)         0.026     0.884 r  clk_IBUF_BUFG_inst/O
                         net (fo=104, routed)         0.590     1.473    U_TICK_1us/CLK
    SLICE_X60Y36         FDCE                                         r  U_TICK_1us/count_reg[2]/C
  -------------------------------------------------------------------    -------------------
    SLICE_X60Y36         FDCE (Prop_fdce_C_Q)         0.164     1.637 r  U_TICK_1us/count_reg[2]/Q
                         net (fo=6, routed)           0.160     1.797    U_TICK_1us/count[2]
    SLICE_X60Y36         LUT6 (Prop_lut6_I3_O)        0.045     1.842 r  U_TICK_1us/count[6]_i_1/O
                         net (fo=1, routed)           0.000     1.842    U_TICK_1us/count_0[6]
    SLICE_X60Y36         FDCE                                         r  U_TICK_1us/count_reg[6]/D
  -------------------------------------------------------------------    -------------------

                         (clock sys_clk_pin rise edge)
                                                      0.000     0.000 r  
    W5                                                0.000     0.000 r  clk (IN)
                         net (fo=0)                   0.000     0.000    clk
    W5                   IBUF (Prop_ibuf_I_O)         0.414     0.414 r  clk_IBUF_inst/O
                         net (fo=1, routed)           0.685     1.099    clk_IBUF
    BUFGCTRL_X0Y0        BUFG (Prop_bufg_I_O)         0.029     1.128 r  clk_IBUF_BUFG_inst/O
                         net (fo=104, routed)         0.859     1.986    U_TICK_1us/CLK
    SLICE_X60Y36         FDCE                                         r  U_TICK_1us/count_reg[6]/C
                         clock pessimism             -0.513     1.473    
    SLICE_X60Y36         FDCE (Hold_fdce_C_D)         0.121     1.594    U_TICK_1us/count_reg[6]
  -------------------------------------------------------------------
                         required time                         -1.594    
                         arrival time                           1.842    
  -------------------------------------------------------------------
                         slack                                  0.248    

Slack (MET) :             0.250ns  (arrival time - required time)
  Source:                 U_BTN_DB/r_counter_reg[4]/C
                            (rising edge-triggered cell FDCE clocked by sys_clk_pin  {rise@0.000ns fall@5.000ns period=10.000ns})
  Destination:            U_BTN_DB/r_counter_reg[6]/D
                            (rising edge-triggered cell FDCE clocked by sys_clk_pin  {rise@0.000ns fall@5.000ns period=10.000ns})
  Path Group:             sys_clk_pin
  Path Type:              Hold (Min at Fast Process Corner)
  Requirement:            0.000ns  (sys_clk_pin rise@0.000ns - sys_clk_pin rise@0.000ns)
  Data Path Delay:        0.357ns  (logic 0.186ns (52.155%)  route 0.171ns (47.845%))
  Logic Levels:           1  (LUT6=1)
  Clock Path Skew:        0.016ns (DCD - SCD - CPR)
    Destination Clock Delay (DCD):    1.990ns
    Source Clock Delay      (SCD):    1.476ns
    Clock Pessimism Removal (CPR):    0.498ns

    Location             Delay type                Incr(ns)  Path(ns)    Netlist Resource(s)
  -------------------------------------------------------------------    -------------------
                         (clock sys_clk_pin rise edge)
                                                      0.000     0.000 r  
    W5                                                0.000     0.000 r  clk (IN)
                         net (fo=0)                   0.000     0.000    clk
    W5                   IBUF (Prop_ibuf_I_O)         0.226     0.226 r  clk_IBUF_inst/O
                         net (fo=1, routed)           0.631     0.858    clk_IBUF
    BUFGCTRL_X0Y0        BUFG (Prop_bufg_I_O)         0.026     0.884 r  clk_IBUF_BUFG_inst/O
                         net (fo=104, routed)         0.593     1.476    U_BTN_DB/CLK
    SLICE_X58Y41         FDCE                                         r  U_BTN_DB/r_counter_reg[4]/C
  -------------------------------------------------------------------    -------------------
    SLICE_X58Y41         FDCE (Prop_fdce_C_Q)         0.141     1.617 r  U_BTN_DB/r_counter_reg[4]/Q
                         net (fo=9, routed)           0.171     1.788    U_BTN_DB/r_counter[4]
    SLICE_X59Y40         LUT6 (Prop_lut6_I2_O)        0.045     1.833 r  U_BTN_DB/r_counter[6]_i_1/O
                         net (fo=1, routed)           0.000     1.833    U_BTN_DB/r_counter_0[6]
    SLICE_X59Y40         FDCE                                         r  U_BTN_DB/r_counter_reg[6]/D
  -------------------------------------------------------------------    -------------------

                         (clock sys_clk_pin rise edge)
                                                      0.000     0.000 r  
    W5                                                0.000     0.000 r  clk (IN)
                         net (fo=0)                   0.000     0.000    clk
    W5                   IBUF (Prop_ibuf_I_O)         0.414     0.414 r  clk_IBUF_inst/O
                         net (fo=1, routed)           0.685     1.099    clk_IBUF
    BUFGCTRL_X0Y0        BUFG (Prop_bufg_I_O)         0.029     1.128 r  clk_IBUF_BUFG_inst/O
                         net (fo=104, routed)         0.863     1.990    U_BTN_DB/CLK
    SLICE_X59Y40         FDCE                                         r  U_BTN_DB/r_counter_reg[6]/C
                         clock pessimism             -0.498     1.492    
    SLICE_X59Y40         FDCE (Hold_fdce_C_D)         0.091     1.583    U_BTN_DB/r_counter_reg[6]
  -------------------------------------------------------------------
                         required time                         -1.583    
                         arrival time                           1.833    
  -------------------------------------------------------------------
                         slack                                  0.250    





Pulse Width Checks
--------------------------------------------------------------------------------------
Clock Name:         sys_clk_pin
Waveform(ns):       { 0.000 5.000 }
Period(ns):         10.000
Sources:            { clk }

Check Type        Corner  Lib Pin  Reference Pin  Required(ns)  Actual(ns)  Slack(ns)  Location       Pin
Min Period        n/a     BUFG/I   n/a            2.155         10.000      7.845      BUFGCTRL_X0Y0  clk_IBUF_BUFG_inst/I
Min Period        n/a     FDCE/C   n/a            1.000         10.000      9.000      SLICE_X61Y40   U_BTN_DB/clk_100khz_reg/C
Min Period        n/a     FDCE/C   n/a            1.000         10.000      9.000      SLICE_X61Y35   U_BTN_DB/edge_reg_reg/C
Min Period        n/a     FDCE/C   n/a            1.000         10.000      9.000      SLICE_X59Y40   U_BTN_DB/r_counter_reg[7]/C
Min Period        n/a     FDCE/C   n/a            1.000         10.000      9.000      SLICE_X60Y41   U_BTN_DB/r_counter_reg[8]/C
Min Period        n/a     FDCE/C   n/a            1.000         10.000      9.000      SLICE_X60Y41   U_BTN_DB/r_counter_reg[9]/C
Min Period        n/a     FDCE/C   n/a            1.000         10.000      9.000      SLICE_X62Y27   U_FND_DIST/refresh_cnt_reg[0]/C
Min Period        n/a     FDCE/C   n/a            1.000         10.000      9.000      SLICE_X62Y29   U_FND_DIST/refresh_cnt_reg[10]/C
Min Period        n/a     FDCE/C   n/a            1.000         10.000      9.000      SLICE_X62Y29   U_FND_DIST/refresh_cnt_reg[11]/C
Min Period        n/a     FDCE/C   n/a            1.000         10.000      9.000      SLICE_X62Y30   U_FND_DIST/refresh_cnt_reg[12]/C
Low Pulse Width   Slow    FDCE/C   n/a            0.500         5.000       4.500      SLICE_X60Y29   U_SR04/response_timeout_reg[1]/C
Low Pulse Width   Slow    FDCE/C   n/a            0.500         5.000       4.500      SLICE_X60Y29   U_SR04/response_timeout_reg[2]/C
Low Pulse Width   Slow    FDCE/C   n/a            0.500         5.000       4.500      SLICE_X60Y29   U_SR04/response_timeout_reg[3]/C
Low Pulse Width   Slow    FDCE/C   n/a            0.500         5.000       4.500      SLICE_X60Y29   U_SR04/response_timeout_reg[4]/C
Low Pulse Width   Slow    FDCE/C   n/a            0.500         5.000       4.500      SLICE_X60Y30   U_SR04/response_timeout_reg[5]/C
Low Pulse Width   Slow    FDCE/C   n/a            0.500         5.000       4.500      SLICE_X60Y30   U_SR04/response_timeout_reg[6]/C
Low Pulse Width   Slow    FDCE/C   n/a            0.500         5.000       4.500      SLICE_X60Y30   U_SR04/response_timeout_reg[7]/C
Low Pulse Width   Slow    FDCE/C   n/a            0.500         5.000       4.500      SLICE_X60Y30   U_SR04/response_timeout_reg[8]/C
Low Pulse Width   Slow    FDCE/C   n/a            0.500         5.000       4.500      SLICE_X60Y29   U_SR04/response_timeout_reg[0]/C
Low Pulse Width   Fast    FDCE/C   n/a            0.500         5.000       4.500      SLICE_X61Y40   U_BTN_DB/clk_100khz_reg/C
High Pulse Width  Slow    FDCE/C   n/a            0.500         5.000       4.500      SLICE_X62Y27   U_FND_DIST/refresh_cnt_reg[0]/C
High Pulse Width  Slow    FDCE/C   n/a            0.500         5.000       4.500      SLICE_X62Y27   U_FND_DIST/refresh_cnt_reg[1]/C
High Pulse Width  Slow    FDCE/C   n/a            0.500         5.000       4.500      SLICE_X62Y27   U_FND_DIST/refresh_cnt_reg[2]/C
High Pulse Width  Slow    FDCE/C   n/a            0.500         5.000       4.500      SLICE_X62Y27   U_FND_DIST/refresh_cnt_reg[3]/C
High Pulse Width  Slow    FDCE/C   n/a            0.500         5.000       4.500      SLICE_X63Y34   U_SR04/dist_reg[0]/C
High Pulse Width  Slow    FDCE/C   n/a            0.500         5.000       4.500      SLICE_X63Y34   U_SR04/dist_reg[1]/C
High Pulse Width  Slow    FDCE/C   n/a            0.500         5.000       4.500      SLICE_X63Y34   U_SR04/dist_reg[2]/C
High Pulse Width  Slow    FDCE/C   n/a            0.500         5.000       4.500      SLICE_X62Y34   U_SR04/dist_reg[6]/C
High Pulse Width  Slow    FDCE/C   n/a            0.500         5.000       4.500      SLICE_X62Y34   U_SR04/dist_reg[7]/C
High Pulse Width  Slow    FDCE/C   n/a            0.500         5.000       4.500      SLICE_X62Y34   U_SR04/dist_reg[8]/C



