16:41:03 INFO  : Registering command handlers for Vitis TCF services
16:41:03 INFO  : Launching XSCT server: xsct.bat -n  -interactive D:\Work\OnDeviceAI2\260622_MicroBlaze_GPIO\vitis_workspace\temp_xsdb_launch_script.tcl
16:41:05 INFO  : XSCT server has started successfully.
16:41:05 INFO  : Successfully done setting XSCT server connection channel  
16:41:05 INFO  : Platform repository initialization has completed.
16:41:05 INFO  : plnx-install-location is set to ''
16:41:05 INFO  : Successfully done setting workspace for the tool. 
16:41:05 INFO  : Successfully done query RDI_DATADIR 
16:44:12 INFO  : Result from executing command 'getProjects': GPIO_Test_wrapper
16:44:13 INFO  : Result from executing command 'getPlatforms': 
16:44:13 WARN  : An unexpected exception occurred in the module 'platform project logging'
16:44:13 INFO  : Platform 'GPIO_Test_wrapper' is added to custom repositories.
16:44:15 INFO  : Platform 'GPIO_Test_wrapper' is added to custom repositories.
16:52:10 INFO  : Result from executing command 'getProjects': GPIO_Test_wrapper
16:52:10 INFO  : Result from executing command 'getPlatforms': GPIO_Test_wrapper|D:/Work/OnDeviceAI2/260622_MicroBlaze_GPIO/vitis_workspace/GPIO_Test_wrapper/export/GPIO_Test_wrapper/GPIO_Test_wrapper.xpfm
16:52:10 INFO  : Checking for BSP changes to sync application flags for project 'led_blink'...
16:52:23 INFO  : Checking for BSP changes to sync application flags for project 'led_blink'...
16:53:00 INFO  : Connected to target on host '127.0.0.1' and port '3121'.
16:53:00 INFO  : Jtag cable 'Digilent Basys3 210183BE9F20A' is selected.
16:53:00 INFO  : 'jtag frequency' command is executed.
16:53:00 INFO  : 'targets -set -filter {jtag_cable_name =~ "Digilent Basys3 210183BE9F20A" && level==0 && jtag_device_ctx=="jsn-Basys3-210183BE9F20A-0362d093-0"}' command is executed.
16:53:00 INFO  : Device configured successfully with "D:/Work/OnDeviceAI2/260622_MicroBlaze_GPIO/vitis_workspace/led_blink/_ide/bitstream/GPIO_Test_wrapper.bit"
16:53:00 INFO  : Context for processor 'microblaze_0' is selected.
16:53:00 INFO  : Hardware design and registers information is loaded from 'D:/Work/OnDeviceAI2/260622_MicroBlaze_GPIO/vitis_workspace/GPIO_Test_wrapper/export/GPIO_Test_wrapper/hw/GPIO_Test_wrapper.xsa'.
16:53:00 INFO  : 'configparams mdm-detect-bscan-mask 2' command is executed.
16:53:00 INFO  : Context for processor 'microblaze_0' is selected.
16:53:00 INFO  : System reset is completed.
16:53:03 INFO  : 'after 3000' command is executed.
16:53:03 INFO  : Context for processor 'microblaze_0' is selected.
16:53:03 INFO  : The application 'D:/Work/OnDeviceAI2/260622_MicroBlaze_GPIO/vitis_workspace/led_blink/Debug/led_blink.elf' is downloaded to processor 'microblaze_0'.
16:53:03 INFO  : ----------------XSDB Script----------------
connect -url tcp:127.0.0.1:3121
targets -set -filter {jtag_cable_name =~ "Digilent Basys3 210183BE9F20A" && level==0 && jtag_device_ctx=="jsn-Basys3-210183BE9F20A-0362d093-0"}
fpga -file D:/Work/OnDeviceAI2/260622_MicroBlaze_GPIO/vitis_workspace/led_blink/_ide/bitstream/GPIO_Test_wrapper.bit
targets -set -nocase -filter {name =~ "*microblaze*#0" && bscan=="USER2" }
loadhw -hw D:/Work/OnDeviceAI2/260622_MicroBlaze_GPIO/vitis_workspace/GPIO_Test_wrapper/export/GPIO_Test_wrapper/hw/GPIO_Test_wrapper.xsa -regs
configparams mdm-detect-bscan-mask 2
targets -set -nocase -filter {name =~ "*microblaze*#0" && bscan=="USER2" }
rst -system
after 3000
targets -set -nocase -filter {name =~ "*microblaze*#0" && bscan=="USER2" }
dow D:/Work/OnDeviceAI2/260622_MicroBlaze_GPIO/vitis_workspace/led_blink/Debug/led_blink.elf
----------------End of Script----------------

16:53:03 INFO  : Context for processor 'microblaze_0' is selected.
16:53:03 INFO  : 'con' command is executed.
16:53:03 INFO  : ----------------XSDB Script (After Launch)----------------
targets -set -nocase -filter {name =~ "*microblaze*#0" && bscan=="USER2" }
con
----------------End of Script----------------

16:53:03 INFO  : Launch script is exported to file 'D:\Work\OnDeviceAI2\260622_MicroBlaze_GPIO\vitis_workspace\led_blink_system\_ide\scripts\debugger_led_blink-default.tcl'
16:59:42 INFO  : Checking for BSP changes to sync application flags for project 'led_blink'...
16:59:58 INFO  : Disconnected from the channel tcfchan#2.
16:59:59 INFO  : Connected to target on host '127.0.0.1' and port '3121'.
17:00:00 INFO  : Jtag cable 'Digilent Basys3 210183BE9F20A' is selected.
17:00:00 INFO  : 'jtag frequency' command is executed.
17:00:00 INFO  : 'targets -set -filter {jtag_cable_name =~ "Digilent Basys3 210183BE9F20A" && level==0 && jtag_device_ctx=="jsn-Basys3-210183BE9F20A-0362d093-0"}' command is executed.
17:00:00 INFO  : Device configured successfully with "D:/Work/OnDeviceAI2/260622_MicroBlaze_GPIO/vitis_workspace/led_blink/_ide/bitstream/GPIO_Test_wrapper.bit"
17:00:00 INFO  : Context for processor 'microblaze_0' is selected.
17:00:00 INFO  : Hardware design and registers information is loaded from 'D:/Work/OnDeviceAI2/260622_MicroBlaze_GPIO/vitis_workspace/GPIO_Test_wrapper/export/GPIO_Test_wrapper/hw/GPIO_Test_wrapper.xsa'.
17:00:00 INFO  : 'configparams mdm-detect-bscan-mask 2' command is executed.
17:00:00 INFO  : Context for processor 'microblaze_0' is selected.
17:00:00 INFO  : System reset is completed.
17:00:03 INFO  : 'after 3000' command is executed.
17:00:03 INFO  : Context for processor 'microblaze_0' is selected.
17:00:03 INFO  : The application 'D:/Work/OnDeviceAI2/260622_MicroBlaze_GPIO/vitis_workspace/led_blink/Debug/led_blink.elf' is downloaded to processor 'microblaze_0'.
17:00:03 INFO  : ----------------XSDB Script----------------
connect -url tcp:127.0.0.1:3121
targets -set -filter {jtag_cable_name =~ "Digilent Basys3 210183BE9F20A" && level==0 && jtag_device_ctx=="jsn-Basys3-210183BE9F20A-0362d093-0"}
fpga -file D:/Work/OnDeviceAI2/260622_MicroBlaze_GPIO/vitis_workspace/led_blink/_ide/bitstream/GPIO_Test_wrapper.bit
targets -set -nocase -filter {name =~ "*microblaze*#0" && bscan=="USER2" }
loadhw -hw D:/Work/OnDeviceAI2/260622_MicroBlaze_GPIO/vitis_workspace/GPIO_Test_wrapper/export/GPIO_Test_wrapper/hw/GPIO_Test_wrapper.xsa -regs
configparams mdm-detect-bscan-mask 2
targets -set -nocase -filter {name =~ "*microblaze*#0" && bscan=="USER2" }
rst -system
after 3000
targets -set -nocase -filter {name =~ "*microblaze*#0" && bscan=="USER2" }
dow D:/Work/OnDeviceAI2/260622_MicroBlaze_GPIO/vitis_workspace/led_blink/Debug/led_blink.elf
----------------End of Script----------------

17:00:03 INFO  : Context for processor 'microblaze_0' is selected.
17:00:03 INFO  : 'con' command is executed.
17:00:03 INFO  : ----------------XSDB Script (After Launch)----------------
targets -set -nocase -filter {name =~ "*microblaze*#0" && bscan=="USER2" }
con
----------------End of Script----------------

17:00:03 INFO  : Launch script is exported to file 'D:\Work\OnDeviceAI2\260622_MicroBlaze_GPIO\vitis_workspace\led_blink_system\_ide\scripts\debugger_led_blink-default.tcl'
17:04:54 INFO  : Checking for BSP changes to sync application flags for project 'led_blink'...
17:05:08 INFO  : Disconnected from the channel tcfchan#3.
17:05:09 INFO  : Connected to target on host '127.0.0.1' and port '3121'.
17:05:10 INFO  : Jtag cable 'Digilent Basys3 210183BE9F20A' is selected.
17:05:10 INFO  : 'jtag frequency' command is executed.
17:05:10 INFO  : 'targets -set -filter {jtag_cable_name =~ "Digilent Basys3 210183BE9F20A" && level==0 && jtag_device_ctx=="jsn-Basys3-210183BE9F20A-0362d093-0"}' command is executed.
17:05:10 INFO  : Device configured successfully with "D:/Work/OnDeviceAI2/260622_MicroBlaze_GPIO/vitis_workspace/led_blink/_ide/bitstream/GPIO_Test_wrapper.bit"
17:05:10 INFO  : Context for processor 'microblaze_0' is selected.
17:05:10 INFO  : Hardware design and registers information is loaded from 'D:/Work/OnDeviceAI2/260622_MicroBlaze_GPIO/vitis_workspace/GPIO_Test_wrapper/export/GPIO_Test_wrapper/hw/GPIO_Test_wrapper.xsa'.
17:05:10 INFO  : 'configparams mdm-detect-bscan-mask 2' command is executed.
17:05:10 INFO  : Context for processor 'microblaze_0' is selected.
17:05:10 INFO  : System reset is completed.
17:05:13 INFO  : 'after 3000' command is executed.
17:05:13 INFO  : Context for processor 'microblaze_0' is selected.
17:05:13 INFO  : The application 'D:/Work/OnDeviceAI2/260622_MicroBlaze_GPIO/vitis_workspace/led_blink/Debug/led_blink.elf' is downloaded to processor 'microblaze_0'.
17:05:13 INFO  : ----------------XSDB Script----------------
connect -url tcp:127.0.0.1:3121
targets -set -filter {jtag_cable_name =~ "Digilent Basys3 210183BE9F20A" && level==0 && jtag_device_ctx=="jsn-Basys3-210183BE9F20A-0362d093-0"}
fpga -file D:/Work/OnDeviceAI2/260622_MicroBlaze_GPIO/vitis_workspace/led_blink/_ide/bitstream/GPIO_Test_wrapper.bit
targets -set -nocase -filter {name =~ "*microblaze*#0" && bscan=="USER2" }
loadhw -hw D:/Work/OnDeviceAI2/260622_MicroBlaze_GPIO/vitis_workspace/GPIO_Test_wrapper/export/GPIO_Test_wrapper/hw/GPIO_Test_wrapper.xsa -regs
configparams mdm-detect-bscan-mask 2
targets -set -nocase -filter {name =~ "*microblaze*#0" && bscan=="USER2" }
rst -system
after 3000
targets -set -nocase -filter {name =~ "*microblaze*#0" && bscan=="USER2" }
dow D:/Work/OnDeviceAI2/260622_MicroBlaze_GPIO/vitis_workspace/led_blink/Debug/led_blink.elf
----------------End of Script----------------

17:05:13 INFO  : Context for processor 'microblaze_0' is selected.
17:05:13 INFO  : 'con' command is executed.
17:05:13 INFO  : ----------------XSDB Script (After Launch)----------------
targets -set -nocase -filter {name =~ "*microblaze*#0" && bscan=="USER2" }
con
----------------End of Script----------------

17:05:13 INFO  : Launch script is exported to file 'D:\Work\OnDeviceAI2\260622_MicroBlaze_GPIO\vitis_workspace\led_blink_system\_ide\scripts\debugger_led_blink-default.tcl'
17:06:37 INFO  : Checking for BSP changes to sync application flags for project 'led_blink'...
17:07:13 INFO  : Disconnected from the channel tcfchan#4.
17:07:14 INFO  : Connected to target on host '127.0.0.1' and port '3121'.
17:07:14 INFO  : Jtag cable 'Digilent Basys3 210183BE9F20A' is selected.
17:07:14 INFO  : 'jtag frequency' command is executed.
17:07:14 INFO  : 'targets -set -filter {jtag_cable_name =~ "Digilent Basys3 210183BE9F20A" && level==0 && jtag_device_ctx=="jsn-Basys3-210183BE9F20A-0362d093-0"}' command is executed.
17:07:15 INFO  : Device configured successfully with "D:/Work/OnDeviceAI2/260622_MicroBlaze_GPIO/vitis_workspace/led_blink/_ide/bitstream/GPIO_Test_wrapper.bit"
17:07:15 INFO  : Context for processor 'microblaze_0' is selected.
17:07:15 INFO  : Hardware design and registers information is loaded from 'D:/Work/OnDeviceAI2/260622_MicroBlaze_GPIO/vitis_workspace/GPIO_Test_wrapper/export/GPIO_Test_wrapper/hw/GPIO_Test_wrapper.xsa'.
17:07:15 INFO  : 'configparams mdm-detect-bscan-mask 2' command is executed.
17:07:15 INFO  : Context for processor 'microblaze_0' is selected.
17:07:15 INFO  : System reset is completed.
17:07:18 INFO  : 'after 3000' command is executed.
17:07:18 INFO  : Context for processor 'microblaze_0' is selected.
17:07:18 INFO  : The application 'D:/Work/OnDeviceAI2/260622_MicroBlaze_GPIO/vitis_workspace/led_blink/Debug/led_blink.elf' is downloaded to processor 'microblaze_0'.
17:07:18 INFO  : ----------------XSDB Script----------------
connect -url tcp:127.0.0.1:3121
targets -set -filter {jtag_cable_name =~ "Digilent Basys3 210183BE9F20A" && level==0 && jtag_device_ctx=="jsn-Basys3-210183BE9F20A-0362d093-0"}
fpga -file D:/Work/OnDeviceAI2/260622_MicroBlaze_GPIO/vitis_workspace/led_blink/_ide/bitstream/GPIO_Test_wrapper.bit
targets -set -nocase -filter {name =~ "*microblaze*#0" && bscan=="USER2" }
loadhw -hw D:/Work/OnDeviceAI2/260622_MicroBlaze_GPIO/vitis_workspace/GPIO_Test_wrapper/export/GPIO_Test_wrapper/hw/GPIO_Test_wrapper.xsa -regs
configparams mdm-detect-bscan-mask 2
targets -set -nocase -filter {name =~ "*microblaze*#0" && bscan=="USER2" }
rst -system
after 3000
targets -set -nocase -filter {name =~ "*microblaze*#0" && bscan=="USER2" }
dow D:/Work/OnDeviceAI2/260622_MicroBlaze_GPIO/vitis_workspace/led_blink/Debug/led_blink.elf
----------------End of Script----------------

17:07:18 INFO  : Context for processor 'microblaze_0' is selected.
17:07:18 INFO  : 'con' command is executed.
17:07:18 INFO  : ----------------XSDB Script (After Launch)----------------
targets -set -nocase -filter {name =~ "*microblaze*#0" && bscan=="USER2" }
con
----------------End of Script----------------

17:07:18 INFO  : Launch script is exported to file 'D:\Work\OnDeviceAI2\260622_MicroBlaze_GPIO\vitis_workspace\led_blink_system\_ide\scripts\debugger_led_blink-default.tcl'
17:09:36 INFO  : Checking for BSP changes to sync application flags for project 'led_blink'...
17:09:41 INFO  : Disconnected from the channel tcfchan#5.
17:09:42 INFO  : Connected to target on host '127.0.0.1' and port '3121'.
17:09:43 INFO  : Jtag cable 'Digilent Basys3 210183BE9F20A' is selected.
17:09:43 INFO  : 'jtag frequency' command is executed.
17:09:43 INFO  : 'targets -set -filter {jtag_cable_name =~ "Digilent Basys3 210183BE9F20A" && level==0 && jtag_device_ctx=="jsn-Basys3-210183BE9F20A-0362d093-0"}' command is executed.
17:09:43 INFO  : Device configured successfully with "D:/Work/OnDeviceAI2/260622_MicroBlaze_GPIO/vitis_workspace/led_blink/_ide/bitstream/GPIO_Test_wrapper.bit"
17:09:43 INFO  : Context for processor 'microblaze_0' is selected.
17:09:43 INFO  : Hardware design and registers information is loaded from 'D:/Work/OnDeviceAI2/260622_MicroBlaze_GPIO/vitis_workspace/GPIO_Test_wrapper/export/GPIO_Test_wrapper/hw/GPIO_Test_wrapper.xsa'.
17:09:43 INFO  : 'configparams mdm-detect-bscan-mask 2' command is executed.
17:09:43 INFO  : Context for processor 'microblaze_0' is selected.
17:09:43 INFO  : System reset is completed.
17:09:46 INFO  : 'after 3000' command is executed.
17:09:46 INFO  : Context for processor 'microblaze_0' is selected.
17:09:46 INFO  : The application 'D:/Work/OnDeviceAI2/260622_MicroBlaze_GPIO/vitis_workspace/led_blink/Debug/led_blink.elf' is downloaded to processor 'microblaze_0'.
17:09:46 INFO  : ----------------XSDB Script----------------
connect -url tcp:127.0.0.1:3121
targets -set -filter {jtag_cable_name =~ "Digilent Basys3 210183BE9F20A" && level==0 && jtag_device_ctx=="jsn-Basys3-210183BE9F20A-0362d093-0"}
fpga -file D:/Work/OnDeviceAI2/260622_MicroBlaze_GPIO/vitis_workspace/led_blink/_ide/bitstream/GPIO_Test_wrapper.bit
targets -set -nocase -filter {name =~ "*microblaze*#0" && bscan=="USER2" }
loadhw -hw D:/Work/OnDeviceAI2/260622_MicroBlaze_GPIO/vitis_workspace/GPIO_Test_wrapper/export/GPIO_Test_wrapper/hw/GPIO_Test_wrapper.xsa -regs
configparams mdm-detect-bscan-mask 2
targets -set -nocase -filter {name =~ "*microblaze*#0" && bscan=="USER2" }
rst -system
after 3000
targets -set -nocase -filter {name =~ "*microblaze*#0" && bscan=="USER2" }
dow D:/Work/OnDeviceAI2/260622_MicroBlaze_GPIO/vitis_workspace/led_blink/Debug/led_blink.elf
----------------End of Script----------------

17:09:46 INFO  : Context for processor 'microblaze_0' is selected.
17:09:46 INFO  : 'con' command is executed.
17:09:46 INFO  : ----------------XSDB Script (After Launch)----------------
targets -set -nocase -filter {name =~ "*microblaze*#0" && bscan=="USER2" }
con
----------------End of Script----------------

17:09:46 INFO  : Launch script is exported to file 'D:\Work\OnDeviceAI2\260622_MicroBlaze_GPIO\vitis_workspace\led_blink_system\_ide\scripts\debugger_led_blink-default.tcl'
17:11:03 INFO  : Disconnected from the channel tcfchan#6.
17:11:05 INFO  : Connected to target on host '127.0.0.1' and port '3121'.
17:11:05 INFO  : Jtag cable 'Digilent Basys3 210183BE9F20A' is selected.
17:11:05 INFO  : 'jtag frequency' command is executed.
17:11:05 INFO  : 'targets -set -filter {jtag_cable_name =~ "Digilent Basys3 210183BE9F20A" && level==0 && jtag_device_ctx=="jsn-Basys3-210183BE9F20A-0362d093-0"}' command is executed.
17:11:05 INFO  : Device configured successfully with "D:/Work/OnDeviceAI2/260622_MicroBlaze_GPIO/vitis_workspace/led_blink/_ide/bitstream/GPIO_Test_wrapper.bit"
17:11:05 INFO  : Context for processor 'microblaze_0' is selected.
17:11:05 INFO  : Hardware design and registers information is loaded from 'D:/Work/OnDeviceAI2/260622_MicroBlaze_GPIO/vitis_workspace/GPIO_Test_wrapper/export/GPIO_Test_wrapper/hw/GPIO_Test_wrapper.xsa'.
17:11:05 INFO  : 'configparams mdm-detect-bscan-mask 2' command is executed.
17:11:05 INFO  : Context for processor 'microblaze_0' is selected.
17:11:05 INFO  : System reset is completed.
17:11:08 INFO  : 'after 3000' command is executed.
17:11:08 INFO  : Context for processor 'microblaze_0' is selected.
17:11:08 INFO  : The application 'D:/Work/OnDeviceAI2/260622_MicroBlaze_GPIO/vitis_workspace/led_blink/Debug/led_blink.elf' is downloaded to processor 'microblaze_0'.
17:11:08 INFO  : ----------------XSDB Script----------------
connect -url tcp:127.0.0.1:3121
targets -set -filter {jtag_cable_name =~ "Digilent Basys3 210183BE9F20A" && level==0 && jtag_device_ctx=="jsn-Basys3-210183BE9F20A-0362d093-0"}
fpga -file D:/Work/OnDeviceAI2/260622_MicroBlaze_GPIO/vitis_workspace/led_blink/_ide/bitstream/GPIO_Test_wrapper.bit
targets -set -nocase -filter {name =~ "*microblaze*#0" && bscan=="USER2" }
loadhw -hw D:/Work/OnDeviceAI2/260622_MicroBlaze_GPIO/vitis_workspace/GPIO_Test_wrapper/export/GPIO_Test_wrapper/hw/GPIO_Test_wrapper.xsa -regs
configparams mdm-detect-bscan-mask 2
targets -set -nocase -filter {name =~ "*microblaze*#0" && bscan=="USER2" }
rst -system
after 3000
targets -set -nocase -filter {name =~ "*microblaze*#0" && bscan=="USER2" }
dow D:/Work/OnDeviceAI2/260622_MicroBlaze_GPIO/vitis_workspace/led_blink/Debug/led_blink.elf
----------------End of Script----------------

17:11:08 INFO  : Context for processor 'microblaze_0' is selected.
17:11:08 INFO  : 'con' command is executed.
17:11:08 INFO  : ----------------XSDB Script (After Launch)----------------
targets -set -nocase -filter {name =~ "*microblaze*#0" && bscan=="USER2" }
con
----------------End of Script----------------

17:11:08 INFO  : Launch script is exported to file 'D:\Work\OnDeviceAI2\260622_MicroBlaze_GPIO\vitis_workspace\led_blink_system\_ide\scripts\debugger_led_blink-default.tcl'
17:12:58 INFO  : Checking for BSP changes to sync application flags for project 'led_blink'...
17:13:05 INFO  : Disconnected from the channel tcfchan#7.
17:13:06 INFO  : Connected to target on host '127.0.0.1' and port '3121'.
17:13:06 INFO  : Jtag cable 'Digilent Basys3 210183BE9F20A' is selected.
17:13:06 INFO  : 'jtag frequency' command is executed.
17:13:06 INFO  : 'targets -set -filter {jtag_cable_name =~ "Digilent Basys3 210183BE9F20A" && level==0 && jtag_device_ctx=="jsn-Basys3-210183BE9F20A-0362d093-0"}' command is executed.
17:13:06 INFO  : Device configured successfully with "D:/Work/OnDeviceAI2/260622_MicroBlaze_GPIO/vitis_workspace/led_blink/_ide/bitstream/GPIO_Test_wrapper.bit"
17:13:06 INFO  : Context for processor 'microblaze_0' is selected.
17:13:06 INFO  : Hardware design and registers information is loaded from 'D:/Work/OnDeviceAI2/260622_MicroBlaze_GPIO/vitis_workspace/GPIO_Test_wrapper/export/GPIO_Test_wrapper/hw/GPIO_Test_wrapper.xsa'.
17:13:06 INFO  : 'configparams mdm-detect-bscan-mask 2' command is executed.
17:13:06 INFO  : Context for processor 'microblaze_0' is selected.
17:13:06 INFO  : System reset is completed.
17:13:09 INFO  : 'after 3000' command is executed.
17:13:09 INFO  : Context for processor 'microblaze_0' is selected.
17:13:10 INFO  : The application 'D:/Work/OnDeviceAI2/260622_MicroBlaze_GPIO/vitis_workspace/led_blink/Debug/led_blink.elf' is downloaded to processor 'microblaze_0'.
17:13:10 INFO  : ----------------XSDB Script----------------
connect -url tcp:127.0.0.1:3121
targets -set -filter {jtag_cable_name =~ "Digilent Basys3 210183BE9F20A" && level==0 && jtag_device_ctx=="jsn-Basys3-210183BE9F20A-0362d093-0"}
fpga -file D:/Work/OnDeviceAI2/260622_MicroBlaze_GPIO/vitis_workspace/led_blink/_ide/bitstream/GPIO_Test_wrapper.bit
targets -set -nocase -filter {name =~ "*microblaze*#0" && bscan=="USER2" }
loadhw -hw D:/Work/OnDeviceAI2/260622_MicroBlaze_GPIO/vitis_workspace/GPIO_Test_wrapper/export/GPIO_Test_wrapper/hw/GPIO_Test_wrapper.xsa -regs
configparams mdm-detect-bscan-mask 2
targets -set -nocase -filter {name =~ "*microblaze*#0" && bscan=="USER2" }
rst -system
after 3000
targets -set -nocase -filter {name =~ "*microblaze*#0" && bscan=="USER2" }
dow D:/Work/OnDeviceAI2/260622_MicroBlaze_GPIO/vitis_workspace/led_blink/Debug/led_blink.elf
----------------End of Script----------------

17:13:10 INFO  : Context for processor 'microblaze_0' is selected.
17:13:10 INFO  : 'con' command is executed.
17:13:10 INFO  : ----------------XSDB Script (After Launch)----------------
targets -set -nocase -filter {name =~ "*microblaze*#0" && bscan=="USER2" }
con
----------------End of Script----------------

17:13:10 INFO  : Launch script is exported to file 'D:\Work\OnDeviceAI2\260622_MicroBlaze_GPIO\vitis_workspace\led_blink_system\_ide\scripts\debugger_led_blink-default.tcl'
17:18:57 INFO  : Disconnected from the channel tcfchan#8.
