Vivado Simulator 2020.2
Copyright 1986-1999, 2001-2020 Xilinx, Inc. All Rights Reserved.
Running: C:/Xilinx/Vivado/2020.2/bin/unwrapped/win64.o/xelab.exe -wto 809f6aa92de14cae947c0b4426c8a777 --incr --debug typical --relax --mt 2 -L xil_defaultlib -L unisims_ver -L unimacro_ver -L secureip --snapshot tb_top_ascii_sender_uart_behav xil_defaultlib.tb_top_ascii_sender_uart xil_defaultlib.glbl -log elaborate.log 
Using 2 slave threads.
Starting static elaboration
Pass Through NonSizing Optimizer
WARNING: [VRFC 10-3091] actual bit length 2 differs from formal bit length 3 for port 'digit_sel' [D:/Work/OnDeviceAI2/UART_Sensor/UART_Sensor.srcs/sources_1/new/fnd_controller.v:212]
WARNING: [VRFC 10-3091] actual bit length 2 differs from formal bit length 3 for port 'sel' [D:/Work/OnDeviceAI2/UART_Sensor/UART_Sensor.srcs/sources_1/new/fnd_controller.v:133]
Completed static elaboration
Starting simulation data flow analysis
Completed simulation data flow analysis
Time Resolution for simulation is 1ps
Compiling module xil_defaultlib.uart_tx
Compiling module xil_defaultlib.uart_rx
Compiling module xil_defaultlib.baud_tick_gen_default
Compiling module xil_defaultlib.uart
Compiling module xil_defaultlib.register_file_default
Compiling module xil_defaultlib.fifo_control_unit_default
Compiling module xil_defaultlib.fifo_default
Compiling module xil_defaultlib.register_file(DEPTH=32)
Compiling module xil_defaultlib.fifo_control_unit(DEPTH=32)
Compiling module xil_defaultlib.fifo(DEPTH=32)
Compiling module xil_defaultlib.ascii_decoder
Compiling module xil_defaultlib.bits_to_ascii
Compiling module xil_defaultlib.sender_data_splitter
Compiling module xil_defaultlib.ascii_sender
Compiling module xil_defaultlib.button_debounce
Compiling module xil_defaultlib.btn_debounce
Compiling module xil_defaultlib.signal_decision
Compiling module xil_defaultlib.watch_control_unit
Compiling module xil_defaultlib.stop_watch_control_unit
Compiling module xil_defaultlib.dht11_control_unit
Compiling module xil_defaultlib.sr04_control_unit
Compiling module xil_defaultlib.control_unit
Compiling module xil_defaultlib.watch_tick_counter(BIT_WIDTH=5)
Compiling module xil_defaultlib.watch_tick_counter(BIT_WIDTH=6)
Compiling module xil_defaultlib.watch_tick_counter
Compiling module xil_defaultlib.watch_tick_gen_100hz
Compiling module xil_defaultlib.watch_datapath
Compiling module xil_defaultlib.tick_counter(BIT_WIDTH=5)
Compiling module xil_defaultlib.tick_counter(BIT_WIDTH=6)
Compiling module xil_defaultlib.tick_counter
Compiling module xil_defaultlib.tick_gen_100hz
Compiling module xil_defaultlib.stopwatch_datapath
Compiling module xil_defaultlib.tick_gen_us
Compiling module xil_defaultlib.dht11_controller
Compiling module xil_defaultlib.sr04_controller
Compiling module xil_defaultlib.mux_4x_1_top(WIDTH=8)
Compiling module xil_defaultlib.mux_2sel
Compiling module xil_defaultlib.digit_splitter
Compiling module xil_defaultlib.digit_splitter(BIT_WIDTH=6)
Compiling module xil_defaultlib.digit_splitter(BIT_WIDTH=5)
Compiling module xil_defaultlib.comparator
Compiling module xil_defaultlib.digit_splitter_sensor(BIT_WIDTH=...
Compiling module xil_defaultlib.mux_8x1
Compiling module xil_defaultlib.mux_2x_1
Compiling module xil_defaultlib.mux_watch_2x1
Compiling module xil_defaultlib.counter_n
Compiling module xil_defaultlib.decoder_2x4
Compiling module xil_defaultlib.bcd
Compiling module xil_defaultlib.bcd_sensor
Compiling module xil_defaultlib.clk_div_1khz
Compiling module xil_defaultlib.fnd_controller
Compiling module xil_defaultlib.top_uart_time_sensor
Compiling module xil_defaultlib.tb_top_ascii_sender_uart
Compiling module xil_defaultlib.glbl
Built simulation snapshot tb_top_ascii_sender_uart_behav
