
*** Running vivado
    with args -log counter_10000.vds -m64 -product Vivado -mode batch -messageDb vivado.pb -notrace -source counter_10000.tcl



****** Vivado v2020.2 (64-bit)
  **** SW Build 3064766 on Wed Nov 18 09:12:45 MST 2020
  **** IP Build 3064653 on Wed Nov 18 14:17:31 MST 2020
    ** Copyright 1986-2020 Xilinx, Inc. All Rights Reserved.

source counter_10000.tcl -notrace
Command: synth_design -top counter_10000 -part xc7a35tcpg236-1
Starting synth_design
Attempting to get a license for feature 'Synthesis' and/or device 'xc7a35t'
INFO: [Common 17-349] Got license for feature 'Synthesis' and/or device 'xc7a35t'
INFO: [Device 21-403] Loading part xc7a35tcpg236-1
INFO: [Synth 8-7079] Multithreading enabled for synth_design using a maximum of 2 processes.
INFO: [Synth 8-7078] Launching helper process for spawning children vivado processes
INFO: [Synth 8-7075] Helper process launched with PID 15132
---------------------------------------------------------------------------------
Starting RTL Elaboration : Time (s): cpu = 00:00:03 ; elapsed = 00:00:03 . Memory (MB): peak = 1105.078 ; gain = 0.000
---------------------------------------------------------------------------------
INFO: [Synth 8-6157] synthesizing module 'counter_10000' [D:/Work/OnDeviceAI2/counter_10000/counter_10000.srcs/sources_1/new/counter_10000.v:3]
INFO: [Synth 8-6157] synthesizing module 'button_debounce' [D:/Work/OnDeviceAI2/counter_10000/counter_10000.srcs/sources_1/new/button_debounce.v:3]
	Parameter F_COUNT bound to: 1000 - type: integer 
INFO: [Synth 8-6155] done synthesizing module 'button_debounce' (1#1) [D:/Work/OnDeviceAI2/counter_10000/counter_10000.srcs/sources_1/new/button_debounce.v:3]
INFO: [Synth 8-6157] synthesizing module 'control_unit' [D:/Work/OnDeviceAI2/counter_10000/counter_10000.srcs/sources_1/new/control_unit.v:3]
	Parameter STOP bound to: 2'b00 
	Parameter RUN bound to: 2'b01 
	Parameter CLEAR bound to: 2'b10 
	Parameter MODE bound to: 2'b11 
INFO: [Synth 8-6155] done synthesizing module 'control_unit' (2#1) [D:/Work/OnDeviceAI2/counter_10000/counter_10000.srcs/sources_1/new/control_unit.v:3]
INFO: [Synth 8-6157] synthesizing module 'fnd_controller' [D:/Work/OnDeviceAI2/20260407_adder/20260407_adder.srcs/sources_1/new/fnd_controller.v:4]
INFO: [Synth 8-6157] synthesizing module 'digit_splitter' [D:/Work/OnDeviceAI2/20260407_adder/20260407_adder.srcs/sources_1/new/fnd_controller.v:118]
INFO: [Synth 8-6155] done synthesizing module 'digit_splitter' (3#1) [D:/Work/OnDeviceAI2/20260407_adder/20260407_adder.srcs/sources_1/new/fnd_controller.v:118]
INFO: [Synth 8-6157] synthesizing module 'mux_4x1' [D:/Work/OnDeviceAI2/20260407_adder/20260407_adder.srcs/sources_1/new/fnd_controller.v:134]
INFO: [Synth 8-226] default block is never used [D:/Work/OnDeviceAI2/20260407_adder/20260407_adder.srcs/sources_1/new/fnd_controller.v:148]
INFO: [Synth 8-6155] done synthesizing module 'mux_4x1' (4#1) [D:/Work/OnDeviceAI2/20260407_adder/20260407_adder.srcs/sources_1/new/fnd_controller.v:134]
INFO: [Synth 8-6157] synthesizing module 'bcd' [D:/Work/OnDeviceAI2/20260407_adder/20260407_adder.srcs/sources_1/new/fnd_controller.v:160]
INFO: [Synth 8-226] default block is never used [D:/Work/OnDeviceAI2/20260407_adder/20260407_adder.srcs/sources_1/new/fnd_controller.v:166]
INFO: [Synth 8-6155] done synthesizing module 'bcd' (5#1) [D:/Work/OnDeviceAI2/20260407_adder/20260407_adder.srcs/sources_1/new/fnd_controller.v:160]
INFO: [Synth 8-6157] synthesizing module 'clk_div_1khz' [D:/Work/OnDeviceAI2/20260407_adder/20260407_adder.srcs/sources_1/new/fnd_controller.v:53]
INFO: [Synth 8-6155] done synthesizing module 'clk_div_1khz' (6#1) [D:/Work/OnDeviceAI2/20260407_adder/20260407_adder.srcs/sources_1/new/fnd_controller.v:53]
INFO: [Synth 8-6157] synthesizing module 'counter_4' [D:/Work/OnDeviceAI2/20260407_adder/20260407_adder.srcs/sources_1/new/fnd_controller.v:80]
INFO: [Synth 8-6155] done synthesizing module 'counter_4' (7#1) [D:/Work/OnDeviceAI2/20260407_adder/20260407_adder.srcs/sources_1/new/fnd_controller.v:80]
INFO: [Synth 8-6157] synthesizing module 'decoder_2X4' [D:/Work/OnDeviceAI2/20260407_adder/20260407_adder.srcs/sources_1/new/fnd_controller.v:100]
INFO: [Synth 8-226] default block is never used [D:/Work/OnDeviceAI2/20260407_adder/20260407_adder.srcs/sources_1/new/fnd_controller.v:106]
INFO: [Synth 8-6155] done synthesizing module 'decoder_2X4' (8#1) [D:/Work/OnDeviceAI2/20260407_adder/20260407_adder.srcs/sources_1/new/fnd_controller.v:100]
INFO: [Synth 8-6155] done synthesizing module 'fnd_controller' (9#1) [D:/Work/OnDeviceAI2/20260407_adder/20260407_adder.srcs/sources_1/new/fnd_controller.v:4]
INFO: [Synth 8-6157] synthesizing module 'datapath' [D:/Work/OnDeviceAI2/counter_10000/counter_10000.srcs/sources_1/new/counter_10000.v:75]
INFO: [Synth 8-6157] synthesizing module 'tick_counter' [D:/Work/OnDeviceAI2/counter_10000/counter_10000.srcs/sources_1/new/counter_10000.v:107]
INFO: [Synth 8-6155] done synthesizing module 'tick_counter' (10#1) [D:/Work/OnDeviceAI2/counter_10000/counter_10000.srcs/sources_1/new/counter_10000.v:107]
INFO: [Synth 8-6157] synthesizing module 'clk_tick_gen' [D:/Work/OnDeviceAI2/counter_10000/counter_10000.srcs/sources_1/new/counter_10000.v:145]
INFO: [Synth 8-6155] done synthesizing module 'clk_tick_gen' (11#1) [D:/Work/OnDeviceAI2/counter_10000/counter_10000.srcs/sources_1/new/counter_10000.v:145]
INFO: [Synth 8-6155] done synthesizing module 'datapath' (12#1) [D:/Work/OnDeviceAI2/counter_10000/counter_10000.srcs/sources_1/new/counter_10000.v:75]
INFO: [Synth 8-6155] done synthesizing module 'counter_10000' (13#1) [D:/Work/OnDeviceAI2/counter_10000/counter_10000.srcs/sources_1/new/counter_10000.v:3]
---------------------------------------------------------------------------------
Finished RTL Elaboration : Time (s): cpu = 00:00:03 ; elapsed = 00:00:03 . Memory (MB): peak = 1105.078 ; gain = 0.000
---------------------------------------------------------------------------------
---------------------------------------------------------------------------------
Start Handling Custom Attributes
---------------------------------------------------------------------------------
---------------------------------------------------------------------------------
Finished Handling Custom Attributes : Time (s): cpu = 00:00:04 ; elapsed = 00:00:04 . Memory (MB): peak = 1105.078 ; gain = 0.000
---------------------------------------------------------------------------------
---------------------------------------------------------------------------------
Finished RTL Optimization Phase 1 : Time (s): cpu = 00:00:04 ; elapsed = 00:00:04 . Memory (MB): peak = 1105.078 ; gain = 0.000
---------------------------------------------------------------------------------
Netlist sorting complete. Time (s): cpu = 00:00:00 ; elapsed = 00:00:00.002 . Memory (MB): peak = 1105.078 ; gain = 0.000
INFO: [Project 1-570] Preparing netlist for logic optimization

Processing XDC Constraints
Initializing timing engine
Parsing XDC File [D:/Work/OnDeviceAI2/20260407_adder/20260407_adder.srcs/constrs_1/imports/verilog/Basys-3-Master.xdc]
Finished Parsing XDC File [D:/Work/OnDeviceAI2/20260407_adder/20260407_adder.srcs/constrs_1/imports/verilog/Basys-3-Master.xdc]
INFO: [Project 1-236] Implementation specific constraints were found while reading constraint file [D:/Work/OnDeviceAI2/20260407_adder/20260407_adder.srcs/constrs_1/imports/verilog/Basys-3-Master.xdc]. These constraints will be ignored for synthesis but will be used in implementation. Impacted constraints are listed in the file [.Xil/counter_10000_propImpl.xdc].
Resolution: To avoid this warning, move constraints listed in [.Xil/counter_10000_propImpl.xdc] to another XDC file and exclude this new file from synthesis with the used_in_synthesis property (File Properties dialog in GUI) and re-run elaboration/synthesis.
Completed Processing XDC Constraints

Netlist sorting complete. Time (s): cpu = 00:00:00 ; elapsed = 00:00:00 . Memory (MB): peak = 1183.270 ; gain = 0.000
INFO: [Project 1-111] Unisim Transformation Summary:
No Unisim elements were transformed.

Constraint Validation Runtime : Time (s): cpu = 00:00:00 ; elapsed = 00:00:00.002 . Memory (MB): peak = 1183.270 ; gain = 0.000
---------------------------------------------------------------------------------
Finished Constraint Validation : Time (s): cpu = 00:00:07 ; elapsed = 00:00:08 . Memory (MB): peak = 1183.270 ; gain = 78.191
---------------------------------------------------------------------------------
---------------------------------------------------------------------------------
Start Loading Part and Timing Information
---------------------------------------------------------------------------------
Loading part: xc7a35tcpg236-1
---------------------------------------------------------------------------------
Finished Loading Part and Timing Information : Time (s): cpu = 00:00:07 ; elapsed = 00:00:08 . Memory (MB): peak = 1183.270 ; gain = 78.191
---------------------------------------------------------------------------------
---------------------------------------------------------------------------------
Start Applying 'set_property' XDC Constraints
---------------------------------------------------------------------------------
---------------------------------------------------------------------------------
Finished applying 'set_property' XDC Constraints : Time (s): cpu = 00:00:07 ; elapsed = 00:00:08 . Memory (MB): peak = 1183.270 ; gain = 78.191
---------------------------------------------------------------------------------
INFO: [Synth 8-802] inferred FSM for state register 'c_state_reg' in module 'control_unit'
---------------------------------------------------------------------------------------------------
                   State |                     New Encoding |                Previous Encoding 
---------------------------------------------------------------------------------------------------
                    STOP |                               00 |                               00
                     RUN |                               01 |                               01
                   CLEAR |                               10 |                               10
                    MODE |                               11 |                               11
---------------------------------------------------------------------------------------------------
INFO: [Synth 8-3354] encoded FSM with state register 'c_state_reg' using encoding 'sequential' in module 'control_unit'
---------------------------------------------------------------------------------
Finished RTL Optimization Phase 2 : Time (s): cpu = 00:00:08 ; elapsed = 00:00:08 . Memory (MB): peak = 1183.270 ; gain = 78.191
---------------------------------------------------------------------------------
---------------------------------------------------------------------------------
Start RTL Component Statistics 
---------------------------------------------------------------------------------
Detailed RTL Component Info : 
+---Adders : 
	   2 Input   24 Bit       Adders := 1     
	   2 Input   16 Bit       Adders := 1     
	   2 Input   14 Bit       Adders := 2     
	   2 Input   11 Bit       Adders := 3     
	   2 Input    2 Bit       Adders := 1     
+---Registers : 
	               24 Bit    Registers := 1     
	               16 Bit    Registers := 1     
	               14 Bit    Registers := 1     
	               11 Bit    Registers := 3     
	                8 Bit    Registers := 3     
	                2 Bit    Registers := 1     
	                1 Bit    Registers := 9     
+---Muxes : 
	   2 Input   24 Bit        Muxes := 2     
	   2 Input   14 Bit        Muxes := 4     
	   2 Input   11 Bit        Muxes := 3     
	   4 Input    4 Bit        Muxes := 2     
	   4 Input    2 Bit        Muxes := 1     
	   2 Input    2 Bit        Muxes := 3     
	   4 Input    1 Bit        Muxes := 4     
	   2 Input    1 Bit        Muxes := 3     
---------------------------------------------------------------------------------
Finished RTL Component Statistics 
---------------------------------------------------------------------------------
---------------------------------------------------------------------------------
Start Part Resource Summary
---------------------------------------------------------------------------------
Part Resources:
DSPs: 90 (col length:60)
BRAMs: 100 (col length: RAMB18 60 RAMB36 30)
---------------------------------------------------------------------------------
Finished Part Resource Summary
---------------------------------------------------------------------------------
---------------------------------------------------------------------------------
Start Cross Boundary and Area Optimization
---------------------------------------------------------------------------------
---------------------------------------------------------------------------------
Finished Cross Boundary and Area Optimization : Time (s): cpu = 00:00:13 ; elapsed = 00:00:13 . Memory (MB): peak = 1183.270 ; gain = 78.191
---------------------------------------------------------------------------------
---------------------------------------------------------------------------------
Start Applying XDC Timing Constraints
---------------------------------------------------------------------------------
---------------------------------------------------------------------------------
Finished Applying XDC Timing Constraints : Time (s): cpu = 00:00:17 ; elapsed = 00:00:17 . Memory (MB): peak = 1183.270 ; gain = 78.191
---------------------------------------------------------------------------------
---------------------------------------------------------------------------------
Start Timing Optimization
---------------------------------------------------------------------------------
---------------------------------------------------------------------------------
Finished Timing Optimization : Time (s): cpu = 00:00:18 ; elapsed = 00:00:19 . Memory (MB): peak = 1222.730 ; gain = 117.652
---------------------------------------------------------------------------------
---------------------------------------------------------------------------------
Start Technology Mapping
---------------------------------------------------------------------------------
---------------------------------------------------------------------------------
Finished Technology Mapping : Time (s): cpu = 00:00:18 ; elapsed = 00:00:19 . Memory (MB): peak = 1223.594 ; gain = 118.516
---------------------------------------------------------------------------------
---------------------------------------------------------------------------------
Start IO Insertion
---------------------------------------------------------------------------------
---------------------------------------------------------------------------------
Start Flattening Before IO Insertion
---------------------------------------------------------------------------------
---------------------------------------------------------------------------------
Finished Flattening Before IO Insertion
---------------------------------------------------------------------------------
---------------------------------------------------------------------------------
Start Final Netlist Cleanup
---------------------------------------------------------------------------------
---------------------------------------------------------------------------------
Finished Final Netlist Cleanup
---------------------------------------------------------------------------------
---------------------------------------------------------------------------------
Finished IO Insertion : Time (s): cpu = 00:00:20 ; elapsed = 00:00:21 . Memory (MB): peak = 1227.340 ; gain = 122.262
---------------------------------------------------------------------------------
---------------------------------------------------------------------------------
Start Renaming Generated Instances
---------------------------------------------------------------------------------
---------------------------------------------------------------------------------
Finished Renaming Generated Instances : Time (s): cpu = 00:00:20 ; elapsed = 00:00:21 . Memory (MB): peak = 1227.340 ; gain = 122.262
---------------------------------------------------------------------------------
---------------------------------------------------------------------------------
Start Rebuilding User Hierarchy
---------------------------------------------------------------------------------
---------------------------------------------------------------------------------
Finished Rebuilding User Hierarchy : Time (s): cpu = 00:00:20 ; elapsed = 00:00:21 . Memory (MB): peak = 1227.340 ; gain = 122.262
---------------------------------------------------------------------------------
---------------------------------------------------------------------------------
Start Renaming Generated Ports
---------------------------------------------------------------------------------
---------------------------------------------------------------------------------
Finished Renaming Generated Ports : Time (s): cpu = 00:00:20 ; elapsed = 00:00:21 . Memory (MB): peak = 1227.340 ; gain = 122.262
---------------------------------------------------------------------------------
---------------------------------------------------------------------------------
Start Handling Custom Attributes
---------------------------------------------------------------------------------
---------------------------------------------------------------------------------
Finished Handling Custom Attributes : Time (s): cpu = 00:00:20 ; elapsed = 00:00:21 . Memory (MB): peak = 1227.340 ; gain = 122.262
---------------------------------------------------------------------------------
---------------------------------------------------------------------------------
Start Renaming Generated Nets
---------------------------------------------------------------------------------
---------------------------------------------------------------------------------
Finished Renaming Generated Nets : Time (s): cpu = 00:00:20 ; elapsed = 00:00:21 . Memory (MB): peak = 1227.340 ; gain = 122.262
---------------------------------------------------------------------------------
---------------------------------------------------------------------------------
Start Writing Synthesis Report
---------------------------------------------------------------------------------

Report BlackBoxes: 
+-+--------------+----------+
| |BlackBox name |Instances |
+-+--------------+----------+
+-+--------------+----------+

Report Cell Usage: 
+------+-------+------+
|      |Cell   |Count |
+------+-------+------+
|1     |BUFG   |     1|
|2     |CARRY4 |    38|
|3     |LUT1   |    21|
|4     |LUT2   |    74|
|5     |LUT3   |    48|
|6     |LUT4   |    81|
|7     |LUT5   |    43|
|8     |LUT6   |   104|
|9     |FDCE   |   124|
|10    |IBUF   |     5|
|11    |OBUF   |    12|
+------+-------+------+
---------------------------------------------------------------------------------
Finished Writing Synthesis Report : Time (s): cpu = 00:00:20 ; elapsed = 00:00:21 . Memory (MB): peak = 1227.340 ; gain = 122.262
---------------------------------------------------------------------------------
Synthesis finished with 0 errors, 0 critical warnings and 0 warnings.
Synthesis Optimization Runtime : Time (s): cpu = 00:00:15 ; elapsed = 00:00:20 . Memory (MB): peak = 1227.340 ; gain = 44.070
Synthesis Optimization Complete : Time (s): cpu = 00:00:20 ; elapsed = 00:00:21 . Memory (MB): peak = 1227.340 ; gain = 122.262
INFO: [Project 1-571] Translating synthesized netlist
Netlist sorting complete. Time (s): cpu = 00:00:00 ; elapsed = 00:00:00.006 . Memory (MB): peak = 1239.445 ; gain = 0.000
INFO: [Netlist 29-17] Analyzing 38 Unisim elements for replacement
INFO: [Netlist 29-28] Unisim Transformation completed in 0 CPU seconds
INFO: [Project 1-570] Preparing netlist for logic optimization
INFO: [Opt 31-138] Pushed 0 inverter(s) to 0 load pin(s).
Netlist sorting complete. Time (s): cpu = 00:00:00 ; elapsed = 00:00:00 . Memory (MB): peak = 1243.410 ; gain = 0.000
INFO: [Project 1-111] Unisim Transformation Summary:
No Unisim elements were transformed.

INFO: [Common 17-83] Releasing license: Synthesis
46 Infos, 0 Warnings, 0 Critical Warnings and 0 Errors encountered.
synth_design completed successfully
synth_design: Time (s): cpu = 00:00:23 ; elapsed = 00:00:25 . Memory (MB): peak = 1243.410 ; gain = 138.332
INFO: [Common 17-1381] The checkpoint 'D:/Work/OnDeviceAI2/counter_10000/counter_10000.runs/synth_1/counter_10000.dcp' has been generated.
INFO: [runtcl-4] Executing : report_utilization -file counter_10000_utilization_synth.rpt -pb counter_10000_utilization_synth.pb
INFO: [Common 17-206] Exiting Vivado at Wed Apr 15 16:14:34 2026...
