#-----------------------------------------------------------
# Vivado v2020.2 (64-bit)
# SW Build 3064766 on Wed Nov 18 09:12:45 MST 2020
# IP Build 3064653 on Wed Nov 18 14:17:31 MST 2020
# Start of session at: Tue Jun 16 14:17:41 2026
# Process ID: 19868
# Current directory: D:/Work/OnDeviceAI2/0615_I2C_FPGA_tb
# Command line: vivado.exe -gui_launcher_event rodinguilauncherevent19912 D:\Work\OnDeviceAI2\0615_I2C_FPGA_tb\0615_I2C_FPGA.xpr
# Log file: D:/Work/OnDeviceAI2/0615_I2C_FPGA_tb/vivado.log
# Journal file: D:/Work/OnDeviceAI2/0615_I2C_FPGA_tb\vivado.jou
#-----------------------------------------------------------
start_guioopen_project D:/Work/OnDeviceAI2/0615_I2C_FPGA_tb/0615_I2C_FPGA.xpr
INFO: [Project 1-313] Project file moved from 'D:/Work/OnDeviceAI2/0615_I2C_FPGA' since last save.
WARNING: [filemgmt 56-2] Default IP Output Path : Could not find the directory 'D:/Work/OnDeviceAI2/0615_I2C_FPGA_tb/0615_I2C_FPGA.gen/sources_1', nor could it be found using path 'D:/Work/OnDeviceAI2/0615_I2C_FPGA/0615_I2C_FPGA.gen/sources_1'.
Scanning sources...
Finished scanning sources
INFO: [IP_Flow 19-234] Refreshing IP repositories
INFO: [IP_Flow 19-1704] No user IP repositories specified
INFO: [IP_Flow 19-2313] Loaded Vivado IP repository 'C:/Xilinx/Vivado/2020.2/data/ip'.
open_project: Time (s): cpu = 00:00:14 ; elapsed = 00:00:06 . Memory (MB): peak = 1103.891 ; gain = 0.000
update_compile_order -fileset sources_1efile mkdir D:/Work/OnDeviceAI2/0615_I2C_FPGA_tb/0615_I2C_FPGA.srcs/sim_1/new
set_property SOURCE_SET sources_1 [get_filesets sim_1]
close [ open D:/Work/OnDeviceAI2/0615_I2C_FPGA_tb/0615_I2C_FPGA.srcs/sim_1/new/tb_uart_i2c_system.sv w ]
add_files -fileset sim_1 D:/Work/OnDeviceAI2/0615_I2C_FPGA_tb/0615_I2C_FPGA.srcs/sim_1/new/tb_uart_i2c_system.sv
update_compile_order -fileset sim_1
set_property top tb_uart_i2c_system [get_filesets sim_1]
set_property top_lib xil_defaultlib [get_filesets sim_1]
update_compile_order -fileset sim_1
launch_simulation
Command: launch_simulation 
INFO: [Vivado 12-5682] Launching behavioral simulation in 'D:/Work/OnDeviceAI2/0615_I2C_FPGA_tb/0615_I2C_FPGA.sim/sim_1/behav/xsim'
INFO: [SIM-utils-51] Simulation object is 'sim_1'
INFO: [SIM-utils-54] Inspecting design source files for 'tb_uart_i2c_system' in fileset 'sim_1'...
INFO: [USF-XSim-97] Finding global include files...
INFO: [USF-XSim-98] Fetching design files from 'sim_1'...
INFO: [USF-XSim-2] XSim::Compile design
INFO: [USF-XSim-61] Executing 'COMPILE and ANALYZE' step in 'D:/Work/OnDeviceAI2/0615_I2C_FPGA_tb/0615_I2C_FPGA.sim/sim_1/behav/xsim'
"xvlog --incr --relax -L uvm -prj tb_uart_i2c_system_vlog.prj"
INFO: [VRFC 10-2263] Analyzing SystemVerilog file "D:/Work/OnDeviceAI2/0615_I2C_FPGA_tb/0615_I2C_FPGA.srcs/sim_1/new/tb_uart_i2c_system.sv" into library xil_defaultlib
INFO: [VRFC 10-311] analyzing module tb_uart_i2c_system
INFO: [VRFC 10-2263] Analyzing Verilog file "D:/Work/OnDeviceAI2/0615_I2C_FPGA_tb/0615_I2C_FPGA.sim/sim_1/behav/xsim/glbl.v" into library xil_defaultlib
INFO: [VRFC 10-311] analyzing module glbl
INFO: [USF-XSim-69] 'compile' step finished in '1' seconds
INFO: [USF-XSim-3] XSim::Elaborate design
INFO: [USF-XSim-61] Executing 'ELABORATE' step in 'D:/Work/OnDeviceAI2/0615_I2C_FPGA_tb/0615_I2C_FPGA.sim/sim_1/behav/xsim'
"xelab -wto 031ea77a2a654dc299459825188a5357 --incr --debug typical --relax --mt 2 -L xil_defaultlib -L uvm -L unisims_ver -L unimacro_ver -L secureip --snapshot tb_uart_i2c_system_behav xil_defaultlib.tb_uart_i2c_system xil_defaultlib.glbl -log elaborate.log"
Vivado Simulator 2020.2
Copyright 1986-1999, 2001-2020 Xilinx, Inc. All Rights Reserved.
Running: C:/Xilinx/Vivado/2020.2/bin/unwrapped/win64.o/xelab.exe -wto 031ea77a2a654dc299459825188a5357 --incr --debug typical --relax --mt 2 -L xil_defaultlib -L uvm -L unisims_ver -L unimacro_ver -L secureip --snapshot tb_uart_i2c_system_behav xil_defaultlib.tb_uart_i2c_system xil_defaultlib.glbl -log elaborate.log 
Using 2 slave threads.
Starting static elaboration
Pass Through NonSizing Optimizer
Completed static elaboration
Starting simulation data flow analysis
Completed simulation data flow analysis
Time Resolution for simulation is 1ps
Compiling module xil_defaultlib.tb_uart_i2c_system
Compiling module xil_defaultlib.glbl
Built simulation snapshot tb_uart_i2c_system_behav

****** Webtalk v2020.2 (64-bit)
  **** SW Build 3064766 on Wed Nov 18 09:12:45 MST 2020
  **** IP Build 3064653 on Wed Nov 18 14:17:31 MST 2020
    ** Copyright 1986-2020 Xilinx, Inc. All Rights Reserved.

source D:/Work/OnDeviceAI2/0615_I2C_FPGA_tb/0615_I2C_FPGA.sim/sim_1/behav/xsim/xsim.dir/tb_uart_i2c_system_behav/webtalk/xsim_webtalk.tcl -notrace
INFO: [Common 17-206] Exiting Webtalk at Tue Jun 16 14:19:54 2026...
INFO: [USF-XSim-69] 'elaborate' step finished in '3' seconds
INFO: [USF-XSim-4] XSim::Simulate design
INFO: [USF-XSim-61] Executing 'SIMULATE' step in 'D:/Work/OnDeviceAI2/0615_I2C_FPGA_tb/0615_I2C_FPGA.sim/sim_1/behav/xsim'
INFO: [USF-XSim-98] *** Running xsim
   with args "tb_uart_i2c_system_behav -key {Behavioral:sim_1:Functional:tb_uart_i2c_system} -tclbatch {tb_uart_i2c_system.tcl} -log {simulate.log}"
INFO: [USF-XSim-8] Loading simulator feature
Vivado Simulator 2020.2
Time resolution is 1 ps
source tb_uart_i2c_system.tcl
# set curr_wave [current_wave_config]
# if { [string length $curr_wave] == 0 } {
#   if { [llength [get_objects]] > 0} {
#     add_wave /
#     set_property needs_save false [current_wave_config]
#   } else {
#      send_msg_id Add_Wave-1 WARNING "No top level signals found. Simulator will start without a wave window. If you want to open a wave window go to 'File->New Waveform Configuration' or type 'create_wave_config' in the TCL console."
#   }
# }
WARNING: [Simtcl 6-168] No object found for the given pattern.
WARNING: [Add_Wave-1] No top level signals found. Simulator will start without a wave window. If you want to open a wave window go to 'File->New Waveform Configuration' or type 'create_wave_config' in the TCL console.
# run 1000ns
INFO: [USF-XSim-96] XSim completed. Design snapshot 'tb_uart_i2c_system_behav' loaded.
INFO: [USF-XSim-97] XSim simulation ran for 1000ns
launch_simulation: Time (s): cpu = 00:00:04 ; elapsed = 00:00:07 . Memory (MB): peak = 1107.676 ; gain = 0.000
close_sim
INFO: [Simtcl 6-16] Simulation closed
launch_simulation
Command: launch_simulation 
boost::filesystem::remove: 다른 프로세스가 파일을 사용 중이기 때문에 프로세스가 액세스 할 수 없습니다: "D:/Work/OnDeviceAI2/0615_I2C_FPGA_tb/0615_I2C_FPGA.sim/sim_1/behav/xsim/simulate.log"
launch_simulation
Command: launch_simulation 
INFO: [Vivado 12-5682] Launching behavioral simulation in 'D:/Work/OnDeviceAI2/0615_I2C_FPGA_tb/0615_I2C_FPGA.sim/sim_1/behav/xsim'
INFO: [SIM-utils-51] Simulation object is 'sim_1'
INFO: [SIM-utils-54] Inspecting design source files for 'tb_uart_i2c_system' in fileset 'sim_1'...
INFO: [USF-XSim-97] Finding global include files...
INFO: [USF-XSim-98] Fetching design files from 'sim_1'...
INFO: [USF-XSim-2] XSim::Compile design
INFO: [USF-XSim-61] Executing 'COMPILE and ANALYZE' step in 'D:/Work/OnDeviceAI2/0615_I2C_FPGA_tb/0615_I2C_FPGA.sim/sim_1/behav/xsim'
"xvlog --incr --relax -L uvm -prj tb_uart_i2c_system_vlog.prj"
INFO: [VRFC 10-2263] Analyzing Verilog file "D:/Work/OnDeviceAI2/0615_I2C_FPGA_tb/0615_I2C_FPGA.srcs/sources_1/new/uart.v" into library xil_defaultlib
INFO: [VRFC 10-311] analyzing module uart
INFO: [VRFC 10-311] analyzing module uart_rx
INFO: [VRFC 10-311] analyzing module uart_tx
INFO: [VRFC 10-311] analyzing module baud_tick_gen
INFO: [VRFC 10-2263] Analyzing SystemVerilog file "D:/Work/OnDeviceAI2/0615_I2C_FPGA_tb/0615_I2C_FPGA.srcs/sources_1/new/i2c_master.sv" into library xil_defaultlib
INFO: [VRFC 10-311] analyzing module I2C_Master_top
INFO: [VRFC 10-311] analyzing module i2c_master
INFO: [VRFC 10-2263] Analyzing SystemVerilog file "D:/Work/OnDeviceAI2/0615_I2C_FPGA_tb/0615_I2C_FPGA.srcs/sources_1/new/i2c_slave.sv" into library xil_defaultlib
INFO: [VRFC 10-311] analyzing module i2c_slave
INFO: [VRFC 10-2263] Analyzing SystemVerilog file "D:/Work/OnDeviceAI2/0615_I2C_FPGA_tb/0615_I2C_FPGA.srcs/sources_1/new/master_top.sv" into library xil_defaultlib
INFO: [VRFC 10-311] analyzing module master_top
INFO: [VRFC 10-2263] Analyzing SystemVerilog file "D:/Work/OnDeviceAI2/0615_I2C_FPGA_tb/0615_I2C_FPGA.srcs/sources_1/new/slave_top.sv" into library xil_defaultlib
INFO: [VRFC 10-311] analyzing module slave_top
INFO: [VRFC 10-2263] Analyzing SystemVerilog file "D:/Work/OnDeviceAI2/0615_I2C_FPGA_tb/0615_I2C_FPGA.srcs/sim_1/new/tb_uart_i2c_system.sv" into library xil_defaultlib
INFO: [VRFC 10-311] analyzing module tb_uart_i2c_system
INFO: [USF-XSim-69] 'compile' step finished in '1' seconds
INFO: [USF-XSim-3] XSim::Elaborate design
INFO: [USF-XSim-61] Executing 'ELABORATE' step in 'D:/Work/OnDeviceAI2/0615_I2C_FPGA_tb/0615_I2C_FPGA.sim/sim_1/behav/xsim'
"xelab -wto 031ea77a2a654dc299459825188a5357 --incr --debug typical --relax --mt 2 -L xil_defaultlib -L uvm -L unisims_ver -L unimacro_ver -L secureip --snapshot tb_uart_i2c_system_behav xil_defaultlib.tb_uart_i2c_system xil_defaultlib.glbl -log elaborate.log"
Vivado Simulator 2020.2
Copyright 1986-1999, 2001-2020 Xilinx, Inc. All Rights Reserved.
Running: C:/Xilinx/Vivado/2020.2/bin/unwrapped/win64.o/xelab.exe -wto 031ea77a2a654dc299459825188a5357 --incr --debug typical --relax --mt 2 -L xil_defaultlib -L uvm -L unisims_ver -L unimacro_ver -L secureip --snapshot tb_uart_i2c_system_behav xil_defaultlib.tb_uart_i2c_system xil_defaultlib.glbl -log elaborate.log 
Using 2 slave threads.
Starting static elaboration
Pass Through NonSizing Optimizer
Completed static elaboration
Starting simulation data flow analysis
Completed simulation data flow analysis
Time Resolution for simulation is 1ps
Compiling module xil_defaultlib.baud_tick_gen(F_COUNT=6)
Compiling module xil_defaultlib.uart_rx
Compiling module xil_defaultlib.i2c_master
Compiling module xil_defaultlib.I2C_Master_top
Compiling module xil_defaultlib.master_top(UART_BAUD=1000000)
Compiling module xil_defaultlib.i2c_slave
Compiling module xil_defaultlib.uart_tx
Compiling module xil_defaultlib.slave_top(UART_BAUD=1000000)
Compiling module xil_defaultlib.tb_uart_i2c_system
Compiling module xil_defaultlib.glbl
Built simulation snapshot tb_uart_i2c_system_behav
INFO: [USF-XSim-69] 'elaborate' step finished in '2' seconds
INFO: [USF-XSim-4] XSim::Simulate design
INFO: [USF-XSim-61] Executing 'SIMULATE' step in 'D:/Work/OnDeviceAI2/0615_I2C_FPGA_tb/0615_I2C_FPGA.sim/sim_1/behav/xsim'
INFO: [USF-XSim-98] *** Running xsim
   with args "tb_uart_i2c_system_behav -key {Behavioral:sim_1:Functional:tb_uart_i2c_system} -tclbatch {tb_uart_i2c_system.tcl} -log {simulate.log}"
INFO: [USF-XSim-8] Loading simulator feature
Vivado Simulator 2020.2
Time resolution is 1 ps
source tb_uart_i2c_system.tcl
# set curr_wave [current_wave_config]
# if { [string length $curr_wave] == 0 } {
#   if { [llength [get_objects]] > 0} {
#     add_wave /
#     set_property needs_save false [current_wave_config]
#   } else {
#      send_msg_id Add_Wave-1 WARNING "No top level signals found. Simulator will start without a wave window. If you want to open a wave window go to 'File->New Waveform Configuration' or type 'create_wave_config' in the TCL console."
#   }
# }
# run 1000ns
[TB] Send UART byte 0xa5 to master at 395000
INFO: [USF-XSim-96] XSim completed. Design snapshot 'tb_uart_i2c_system_behav' loaded.
INFO: [USF-XSim-97] XSim simulation ran for 1000ns
launch_simulation: Time (s): cpu = 00:00:03 ; elapsed = 00:00:05 . Memory (MB): peak = 1107.676 ; gain = 0.000
relaunch_sim
Command: launch_simulation -simset sim_1 -mode behavioral
INFO: [Vivado 12-5682] Launching behavioral simulation in 'D:/Work/OnDeviceAI2/0615_I2C_FPGA_tb/0615_I2C_FPGA.sim/sim_1/behav/xsim'
INFO: [SIM-utils-51] Simulation object is 'sim_1'
INFO: [SIM-utils-54] Inspecting design source files for 'tb_uart_i2c_system' in fileset 'sim_1'...
INFO: [USF-XSim-97] Finding global include files...
INFO: [USF-XSim-98] Fetching design files from 'sim_1'...
INFO: [USF-XSim-2] XSim::Compile design
INFO: [USF-XSim-61] Executing 'COMPILE and ANALYZE' step in 'D:/Work/OnDeviceAI2/0615_I2C_FPGA_tb/0615_I2C_FPGA.sim/sim_1/behav/xsim'
"xvlog --incr --relax -L uvm -prj tb_uart_i2c_system_vlog.prj"
INFO: [USF-XSim-69] 'compile' step finished in '1' seconds
Command: launch_simulation -simset sim_1 -mode behavioral
INFO: [Vivado 12-5682] Launching behavioral simulation in 'D:/Work/OnDeviceAI2/0615_I2C_FPGA_tb/0615_I2C_FPGA.sim/sim_1/behav/xsim'
INFO: [USF-XSim-3] XSim::Elaborate design
INFO: [USF-XSim-61] Executing 'ELABORATE' step in 'D:/Work/OnDeviceAI2/0615_I2C_FPGA_tb/0615_I2C_FPGA.sim/sim_1/behav/xsim'
"xelab -wto 031ea77a2a654dc299459825188a5357 --incr --debug typical --relax --mt 2 -L xil_defaultlib -L uvm -L unisims_ver -L unimacro_ver -L secureip --snapshot tb_uart_i2c_system_behav xil_defaultlib.tb_uart_i2c_system xil_defaultlib.glbl -log elaborate.log"
Vivado Simulator 2020.2
Copyright 1986-1999, 2001-2020 Xilinx, Inc. All Rights Reserved.
Running: C:/Xilinx/Vivado/2020.2/bin/unwrapped/win64.o/xelab.exe -wto 031ea77a2a654dc299459825188a5357 --incr --debug typical --relax --mt 2 -L xil_defaultlib -L uvm -L unisims_ver -L unimacro_ver -L secureip --snapshot tb_uart_i2c_system_behav xil_defaultlib.tb_uart_i2c_system xil_defaultlib.glbl -log elaborate.log 
Using 2 slave threads.
Starting static elaboration
Pass Through NonSizing Optimizer
Completed static elaboration
INFO: [XSIM 43-4323] No Change in HDL. Linking previously generated obj files to create kernel
INFO: [USF-XSim-69] 'elaborate' step finished in '1' seconds
Vivado Simulator 2020.2
Time resolution is 1 ps
[TB] Send UART byte 0xa5 to master at 395000
relaunch_sim: Time (s): cpu = 00:00:01 ; elapsed = 00:00:06 . Memory (MB): peak = 1107.676 ; gain = 0.000
run all
[PASS] Slave UART TX returned 0xa5
$finish called at time : 218265 ns : File "D:/Work/OnDeviceAI2/0615_I2C_FPGA_tb/0615_I2C_FPGA.srcs/sim_1/new/tb_uart_i2c_system.sv" Line 122
relaunch_sim
Command: launch_simulation -simset sim_1 -mode behavioral
boost::filesystem::remove: 다른 프로세스가 파일을 사용 중이기 때문에 프로세스가 액세스 할 수 없습니다: "D:/Work/OnDeviceAI2/0615_I2C_FPGA_tb/0615_I2C_FPGA.sim/sim_1/behav/xsim/simulate.log"
INFO: [Common 17-17] undo 'relaunch_sim'
INFO: [Common 17-17] undo 'relaunch_sim'
ERROR: [Common 17-69] Command failed: boost::filesystem::remove: 다른 프로세스가 파일을 사용 중이기 때문에 프로세스가 액세스 할 수 없습니다: "D:/Work/OnDeviceAI2/0615_I2C_FPGA_tb/0615_I2C_FPGA.sim/sim_1/behav/xsim/simulate.log"
relaunch_sim
Command: launch_simulation -simset sim_1 -mode behavioral
boost::filesystem::remove: 다른 프로세스가 파일을 사용 중이기 때문에 프로세스가 액세스 할 수 없습니다: "D:/Work/OnDeviceAI2/0615_I2C_FPGA_tb/0615_I2C_FPGA.sim/sim_1/behav/xsim/simulate.log"
INFO: [Common 17-17] undo 'relaunch_sim'
INFO: [Common 17-17] undo 'relaunch_sim'
ERROR: [Common 17-69] Command failed: boost::filesystem::remove: 다른 프로세스가 파일을 사용 중이기 때문에 프로세스가 액세스 할 수 없습니다: "D:/Work/OnDeviceAI2/0615_I2C_FPGA_tb/0615_I2C_FPGA.sim/sim_1/behav/xsim/simulate.log"
relaunch_sim
Command: launch_simulation -simset sim_1 -mode behavioral
INFO: [Vivado 12-5682] Launching behavioral simulation in 'D:/Work/OnDeviceAI2/0615_I2C_FPGA_tb/0615_I2C_FPGA.sim/sim_1/behav/xsim'
INFO: [SIM-utils-51] Simulation object is 'sim_1'
INFO: [SIM-utils-54] Inspecting design source files for 'tb_uart_i2c_system' in fileset 'sim_1'...
INFO: [USF-XSim-97] Finding global include files...
INFO: [USF-XSim-98] Fetching design files from 'sim_1'...
INFO: [USF-XSim-2] XSim::Compile design
INFO: [USF-XSim-61] Executing 'COMPILE and ANALYZE' step in 'D:/Work/OnDeviceAI2/0615_I2C_FPGA_tb/0615_I2C_FPGA.sim/sim_1/behav/xsim'
"xvlog --incr --relax -L uvm -prj tb_uart_i2c_system_vlog.prj"
INFO: [USF-XSim-69] 'compile' step finished in '1' seconds
Command: launch_simulation -simset sim_1 -mode behavioral
INFO: [Vivado 12-5682] Launching behavioral simulation in 'D:/Work/OnDeviceAI2/0615_I2C_FPGA_tb/0615_I2C_FPGA.sim/sim_1/behav/xsim'
INFO: [USF-XSim-3] XSim::Elaborate design
INFO: [USF-XSim-61] Executing 'ELABORATE' step in 'D:/Work/OnDeviceAI2/0615_I2C_FPGA_tb/0615_I2C_FPGA.sim/sim_1/behav/xsim'
"xelab -wto 031ea77a2a654dc299459825188a5357 --incr --debug typical --relax --mt 2 -L xil_defaultlib -L uvm -L unisims_ver -L unimacro_ver -L secureip --snapshot tb_uart_i2c_system_behav xil_defaultlib.tb_uart_i2c_system xil_defaultlib.glbl -log elaborate.log"
Vivado Simulator 2020.2
Copyright 1986-1999, 2001-2020 Xilinx, Inc. All Rights Reserved.
Running: C:/Xilinx/Vivado/2020.2/bin/unwrapped/win64.o/xelab.exe -wto 031ea77a2a654dc299459825188a5357 --incr --debug typical --relax --mt 2 -L xil_defaultlib -L uvm -L unisims_ver -L unimacro_ver -L secureip --snapshot tb_uart_i2c_system_behav xil_defaultlib.tb_uart_i2c_system xil_defaultlib.glbl -log elaborate.log 
Using 2 slave threads.
Starting static elaboration
Pass Through NonSizing Optimizer
Completed static elaboration
INFO: [XSIM 43-4323] No Change in HDL. Linking previously generated obj files to create kernel
INFO: [USF-XSim-69] 'elaborate' step finished in '1' seconds
Vivado Simulator 2020.2
Time resolution is 1 ps
[TB] Send UART byte 0xa5 to master at 395000
run all
[PASS] Slave UART TX returned 0xa5
$finish called at time : 218265 ns : File "D:/Work/OnDeviceAI2/0615_I2C_FPGA_tb/0615_I2C_FPGA.srcs/sim_1/new/tb_uart_i2c_system.sv" Line 122
run all
run: Time (s): cpu = 00:00:04 ; elapsed = 00:00:07 . Memory (MB): peak = 1107.676 ; gain = 0.000
relaunch_sim
Command: launch_simulation -simset sim_1 -mode behavioral
INFO: [Vivado 12-5682] Launching behavioral simulation in 'D:/Work/OnDeviceAI2/0615_I2C_FPGA_tb/0615_I2C_FPGA.sim/sim_1/behav/xsim'
INFO: [SIM-utils-51] Simulation object is 'sim_1'
INFO: [SIM-utils-54] Inspecting design source files for 'tb_uart_i2c_system' in fileset 'sim_1'...
INFO: [USF-XSim-97] Finding global include files...
INFO: [USF-XSim-98] Fetching design files from 'sim_1'...
INFO: [USF-XSim-2] XSim::Compile design
INFO: [USF-XSim-61] Executing 'COMPILE and ANALYZE' step in 'D:/Work/OnDeviceAI2/0615_I2C_FPGA_tb/0615_I2C_FPGA.sim/sim_1/behav/xsim'
"xvlog --incr --relax -L uvm -prj tb_uart_i2c_system_vlog.prj"
INFO: [USF-XSim-69] 'compile' step finished in '1' seconds
Command: launch_simulation -simset sim_1 -mode behavioral
INFO: [Vivado 12-5682] Launching behavioral simulation in 'D:/Work/OnDeviceAI2/0615_I2C_FPGA_tb/0615_I2C_FPGA.sim/sim_1/behav/xsim'
INFO: [USF-XSim-3] XSim::Elaborate design
INFO: [USF-XSim-61] Executing 'ELABORATE' step in 'D:/Work/OnDeviceAI2/0615_I2C_FPGA_tb/0615_I2C_FPGA.sim/sim_1/behav/xsim'
"xelab -wto 031ea77a2a654dc299459825188a5357 --incr --debug typical --relax --mt 2 -L xil_defaultlib -L uvm -L unisims_ver -L unimacro_ver -L secureip --snapshot tb_uart_i2c_system_behav xil_defaultlib.tb_uart_i2c_system xil_defaultlib.glbl -log elaborate.log"
Vivado Simulator 2020.2
Copyright 1986-1999, 2001-2020 Xilinx, Inc. All Rights Reserved.
Running: C:/Xilinx/Vivado/2020.2/bin/unwrapped/win64.o/xelab.exe -wto 031ea77a2a654dc299459825188a5357 --incr --debug typical --relax --mt 2 -L xil_defaultlib -L uvm -L unisims_ver -L unimacro_ver -L secureip --snapshot tb_uart_i2c_system_behav xil_defaultlib.tb_uart_i2c_system xil_defaultlib.glbl -log elaborate.log 
Using 2 slave threads.
Starting static elaboration
Pass Through NonSizing Optimizer
Completed static elaboration
INFO: [XSIM 43-4323] No Change in HDL. Linking previously generated obj files to create kernel
INFO: [USF-XSim-69] 'elaborate' step finished in '1' seconds
Vivado Simulator 2020.2
Time resolution is 1 ps
[TB] Send UART byte 0xa5 to master at 395000
relaunch_sim: Time (s): cpu = 00:00:02 ; elapsed = 00:00:06 . Memory (MB): peak = 1107.676 ; gain = 0.000
run all
[PASS] Slave UART TX returned 0xa5
$finish called at time : 218265 ns : File "D:/Work/OnDeviceAI2/0615_I2C_FPGA_tb/0615_I2C_FPGA.srcs/sim_1/new/tb_uart_i2c_system.sv" Line 122
run all
relaunch_sim
Command: launch_simulation -simset sim_1 -mode behavioral
INFO: [Vivado 12-5682] Launching behavioral simulation in 'D:/Work/OnDeviceAI2/0615_I2C_FPGA_tb/0615_I2C_FPGA.sim/sim_1/behav/xsim'
INFO: [SIM-utils-51] Simulation object is 'sim_1'
INFO: [SIM-utils-54] Inspecting design source files for 'tb_uart_i2c_system' in fileset 'sim_1'...
INFO: [USF-XSim-97] Finding global include files...
INFO: [USF-XSim-98] Fetching design files from 'sim_1'...
INFO: [USF-XSim-2] XSim::Compile design
INFO: [USF-XSim-61] Executing 'COMPILE and ANALYZE' step in 'D:/Work/OnDeviceAI2/0615_I2C_FPGA_tb/0615_I2C_FPGA.sim/sim_1/behav/xsim'
"xvlog --incr --relax -L uvm -prj tb_uart_i2c_system_vlog.prj"
INFO: [USF-XSim-69] 'compile' step finished in '1' seconds
Command: launch_simulation -simset sim_1 -mode behavioral
INFO: [Vivado 12-5682] Launching behavioral simulation in 'D:/Work/OnDeviceAI2/0615_I2C_FPGA_tb/0615_I2C_FPGA.sim/sim_1/behav/xsim'
INFO: [USF-XSim-3] XSim::Elaborate design
INFO: [USF-XSim-61] Executing 'ELABORATE' step in 'D:/Work/OnDeviceAI2/0615_I2C_FPGA_tb/0615_I2C_FPGA.sim/sim_1/behav/xsim'
"xelab -wto 031ea77a2a654dc299459825188a5357 --incr --debug typical --relax --mt 2 -L xil_defaultlib -L uvm -L unisims_ver -L unimacro_ver -L secureip --snapshot tb_uart_i2c_system_behav xil_defaultlib.tb_uart_i2c_system xil_defaultlib.glbl -log elaborate.log"
Vivado Simulator 2020.2
Copyright 1986-1999, 2001-2020 Xilinx, Inc. All Rights Reserved.
Running: C:/Xilinx/Vivado/2020.2/bin/unwrapped/win64.o/xelab.exe -wto 031ea77a2a654dc299459825188a5357 --incr --debug typical --relax --mt 2 -L xil_defaultlib -L uvm -L unisims_ver -L unimacro_ver -L secureip --snapshot tb_uart_i2c_system_behav xil_defaultlib.tb_uart_i2c_system xil_defaultlib.glbl -log elaborate.log 
Using 2 slave threads.
Starting static elaboration
Pass Through NonSizing Optimizer
Completed static elaboration
INFO: [XSIM 43-4323] No Change in HDL. Linking previously generated obj files to create kernel
INFO: [USF-XSim-69] 'elaborate' step finished in '1' seconds
Vivado Simulator 2020.2
Time resolution is 1 ps
[TB] Send UART byte 0xa5 to master at 395000
relaunch_sim: Time (s): cpu = 00:00:01 ; elapsed = 00:00:06 . Memory (MB): peak = 1633.695 ; gain = 0.000
run all
[PASS] Slave UART TX returned 0xa5
$finish called at time : 218265 ns : File "D:/Work/OnDeviceAI2/0615_I2C_FPGA_tb/0615_I2C_FPGA.srcs/sim_1/new/tb_uart_i2c_system.sv" Line 122
relaunch_sim
Command: launch_simulation -simset sim_1 -mode behavioral
INFO: [Vivado 12-5682] Launching behavioral simulation in 'D:/Work/OnDeviceAI2/0615_I2C_FPGA_tb/0615_I2C_FPGA.sim/sim_1/behav/xsim'
INFO: [SIM-utils-51] Simulation object is 'sim_1'
INFO: [SIM-utils-54] Inspecting design source files for 'tb_uart_i2c_system' in fileset 'sim_1'...
INFO: [USF-XSim-97] Finding global include files...
INFO: [USF-XSim-98] Fetching design files from 'sim_1'...
INFO: [USF-XSim-2] XSim::Compile design
INFO: [USF-XSim-61] Executing 'COMPILE and ANALYZE' step in 'D:/Work/OnDeviceAI2/0615_I2C_FPGA_tb/0615_I2C_FPGA.sim/sim_1/behav/xsim'
"xvlog --incr --relax -L uvm -prj tb_uart_i2c_system_vlog.prj"
INFO: [USF-XSim-69] 'compile' step finished in '1' seconds
Command: launch_simulation -simset sim_1 -mode behavioral
INFO: [Vivado 12-5682] Launching behavioral simulation in 'D:/Work/OnDeviceAI2/0615_I2C_FPGA_tb/0615_I2C_FPGA.sim/sim_1/behav/xsim'
INFO: [USF-XSim-3] XSim::Elaborate design
INFO: [USF-XSim-61] Executing 'ELABORATE' step in 'D:/Work/OnDeviceAI2/0615_I2C_FPGA_tb/0615_I2C_FPGA.sim/sim_1/behav/xsim'
"xelab -wto 031ea77a2a654dc299459825188a5357 --incr --debug typical --relax --mt 2 -L xil_defaultlib -L uvm -L unisims_ver -L unimacro_ver -L secureip --snapshot tb_uart_i2c_system_behav xil_defaultlib.tb_uart_i2c_system xil_defaultlib.glbl -log elaborate.log"
Vivado Simulator 2020.2
Copyright 1986-1999, 2001-2020 Xilinx, Inc. All Rights Reserved.
Running: C:/Xilinx/Vivado/2020.2/bin/unwrapped/win64.o/xelab.exe -wto 031ea77a2a654dc299459825188a5357 --incr --debug typical --relax --mt 2 -L xil_defaultlib -L uvm -L unisims_ver -L unimacro_ver -L secureip --snapshot tb_uart_i2c_system_behav xil_defaultlib.tb_uart_i2c_system xil_defaultlib.glbl -log elaborate.log 
Using 2 slave threads.
Starting static elaboration
Pass Through NonSizing Optimizer
Completed static elaboration
INFO: [XSIM 43-4323] No Change in HDL. Linking previously generated obj files to create kernel
INFO: [USF-XSim-69] 'elaborate' step finished in '1' seconds
Vivado Simulator 2020.2
Time resolution is 1 ps
[TB] Send UART byte 0xa5 to master at 395000
relaunch_sim: Time (s): cpu = 00:00:02 ; elapsed = 00:00:07 . Memory (MB): peak = 1633.695 ; gain = 0.000
run all
[PASS] Slave UART TX returned 0xa5
$finish called at time : 218265 ns : File "D:/Work/OnDeviceAI2/0615_I2C_FPGA_tb/0615_I2C_FPGA.srcs/sim_1/new/tb_uart_i2c_system.sv" Line 122
close_sim
INFO: [Simtcl 6-16] Simulation closed
exit
INFO: [Common 17-206] Exiting Vivado at Tue Jun 16 21:22:03 2026...
