Copyright 1986-2020 Xilinx, Inc. All Rights Reserved.
-----------------------------------------------------------------------------------------------------
| Tool Version : Vivado v.2020.2 (win64) Build 3064766 Wed Nov 18 09:12:45 MST 2020
| Date         : Tue Jun 23 10:28:06 2026
| Host         : DESKTOP-7CFQ9ND running 64-bit major release  (build 9200)
| Command      : report_control_sets -verbose -file Stopwatch_design_wrapper_control_sets_placed.rpt
| Design       : Stopwatch_design_wrapper
| Device       : xc7a35t
-----------------------------------------------------------------------------------------------------

Control Set Information

Table of Contents
-----------------
1. Summary
2. Histogram
3. Flip-Flop Distribution
4. Detailed Control Set Information

1. Summary
----------

+----------------------------------------------------------+-------+
|                          Status                          | Count |
+----------------------------------------------------------+-------+
| Total control sets                                       |   117 |
|    Minimum number of control sets                        |   117 |
|    Addition due to synthesis replication                 |     0 |
|    Addition due to physical synthesis replication        |     0 |
| Unused register locations in slices containing registers |   200 |
+----------------------------------------------------------+-------+
* Control sets can be merged at opt_design using control_set_merge or merge_equivalent_drivers
** Run report_qor_suggestions for automated merging and remapping suggestions


2. Histogram
------------

+--------------------+-------+
|       Fanout       | Count |
+--------------------+-------+
| Total control sets |   117 |
| >= 0 to < 4        |    10 |
| >= 4 to < 6        |     9 |
| >= 6 to < 8        |     7 |
| >= 8 to < 10       |    55 |
| >= 10 to < 12      |     6 |
| >= 12 to < 14      |     1 |
| >= 14 to < 16      |     0 |
| >= 16              |    29 |
+--------------------+-------+
* Control sets can be remapped at either synth_design or opt_design


3. Flip-Flop Distribution
-------------------------

+--------------+-----------------------+------------------------+-----------------+--------------+
| Clock Enable | Synchronous Set/Reset | Asynchronous Set/Reset | Total Registers | Total Slices |
+--------------+-----------------------+------------------------+-----------------+--------------+
| No           | No                    | No                     |             185 |           72 |
| No           | No                    | Yes                    |              29 |            6 |
| No           | Yes                   | No                     |             296 |          131 |
| Yes          | No                    | No                     |             218 |           63 |
| Yes          | No                    | Yes                    |              15 |            8 |
| Yes          | Yes                   | No                     |            1113 |          350 |
+--------------+-----------------------+------------------------+-----------------+--------------+


4. Detailed Control Set Information
-----------------------------------

+--------------------------------------------------------------------+--------------------------------------------------------------------------------------------------------------------------------------------------------------------------------------------------------------------+--------------------------------------------------------------------------------------------------------------------------------------------------------+------------------+----------------+--------------+
|                            Clock Signal                            |                                                                                                    Enable Signal                                                                                                   |                                                                    Set/Reset Signal                                                                    | Slice Load Count | Bel Load Count | Bels / Slice |
+--------------------------------------------------------------------+--------------------------------------------------------------------------------------------------------------------------------------------------------------------------------------------------------------------+--------------------------------------------------------------------------------------------------------------------------------------------------------+------------------+----------------+--------------+
|  Stopwatch_design_i/mdm_1/U0/No_Dbg_Reg_Access.BUFG_DRCK/Dbg_Clk_0 | Stopwatch_design_i/mdm_1/U0/Use_E2.BSCAN_I/Use_BSCAN.PORT_Selector_reg[0]                                                                                                                                          | Stopwatch_design_i/mdm_1/U0/MDM_Core_I1/JTAG_CONTROL_I/Functional_Reset                                                                                |                1 |              1 |         1.00 |
|  Stopwatch_design_i/clk_wiz_1/inst/clk_out1                        |                                                                                                                                                                                                                    | Stopwatch_design_i/microblaze_0/U0/MicroBlaze_Core_I/Performance.Core/Use_Debug_Logic.Master_Core.Debug_Perf/capture_1                                 |                1 |              1 |         1.00 |
| ~Stopwatch_design_i/mdm_1/U0/No_Dbg_Reg_Access.BUFG_DRCK/Dbg_Clk_0 | Stopwatch_design_i/mdm_1/U0/MDM_Core_I1/JTAG_CONTROL_I/Use_BSCAN.FDC_I/CE                                                                                                                                          | Stopwatch_design_i/mdm_1/U0/MDM_Core_I1/JTAG_CONTROL_I/Use_BSCAN.FDC_I/D                                                                               |                1 |              1 |         1.00 |
|  Stopwatch_design_i/mdm_1/U0/Use_E2.BSCAN_I/Dbg_Update_0_BUFG      | Stopwatch_design_i/microblaze_0/U0/MicroBlaze_Core_I/Performance.Core/Use_Debug_Logic.Master_Core.Debug_Perf/Control_Reg_En                                                                                        | Stopwatch_design_i/microblaze_0/U0/MicroBlaze_Core_I/Performance.Core/Use_Debug_Logic.Master_Core.Debug_Perf/Serial_Dbg_Intf.normal_stop_cmd_i_reg_n_0 |                1 |              1 |         1.00 |
|  Stopwatch_design_i/mdm_1/U0/Use_E2.BSCAN_I/Dbg_Update_0_BUFG      | Stopwatch_design_i/microblaze_0/U0/MicroBlaze_Core_I/Performance.Core/Use_Debug_Logic.Master_Core.Debug_Perf/Control_Reg_En                                                                                        | Stopwatch_design_i/microblaze_0/U0/MicroBlaze_Core_I/Performance.Core/Use_Debug_Logic.Master_Core.Debug_Perf/Serial_Dbg_Intf.continue_from_brk_reg_n_0 |                1 |              1 |         1.00 |
|  Stopwatch_design_i/mdm_1/U0/Use_E2.BSCAN_I/Dbg_Update_0_BUFG      | Stopwatch_design_i/microblaze_0/U0/MicroBlaze_Core_I/Performance.Core/Use_Debug_Logic.Master_Core.Debug_Perf/Control_Reg_En                                                                                        | Stopwatch_design_i/microblaze_0/U0/MicroBlaze_Core_I/Performance.Core/Use_Debug_Logic.Master_Core.Debug_Perf/Serial_Dbg_Intf.force_stop_cmd_i_reg_0    |                1 |              1 |         1.00 |
|  Stopwatch_design_i/mdm_1/U0/Use_E2.BSCAN_I/Dbg_Update_0_BUFG      | Stopwatch_design_i/microblaze_0/U0/MicroBlaze_Core_I/Performance.Core/Use_Debug_Logic.Master_Core.Debug_Perf/Control_Reg_En                                                                                        | Stopwatch_design_i/microblaze_0/U0/MicroBlaze_Core_I/Performance.Core/Use_Debug_Logic.Master_Core.Debug_Perf/start_single_step_reg_n_0                 |                1 |              1 |         1.00 |
| ~Stopwatch_design_i/mdm_1/U0/Use_E2.BSCAN_I/Dbg_Update_0_BUFG      |                                                                                                                                                                                                                    | Stopwatch_design_i/mdm_1/U0/MDM_Core_I1/JTAG_CONTROL_I/sel_n                                                                                           |                1 |              1 |         1.00 |
|  Stopwatch_design_i/mdm_1/U0/Use_E2.BSCAN_I/Dbg_Update_0_BUFG      | Stopwatch_design_i/microblaze_0/U0/MicroBlaze_Core_I/Performance.Core/Use_Debug_Logic.Master_Core.Debug_Perf/Command_Reg_En                                                                                        | Stopwatch_design_i/microblaze_0/U0/MicroBlaze_Core_I/Performance.Core/Use_Debug_Logic.Master_Core.Debug_Perf/command_reg_clear                         |                1 |              2 |         2.00 |
|  Stopwatch_design_i/mdm_1/U0/Use_E2.BSCAN_I/Dbg_Update_0_BUFG      |                                                                                                                                                                                                                    |                                                                                                                                                        |                2 |              3 |         1.50 |
|  Stopwatch_design_i/clk_wiz_1/inst/clk_out1                        |                                                                                                                                                                                                                    | Stopwatch_design_i/rst_clk_wiz_1_100M/U0/bus_struct_reset[0]                                                                                           |                1 |              4 |         4.00 |
|  Stopwatch_design_i/mdm_1/U0/No_Dbg_Reg_Access.BUFG_DRCK/Dbg_Clk_0 | Stopwatch_design_i/mdm_1/U0/MDM_Core_I1/TDI_Shifter0                                                                                                                                                               | Stopwatch_design_i/mdm_1/U0/Use_E2.BSCAN_I/AR[0]                                                                                                       |                1 |              4 |         4.00 |
|  Stopwatch_design_i/clk_wiz_1/inst/clk_out1                        | Stopwatch_design_i/axi_uartlite_0/U0/AXI_LITE_IPIF_I/I_SLAVE_ATTACHMENT/start2                                                                                                                                     | Stopwatch_design_i/axi_uartlite_0/U0/AXI_LITE_IPIF_I/I_SLAVE_ATTACHMENT/I_DECODER/cs_ce_clr                                                            |                1 |              4 |         4.00 |
|  Stopwatch_design_i/clk_wiz_1/inst/clk_out1                        | Stopwatch_design_i/axi_uartlite_0/U0/UARTLITE_CORE_I/BAUD_RATE_I/en_16x_Baud                                                                                                                                       |                                                                                                                                                        |                1 |              4 |         4.00 |
|  Stopwatch_design_i/mdm_1/U0/Use_E2.BSCAN_I/Dbg_Update_0_BUFG      | Stopwatch_design_i/mdm_1/U0/MDM_Core_I1/MDM_SEL                                                                                                                                                                    | Stopwatch_design_i/mdm_1/U0/Use_E2.BSCAN_I/AR[0]                                                                                                       |                1 |              4 |         4.00 |
|  Stopwatch_design_i/mdm_1/U0/Use_E2.BSCAN_I/Dbg_Update_0_BUFG      | Stopwatch_design_i/microblaze_0/U0/MicroBlaze_Core_I/Performance.Core/Use_Debug_Logic.Master_Core.Debug_Perf/Control_Reg_En                                                                                        |                                                                                                                                                        |                1 |              4 |         4.00 |
| ~Stopwatch_design_i/mdm_1/U0/Use_E2.BSCAN_I/Dbg_Update_0_BUFG      |                                                                                                                                                                                                                    | Stopwatch_design_i/mdm_1/U0/Use_E2.BSCAN_I/AR[0]                                                                                                       |                1 |              4 |         4.00 |
|  Stopwatch_design_i/clk_wiz_1/inst/clk_out1                        |                                                                                                                                                                                                                    | Stopwatch_design_i/rst_clk_wiz_1_100M/U0/EXT_LPF/lpf_int                                                                                               |                2 |              5 |         2.50 |
|  Stopwatch_design_i/clk_wiz_1/inst/clk_out1                        | Stopwatch_design_i/microblaze_0/U0/MicroBlaze_Core_I/Performance.Core/Decode_I/wb_Halted                                                                                                                           | Stopwatch_design_i/microblaze_0/U0/MicroBlaze_Core_I/sync_reset                                                                                        |                1 |              5 |         5.00 |
|  Stopwatch_design_i/mdm_1/U0/No_Dbg_Reg_Access.BUFG_DRCK/Dbg_Clk_0 | Stopwatch_design_i/mdm_1/U0/Use_E2.BSCAN_I/sel                                                                                                                                                                     |                                                                                                                                                        |                2 |              6 |         3.00 |
|  Stopwatch_design_i/mdm_1/U0/No_Dbg_Reg_Access.BUFG_DRCK/Dbg_Clk_0 | Stopwatch_design_i/mdm_1/U0/Use_E2.BSCAN_I/Use_BSCAN.command_reg[6]                                                                                                                                                |                                                                                                                                                        |                2 |              6 |         3.00 |
|  Stopwatch_design_i/mdm_1/U0/No_Dbg_Reg_Access.BUFG_DRCK/Dbg_Clk_0 | Stopwatch_design_i/mdm_1/U0/MDM_Core_I1/JTAG_CONTROL_I/Use_BSCAN.FDC_I/sample_1                                                                                                                                    |                                                                                                                                                        |                1 |              6 |         6.00 |
|  Stopwatch_design_i/clk_wiz_1/inst/clk_out1                        |                                                                                                                                                                                                                    | Stopwatch_design_i/axi_uartlite_0/U0/UARTLITE_CORE_I/UARTLITE_RX_I/SRL_FIFO_I/I_SRL_FIFO_RBU_F/CNTR_INCR_DECR_ADDN_F_I/SS[0]                           |                2 |              6 |         3.00 |
|  Stopwatch_design_i/clk_wiz_1/inst/clk_out1                        |                                                                                                                                                                                                                    | Stopwatch_design_i/axi_uartlite_0/U0/UARTLITE_CORE_I/UARTLITE_TX_I/SRL_FIFO_I/I_SRL_FIFO_RBU_F/CNTR_INCR_DECR_ADDN_F_I/SS[0]                           |                2 |              6 |         3.00 |
|  Stopwatch_design_i/clk_wiz_1/inst/clk_out1                        | Stopwatch_design_i/rst_clk_wiz_1_100M/U0/SEQ/seq_cnt_en                                                                                                                                                            | Stopwatch_design_i/rst_clk_wiz_1_100M/U0/SEQ/SEQ_COUNTER/clear                                                                                         |                1 |              6 |         6.00 |
|  Stopwatch_design_i/clk_wiz_1/inst/clk_out1                        | Stopwatch_design_i/axi_uartlite_0/U0/UARTLITE_CORE_I/BAUD_RATE_I/en_16x_Baud                                                                                                                                       | Stopwatch_design_i/axi_uartlite_0/U0/UARTLITE_CORE_I/UARTLITE_RX_I/SERIAL_TO_PARALLEL[8].fifo_din[8]_i_1_n_0                                           |                1 |              7 |         7.00 |
|  Stopwatch_design_i/mdm_1/U0/Use_E2.BSCAN_I/Dbg_Update_0_BUFG      | Stopwatch_design_i/mdm_1/U0/MDM_Core_I1/JTAG_CONTROL_I/Use_BSCAN.FDC_I/command_10                                                                                                                                  |                                                                                                                                                        |                1 |              8 |         8.00 |
|  Stopwatch_design_i/clk_wiz_1/inst/clk_out1                        | Stopwatch_design_i/gpio_0/inst/gpio_v1_0_S00_AXI_inst/slv_reg2[23]_i_1_n_0                                                                                                                                         | Stopwatch_design_i/gpio_0/inst/gpio_v1_0_S00_AXI_inst/axi_awready_i_1_n_0                                                                              |                1 |              8 |         8.00 |
|  Stopwatch_design_i/clk_wiz_1/inst/clk_out1                        | Stopwatch_design_i/gpio_0/inst/gpio_v1_0_S00_AXI_inst/slv_reg2[31]_i_1_n_0                                                                                                                                         | Stopwatch_design_i/gpio_0/inst/gpio_v1_0_S00_AXI_inst/axi_awready_i_1_n_0                                                                              |                1 |              8 |         8.00 |
|  Stopwatch_design_i/clk_wiz_1/inst/clk_out1                        | Stopwatch_design_i/gpio_0/inst/gpio_v1_0_S00_AXI_inst/slv_reg3[15]_i_1_n_0                                                                                                                                         | Stopwatch_design_i/gpio_0/inst/gpio_v1_0_S00_AXI_inst/axi_awready_i_1_n_0                                                                              |                1 |              8 |         8.00 |
|  Stopwatch_design_i/mdm_1/U0/No_Dbg_Reg_Access.BUFG_DRCK/Dbg_Clk_0 | Stopwatch_design_i/mdm_1/U0/MDM_Core_I1/JTAG_CONTROL_I/tdi_shifter0                                                                                                                                                |                                                                                                                                                        |                3 |              8 |         2.67 |
|  Stopwatch_design_i/clk_wiz_1/inst/clk_out1                        | Stopwatch_design_i/gpio_0/inst/gpio_v1_0_S00_AXI_inst/p_1_in[16]                                                                                                                                                   | Stopwatch_design_i/gpio_0/inst/gpio_v1_0_S00_AXI_inst/axi_awready_i_1_n_0                                                                              |                2 |              8 |         4.00 |
|  Stopwatch_design_i/mdm_1/U0/No_Dbg_Reg_Access.BUFG_DRCK/Dbg_Clk_0 | Stopwatch_design_i/microblaze_0/U0/MicroBlaze_Core_I/Performance.Core/Use_Debug_Logic.Master_Core.Debug_Perf/Using_PC_Breakpoints.All_PC_Brks[0].Serial_Interface_1.address_hit_I/Compare[0].SRLC16E_I/which_pc__0 |                                                                                                                                                        |                7 |              8 |         1.14 |
|  Stopwatch_design_i/clk_wiz_1/inst/clk_out1                        | Stopwatch_design_i/gpio_2/inst/gpio_v1_0_S00_AXI_inst/p_1_in[7]                                                                                                                                                    | Stopwatch_design_i/gpio_2/inst/gpio_v1_0_S00_AXI_inst/axi_awready_i_1_n_0                                                                              |                5 |              8 |         1.60 |
| ~Stopwatch_design_i/mdm_1/U0/Use_E2.BSCAN_I/Dbg_Update_0_BUFG      | Stopwatch_design_i/mdm_1/U0/MDM_Core_I1/JTAG_CONTROL_I/Use_BSCAN.command[0]_i_1_n_0                                                                                                                                |                                                                                                                                                        |                2 |              8 |         4.00 |
|  Stopwatch_design_i/clk_wiz_1/inst/clk_out1                        | Stopwatch_design_i/gpio_0/inst/gpio_v1_0_S00_AXI_inst/p_1_in[8]                                                                                                                                                    | Stopwatch_design_i/gpio_0/inst/gpio_v1_0_S00_AXI_inst/axi_awready_i_1_n_0                                                                              |                2 |              8 |         4.00 |
|  Stopwatch_design_i/clk_wiz_1/inst/clk_out1                        | Stopwatch_design_i/gpio_0/inst/gpio_v1_0_S00_AXI_inst/p_1_in[31]                                                                                                                                                   | Stopwatch_design_i/gpio_0/inst/gpio_v1_0_S00_AXI_inst/axi_awready_i_1_n_0                                                                              |                1 |              8 |         8.00 |
|  Stopwatch_design_i/clk_wiz_1/inst/clk_out1                        | Stopwatch_design_i/gpio_0/inst/gpio_v1_0_S00_AXI_inst/p_1_in[7]                                                                                                                                                    | Stopwatch_design_i/gpio_0/inst/gpio_v1_0_S00_AXI_inst/axi_awready_i_1_n_0                                                                              |                6 |              8 |         1.33 |
|  Stopwatch_design_i/clk_wiz_1/inst/clk_out1                        | Stopwatch_design_i/gpio_1/inst/gpio_v1_0_S00_AXI_inst/slv_reg3[31]_i_1_n_0                                                                                                                                         | Stopwatch_design_i/gpio_1/inst/gpio_v1_0_S00_AXI_inst/axi_awready_i_1_n_0                                                                              |                3 |              8 |         2.67 |
|  Stopwatch_design_i/clk_wiz_1/inst/clk_out1                        | Stopwatch_design_i/gpio_1/inst/gpio_v1_0_S00_AXI_inst/slv_reg3[23]_i_1_n_0                                                                                                                                         | Stopwatch_design_i/gpio_1/inst/gpio_v1_0_S00_AXI_inst/axi_awready_i_1_n_0                                                                              |                3 |              8 |         2.67 |
|  Stopwatch_design_i/clk_wiz_1/inst/clk_out1                        | Stopwatch_design_i/gpio_1/inst/gpio_v1_0_S00_AXI_inst/p_1_in[7]                                                                                                                                                    | Stopwatch_design_i/gpio_1/inst/gpio_v1_0_S00_AXI_inst/axi_awready_i_1_n_0                                                                              |                3 |              8 |         2.67 |
|  Stopwatch_design_i/clk_wiz_1/inst/clk_out1                        | Stopwatch_design_i/gpio_1/inst/gpio_v1_0_S00_AXI_inst/slv_reg2[31]_i_1_n_0                                                                                                                                         | Stopwatch_design_i/gpio_1/inst/gpio_v1_0_S00_AXI_inst/axi_awready_i_1_n_0                                                                              |                1 |              8 |         8.00 |
|  Stopwatch_design_i/clk_wiz_1/inst/clk_out1                        | Stopwatch_design_i/gpio_1/inst/gpio_v1_0_S00_AXI_inst/slv_reg3[15]_i_1_n_0                                                                                                                                         | Stopwatch_design_i/gpio_1/inst/gpio_v1_0_S00_AXI_inst/axi_awready_i_1_n_0                                                                              |                1 |              8 |         8.00 |
|  Stopwatch_design_i/clk_wiz_1/inst/clk_out1                        | Stopwatch_design_i/gpio_1/inst/gpio_v1_0_S00_AXI_inst/slv_reg2[7]_i_1_n_0                                                                                                                                          | Stopwatch_design_i/gpio_1/inst/gpio_v1_0_S00_AXI_inst/axi_awready_i_1_n_0                                                                              |                2 |              8 |         4.00 |
|  Stopwatch_design_i/clk_wiz_1/inst/clk_out1                        | Stopwatch_design_i/gpio_1/inst/gpio_v1_0_S00_AXI_inst/p_1_in[8]                                                                                                                                                    | Stopwatch_design_i/gpio_1/inst/gpio_v1_0_S00_AXI_inst/axi_awready_i_1_n_0                                                                              |                2 |              8 |         4.00 |
|  Stopwatch_design_i/clk_wiz_1/inst/clk_out1                        | Stopwatch_design_i/gpio_1/inst/gpio_v1_0_S00_AXI_inst/p_1_in[16]                                                                                                                                                   | Stopwatch_design_i/gpio_1/inst/gpio_v1_0_S00_AXI_inst/axi_awready_i_1_n_0                                                                              |                2 |              8 |         4.00 |
|  Stopwatch_design_i/clk_wiz_1/inst/clk_out1                        | Stopwatch_design_i/gpio_1/inst/gpio_v1_0_S00_AXI_inst/slv_reg2[15]_i_1_n_0                                                                                                                                         | Stopwatch_design_i/gpio_1/inst/gpio_v1_0_S00_AXI_inst/axi_awready_i_1_n_0                                                                              |                2 |              8 |         4.00 |
|  Stopwatch_design_i/clk_wiz_1/inst/clk_out1                        | Stopwatch_design_i/gpio_1/inst/gpio_v1_0_S00_AXI_inst/p_1_in[31]                                                                                                                                                   | Stopwatch_design_i/gpio_1/inst/gpio_v1_0_S00_AXI_inst/axi_awready_i_1_n_0                                                                              |                2 |              8 |         4.00 |
|  Stopwatch_design_i/clk_wiz_1/inst/clk_out1                        | Stopwatch_design_i/gpio_3/inst/gpio_v1_0_S00_AXI_inst/slv_reg3[15]_i_1_n_0                                                                                                                                         | Stopwatch_design_i/gpio_3/inst/gpio_v1_0_S00_AXI_inst/axi_awready_i_1_n_0                                                                              |                2 |              8 |         4.00 |
|  Stopwatch_design_i/clk_wiz_1/inst/clk_out1                        | Stopwatch_design_i/axi_uartlite_0/U0/AXI_LITE_IPIF_I/I_SLAVE_ATTACHMENT/I_DECODER/fifo_wr                                                                                                                          |                                                                                                                                                        |                1 |              8 |         8.00 |
|  Stopwatch_design_i/clk_wiz_1/inst/clk_out1                        | Stopwatch_design_i/axi_uartlite_0/U0/AXI_LITE_IPIF_I/I_SLAVE_ATTACHMENT/s_axi_rresp_i                                                                                                                              | Stopwatch_design_i/axi_uartlite_0/U0/AXI_LITE_IPIF_I/I_SLAVE_ATTACHMENT/rst                                                                            |                3 |              8 |         2.67 |
|  Stopwatch_design_i/clk_wiz_1/inst/clk_out1                        | Stopwatch_design_i/gpio_1/inst/gpio_v1_0_S00_AXI_inst/slv_reg2[23]_i_1_n_0                                                                                                                                         | Stopwatch_design_i/gpio_1/inst/gpio_v1_0_S00_AXI_inst/axi_awready_i_1_n_0                                                                              |                2 |              8 |         4.00 |
|  Stopwatch_design_i/clk_wiz_1/inst/clk_out1                        | Stopwatch_design_i/axi_uartlite_0/U0/UARTLITE_CORE_I/UARTLITE_RX_I/SRL_FIFO_I/I_SRL_FIFO_RBU_F/DYNSHREG_F_I/fifo_wr                                                                                                |                                                                                                                                                        |                1 |              8 |         8.00 |
|  Stopwatch_design_i/clk_wiz_1/inst/clk_out1                        | Stopwatch_design_i/gpio_3/inst/gpio_v1_0_S00_AXI_inst/slv_reg3[31]_i_1_n_0                                                                                                                                         | Stopwatch_design_i/gpio_3/inst/gpio_v1_0_S00_AXI_inst/axi_awready_i_1_n_0                                                                              |                1 |              8 |         8.00 |
|  Stopwatch_design_i/clk_wiz_1/inst/clk_out1                        | Stopwatch_design_i/gpio_3/inst/gpio_v1_0_S00_AXI_inst/slv_reg3[7]_i_1_n_0                                                                                                                                          | Stopwatch_design_i/gpio_3/inst/gpio_v1_0_S00_AXI_inst/axi_awready_i_1_n_0                                                                              |                4 |              8 |         2.00 |
|  Stopwatch_design_i/clk_wiz_1/inst/clk_out1                        | Stopwatch_design_i/gpio_3/inst/gpio_v1_0_S00_AXI_inst/slv_reg2[7]_i_1_n_0                                                                                                                                          | Stopwatch_design_i/gpio_3/inst/gpio_v1_0_S00_AXI_inst/axi_awready_i_1_n_0                                                                              |                3 |              8 |         2.67 |
|  Stopwatch_design_i/clk_wiz_1/inst/clk_out1                        | Stopwatch_design_i/gpio_3/inst/gpio_v1_0_S00_AXI_inst/slv_reg2[15]_i_1_n_0                                                                                                                                         | Stopwatch_design_i/gpio_3/inst/gpio_v1_0_S00_AXI_inst/axi_awready_i_1_n_0                                                                              |                1 |              8 |         8.00 |
|  Stopwatch_design_i/clk_wiz_1/inst/clk_out1                        | Stopwatch_design_i/gpio_3/inst/gpio_v1_0_S00_AXI_inst/slv_reg2[31]_i_1_n_0                                                                                                                                         | Stopwatch_design_i/gpio_3/inst/gpio_v1_0_S00_AXI_inst/axi_awready_i_1_n_0                                                                              |                3 |              8 |         2.67 |
|  Stopwatch_design_i/clk_wiz_1/inst/clk_out1                        | Stopwatch_design_i/gpio_1/inst/gpio_v1_0_S00_AXI_inst/slv_reg3[7]_i_1_n_0                                                                                                                                          | Stopwatch_design_i/gpio_1/inst/gpio_v1_0_S00_AXI_inst/axi_awready_i_1_n_0                                                                              |                3 |              8 |         2.67 |
|  Stopwatch_design_i/clk_wiz_1/inst/clk_out1                        | Stopwatch_design_i/gpio_3/inst/gpio_v1_0_S00_AXI_inst/slv_reg3[23]_i_1_n_0                                                                                                                                         | Stopwatch_design_i/gpio_3/inst/gpio_v1_0_S00_AXI_inst/axi_awready_i_1_n_0                                                                              |                1 |              8 |         8.00 |
|  Stopwatch_design_i/clk_wiz_1/inst/clk_out1                        | Stopwatch_design_i/gpio_3/inst/gpio_v1_0_S00_AXI_inst/slv_reg2[23]_i_1_n_0                                                                                                                                         | Stopwatch_design_i/gpio_3/inst/gpio_v1_0_S00_AXI_inst/axi_awready_i_1_n_0                                                                              |                1 |              8 |         8.00 |
|  Stopwatch_design_i/clk_wiz_1/inst/clk_out1                        | Stopwatch_design_i/gpio_3/inst/gpio_v1_0_S00_AXI_inst/p_1_in[8]                                                                                                                                                    | Stopwatch_design_i/gpio_3/inst/gpio_v1_0_S00_AXI_inst/axi_awready_i_1_n_0                                                                              |                2 |              8 |         4.00 |
|  Stopwatch_design_i/clk_wiz_1/inst/clk_out1                        | Stopwatch_design_i/gpio_3/inst/gpio_v1_0_S00_AXI_inst/p_1_in[7]                                                                                                                                                    | Stopwatch_design_i/gpio_3/inst/gpio_v1_0_S00_AXI_inst/axi_awready_i_1_n_0                                                                              |                4 |              8 |         2.00 |
|  Stopwatch_design_i/clk_wiz_1/inst/clk_out1                        | Stopwatch_design_i/gpio_3/inst/gpio_v1_0_S00_AXI_inst/p_1_in[31]                                                                                                                                                   | Stopwatch_design_i/gpio_3/inst/gpio_v1_0_S00_AXI_inst/axi_awready_i_1_n_0                                                                              |                2 |              8 |         4.00 |
|  Stopwatch_design_i/clk_wiz_1/inst/clk_out1                        | Stopwatch_design_i/gpio_3/inst/gpio_v1_0_S00_AXI_inst/p_1_in[16]                                                                                                                                                   | Stopwatch_design_i/gpio_3/inst/gpio_v1_0_S00_AXI_inst/axi_awready_i_1_n_0                                                                              |                1 |              8 |         8.00 |
|  Stopwatch_design_i/clk_wiz_1/inst/clk_out1                        | Stopwatch_design_i/gpio_2/inst/gpio_v1_0_S00_AXI_inst/slv_reg2[23]_i_1_n_0                                                                                                                                         | Stopwatch_design_i/gpio_2/inst/gpio_v1_0_S00_AXI_inst/axi_awready_i_1_n_0                                                                              |                3 |              8 |         2.67 |
|  Stopwatch_design_i/clk_wiz_1/inst/clk_out1                        | Stopwatch_design_i/gpio_2/inst/gpio_v1_0_S00_AXI_inst/slv_reg3[31]_i_1_n_0                                                                                                                                         | Stopwatch_design_i/gpio_2/inst/gpio_v1_0_S00_AXI_inst/axi_awready_i_1_n_0                                                                              |                1 |              8 |         8.00 |
|  Stopwatch_design_i/clk_wiz_1/inst/clk_out1                        | Stopwatch_design_i/gpio_2/inst/gpio_v1_0_S00_AXI_inst/slv_reg2[15]_i_1_n_0                                                                                                                                         | Stopwatch_design_i/gpio_2/inst/gpio_v1_0_S00_AXI_inst/axi_awready_i_1_n_0                                                                              |                1 |              8 |         8.00 |
|  Stopwatch_design_i/clk_wiz_1/inst/clk_out1                        | Stopwatch_design_i/gpio_2/inst/gpio_v1_0_S00_AXI_inst/slv_reg3[7]_i_1_n_0                                                                                                                                          | Stopwatch_design_i/gpio_2/inst/gpio_v1_0_S00_AXI_inst/axi_awready_i_1_n_0                                                                              |                3 |              8 |         2.67 |
|  Stopwatch_design_i/clk_wiz_1/inst/clk_out1                        | Stopwatch_design_i/gpio_2/inst/gpio_v1_0_S00_AXI_inst/slv_reg2[31]_i_1_n_0                                                                                                                                         | Stopwatch_design_i/gpio_2/inst/gpio_v1_0_S00_AXI_inst/axi_awready_i_1_n_0                                                                              |                1 |              8 |         8.00 |
|  Stopwatch_design_i/clk_wiz_1/inst/clk_out1                        | Stopwatch_design_i/gpio_2/inst/gpio_v1_0_S00_AXI_inst/slv_reg3[23]_i_1_n_0                                                                                                                                         | Stopwatch_design_i/gpio_2/inst/gpio_v1_0_S00_AXI_inst/axi_awready_i_1_n_0                                                                              |                1 |              8 |         8.00 |
|  Stopwatch_design_i/clk_wiz_1/inst/clk_out1                        | Stopwatch_design_i/gpio_2/inst/gpio_v1_0_S00_AXI_inst/p_1_in[31]                                                                                                                                                   | Stopwatch_design_i/gpio_2/inst/gpio_v1_0_S00_AXI_inst/axi_awready_i_1_n_0                                                                              |                1 |              8 |         8.00 |
|  Stopwatch_design_i/clk_wiz_1/inst/clk_out1                        | Stopwatch_design_i/gpio_2/inst/gpio_v1_0_S00_AXI_inst/p_1_in[8]                                                                                                                                                    | Stopwatch_design_i/gpio_2/inst/gpio_v1_0_S00_AXI_inst/axi_awready_i_1_n_0                                                                              |                1 |              8 |         8.00 |
|  Stopwatch_design_i/clk_wiz_1/inst/clk_out1                        | Stopwatch_design_i/gpio_2/inst/gpio_v1_0_S00_AXI_inst/slv_reg3[15]_i_1_n_0                                                                                                                                         | Stopwatch_design_i/gpio_2/inst/gpio_v1_0_S00_AXI_inst/axi_awready_i_1_n_0                                                                              |                1 |              8 |         8.00 |
|  Stopwatch_design_i/clk_wiz_1/inst/clk_out1                        | Stopwatch_design_i/gpio_2/inst/gpio_v1_0_S00_AXI_inst/p_1_in[16]                                                                                                                                                   | Stopwatch_design_i/gpio_2/inst/gpio_v1_0_S00_AXI_inst/axi_awready_i_1_n_0                                                                              |                1 |              8 |         8.00 |
|  Stopwatch_design_i/clk_wiz_1/inst/clk_out1                        | Stopwatch_design_i/gpio_2/inst/gpio_v1_0_S00_AXI_inst/slv_reg2[7]_i_1_n_0                                                                                                                                          | Stopwatch_design_i/gpio_2/inst/gpio_v1_0_S00_AXI_inst/axi_awready_i_1_n_0                                                                              |                4 |              8 |         2.00 |
|  Stopwatch_design_i/clk_wiz_1/inst/clk_out1                        | Stopwatch_design_i/gpio_0/inst/gpio_v1_0_S00_AXI_inst/slv_reg2[15]_i_1_n_0                                                                                                                                         | Stopwatch_design_i/gpio_0/inst/gpio_v1_0_S00_AXI_inst/axi_awready_i_1_n_0                                                                              |                1 |              8 |         8.00 |
|  Stopwatch_design_i/clk_wiz_1/inst/clk_out1                        | Stopwatch_design_i/gpio_0/inst/gpio_v1_0_S00_AXI_inst/slv_reg2[7]_i_1_n_0                                                                                                                                          | Stopwatch_design_i/gpio_0/inst/gpio_v1_0_S00_AXI_inst/axi_awready_i_1_n_0                                                                              |                1 |              8 |         8.00 |
|  Stopwatch_design_i/clk_wiz_1/inst/clk_out1                        | Stopwatch_design_i/gpio_0/inst/gpio_v1_0_S00_AXI_inst/slv_reg3[23]_i_1_n_0                                                                                                                                         | Stopwatch_design_i/gpio_0/inst/gpio_v1_0_S00_AXI_inst/axi_awready_i_1_n_0                                                                              |                1 |              8 |         8.00 |
|  Stopwatch_design_i/clk_wiz_1/inst/clk_out1                        | Stopwatch_design_i/gpio_0/inst/gpio_v1_0_S00_AXI_inst/slv_reg3[31]_i_1_n_0                                                                                                                                         | Stopwatch_design_i/gpio_0/inst/gpio_v1_0_S00_AXI_inst/axi_awready_i_1_n_0                                                                              |                1 |              8 |         8.00 |
|  Stopwatch_design_i/clk_wiz_1/inst/clk_out1                        | Stopwatch_design_i/gpio_0/inst/gpio_v1_0_S00_AXI_inst/slv_reg3[7]_i_1_n_0                                                                                                                                          | Stopwatch_design_i/gpio_0/inst/gpio_v1_0_S00_AXI_inst/axi_awready_i_1_n_0                                                                              |                5 |              8 |         1.60 |
|  Stopwatch_design_i/mdm_1/U0/No_Dbg_Reg_Access.BUFG_DRCK/Dbg_Clk_0 | Stopwatch_design_i/mdm_1/U0/MDM_Core_I1/JTAG_CONTROL_I/Use_BSCAN.FDC_I/Use_Serial_Unified_Completion.completion_block_reg                                                                                          |                                                                                                                                                        |                3 |             10 |         3.33 |
|  Stopwatch_design_i/clk_wiz_1/inst/clk_out1                        |                                                                                                                                                                                                                    | Stopwatch_design_i/axi_uartlite_0/U0/AXI_LITE_IPIF_I/I_SLAVE_ATTACHMENT/rst                                                                            |                4 |             10 |         2.50 |
|  Stopwatch_design_i/clk_wiz_1/inst/clk_out1                        |                                                                                                                                                                                                                    | Stopwatch_design_i/gpio_3/inst/gpio_v1_0_S00_AXI_inst/axi_awready_i_1_n_0                                                                              |                4 |             10 |         2.50 |
|  Stopwatch_design_i/clk_wiz_1/inst/clk_out1                        |                                                                                                                                                                                                                    | Stopwatch_design_i/gpio_2/inst/gpio_v1_0_S00_AXI_inst/axi_awready_i_1_n_0                                                                              |                5 |             10 |         2.00 |
|  Stopwatch_design_i/clk_wiz_1/inst/clk_out1                        |                                                                                                                                                                                                                    | Stopwatch_design_i/gpio_0/inst/gpio_v1_0_S00_AXI_inst/axi_awready_i_1_n_0                                                                              |                4 |             10 |         2.50 |
|  Stopwatch_design_i/clk_wiz_1/inst/clk_out1                        |                                                                                                                                                                                                                    | Stopwatch_design_i/gpio_1/inst/gpio_v1_0_S00_AXI_inst/axi_awready_i_1_n_0                                                                              |                4 |             10 |         2.50 |
|  Stopwatch_design_i/clk_wiz_1/inst/clk_out1                        |                                                                                                                                                                                                                    | Stopwatch_design_i/microblaze_0_axi_periph/xbar/inst/gen_sasd.crossbar_sasd_0/addr_arbiter_inst/SR[0]                                                  |                3 |             13 |         4.33 |
|  Stopwatch_design_i/clk_wiz_1/inst/clk_out1                        | Stopwatch_design_i/microblaze_0_axi_periph/xbar/inst/gen_sasd.crossbar_sasd_0/reg_slice_r/aa_rready                                                                                                                |                                                                                                                                                        |                4 |             16 |         4.00 |
|  Stopwatch_design_i/clk_wiz_1/inst/clk_out1                        | Stopwatch_design_i/microblaze_0/U0/MicroBlaze_Core_I/Performance.Core/Decode_I/PreFetch_Buffer_I1/OF_Valid_DFF/E[0]                                                                                                | Stopwatch_design_i/microblaze_0/U0/MicroBlaze_Core_I/sync_reset                                                                                        |                6 |             16 |         2.67 |
|  Stopwatch_design_i/clk_wiz_1/inst/clk_out1                        | Stopwatch_design_i/microblaze_0_axi_periph/xbar/inst/gen_sasd.crossbar_sasd_0/addr_arbiter_inst/p_0_in1_in                                                                                                         | Stopwatch_design_i/microblaze_0_axi_periph/xbar/inst/gen_sasd.crossbar_sasd_0/addr_arbiter_inst/SR[0]                                                  |                6 |             18 |         3.00 |
|  Stopwatch_design_i/clk_wiz_1/inst/clk_out1                        | Stopwatch_design_i/microblaze_0/U0/MicroBlaze_Core_I/Performance.Core/Decode_I/mem_wait_on_ready_N_carry_or/MUXCY_I/lopt_1                                                                                         | Stopwatch_design_i/microblaze_0/U0/MicroBlaze_Core_I/sync_reset                                                                                        |                6 |             20 |         3.33 |
|  Stopwatch_design_i/mdm_1/U0/No_Dbg_Reg_Access.BUFG_DRCK/Dbg_Clk_0 |                                                                                                                                                                                                                    | Stopwatch_design_i/mdm_1/U0/Use_E2.BSCAN_I/Use_E2.BSCANE2_I_0                                                                                          |                3 |             23 |         7.67 |
|  Stopwatch_design_i/clk_wiz_1/inst/clk_out1                        | Stopwatch_design_i/axi_uartlite_0/U0/UARTLITE_CORE_I/BAUD_RATE_I/en_16x_Baud                                                                                                                                       | Stopwatch_design_i/axi_uartlite_0/U0/UARTLITE_CORE_I/UARTLITE_RX_I/ACTIVE_LOW_PR_OUT_DFF[0].FDRE_PER_N                                                 |                6 |             28 |         4.67 |
|  Stopwatch_design_i/clk_wiz_1/inst/clk_out1                        |                                                                                                                                                                                                                    | Stopwatch_design_i/axi_uartlite_0/U0/UARTLITE_CORE_I/UARTLITE_RX_I/ACTIVE_LOW_PR_OUT_DFF[0].FDRE_PER_N                                                 |               10 |             30 |         3.00 |
|  Stopwatch_design_i/clk_wiz_1/inst/clk_out1                        | Stopwatch_design_i/microblaze_0/U0/MicroBlaze_Core_I/Performance.Core/Decode_I/Use_MuxCy[3].OF_Piperun_Stage/MUXCY_I/E[0]                                                                                          | Stopwatch_design_i/microblaze_0/U0/MicroBlaze_Core_I/sync_reset                                                                                        |                5 |             32 |         6.40 |
|  Stopwatch_design_i/mdm_1/U0/No_Dbg_Reg_Access.BUFG_DRCK/Dbg_Clk_0 | Stopwatch_design_i/microblaze_0/U0/MicroBlaze_Core_I/Performance.Core/Use_Debug_Logic.Master_Core.Debug_Perf/New_Dbg_Instr_TCK                                                                                     |                                                                                                                                                        |               11 |             32 |         2.91 |
|  Stopwatch_design_i/clk_wiz_1/inst/clk_out1                        |                                                                                                                                                                                                                    | Stopwatch_design_i/microblaze_0/U0/MicroBlaze_Core_I/Performance.Core/wb_dlmb_valid_read_data0                                                         |               17 |             32 |         1.88 |
|  Stopwatch_design_i/clk_wiz_1/inst/clk_out1                        | Stopwatch_design_i/microblaze_0_axi_periph/xbar/inst/gen_sasd.crossbar_sasd_0/addr_arbiter_inst/s_axi_rvalid[0]                                                                                                    | Stopwatch_design_i/microblaze_0/U0/MicroBlaze_Core_I/sync_reset                                                                                        |               11 |             32 |         2.91 |
|  Stopwatch_design_i/clk_wiz_1/inst/clk_out1                        | Stopwatch_design_i/gpio_0/inst/gpio_v1_0_S00_AXI_inst/slv_reg_rden__0                                                                                                                                              | Stopwatch_design_i/gpio_0/inst/gpio_v1_0_S00_AXI_inst/axi_awready_i_1_n_0                                                                              |               17 |             32 |         1.88 |
|  Stopwatch_design_i/clk_wiz_1/inst/clk_out1                        | Stopwatch_design_i/gpio_1/inst/gpio_v1_0_S00_AXI_inst/slv_reg_rden__0                                                                                                                                              | Stopwatch_design_i/gpio_1/inst/gpio_v1_0_S00_AXI_inst/axi_awready_i_1_n_0                                                                              |               11 |             32 |         2.91 |
|  Stopwatch_design_i/clk_wiz_1/inst/clk_out1                        | Stopwatch_design_i/gpio_2/inst/gpio_v1_0_S00_AXI_inst/slv_reg_rden__0                                                                                                                                              | Stopwatch_design_i/gpio_2/inst/gpio_v1_0_S00_AXI_inst/axi_awready_i_1_n_0                                                                              |               13 |             32 |         2.46 |
|  Stopwatch_design_i/clk_wiz_1/inst/clk_out1                        | Stopwatch_design_i/microblaze_0/U0/MicroBlaze_Core_I/Performance.Core/Decode_I/PreFetch_Buffer_I1/Gen_Mux_Select_LUT6[1].Gen_Sel_DFF/if_fetch_in_progress_reg[0]                                                   | Stopwatch_design_i/microblaze_0/U0/MicroBlaze_Core_I/sync_reset                                                                                        |                8 |             32 |         4.00 |
|  Stopwatch_design_i/clk_wiz_1/inst/clk_out1                        | Stopwatch_design_i/microblaze_0/U0/MicroBlaze_Core_I/Performance.Core/Use_Debug_Logic.Master_Core.Debug_Perf/data_rd_reg[0]_i_1_n_0                                                                                | Stopwatch_design_i/microblaze_0/U0/MicroBlaze_Core_I/sync_reset                                                                                        |               10 |             32 |         3.20 |
|  Stopwatch_design_i/clk_wiz_1/inst/clk_out1                        | Stopwatch_design_i/microblaze_0/U0/MicroBlaze_Core_I/Performance.Core/Decode_I/mem_wait_on_ready_N_carry_or/MUXCY_I/lopt_1                                                                                         |                                                                                                                                                        |                7 |             32 |         4.57 |
|  Stopwatch_design_i/clk_wiz_1/inst/clk_out1                        | Stopwatch_design_i/microblaze_0/U0/MicroBlaze_Core_I/Performance.Core/Decode_I/mem_wait_on_ready_N_carry_or/MUXCY_I/lopt_1                                                                                         | Stopwatch_design_i/microblaze_0/U0/MicroBlaze_Core_I/Performance.Core/Decode_I/SR[0]                                                                   |               11 |             32 |         2.91 |
|  Stopwatch_design_i/clk_wiz_1/inst/clk_out1                        | Stopwatch_design_i/gpio_3/inst/gpio_v1_0_S00_AXI_inst/slv_reg_rden__0                                                                                                                                              | Stopwatch_design_i/gpio_3/inst/gpio_v1_0_S00_AXI_inst/axi_awready_i_1_n_0                                                                              |               17 |             32 |         1.88 |
|  Stopwatch_design_i/clk_wiz_1/inst/clk_out1                        | Stopwatch_design_i/microblaze_0/U0/MicroBlaze_Core_I/Performance.Core/Decode_I/Use_MuxCy[3].OF_Piperun_Stage/MUXCY_I/Using_FPGA.Native_0                                                                           | Stopwatch_design_i/microblaze_0/U0/MicroBlaze_Core_I/Performance.Core/Decode_I/R                                                                       |               12 |             32 |         2.67 |
|  Stopwatch_design_i/clk_wiz_1/inst/clk_out1                        | Stopwatch_design_i/microblaze_0_axi_periph/xbar/inst/gen_sasd.crossbar_sasd_0/addr_arbiter_inst/E[0]                                                                                                               |                                                                                                                                                        |               10 |             33 |         3.30 |
|  Stopwatch_design_i/mdm_1/U0/No_Dbg_Reg_Access.BUFG_DRCK/Dbg_Clk_0 | Stopwatch_design_i/mdm_1/U0/Use_E2.BSCAN_I/Use_BSCAN.PORT_Selector_reg[0]                                                                                                                                          |                                                                                                                                                        |               15 |             47 |         3.13 |
|  Stopwatch_design_i/clk_wiz_1/inst/clk_out1                        | Stopwatch_design_i/microblaze_0/U0/MicroBlaze_Core_I/Performance.Core/Decode_I/PreFetch_Buffer_I1/Instruction_Prefetch_Mux[42].Instr_Mux_MUXF7/Performance_Debug_Control.dbg_freeze_nohalt_reg                     |                                                                                                                                                        |               10 |             75 |         7.50 |
|  Stopwatch_design_i/clk_wiz_1/inst/clk_out1                        | Stopwatch_design_i/microblaze_0/U0/MicroBlaze_Core_I/Performance.Core/Decode_I/Use_MuxCy[3].OF_Piperun_Stage/MUXCY_I/Using_FPGA.Native_0                                                                           | Stopwatch_design_i/microblaze_0/U0/MicroBlaze_Core_I/sync_reset                                                                                        |               31 |             78 |         2.52 |
|  Stopwatch_design_i/mdm_1/U0/No_Dbg_Reg_Access.BUFG_DRCK/Dbg_Clk_0 |                                                                                                                                                                                                                    |                                                                                                                                                        |               26 |             80 |         3.08 |
|  Stopwatch_design_i/clk_wiz_1/inst/clk_out1                        |                                                                                                                                                                                                                    |                                                                                                                                                        |               48 |            119 |         2.48 |
|  Stopwatch_design_i/clk_wiz_1/inst/clk_out1                        | Stopwatch_design_i/microblaze_0/U0/MicroBlaze_Core_I/Performance.Core/Decode_I/WB_GPR_Wr                                                                                                                           |                                                                                                                                                        |               16 |            128 |         8.00 |
|  Stopwatch_design_i/clk_wiz_1/inst/clk_out1                        |                                                                                                                                                                                                                    | Stopwatch_design_i/microblaze_0/U0/MicroBlaze_Core_I/sync_reset                                                                                        |               73 |            150 |         2.05 |
|  Stopwatch_design_i/clk_wiz_1/inst/clk_out1                        | Stopwatch_design_i/microblaze_0/U0/MicroBlaze_Core_I/Performance.Core/Decode_I/Use_MuxCy[11].OF_Piperun_Stage/MUXCY_I/Using_FPGA.Native_0                                                                          | Stopwatch_design_i/microblaze_0/U0/MicroBlaze_Core_I/sync_reset                                                                                        |               75 |            218 |         2.91 |
+--------------------------------------------------------------------+--------------------------------------------------------------------------------------------------------------------------------------------------------------------------------------------------------------------+--------------------------------------------------------------------------------------------------------------------------------------------------------+------------------+----------------+--------------+


