
*** Running vivado
    with args -log top_uart_time_sensor.vdi -applog -m64 -product Vivado -messageDb vivado.pb -mode batch -source top_uart_time_sensor.tcl -notrace



****** Vivado v2020.2 (64-bit)
  **** SW Build 3064766 on Wed Nov 18 09:12:45 MST 2020
  **** IP Build 3064653 on Wed Nov 18 14:17:31 MST 2020
    ** Copyright 1986-2020 Xilinx, Inc. All Rights Reserved.

source top_uart_time_sensor.tcl -notrace
Command: link_design -top top_uart_time_sensor -part xc7a35tcpg236-1
Design is defaulting to srcset: sources_1
Design is defaulting to constrset: constrs_1
INFO: [Device 21-403] Loading part xc7a35tcpg236-1
Netlist sorting complete. Time (s): cpu = 00:00:00 ; elapsed = 00:00:00.008 . Memory (MB): peak = 1105.043 ; gain = 0.000
INFO: [Netlist 29-17] Analyzing 79 Unisim elements for replacement
INFO: [Netlist 29-28] Unisim Transformation completed in 0 CPU seconds
INFO: [Project 1-479] Netlist was created with Vivado 2020.2
INFO: [Project 1-570] Preparing netlist for logic optimization
Parsing XDC File [D:/Work/OnDeviceAI2/UART_Sensor/UART_Sensor.srcs/constrs_1/new/echo.xdc]
WARNING: [Vivado 12-584] No ports matched 'btn_R'. [D:/Work/OnDeviceAI2/UART_Sensor/UART_Sensor.srcs/constrs_1/new/echo.xdc:34]
CRITICAL WARNING: [Common 17-55] 'set_property' expects at least one object. [D:/Work/OnDeviceAI2/UART_Sensor/UART_Sensor.srcs/constrs_1/new/echo.xdc:34]
Resolution: If [get_<value>] was used to populate the object, check to make sure this command returns at least one valid object.
Finished Parsing XDC File [D:/Work/OnDeviceAI2/UART_Sensor/UART_Sensor.srcs/constrs_1/new/echo.xdc]
INFO: [Opt 31-138] Pushed 0 inverter(s) to 0 load pin(s).
Netlist sorting complete. Time (s): cpu = 00:00:00 ; elapsed = 00:00:00 . Memory (MB): peak = 1105.043 ; gain = 0.000
INFO: [Project 1-111] Unisim Transformation Summary:
  A total of 5 instances were transformed.
  IOBUF => IOBUF (IBUF, OBUFT): 1 instance 
  RAM32M => RAM32M (RAMD32(x6), RAMS32(x2)): 4 instances

7 Infos, 1 Warnings, 1 Critical Warnings and 0 Errors encountered.
link_design completed successfully
link_design: Time (s): cpu = 00:00:04 ; elapsed = 00:00:05 . Memory (MB): peak = 1105.043 ; gain = 0.000
Command: opt_design
Attempting to get a license for feature 'Implementation' and/or device 'xc7a35t'
INFO: [Common 17-349] Got license for feature 'Implementation' and/or device 'xc7a35t'
Running DRC as a precondition to command opt_design

Starting DRC Task
INFO: [DRC 23-27] Running DRC with 2 threads
INFO: [Project 1-461] DRC finished with 0 Errors
INFO: [Project 1-462] Please refer to the DRC report (report_drc) for more information.

Time (s): cpu = 00:00:01 ; elapsed = 00:00:00.688 . Memory (MB): peak = 1105.043 ; gain = 0.000

Starting Cache Timing Information Task
INFO: [Timing 38-35] Done setting XDC timing constraints.
Ending Cache Timing Information Task | Checksum: 1a7827ba7

Time (s): cpu = 00:00:05 ; elapsed = 00:00:05 . Memory (MB): peak = 1447.984 ; gain = 342.941

Starting Logic Optimization Task

Phase 1 Retarget
INFO: [Opt 31-138] Pushed 1 inverter(s) to 1 load pin(s).
INFO: [Opt 31-49] Retargeted 0 cell(s).
Phase 1 Retarget | Checksum: c23290ed

Time (s): cpu = 00:00:00 ; elapsed = 00:00:00.058 . Memory (MB): peak = 1660.266 ; gain = 0.000
INFO: [Opt 31-389] Phase Retarget created 0 cells and removed 3 cells

Phase 2 Constant propagation
INFO: [Opt 31-138] Pushed 0 inverter(s) to 0 load pin(s).
Phase 2 Constant propagation | Checksum: 111c6bfd9

Time (s): cpu = 00:00:00 ; elapsed = 00:00:00.067 . Memory (MB): peak = 1660.266 ; gain = 0.000
INFO: [Opt 31-389] Phase Constant propagation created 0 cells and removed 0 cells

Phase 3 Sweep
Phase 3 Sweep | Checksum: af0a2f7e

Time (s): cpu = 00:00:00 ; elapsed = 00:00:00.083 . Memory (MB): peak = 1660.266 ; gain = 0.000
INFO: [Opt 31-389] Phase Sweep created 0 cells and removed 0 cells

Phase 4 BUFG optimization
Phase 4 BUFG optimization | Checksum: af0a2f7e

Time (s): cpu = 00:00:00 ; elapsed = 00:00:00.102 . Memory (MB): peak = 1660.266 ; gain = 0.000
INFO: [Opt 31-662] Phase BUFG optimization created 0 cells of which 0 are BUFGs and removed 0 cells.

Phase 5 Shift Register Optimization
INFO: [Opt 31-1064] SRL Remap converted 0 SRLs to 0 registers and converted 0 registers of register chains to 0 SRLs
Phase 5 Shift Register Optimization | Checksum: af0a2f7e

Time (s): cpu = 00:00:00 ; elapsed = 00:00:00.105 . Memory (MB): peak = 1660.266 ; gain = 0.000
INFO: [Opt 31-389] Phase Shift Register Optimization created 0 cells and removed 0 cells

Phase 6 Post Processing Netlist
Phase 6 Post Processing Netlist | Checksum: af0a2f7e

Time (s): cpu = 00:00:00 ; elapsed = 00:00:00.110 . Memory (MB): peak = 1660.266 ; gain = 0.000
INFO: [Opt 31-389] Phase Post Processing Netlist created 0 cells and removed 0 cells
Opt_design Change Summary
=========================


-------------------------------------------------------------------------------------------------------------------------
|  Phase                        |  #Cells created  |  #Cells Removed  |  #Constrained objects preventing optimizations  |
-------------------------------------------------------------------------------------------------------------------------
|  Retarget                     |               0  |               3  |                                              0  |
|  Constant propagation         |               0  |               0  |                                              0  |
|  Sweep                        |               0  |               0  |                                              0  |
|  BUFG optimization            |               0  |               0  |                                              0  |
|  Shift Register Optimization  |               0  |               0  |                                              0  |
|  Post Processing Netlist      |               0  |               0  |                                              0  |
-------------------------------------------------------------------------------------------------------------------------



Starting Connectivity Check Task

Time (s): cpu = 00:00:00 ; elapsed = 00:00:00.002 . Memory (MB): peak = 1660.266 ; gain = 0.000
Ending Logic Optimization Task | Checksum: 13fdab590

Time (s): cpu = 00:00:00 ; elapsed = 00:00:00.126 . Memory (MB): peak = 1660.266 ; gain = 0.000

Starting Power Optimization Task
INFO: [Pwropt 34-132] Skipping clock gating for clocks with a period < 2.00 ns.
Ending Power Optimization Task | Checksum: 13fdab590

Time (s): cpu = 00:00:00 ; elapsed = 00:00:00.014 . Memory (MB): peak = 1660.266 ; gain = 0.000

Starting Final Cleanup Task
Ending Final Cleanup Task | Checksum: 13fdab590

Time (s): cpu = 00:00:00 ; elapsed = 00:00:00 . Memory (MB): peak = 1660.266 ; gain = 0.000

Starting Netlist Obfuscation Task
Netlist sorting complete. Time (s): cpu = 00:00:00 ; elapsed = 00:00:00.001 . Memory (MB): peak = 1660.266 ; gain = 0.000
Ending Netlist Obfuscation Task | Checksum: 13fdab590

Time (s): cpu = 00:00:00 ; elapsed = 00:00:00.001 . Memory (MB): peak = 1660.266 ; gain = 0.000
INFO: [Common 17-83] Releasing license: Implementation
24 Infos, 1 Warnings, 1 Critical Warnings and 0 Errors encountered.
opt_design completed successfully
opt_design: Time (s): cpu = 00:00:07 ; elapsed = 00:00:07 . Memory (MB): peak = 1660.266 ; gain = 555.223
INFO: [Timing 38-480] Writing timing data to binary archive.
Writing placer database...
Writing XDEF routing.
Writing XDEF routing logical nets.
Writing XDEF routing special nets.
Write XDEF Complete: Time (s): cpu = 00:00:00 ; elapsed = 00:00:00.019 . Memory (MB): peak = 1660.266 ; gain = 0.000
INFO: [Common 17-1381] The checkpoint 'D:/Work/OnDeviceAI2/UART_Sensor/UART_Sensor.runs/impl_1/top_uart_time_sensor_opt.dcp' has been generated.
INFO: [runtcl-4] Executing : report_drc -file top_uart_time_sensor_drc_opted.rpt -pb top_uart_time_sensor_drc_opted.pb -rpx top_uart_time_sensor_drc_opted.rpx
Command: report_drc -file top_uart_time_sensor_drc_opted.rpt -pb top_uart_time_sensor_drc_opted.pb -rpx top_uart_time_sensor_drc_opted.rpx
INFO: [IP_Flow 19-234] Refreshing IP repositories
INFO: [IP_Flow 19-1704] No user IP repositories specified
INFO: [IP_Flow 19-2313] Loaded Vivado IP repository 'C:/Xilinx/Vivado/2020.2/data/ip'.
INFO: [Timing 38-35] Done setting XDC timing constraints.
INFO: [DRC 23-27] Running DRC with 2 threads
INFO: [Coretcl 2-168] The results of DRC are in file D:/Work/OnDeviceAI2/UART_Sensor/UART_Sensor.runs/impl_1/top_uart_time_sensor_drc_opted.rpt.
report_drc completed successfully
Command: place_design
Attempting to get a license for feature 'Implementation' and/or device 'xc7a35t'
INFO: [Common 17-349] Got license for feature 'Implementation' and/or device 'xc7a35t'
INFO: [DRC 23-27] Running DRC with 2 threads
INFO: [Vivado_Tcl 4-198] DRC finished with 0 Errors
INFO: [Vivado_Tcl 4-199] Please refer to the DRC report (report_drc) for more information.
Running DRC as a precondition to command place_design
INFO: [DRC 23-27] Running DRC with 2 threads
INFO: [Vivado_Tcl 4-198] DRC finished with 0 Errors
INFO: [Vivado_Tcl 4-199] Please refer to the DRC report (report_drc) for more information.

Starting Placer Task
INFO: [Place 30-611] Multithreading enabled for place_design using a maximum of 2 CPUs

Phase 1 Placer Initialization

Phase 1.1 Placer Initialization Netlist Sorting
Netlist sorting complete. Time (s): cpu = 00:00:00 ; elapsed = 00:00:00.001 . Memory (MB): peak = 1706.414 ; gain = 0.000
Phase 1.1 Placer Initialization Netlist Sorting | Checksum: a6293b51

Time (s): cpu = 00:00:00 ; elapsed = 00:00:00.018 . Memory (MB): peak = 1706.414 ; gain = 0.000
Netlist sorting complete. Time (s): cpu = 00:00:00 ; elapsed = 00:00:00.001 . Memory (MB): peak = 1706.414 ; gain = 0.000

Phase 1.2 IO Placement/ Clock Placement/ Build Placer Device
Phase 1.2 IO Placement/ Clock Placement/ Build Placer Device | Checksum: 19940e68a

Time (s): cpu = 00:00:00 ; elapsed = 00:00:00.189 . Memory (MB): peak = 1706.414 ; gain = 0.000

Phase 1.3 Build Placer Netlist Model
Phase 1.3 Build Placer Netlist Model | Checksum: 2596f843a

Time (s): cpu = 00:00:00 ; elapsed = 00:00:00.390 . Memory (MB): peak = 1706.414 ; gain = 0.000

Phase 1.4 Constrain Clocks/Macros
Phase 1.4 Constrain Clocks/Macros | Checksum: 2596f843a

Time (s): cpu = 00:00:00 ; elapsed = 00:00:00.392 . Memory (MB): peak = 1706.414 ; gain = 0.000
Phase 1 Placer Initialization | Checksum: 2596f843a

Time (s): cpu = 00:00:00 ; elapsed = 00:00:00.399 . Memory (MB): peak = 1706.414 ; gain = 0.000

Phase 2 Global Placement

Phase 2.1 Floorplanning
Phase 2.1 Floorplanning | Checksum: 1c2b33a7c

Time (s): cpu = 00:00:01 ; elapsed = 00:00:00.496 . Memory (MB): peak = 1706.414 ; gain = 0.000

Phase 2.2 Update Timing before SLR Path Opt
Phase 2.2 Update Timing before SLR Path Opt | Checksum: 1ecc6e337

Time (s): cpu = 00:00:01 ; elapsed = 00:00:00.542 . Memory (MB): peak = 1706.414 ; gain = 0.000

Phase 2.3 Global Placement Core

Phase 2.3.1 Physical Synthesis In Placer
INFO: [Physopt 32-1035] Found 2 LUTNM shape to break, 50 LUT instances to create LUTNM shape
INFO: [Physopt 32-1044] Break lutnm for timing: one critical 0, two critical 2, total 2, new lutff created 0
INFO: [Physopt 32-775] End 1 Pass. Optimized 16 nets or cells. Created 2 new cells, deleted 14 existing cells and moved 0 existing cell
INFO: [Physopt 32-65] No nets found for high-fanout optimization.
INFO: [Physopt 32-232] Optimized 0 net. Created 0 new instance.
INFO: [Physopt 32-775] End 1 Pass. Optimized 0 net or cell. Created 0 new cell, deleted 0 existing cell and moved 0 existing cell
INFO: [Physopt 32-456] No candidate cells for DSP register optimization found in the design.
INFO: [Physopt 32-775] End 2 Pass. Optimized 0 net or cell. Created 0 new cell, deleted 0 existing cell and moved 0 existing cell
INFO: [Physopt 32-1123] No candidate cells found for Shift Register to Pipeline optimization
INFO: [Physopt 32-775] End 1 Pass. Optimized 0 net or cell. Created 0 new cell, deleted 0 existing cell and moved 0 existing cell
INFO: [Physopt 32-677] No candidate cells for Shift Register optimization found in the design
INFO: [Physopt 32-775] End 1 Pass. Optimized 0 net or cell. Created 0 new cell, deleted 0 existing cell and moved 0 existing cell
INFO: [Physopt 32-526] No candidate cells for BRAM register optimization found in the design
INFO: [Physopt 32-775] End 1 Pass. Optimized 0 net or cell. Created 0 new cell, deleted 0 existing cell and moved 0 existing cell
INFO: [Physopt 32-846] No candidate cells for URAM register optimization found in the design
INFO: [Physopt 32-775] End 2 Pass. Optimized 0 net or cell. Created 0 new cell, deleted 0 existing cell and moved 0 existing cell
INFO: [Physopt 32-949] No candidate nets found for dynamic/static region interface net replication
INFO: [Physopt 32-775] End 1 Pass. Optimized 0 net or cell. Created 0 new cell, deleted 0 existing cell and moved 0 existing cell
Netlist sorting complete. Time (s): cpu = 00:00:00 ; elapsed = 00:00:00 . Memory (MB): peak = 1706.414 ; gain = 0.000

Summary of Physical Synthesis Optimizations
============================================


-----------------------------------------------------------------------------------------------------------------------------------------------------------
|  Optimization                                     |  Added Cells  |  Removed Cells  |  Optimized Cells/Nets  |  Dont Touch  |  Iterations  |  Elapsed   |
-----------------------------------------------------------------------------------------------------------------------------------------------------------
|  LUT Combining                                    |            2  |             14  |                    16  |           0  |           1  |  00:00:00  |
|  Very High Fanout                                 |            0  |              0  |                     0  |           0  |           1  |  00:00:00  |
|  DSP Register                                     |            0  |              0  |                     0  |           0  |           1  |  00:00:00  |
|  Shift Register to Pipeline                       |            0  |              0  |                     0  |           0  |           1  |  00:00:00  |
|  Shift Register                                   |            0  |              0  |                     0  |           0  |           1  |  00:00:00  |
|  BRAM Register                                    |            0  |              0  |                     0  |           0  |           1  |  00:00:00  |
|  URAM Register                                    |            0  |              0  |                     0  |           0  |           1  |  00:00:00  |
|  Dynamic/Static Region Interface Net Replication  |            0  |              0  |                     0  |           0  |           1  |  00:00:00  |
|  Total                                            |            2  |             14  |                    16  |           0  |           8  |  00:00:00  |
-----------------------------------------------------------------------------------------------------------------------------------------------------------


Phase 2.3.1 Physical Synthesis In Placer | Checksum: 25bceebb6

Time (s): cpu = 00:00:02 ; elapsed = 00:00:02 . Memory (MB): peak = 1706.414 ; gain = 0.000
Phase 2.3 Global Placement Core | Checksum: 21433d915

Time (s): cpu = 00:00:02 ; elapsed = 00:00:02 . Memory (MB): peak = 1706.414 ; gain = 0.000
Phase 2 Global Placement | Checksum: 21433d915

Time (s): cpu = 00:00:02 ; elapsed = 00:00:02 . Memory (MB): peak = 1706.414 ; gain = 0.000

Phase 3 Detail Placement

Phase 3.1 Commit Multi Column Macros
Phase 3.1 Commit Multi Column Macros | Checksum: 1a9422b14

Time (s): cpu = 00:00:02 ; elapsed = 00:00:02 . Memory (MB): peak = 1706.414 ; gain = 0.000

Phase 3.2 Commit Most Macros & LUTRAMs
Phase 3.2 Commit Most Macros & LUTRAMs | Checksum: 173d96a2a

Time (s): cpu = 00:00:03 ; elapsed = 00:00:02 . Memory (MB): peak = 1706.414 ; gain = 0.000

Phase 3.3 Area Swap Optimization
Phase 3.3 Area Swap Optimization | Checksum: 155bf5d11

Time (s): cpu = 00:00:03 ; elapsed = 00:00:02 . Memory (MB): peak = 1706.414 ; gain = 0.000

Phase 3.4 Pipeline Register Optimization
Phase 3.4 Pipeline Register Optimization | Checksum: 2418eba3b

Time (s): cpu = 00:00:03 ; elapsed = 00:00:02 . Memory (MB): peak = 1706.414 ; gain = 0.000

Phase 3.5 Fast Optimization
Phase 3.5 Fast Optimization | Checksum: 22d597ebe

Time (s): cpu = 00:00:03 ; elapsed = 00:00:03 . Memory (MB): peak = 1706.414 ; gain = 0.000

Phase 3.6 Small Shape Detail Placement
Phase 3.6 Small Shape Detail Placement | Checksum: 123c55aa8

Time (s): cpu = 00:00:04 ; elapsed = 00:00:03 . Memory (MB): peak = 1706.414 ; gain = 0.000

Phase 3.7 Re-assign LUT pins
Phase 3.7 Re-assign LUT pins | Checksum: 1a9c5beac

Time (s): cpu = 00:00:04 ; elapsed = 00:00:03 . Memory (MB): peak = 1706.414 ; gain = 0.000

Phase 3.8 Pipeline Register Optimization
Phase 3.8 Pipeline Register Optimization | Checksum: 254d29c35

Time (s): cpu = 00:00:04 ; elapsed = 00:00:03 . Memory (MB): peak = 1706.414 ; gain = 0.000

Phase 3.9 Fast Optimization
Phase 3.9 Fast Optimization | Checksum: cb3544f1

Time (s): cpu = 00:00:05 ; elapsed = 00:00:04 . Memory (MB): peak = 1706.414 ; gain = 0.000
Phase 3 Detail Placement | Checksum: cb3544f1

Time (s): cpu = 00:00:05 ; elapsed = 00:00:04 . Memory (MB): peak = 1706.414 ; gain = 0.000

Phase 4 Post Placement Optimization and Clean-Up

Phase 4.1 Post Commit Optimization
INFO: [Timing 38-35] Done setting XDC timing constraints.

Phase 4.1.1 Post Placement Optimization
Post Placement Optimization Initialization | Checksum: e2080c65

Phase 4.1.1.1 BUFG Insertion

Starting Physical Synthesis Task

Phase 1 Physical Synthesis Initialization
INFO: [Physopt 32-721] Multithreading enabled for phys_opt_design using a maximum of 2 CPUs
INFO: [Physopt 32-619] Estimated Timing Summary | WNS=-5.937 | TNS=-21.273 |
Phase 1 Physical Synthesis Initialization | Checksum: 17b99dda6

Time (s): cpu = 00:00:00 ; elapsed = 00:00:00.028 . Memory (MB): peak = 1706.414 ; gain = 0.000
INFO: [Place 46-56] BUFG insertion identified 0 candidate nets. Inserted BUFG: 0, Replicated BUFG Driver: 0, Skipped due to Placement/Routing Conflicts: 0, Skipped due to Timing Degradation: 0, Skipped due to Illegal Netlist: 0.
Ending Physical Synthesis Task | Checksum: 15eebaced

Time (s): cpu = 00:00:00 ; elapsed = 00:00:00.032 . Memory (MB): peak = 1706.414 ; gain = 0.000
Phase 4.1.1.1 BUFG Insertion | Checksum: e2080c65

Time (s): cpu = 00:00:05 ; elapsed = 00:00:05 . Memory (MB): peak = 1706.414 ; gain = 0.000
INFO: [Place 30-746] Post Placement Timing Summary WNS=-4.812. For the most accurate timing information please run report_timing.

Time (s): cpu = 00:00:08 ; elapsed = 00:00:08 . Memory (MB): peak = 1706.414 ; gain = 0.000
Phase 4.1 Post Commit Optimization | Checksum: 19da8e811

Time (s): cpu = 00:00:08 ; elapsed = 00:00:08 . Memory (MB): peak = 1706.414 ; gain = 0.000

Phase 4.2 Post Placement Cleanup
Phase 4.2 Post Placement Cleanup | Checksum: 19da8e811

Time (s): cpu = 00:00:08 ; elapsed = 00:00:08 . Memory (MB): peak = 1706.414 ; gain = 0.000

Phase 4.3 Placer Reporting

Phase 4.3.1 Print Estimated Congestion
INFO: [Place 30-612] Post-Placement Estimated Congestion 
 ____________________________________________________
|           | Global Congestion | Short Congestion  |
| Direction | Region Size       | Region Size       |
|___________|___________________|___________________|
|      North|                1x1|                1x1|
|___________|___________________|___________________|
|      South|                1x1|                1x1|
|___________|___________________|___________________|
|       East|                1x1|                1x1|
|___________|___________________|___________________|
|       West|                1x1|                1x1|
|___________|___________________|___________________|

Phase 4.3.1 Print Estimated Congestion | Checksum: 19da8e811

Time (s): cpu = 00:00:08 ; elapsed = 00:00:08 . Memory (MB): peak = 1706.414 ; gain = 0.000
Phase 4.3 Placer Reporting | Checksum: 19da8e811

Time (s): cpu = 00:00:08 ; elapsed = 00:00:08 . Memory (MB): peak = 1706.414 ; gain = 0.000

Phase 4.4 Final Placement Cleanup
Netlist sorting complete. Time (s): cpu = 00:00:00 ; elapsed = 00:00:00 . Memory (MB): peak = 1706.414 ; gain = 0.000

Time (s): cpu = 00:00:08 ; elapsed = 00:00:08 . Memory (MB): peak = 1706.414 ; gain = 0.000
Phase 4 Post Placement Optimization and Clean-Up | Checksum: 1bc924837

Time (s): cpu = 00:00:08 ; elapsed = 00:00:08 . Memory (MB): peak = 1706.414 ; gain = 0.000
Ending Placer Task | Checksum: 12ad25a42

Time (s): cpu = 00:00:08 ; elapsed = 00:00:08 . Memory (MB): peak = 1706.414 ; gain = 0.000
INFO: [Common 17-83] Releasing license: Implementation
66 Infos, 1 Warnings, 1 Critical Warnings and 0 Errors encountered.
place_design completed successfully
place_design: Time (s): cpu = 00:00:09 ; elapsed = 00:00:08 . Memory (MB): peak = 1706.414 ; gain = 0.008
INFO: [Timing 38-480] Writing timing data to binary archive.
Writing placer database...
Writing XDEF routing.
Writing XDEF routing logical nets.
Writing XDEF routing special nets.
Write XDEF Complete: Time (s): cpu = 00:00:00 ; elapsed = 00:00:00.080 . Memory (MB): peak = 1706.414 ; gain = 0.000
INFO: [Common 17-1381] The checkpoint 'D:/Work/OnDeviceAI2/UART_Sensor/UART_Sensor.runs/impl_1/top_uart_time_sensor_placed.dcp' has been generated.
INFO: [runtcl-4] Executing : report_io -file top_uart_time_sensor_io_placed.rpt
report_io: Time (s): cpu = 00:00:00 ; elapsed = 00:00:00.021 . Memory (MB): peak = 1706.414 ; gain = 0.000
INFO: [runtcl-4] Executing : report_utilization -file top_uart_time_sensor_utilization_placed.rpt -pb top_uart_time_sensor_utilization_placed.pb
INFO: [runtcl-4] Executing : report_control_sets -verbose -file top_uart_time_sensor_control_sets_placed.rpt
report_control_sets: Time (s): cpu = 00:00:00 ; elapsed = 00:00:00.002 . Memory (MB): peak = 1706.414 ; gain = 0.000
Command: phys_opt_design
Attempting to get a license for feature 'Implementation' and/or device 'xc7a35t'
INFO: [Common 17-349] Got license for feature 'Implementation' and/or device 'xc7a35t'
Netlist sorting complete. Time (s): cpu = 00:00:00 ; elapsed = 00:00:00 . Memory (MB): peak = 1706.414 ; gain = 0.000

Starting Physical Synthesis Task

Phase 1 Physical Synthesis Initialization
INFO: [Physopt 32-721] Multithreading enabled for phys_opt_design using a maximum of 2 CPUs
INFO: [Physopt 32-619] Estimated Timing Summary | WNS=-4.812 | TNS=-16.787 |
Phase 1 Physical Synthesis Initialization | Checksum: 1d7638858

Time (s): cpu = 00:00:00 ; elapsed = 00:00:00.105 . Memory (MB): peak = 1706.414 ; gain = 0.000
INFO: [Physopt 32-619] Estimated Timing Summary | WNS=-4.812 | TNS=-16.787 |

Phase 2 DSP Register Optimization
INFO: [Physopt 32-456] No candidate cells for DSP register optimization found in the design.
INFO: [Physopt 32-775] End 2 Pass. Optimized 0 net or cell. Created 0 new cell, deleted 0 existing cell and moved 0 existing cell
Phase 2 DSP Register Optimization | Checksum: 1d7638858

Time (s): cpu = 00:00:00 ; elapsed = 00:00:00.110 . Memory (MB): peak = 1706.414 ; gain = 0.000

Phase 3 Critical Path Optimization
INFO: [Physopt 32-619] Estimated Timing Summary | WNS=-4.812 | TNS=-16.787 |
INFO: [Physopt 32-702] Processed net U_ASCII_SENDER/tx_fifo_push_data_reg_reg[7]_0[1]. Optimizations did not improve timing on the net.
INFO: [Physopt 32-81] Processed net U_SR04_CONTROLLER/tick_us_cnt_reg[3]. Replicated 1 times.
INFO: [Physopt 32-735] Processed net U_SR04_CONTROLLER/tick_us_cnt_reg[3]. Optimization improves timing on the net.
INFO: [Physopt 32-619] Estimated Timing Summary | WNS=-4.772 | TNS=-16.599 |
INFO: [Physopt 32-81] Processed net U_SR04_CONTROLLER/tick_us_cnt_reg[5]. Replicated 1 times.
INFO: [Physopt 32-735] Processed net U_SR04_CONTROLLER/tick_us_cnt_reg[5]. Optimization improves timing on the net.
INFO: [Physopt 32-619] Estimated Timing Summary | WNS=-4.772 | TNS=-16.599 |
INFO: [Physopt 32-81] Processed net U_SR04_CONTROLLER/tick_us_cnt_reg[1]. Replicated 1 times.
INFO: [Physopt 32-735] Processed net U_SR04_CONTROLLER/tick_us_cnt_reg[1]. Optimization improves timing on the net.
INFO: [Physopt 32-619] Estimated Timing Summary | WNS=-4.766 | TNS=-16.575 |
INFO: [Physopt 32-81] Processed net U_SR04_CONTROLLER/tick_us_cnt_reg[7]. Replicated 1 times.
INFO: [Physopt 32-735] Processed net U_SR04_CONTROLLER/tick_us_cnt_reg[7]. Optimization improves timing on the net.
INFO: [Physopt 32-619] Estimated Timing Summary | WNS=-4.741 | TNS=-16.503 |
INFO: [Physopt 32-81] Processed net U_SR04_CONTROLLER/tick_us_cnt_reg[6]. Replicated 1 times.
INFO: [Physopt 32-735] Processed net U_SR04_CONTROLLER/tick_us_cnt_reg[6]. Optimization improves timing on the net.
INFO: [Physopt 32-619] Estimated Timing Summary | WNS=-4.736 | TNS=-16.455 |
INFO: [Physopt 32-81] Processed net U_SR04_CONTROLLER/tick_us_cnt_reg[8]. Replicated 1 times.
INFO: [Physopt 32-735] Processed net U_SR04_CONTROLLER/tick_us_cnt_reg[8]. Optimization improves timing on the net.
INFO: [Physopt 32-619] Estimated Timing Summary | WNS=-4.718 | TNS=-16.411 |
INFO: [Physopt 32-81] Processed net U_SR04_CONTROLLER/tick_us_cnt_reg[9]. Replicated 1 times.
INFO: [Physopt 32-735] Processed net U_SR04_CONTROLLER/tick_us_cnt_reg[9]. Optimization improves timing on the net.
INFO: [Physopt 32-619] Estimated Timing Summary | WNS=-4.692 | TNS=-16.307 |
INFO: [Physopt 32-663] Processed net U_SR04_CONTROLLER/tick_us_cnt_reg[6].  Re-placed instance U_SR04_CONTROLLER/tick_us_cnt_reg_reg[6]
INFO: [Physopt 32-735] Processed net U_SR04_CONTROLLER/tick_us_cnt_reg[6]. Optimization improves timing on the net.
INFO: [Physopt 32-619] Estimated Timing Summary | WNS=-4.661 | TNS=-16.183 |
INFO: [Physopt 32-572] Net U_SR04_CONTROLLER/tick_us_cnt_reg[6]_repN was not replicated.
Resolution: phys_opt_design can be forced to replicate a net driver using the option -force_replication_on_nets <list of net objects>.
INFO: [Physopt 32-662] Processed net U_SR04_CONTROLLER/tick_us_cnt_reg[6]_repN.  Did not re-place instance U_SR04_CONTROLLER/tick_us_cnt_reg_reg[6]_replica
INFO: [Physopt 32-81] Processed net U_SR04_CONTROLLER/tick_us_cnt_reg[6]_repN. Replicated 1 times.
INFO: [Physopt 32-735] Processed net U_SR04_CONTROLLER/tick_us_cnt_reg[6]_repN. Optimization improves timing on the net.
INFO: [Physopt 32-619] Estimated Timing Summary | WNS=-4.660 | TNS=-16.175 |
INFO: [Physopt 32-81] Processed net U_SR04_CONTROLLER/tick_us_cnt_reg[4]. Replicated 1 times.
INFO: [Physopt 32-735] Processed net U_SR04_CONTROLLER/tick_us_cnt_reg[4]. Optimization improves timing on the net.
INFO: [Physopt 32-619] Estimated Timing Summary | WNS=-4.658 | TNS=-16.171 |
INFO: [Physopt 32-663] Processed net U_SR04_CONTROLLER/tick_us_cnt_reg[6]_repN_1.  Re-placed instance U_SR04_CONTROLLER/tick_us_cnt_reg_reg[6]_replica_1
INFO: [Physopt 32-735] Processed net U_SR04_CONTROLLER/tick_us_cnt_reg[6]_repN_1. Optimization improves timing on the net.
INFO: [Physopt 32-619] Estimated Timing Summary | WNS=-4.649 | TNS=-16.135 |
INFO: [Physopt 32-572] Net U_SR04_CONTROLLER/tick_us_cnt_reg[3]_repN was not replicated.
Resolution: phys_opt_design can be forced to replicate a net driver using the option -force_replication_on_nets <list of net objects>.
INFO: [Physopt 32-662] Processed net U_SR04_CONTROLLER/tick_us_cnt_reg[3]_repN.  Did not re-place instance U_SR04_CONTROLLER/tick_us_cnt_reg_reg[3]_replica
INFO: [Physopt 32-572] Net U_SR04_CONTROLLER/tick_us_cnt_reg[3]_repN was not replicated.
Resolution: phys_opt_design can be forced to replicate a net driver using the option -force_replication_on_nets <list of net objects>.
INFO: [Physopt 32-702] Processed net U_SR04_CONTROLLER/tick_us_cnt_reg[3]_repN. Optimizations did not improve timing on the net.
INFO: [Physopt 32-662] Processed net U_ASCII_SENDER/tx_fifo_push_data_reg[1]_i_2_n_0.  Did not re-place instance U_ASCII_SENDER/tx_fifo_push_data_reg[1]_i_2
INFO: [Physopt 32-702] Processed net U_ASCII_SENDER/tx_fifo_push_data_reg[1]_i_2_n_0. Optimizations did not improve timing on the net.
INFO: [Physopt 32-662] Processed net U_SR04_CONTROLLER/idx_reg_reg[0]_0.  Did not re-place instance U_SR04_CONTROLLER/tx_fifo_push_data_reg[1]_i_7
INFO: [Physopt 32-710] Processed net U_ASCII_SENDER/tx_fifo_push_data_reg[1]_i_2_n_0. Critical path length was reduced through logic transformation on cell U_ASCII_SENDER/tx_fifo_push_data_reg[1]_i_2_comp.
INFO: [Physopt 32-735] Processed net U_SR04_CONTROLLER/idx_reg_reg[0]_0. Optimization improves timing on the net.
INFO: [Physopt 32-619] Estimated Timing Summary | WNS=-4.603 | TNS=-16.089 |
INFO: [Physopt 32-662] Processed net U_SR04_CONTROLLER/tx_fifo_push_data_reg[1]_i_16_n_0.  Did not re-place instance U_SR04_CONTROLLER/tx_fifo_push_data_reg[1]_i_16
INFO: [Physopt 32-710] Processed net U_ASCII_SENDER/tx_fifo_push_data_reg[1]_i_2_n_0. Critical path length was reduced through logic transformation on cell U_ASCII_SENDER/tx_fifo_push_data_reg[1]_i_2_comp_1.
INFO: [Physopt 32-735] Processed net U_SR04_CONTROLLER/tx_fifo_push_data_reg[1]_i_16_n_0. Optimization improves timing on the net.
INFO: [Physopt 32-619] Estimated Timing Summary | WNS=-4.588 | TNS=-16.051 |
INFO: [Physopt 32-702] Processed net U_ASCII_SENDER/tx_fifo_push_data_reg_reg[7]_0[2]. Optimizations did not improve timing on the net.
INFO: [Physopt 32-662] Processed net U_ASCII_SENDER/tx_fifo_push_data_reg[2]_i_2_n_0.  Did not re-place instance U_ASCII_SENDER/tx_fifo_push_data_reg[2]_i_2
INFO: [Physopt 32-702] Processed net U_ASCII_SENDER/tx_fifo_push_data_reg[2]_i_2_n_0. Optimizations did not improve timing on the net.
INFO: [Physopt 32-702] Processed net U_SR04_CONTROLLER/idx_reg_reg[0]_1. Optimizations did not improve timing on the net.
INFO: [Physopt 32-702] Processed net U_SR04_CONTROLLER/U_ASCII_SENDER/w_ascii_dist_100[2]. Optimizations did not improve timing on the net.
INFO: [Physopt 32-702] Processed net U_SR04_CONTROLLER/tx_fifo_push_data_reg_reg[2]_i_29_n_1. Optimizations did not improve timing on the net.
INFO: [Physopt 32-702] Processed net U_SR04_CONTROLLER/tx_fifo_push_data_reg_reg[2]_i_35_n_0. Optimizations did not improve timing on the net.
INFO: [Physopt 32-702] Processed net U_SR04_CONTROLLER/tx_fifo_push_data_reg[2]_i_47_n_0. Optimizations did not improve timing on the net.
INFO: [Physopt 32-702] Processed net U_SR04_CONTROLLER/tx_fifo_push_data_reg_reg[1]_i_17_n_6. Optimizations did not improve timing on the net.
INFO: [Physopt 32-702] Processed net U_SR04_CONTROLLER/tx_fifo_push_data_reg_reg[1]_i_32_n_0. Optimizations did not improve timing on the net.
INFO: [Physopt 32-702] Processed net U_SR04_CONTROLLER/tx_fifo_push_data_reg_reg[1]_i_47_n_0. Optimizations did not improve timing on the net.
INFO: [Physopt 32-662] Processed net U_SR04_CONTROLLER/tick_us_cnt_reg_reg[12]_0[3].  Did not re-place instance U_SR04_CONTROLLER/digit_1000_carry_i_9
INFO: [Physopt 32-572] Net U_SR04_CONTROLLER/tick_us_cnt_reg_reg[12]_0[3] was not replicated.
Resolution: phys_opt_design can be forced to replicate a net driver using the option -force_replication_on_nets <list of net objects>.
INFO: [Physopt 32-702] Processed net U_SR04_CONTROLLER/tick_us_cnt_reg_reg[12]_0[3]. Optimizations did not improve timing on the net.
INFO: [Physopt 32-572] Net U_SR04_CONTROLLER/digit_1000_carry_i_16_n_0 was not replicated.
Resolution: phys_opt_design can be forced to replicate a net driver using the option -force_replication_on_nets <list of net objects>.
INFO: [Physopt 32-662] Processed net U_SR04_CONTROLLER/digit_1000_carry_i_16_n_0.  Did not re-place instance U_SR04_CONTROLLER/digit_1000_carry_i_16
INFO: [Physopt 32-710] Processed net U_SR04_CONTROLLER/tick_us_cnt_reg_reg[12]_0[3]. Critical path length was reduced through logic transformation on cell U_SR04_CONTROLLER/digit_1000_carry_i_9_comp.
INFO: [Physopt 32-735] Processed net U_SR04_CONTROLLER/digit_1000_carry_i_16_n_0. Optimization improves timing on the net.
INFO: [Physopt 32-619] Estimated Timing Summary | WNS=-4.567 | TNS=-15.777 |
INFO: [Physopt 32-663] Processed net U_SR04_CONTROLLER/tx_fifo_push_data_reg[1]_i_16_n_0.  Re-placed instance U_SR04_CONTROLLER/tx_fifo_push_data_reg[1]_i_16_comp
INFO: [Physopt 32-735] Processed net U_SR04_CONTROLLER/tx_fifo_push_data_reg[1]_i_16_n_0. Optimization improves timing on the net.
INFO: [Physopt 32-619] Estimated Timing Summary | WNS=-4.449 | TNS=-15.186 |
INFO: [Physopt 32-662] Processed net U_SR04_CONTROLLER/tick_us_cnt_reg_reg[12]_0[5].  Did not re-place instance U_SR04_CONTROLLER/digit_1000_carry__0_i_12
INFO: [Physopt 32-572] Net U_SR04_CONTROLLER/tick_us_cnt_reg_reg[12]_0[5] was not replicated.
Resolution: phys_opt_design can be forced to replicate a net driver using the option -force_replication_on_nets <list of net objects>.
INFO: [Physopt 32-702] Processed net U_SR04_CONTROLLER/tick_us_cnt_reg_reg[12]_0[5]. Optimizations did not improve timing on the net.
INFO: [Physopt 32-572] Net U_SR04_CONTROLLER/digit_1000_carry_i_16_n_0 was not replicated.
Resolution: phys_opt_design can be forced to replicate a net driver using the option -force_replication_on_nets <list of net objects>.
INFO: [Physopt 32-662] Processed net U_SR04_CONTROLLER/digit_1000_carry_i_16_n_0.  Did not re-place instance U_SR04_CONTROLLER/digit_1000_carry_i_16
INFO: [Physopt 32-710] Processed net U_SR04_CONTROLLER/tick_us_cnt_reg_reg[12]_0[5]. Critical path length was reduced through logic transformation on cell U_SR04_CONTROLLER/digit_1000_carry__0_i_12_comp.
INFO: [Physopt 32-735] Processed net U_SR04_CONTROLLER/digit_1000_carry_i_16_n_0. Optimization improves timing on the net.
INFO: [Physopt 32-619] Estimated Timing Summary | WNS=-4.432 | TNS=-15.154 |
INFO: [Physopt 32-662] Processed net U_SR04_CONTROLLER/tick_us_cnt_reg_reg[12]_0[6].  Did not re-place instance U_SR04_CONTROLLER/digit_1000_carry__0_i_11
INFO: [Physopt 32-572] Net U_SR04_CONTROLLER/tick_us_cnt_reg_reg[12]_0[6] was not replicated.
Resolution: phys_opt_design can be forced to replicate a net driver using the option -force_replication_on_nets <list of net objects>.
INFO: [Physopt 32-702] Processed net U_SR04_CONTROLLER/tick_us_cnt_reg_reg[12]_0[6]. Optimizations did not improve timing on the net.
INFO: [Physopt 32-572] Net U_SR04_CONTROLLER/digit_1000_carry_i_16_n_0 was not replicated.
Resolution: phys_opt_design can be forced to replicate a net driver using the option -force_replication_on_nets <list of net objects>.
INFO: [Physopt 32-662] Processed net U_SR04_CONTROLLER/digit_1000_carry_i_16_n_0.  Did not re-place instance U_SR04_CONTROLLER/digit_1000_carry_i_16
INFO: [Physopt 32-710] Processed net U_SR04_CONTROLLER/tick_us_cnt_reg_reg[12]_0[6]. Critical path length was reduced through logic transformation on cell U_SR04_CONTROLLER/digit_1000_carry__0_i_11_comp.
INFO: [Physopt 32-735] Processed net U_SR04_CONTROLLER/digit_1000_carry_i_16_n_0. Optimization improves timing on the net.
INFO: [Physopt 32-619] Estimated Timing Summary | WNS=-4.428 | TNS=-15.148 |
INFO: [Physopt 32-702] Processed net U_SR04_CONTROLLER/tx_fifo_push_data_reg[1]_i_48_n_0. Optimizations did not improve timing on the net.
INFO: [Physopt 32-662] Processed net U_SR04_CONTROLLER/w_distance[8].  Did not re-place instance U_SR04_CONTROLLER/digit_1000_carry__0_i_9
INFO: [Physopt 32-710] Processed net U_SR04_CONTROLLER/tx_fifo_push_data_reg[1]_i_48_n_0. Critical path length was reduced through logic transformation on cell U_SR04_CONTROLLER/tx_fifo_push_data_reg[1]_i_48_comp.
INFO: [Physopt 32-735] Processed net U_SR04_CONTROLLER/w_distance[8]. Optimization improves timing on the net.
INFO: [Physopt 32-619] Estimated Timing Summary | WNS=-4.411 | TNS=-15.114 |
INFO: [Physopt 32-702] Processed net U_SR04_CONTROLLER/tx_fifo_push_data_reg[1]_i_49_n_0. Optimizations did not improve timing on the net.
INFO: [Physopt 32-662] Processed net U_SR04_CONTROLLER/tick_us_cnt_reg_reg[12]_0[7].  Did not re-place instance U_SR04_CONTROLLER/digit_1000_carry__0_i_10
INFO: [Physopt 32-710] Processed net U_SR04_CONTROLLER/tx_fifo_push_data_reg[1]_i_49_n_0. Critical path length was reduced through logic transformation on cell U_SR04_CONTROLLER/tx_fifo_push_data_reg[1]_i_49_comp.
INFO: [Physopt 32-735] Processed net U_SR04_CONTROLLER/tick_us_cnt_reg_reg[12]_0[7]. Optimization improves timing on the net.
INFO: [Physopt 32-619] Estimated Timing Summary | WNS=-4.351 | TNS=-14.994 |
INFO: [Physopt 32-702] Processed net U_SR04_CONTROLLER/tx_fifo_push_data_reg[1]_i_61_n_0. Optimizations did not improve timing on the net.
INFO: [Physopt 32-572] Net U_SR04_CONTROLLER/digit_1000_carry_i_16_n_0 was not replicated.
Resolution: phys_opt_design can be forced to replicate a net driver using the option -force_replication_on_nets <list of net objects>.
INFO: [Physopt 32-662] Processed net U_SR04_CONTROLLER/digit_1000_carry_i_16_n_0.  Did not re-place instance U_SR04_CONTROLLER/digit_1000_carry_i_16
INFO: [Physopt 32-134] Processed net U_SR04_CONTROLLER/digit_1000_carry_i_16_n_0. Rewiring did not optimize the net.
INFO: [Physopt 32-572] Net U_SR04_CONTROLLER/digit_1000_carry_i_16_n_0 was not replicated.
Resolution: phys_opt_design can be forced to replicate a net driver using the option -force_replication_on_nets <list of net objects>.
INFO: [Physopt 32-702] Processed net U_SR04_CONTROLLER/digit_1000_carry_i_16_n_0. Optimizations did not improve timing on the net.
INFO: [Physopt 32-702] Processed net U_SR04_CONTROLLER/digit_1000_carry_i_19_n_1. Optimizations did not improve timing on the net.
INFO: [Physopt 32-702] Processed net U_SR04_CONTROLLER/digit_1000_carry_i_39_n_0. Optimizations did not improve timing on the net.
INFO: [Physopt 32-702] Processed net U_SR04_CONTROLLER/digit_1000_carry_i_71_n_0. Optimizations did not improve timing on the net.
INFO: [Physopt 32-702] Processed net U_ASCII_SENDER/digit_1000_carry_i_64_0[0]. Optimizations did not improve timing on the net.
INFO: [Physopt 32-702] Processed net U_ASCII_SENDER/digit_1000_carry_i_56_n_0. Optimizations did not improve timing on the net.
INFO: [Physopt 32-735] Processed net U_ASCII_SENDER/digit_1000_carry_i_106_n_0. Optimization improves timing on the net.
INFO: [Physopt 32-619] Estimated Timing Summary | WNS=-4.299 | TNS=-14.786 |
INFO: [Physopt 32-81] Processed net U_SR04_CONTROLLER/tick_us_cnt_reg[13]. Replicated 1 times.
INFO: [Physopt 32-735] Processed net U_SR04_CONTROLLER/tick_us_cnt_reg[13]. Optimization improves timing on the net.
INFO: [Physopt 32-619] Estimated Timing Summary | WNS=-4.265 | TNS=-14.650 |
INFO: [Physopt 32-735] Processed net U_ASCII_SENDER/digit_1000_carry_i_107_n_0. Optimization improves timing on the net.
INFO: [Physopt 32-619] Estimated Timing Summary | WNS=-4.247 | TNS=-14.578 |
INFO: [Physopt 32-663] Processed net U_ASCII_SENDER/digit_1000_carry_i_100_n_0.  Re-placed instance U_ASCII_SENDER/digit_1000_carry_i_100
INFO: [Physopt 32-735] Processed net U_ASCII_SENDER/digit_1000_carry_i_100_n_0. Optimization improves timing on the net.
INFO: [Physopt 32-619] Estimated Timing Summary | WNS=-4.245 | TNS=-14.570 |
INFO: [Physopt 32-702] Processed net U_SR04_CONTROLLER/digit_1000_carry_i_66_n_0. Optimizations did not improve timing on the net.
INFO: [Physopt 32-702] Processed net U_SR04_CONTROLLER/digit_1000_carry_i_113_n_0. Optimizations did not improve timing on the net.
INFO: [Physopt 32-702] Processed net U_ASCII_SENDER/digit_1000_carry_i_107_0[0]. Optimizations did not improve timing on the net.
INFO: [Physopt 32-702] Processed net U_ASCII_SENDER/digit_1000_carry_i_99_n_0. Optimizations did not improve timing on the net.
INFO: [Physopt 32-735] Processed net U_ASCII_SENDER/digit_1000_carry_i_133_n_0. Optimization improves timing on the net.
INFO: [Physopt 32-619] Estimated Timing Summary | WNS=-4.210 | TNS=-14.430 |
INFO: [Physopt 32-662] Processed net U_ASCII_SENDER/digit_1000_carry_i_100_n_0.  Did not re-place instance U_ASCII_SENDER/digit_1000_carry_i_100
INFO: [Physopt 32-702] Processed net U_ASCII_SENDER/digit_1000_carry_i_100_n_0. Optimizations did not improve timing on the net.
INFO: [Physopt 32-702] Processed net U_SR04_CONTROLLER/tick_us_cnt_reg_reg[12]_1[1]. Optimizations did not improve timing on the net.
INFO: [Physopt 32-702] Processed net U_SR04_CONTROLLER/digit_1000_carry_i_15_n_0. Optimizations did not improve timing on the net.
INFO: [Physopt 32-663] Processed net U_SR04_CONTROLLER/digit_1000_carry_i_20_n_0.  Re-placed instance U_SR04_CONTROLLER/digit_1000_carry_i_20
INFO: [Physopt 32-735] Processed net U_SR04_CONTROLLER/digit_1000_carry_i_20_n_0. Optimization improves timing on the net.
INFO: [Physopt 32-619] Estimated Timing Summary | WNS=-4.210 | TNS=-14.430 |
INFO: [Physopt 32-702] Processed net U_SR04_CONTROLLER/digit_1000_carry_i_17_n_0. Optimizations did not improve timing on the net.
INFO: [Physopt 32-663] Processed net U_SR04_CONTROLLER/digit_1000_carry_i_29_n_0.  Re-placed instance U_SR04_CONTROLLER/digit_1000_carry_i_29
INFO: [Physopt 32-735] Processed net U_SR04_CONTROLLER/digit_1000_carry_i_29_n_0. Optimization improves timing on the net.
INFO: [Physopt 32-619] Estimated Timing Summary | WNS=-4.198 | TNS=-14.382 |
INFO: [Physopt 32-662] Processed net U_SR04_CONTROLLER/digit_1000_carry_i_20_n_0.  Did not re-place instance U_SR04_CONTROLLER/digit_1000_carry_i_20
INFO: [Physopt 32-702] Processed net U_SR04_CONTROLLER/digit_1000_carry_i_20_n_0. Optimizations did not improve timing on the net.
INFO: [Physopt 32-702] Processed net U_SR04_CONTROLLER/digit_1000_carry_i_46_n_6. Optimizations did not improve timing on the net.
INFO: [Physopt 32-702] Processed net U_SR04_CONTROLLER/digit_1000_carry_i_47_n_0. Optimizations did not improve timing on the net.
INFO: [Physopt 32-702] Processed net U_SR04_CONTROLLER/digit_1000_carry_i_55_n_0. Optimizations did not improve timing on the net.
INFO: [Physopt 32-702] Processed net U_SR04_CONTROLLER/digit_1000_carry_i_90_n_0. Optimizations did not improve timing on the net.
INFO: [Physopt 32-662] Processed net U_SR04_CONTROLLER/digit_1000_carry_i_122_n_0.  Did not re-place instance U_SR04_CONTROLLER/digit_1000_carry_i_122
INFO: [Physopt 32-702] Processed net U_SR04_CONTROLLER/digit_1000_carry_i_122_n_0. Optimizations did not improve timing on the net.
INFO: [Physopt 32-702] Processed net U_ASCII_SENDER/p_0_in[2]. Optimizations did not improve timing on the net.
INFO: [Physopt 32-702] Processed net clk_IBUF. Optimizations did not improve timing on the net.
INFO: [Physopt 32-702] Processed net clk. Optimizations did not improve timing on the net.
INFO: [Physopt 32-702] Processed net U_ASCII_SENDER/tx_fifo_push_data_reg_reg[7]_0[2]. Optimizations did not improve timing on the net.
INFO: [Physopt 32-662] Processed net U_SR04_CONTROLLER/tick_us_cnt_reg[3]_repN.  Did not re-place instance U_SR04_CONTROLLER/tick_us_cnt_reg_reg[3]_replica
INFO: [Physopt 32-702] Processed net U_SR04_CONTROLLER/tick_us_cnt_reg[3]_repN. Optimizations did not improve timing on the net.
INFO: [Physopt 32-662] Processed net U_ASCII_SENDER/tx_fifo_push_data_reg[2]_i_2_n_0.  Did not re-place instance U_ASCII_SENDER/tx_fifo_push_data_reg[2]_i_2
INFO: [Physopt 32-702] Processed net U_ASCII_SENDER/tx_fifo_push_data_reg[2]_i_2_n_0. Optimizations did not improve timing on the net.
INFO: [Physopt 32-702] Processed net U_SR04_CONTROLLER/idx_reg_reg[0]_1. Optimizations did not improve timing on the net.
INFO: [Physopt 32-702] Processed net U_SR04_CONTROLLER/U_ASCII_SENDER/w_ascii_dist_100[2]. Optimizations did not improve timing on the net.
INFO: [Physopt 32-702] Processed net U_SR04_CONTROLLER/tx_fifo_push_data_reg_reg[2]_i_29_n_1. Optimizations did not improve timing on the net.
INFO: [Physopt 32-702] Processed net U_SR04_CONTROLLER/tx_fifo_push_data_reg[2]_i_47_n_0. Optimizations did not improve timing on the net.
INFO: [Physopt 32-702] Processed net U_SR04_CONTROLLER/tx_fifo_push_data_reg_reg[1]_i_17_n_6. Optimizations did not improve timing on the net.
INFO: [Physopt 32-702] Processed net U_SR04_CONTROLLER/tx_fifo_push_data_reg[1]_i_61_n_0. Optimizations did not improve timing on the net.
INFO: [Physopt 32-662] Processed net U_SR04_CONTROLLER/digit_1000_carry_i_16_n_0.  Did not re-place instance U_SR04_CONTROLLER/digit_1000_carry_i_16
INFO: [Physopt 32-702] Processed net U_SR04_CONTROLLER/digit_1000_carry_i_16_n_0. Optimizations did not improve timing on the net.
INFO: [Physopt 32-702] Processed net U_SR04_CONTROLLER/digit_1000_carry_i_19_n_1. Optimizations did not improve timing on the net.
INFO: [Physopt 32-702] Processed net U_SR04_CONTROLLER/digit_1000_carry_i_71_n_0. Optimizations did not improve timing on the net.
INFO: [Physopt 32-702] Processed net U_ASCII_SENDER/digit_1000_carry_i_64_0[0]. Optimizations did not improve timing on the net.
INFO: [Physopt 32-662] Processed net U_ASCII_SENDER/digit_1000_carry_i_100_n_0.  Did not re-place instance U_ASCII_SENDER/digit_1000_carry_i_100
INFO: [Physopt 32-702] Processed net U_ASCII_SENDER/digit_1000_carry_i_100_n_0. Optimizations did not improve timing on the net.
INFO: [Physopt 32-702] Processed net U_SR04_CONTROLLER/tick_us_cnt_reg_reg[12]_1[1]. Optimizations did not improve timing on the net.
INFO: [Physopt 32-662] Processed net U_SR04_CONTROLLER/digit_1000_carry_i_20_n_0.  Did not re-place instance U_SR04_CONTROLLER/digit_1000_carry_i_20
INFO: [Physopt 32-702] Processed net U_SR04_CONTROLLER/digit_1000_carry_i_20_n_0. Optimizations did not improve timing on the net.
INFO: [Physopt 32-702] Processed net U_SR04_CONTROLLER/digit_1000_carry_i_46_n_6. Optimizations did not improve timing on the net.
INFO: [Physopt 32-662] Processed net U_SR04_CONTROLLER/digit_1000_carry_i_122_n_0.  Did not re-place instance U_SR04_CONTROLLER/digit_1000_carry_i_122
INFO: [Physopt 32-702] Processed net U_SR04_CONTROLLER/digit_1000_carry_i_122_n_0. Optimizations did not improve timing on the net.
INFO: [Physopt 32-702] Processed net U_ASCII_SENDER/p_0_in[2]. Optimizations did not improve timing on the net.
INFO: [Physopt 32-702] Processed net clk_IBUF. Optimizations did not improve timing on the net.
INFO: [Physopt 32-702] Processed net clk. Optimizations did not improve timing on the net.
INFO: [Physopt 32-619] Estimated Timing Summary | WNS=-4.198 | TNS=-14.382 |
Phase 3 Critical Path Optimization | Checksum: 1d7638858

Time (s): cpu = 00:00:04 ; elapsed = 00:00:03 . Memory (MB): peak = 1706.414 ; gain = 0.000

Phase 4 Critical Path Optimization
INFO: [Physopt 32-619] Estimated Timing Summary | WNS=-4.198 | TNS=-14.382 |
INFO: [Physopt 32-702] Processed net U_ASCII_SENDER/tx_fifo_push_data_reg_reg[7]_0[2]. Optimizations did not improve timing on the net.
INFO: [Physopt 32-572] Net U_SR04_CONTROLLER/tick_us_cnt_reg[3]_repN was not replicated.
Resolution: phys_opt_design can be forced to replicate a net driver using the option -force_replication_on_nets <list of net objects>.
INFO: [Physopt 32-662] Processed net U_SR04_CONTROLLER/tick_us_cnt_reg[3]_repN.  Did not re-place instance U_SR04_CONTROLLER/tick_us_cnt_reg_reg[3]_replica
INFO: [Physopt 32-572] Net U_SR04_CONTROLLER/tick_us_cnt_reg[3]_repN was not replicated.
Resolution: phys_opt_design can be forced to replicate a net driver using the option -force_replication_on_nets <list of net objects>.
INFO: [Physopt 32-702] Processed net U_SR04_CONTROLLER/tick_us_cnt_reg[3]_repN. Optimizations did not improve timing on the net.
INFO: [Physopt 32-662] Processed net U_ASCII_SENDER/tx_fifo_push_data_reg[2]_i_2_n_0.  Did not re-place instance U_ASCII_SENDER/tx_fifo_push_data_reg[2]_i_2
INFO: [Physopt 32-702] Processed net U_ASCII_SENDER/tx_fifo_push_data_reg[2]_i_2_n_0. Optimizations did not improve timing on the net.
INFO: [Physopt 32-702] Processed net U_SR04_CONTROLLER/idx_reg_reg[0]_1. Optimizations did not improve timing on the net.
INFO: [Physopt 32-702] Processed net U_SR04_CONTROLLER/U_ASCII_SENDER/w_ascii_dist_100[2]. Optimizations did not improve timing on the net.
INFO: [Physopt 32-702] Processed net U_SR04_CONTROLLER/tx_fifo_push_data_reg_reg[2]_i_29_n_1. Optimizations did not improve timing on the net.
INFO: [Physopt 32-702] Processed net U_SR04_CONTROLLER/tx_fifo_push_data_reg_reg[2]_i_35_n_0. Optimizations did not improve timing on the net.
INFO: [Physopt 32-702] Processed net U_SR04_CONTROLLER/tx_fifo_push_data_reg[2]_i_47_n_0. Optimizations did not improve timing on the net.
INFO: [Physopt 32-702] Processed net U_SR04_CONTROLLER/tx_fifo_push_data_reg_reg[1]_i_17_n_6. Optimizations did not improve timing on the net.
INFO: [Physopt 32-702] Processed net U_SR04_CONTROLLER/tx_fifo_push_data_reg_reg[1]_i_32_n_0. Optimizations did not improve timing on the net.
INFO: [Physopt 32-702] Processed net U_SR04_CONTROLLER/tx_fifo_push_data_reg_reg[1]_i_47_n_0. Optimizations did not improve timing on the net.
INFO: [Physopt 32-702] Processed net U_SR04_CONTROLLER/tx_fifo_push_data_reg[1]_i_61_n_0. Optimizations did not improve timing on the net.
INFO: [Physopt 32-572] Net U_SR04_CONTROLLER/digit_1000_carry_i_16_n_0 was not replicated.
Resolution: phys_opt_design can be forced to replicate a net driver using the option -force_replication_on_nets <list of net objects>.
INFO: [Physopt 32-662] Processed net U_SR04_CONTROLLER/digit_1000_carry_i_16_n_0.  Did not re-place instance U_SR04_CONTROLLER/digit_1000_carry_i_16
INFO: [Physopt 32-134] Processed net U_SR04_CONTROLLER/digit_1000_carry_i_16_n_0. Rewiring did not optimize the net.
INFO: [Physopt 32-572] Net U_SR04_CONTROLLER/digit_1000_carry_i_16_n_0 was not replicated.
Resolution: phys_opt_design can be forced to replicate a net driver using the option -force_replication_on_nets <list of net objects>.
INFO: [Physopt 32-702] Processed net U_SR04_CONTROLLER/digit_1000_carry_i_16_n_0. Optimizations did not improve timing on the net.
INFO: [Physopt 32-702] Processed net U_SR04_CONTROLLER/digit_1000_carry_i_19_n_1. Optimizations did not improve timing on the net.
INFO: [Physopt 32-702] Processed net U_SR04_CONTROLLER/digit_1000_carry_i_39_n_0. Optimizations did not improve timing on the net.
INFO: [Physopt 32-702] Processed net U_SR04_CONTROLLER/digit_1000_carry_i_71_n_0. Optimizations did not improve timing on the net.
INFO: [Physopt 32-702] Processed net U_ASCII_SENDER/digit_1000_carry_i_64_0[0]. Optimizations did not improve timing on the net.
INFO: [Physopt 32-702] Processed net U_ASCII_SENDER/digit_1000_carry_i_56_n_0. Optimizations did not improve timing on the net.
INFO: [Physopt 32-662] Processed net U_ASCII_SENDER/digit_1000_carry_i_100_n_0.  Did not re-place instance U_ASCII_SENDER/digit_1000_carry_i_100
INFO: [Physopt 32-702] Processed net U_ASCII_SENDER/digit_1000_carry_i_100_n_0. Optimizations did not improve timing on the net.
INFO: [Physopt 32-702] Processed net U_SR04_CONTROLLER/tick_us_cnt_reg_reg[12]_1[1]. Optimizations did not improve timing on the net.
INFO: [Physopt 32-702] Processed net U_SR04_CONTROLLER/digit_1000_carry_i_15_n_0. Optimizations did not improve timing on the net.
INFO: [Physopt 32-662] Processed net U_SR04_CONTROLLER/digit_1000_carry_i_20_n_0.  Did not re-place instance U_SR04_CONTROLLER/digit_1000_carry_i_20
INFO: [Physopt 32-702] Processed net U_SR04_CONTROLLER/digit_1000_carry_i_20_n_0. Optimizations did not improve timing on the net.
INFO: [Physopt 32-702] Processed net U_SR04_CONTROLLER/digit_1000_carry_i_46_n_6. Optimizations did not improve timing on the net.
INFO: [Physopt 32-702] Processed net U_SR04_CONTROLLER/digit_1000_carry_i_47_n_0. Optimizations did not improve timing on the net.
INFO: [Physopt 32-702] Processed net U_SR04_CONTROLLER/digit_1000_carry_i_55_n_0. Optimizations did not improve timing on the net.
INFO: [Physopt 32-702] Processed net U_SR04_CONTROLLER/digit_1000_carry_i_90_n_0. Optimizations did not improve timing on the net.
INFO: [Physopt 32-662] Processed net U_SR04_CONTROLLER/digit_1000_carry_i_122_n_0.  Did not re-place instance U_SR04_CONTROLLER/digit_1000_carry_i_122
INFO: [Physopt 32-702] Processed net U_SR04_CONTROLLER/digit_1000_carry_i_122_n_0. Optimizations did not improve timing on the net.
INFO: [Physopt 32-702] Processed net U_ASCII_SENDER/p_0_in[2]. Optimizations did not improve timing on the net.
INFO: [Physopt 32-702] Processed net clk_IBUF. Optimizations did not improve timing on the net.
INFO: [Physopt 32-702] Processed net clk. Optimizations did not improve timing on the net.
INFO: [Physopt 32-702] Processed net U_ASCII_SENDER/tx_fifo_push_data_reg_reg[7]_0[2]. Optimizations did not improve timing on the net.
INFO: [Physopt 32-662] Processed net U_SR04_CONTROLLER/tick_us_cnt_reg[3]_repN.  Did not re-place instance U_SR04_CONTROLLER/tick_us_cnt_reg_reg[3]_replica
INFO: [Physopt 32-702] Processed net U_SR04_CONTROLLER/tick_us_cnt_reg[3]_repN. Optimizations did not improve timing on the net.
INFO: [Physopt 32-662] Processed net U_ASCII_SENDER/tx_fifo_push_data_reg[2]_i_2_n_0.  Did not re-place instance U_ASCII_SENDER/tx_fifo_push_data_reg[2]_i_2
INFO: [Physopt 32-702] Processed net U_ASCII_SENDER/tx_fifo_push_data_reg[2]_i_2_n_0. Optimizations did not improve timing on the net.
INFO: [Physopt 32-702] Processed net U_SR04_CONTROLLER/idx_reg_reg[0]_1. Optimizations did not improve timing on the net.
INFO: [Physopt 32-702] Processed net U_SR04_CONTROLLER/U_ASCII_SENDER/w_ascii_dist_100[2]. Optimizations did not improve timing on the net.
INFO: [Physopt 32-702] Processed net U_SR04_CONTROLLER/tx_fifo_push_data_reg_reg[2]_i_29_n_1. Optimizations did not improve timing on the net.
INFO: [Physopt 32-702] Processed net U_SR04_CONTROLLER/tx_fifo_push_data_reg[2]_i_47_n_0. Optimizations did not improve timing on the net.
INFO: [Physopt 32-702] Processed net U_SR04_CONTROLLER/tx_fifo_push_data_reg_reg[1]_i_17_n_6. Optimizations did not improve timing on the net.
INFO: [Physopt 32-702] Processed net U_SR04_CONTROLLER/tx_fifo_push_data_reg[1]_i_61_n_0. Optimizations did not improve timing on the net.
INFO: [Physopt 32-662] Processed net U_SR04_CONTROLLER/digit_1000_carry_i_16_n_0.  Did not re-place instance U_SR04_CONTROLLER/digit_1000_carry_i_16
INFO: [Physopt 32-702] Processed net U_SR04_CONTROLLER/digit_1000_carry_i_16_n_0. Optimizations did not improve timing on the net.
INFO: [Physopt 32-702] Processed net U_SR04_CONTROLLER/digit_1000_carry_i_19_n_1. Optimizations did not improve timing on the net.
INFO: [Physopt 32-702] Processed net U_SR04_CONTROLLER/digit_1000_carry_i_71_n_0. Optimizations did not improve timing on the net.
INFO: [Physopt 32-702] Processed net U_ASCII_SENDER/digit_1000_carry_i_64_0[0]. Optimizations did not improve timing on the net.
INFO: [Physopt 32-662] Processed net U_ASCII_SENDER/digit_1000_carry_i_100_n_0.  Did not re-place instance U_ASCII_SENDER/digit_1000_carry_i_100
INFO: [Physopt 32-702] Processed net U_ASCII_SENDER/digit_1000_carry_i_100_n_0. Optimizations did not improve timing on the net.
INFO: [Physopt 32-702] Processed net U_SR04_CONTROLLER/tick_us_cnt_reg_reg[12]_1[1]. Optimizations did not improve timing on the net.
INFO: [Physopt 32-662] Processed net U_SR04_CONTROLLER/digit_1000_carry_i_20_n_0.  Did not re-place instance U_SR04_CONTROLLER/digit_1000_carry_i_20
INFO: [Physopt 32-702] Processed net U_SR04_CONTROLLER/digit_1000_carry_i_20_n_0. Optimizations did not improve timing on the net.
INFO: [Physopt 32-702] Processed net U_SR04_CONTROLLER/digit_1000_carry_i_46_n_6. Optimizations did not improve timing on the net.
INFO: [Physopt 32-662] Processed net U_SR04_CONTROLLER/digit_1000_carry_i_122_n_0.  Did not re-place instance U_SR04_CONTROLLER/digit_1000_carry_i_122
INFO: [Physopt 32-702] Processed net U_SR04_CONTROLLER/digit_1000_carry_i_122_n_0. Optimizations did not improve timing on the net.
INFO: [Physopt 32-702] Processed net U_ASCII_SENDER/p_0_in[2]. Optimizations did not improve timing on the net.
INFO: [Physopt 32-702] Processed net clk_IBUF. Optimizations did not improve timing on the net.
INFO: [Physopt 32-702] Processed net clk. Optimizations did not improve timing on the net.
INFO: [Physopt 32-619] Estimated Timing Summary | WNS=-4.198 | TNS=-14.382 |
Phase 4 Critical Path Optimization | Checksum: 1d7638858

Time (s): cpu = 00:00:05 ; elapsed = 00:00:04 . Memory (MB): peak = 1706.414 ; gain = 0.000
Netlist sorting complete. Time (s): cpu = 00:00:00 ; elapsed = 00:00:00.003 . Memory (MB): peak = 1706.414 ; gain = 0.000
INFO: [Physopt 32-603] Post Physical Optimization Timing Summary | WNS=-4.198 | TNS=-14.382 |

Summary of Physical Synthesis Optimizations
============================================


-------------------------------------------------------------------------------------------------------------------------------------------------------------
|  Optimization   |  WNS Gain (ns)  |  TNS Gain (ns)  |  Added Cells  |  Removed Cells  |  Optimized Cells/Nets  |  Dont Touch  |  Iterations  |  Elapsed   |
-------------------------------------------------------------------------------------------------------------------------------------------------------------
|  DSP Register   |          0.000  |          0.000  |            0  |              0  |                     0  |           0  |           1  |  00:00:00  |
|  Critical Path  |          0.614  |          2.405  |           10  |              0  |                    26  |           0  |           2  |  00:00:03  |
|  Total          |          0.614  |          2.405  |           10  |              0  |                    26  |           0  |           3  |  00:00:03  |
-------------------------------------------------------------------------------------------------------------------------------------------------------------


Netlist sorting complete. Time (s): cpu = 00:00:00 ; elapsed = 00:00:00 . Memory (MB): peak = 1706.414 ; gain = 0.000
Ending Physical Synthesis Task | Checksum: 175dc56be

Time (s): cpu = 00:00:05 ; elapsed = 00:00:04 . Memory (MB): peak = 1706.414 ; gain = 0.000
INFO: [Common 17-83] Releasing license: Implementation
325 Infos, 1 Warnings, 1 Critical Warnings and 0 Errors encountered.
phys_opt_design completed successfully
INFO: [Timing 38-480] Writing timing data to binary archive.
Writing placer database...
Writing XDEF routing.
Writing XDEF routing logical nets.
Writing XDEF routing special nets.
Write XDEF Complete: Time (s): cpu = 00:00:01 ; elapsed = 00:00:00.081 . Memory (MB): peak = 1706.414 ; gain = 0.000
INFO: [Common 17-1381] The checkpoint 'D:/Work/OnDeviceAI2/UART_Sensor/UART_Sensor.runs/impl_1/top_uart_time_sensor_physopt.dcp' has been generated.
Command: route_design
Attempting to get a license for feature 'Implementation' and/or device 'xc7a35t'
INFO: [Common 17-349] Got license for feature 'Implementation' and/or device 'xc7a35t'
INFO: [DRC 23-27] Running DRC with 2 threads
INFO: [Vivado_Tcl 4-198] DRC finished with 0 Errors
INFO: [Vivado_Tcl 4-199] Please refer to the DRC report (report_drc) for more information.
Running DRC as a precondition to command route_design
INFO: [DRC 23-27] Running DRC with 2 threads
INFO: [Vivado_Tcl 4-198] DRC finished with 0 Errors
INFO: [Vivado_Tcl 4-199] Please refer to the DRC report (report_drc) for more information.


Starting Routing Task
INFO: [Route 35-254] Multithreading enabled for route_design using a maximum of 2 CPUs
Checksum: PlaceDB: 951330d0 ConstDB: 0 ShapeSum: 9c4ca304 RouteDB: 0

Phase 1 Build RT Design
Phase 1 Build RT Design | Checksum: 10625e15b

Time (s): cpu = 00:00:11 ; elapsed = 00:00:09 . Memory (MB): peak = 1797.797 ; gain = 80.832
Post Restoration Checksum: NetGraph: 55f6e954 NumContArr: b02ef807 Constraints: 0 Timing: 0

Phase 2 Router Initialization

Phase 2.1 Create Timer
Phase 2.1 Create Timer | Checksum: 10625e15b

Time (s): cpu = 00:00:11 ; elapsed = 00:00:09 . Memory (MB): peak = 1797.816 ; gain = 80.852

Phase 2.2 Fix Topology Constraints
Phase 2.2 Fix Topology Constraints | Checksum: 10625e15b

Time (s): cpu = 00:00:11 ; elapsed = 00:00:09 . Memory (MB): peak = 1803.836 ; gain = 86.871

Phase 2.3 Pre Route Cleanup
Phase 2.3 Pre Route Cleanup | Checksum: 10625e15b

Time (s): cpu = 00:00:11 ; elapsed = 00:00:09 . Memory (MB): peak = 1803.836 ; gain = 86.871
 Number of Nodes with overlaps = 0

Phase 2.4 Update Timing
Phase 2.4 Update Timing | Checksum: 90d0f409

Time (s): cpu = 00:00:11 ; elapsed = 00:00:10 . Memory (MB): peak = 1814.117 ; gain = 97.152
INFO: [Route 35-416] Intermediate Timing Summary | WNS=-3.969 | TNS=-13.404| WHS=-0.203 | THS=-22.547|

Phase 2 Router Initialization | Checksum: 7cbfe9e3

Time (s): cpu = 00:00:11 ; elapsed = 00:00:10 . Memory (MB): peak = 1814.117 ; gain = 97.152

Router Utilization Summary
  Global Vertical Routing Utilization    = 0.000876983 %
  Global Horizontal Routing Utilization  = 0.00234253 %
  Routable Net Status*
  *Does not include unroutable nets such as driverless and loadless.
  Run report_route_status for detailed report.
  Number of Failed Nets               = 1268
    (Failed Nets is the sum of unrouted and partially routed nets)
  Number of Unrouted Nets             = 1267
  Number of Partially Routed Nets     = 1
  Number of Node Overlaps             = 0


Phase 3 Initial Routing

Phase 3.1 Global Routing
Phase 3.1 Global Routing | Checksum: 7cbfe9e3

Time (s): cpu = 00:00:11 ; elapsed = 00:00:10 . Memory (MB): peak = 1815.895 ; gain = 98.930
Phase 3 Initial Routing | Checksum: 1944180b4

Time (s): cpu = 00:00:11 ; elapsed = 00:00:10 . Memory (MB): peak = 1815.895 ; gain = 98.930

Phase 4 Rip-up And Reroute

Phase 4.1 Global Iteration 0
 Number of Nodes with overlaps = 302
 Number of Nodes with overlaps = 111
 Number of Nodes with overlaps = 62
 Number of Nodes with overlaps = 20
 Number of Nodes with overlaps = 10
 Number of Nodes with overlaps = 1
 Number of Nodes with overlaps = 0
INFO: [Route 35-416] Intermediate Timing Summary | WNS=-4.587 | TNS=-16.146| WHS=N/A    | THS=N/A    |

Phase 4.1 Global Iteration 0 | Checksum: 1813a5619

Time (s): cpu = 00:00:13 ; elapsed = 00:00:11 . Memory (MB): peak = 1815.895 ; gain = 98.930

Phase 4.2 Global Iteration 1
 Number of Nodes with overlaps = 125
 Number of Nodes with overlaps = 26
 Number of Nodes with overlaps = 13
 Number of Nodes with overlaps = 13
 Number of Nodes with overlaps = 4
 Number of Nodes with overlaps = 1
 Number of Nodes with overlaps = 0
INFO: [Route 35-416] Intermediate Timing Summary | WNS=-4.836 | TNS=-16.168| WHS=N/A    | THS=N/A    |

Phase 4.2 Global Iteration 1 | Checksum: 22358a369

Time (s): cpu = 00:00:14 ; elapsed = 00:00:12 . Memory (MB): peak = 1815.895 ; gain = 98.930
Phase 4 Rip-up And Reroute | Checksum: 22358a369

Time (s): cpu = 00:00:14 ; elapsed = 00:00:12 . Memory (MB): peak = 1815.895 ; gain = 98.930

Phase 5 Delay and Skew Optimization

Phase 5.1 Delay CleanUp

Phase 5.1.1 Update Timing
Phase 5.1.1 Update Timing | Checksum: 1bccb0d27

Time (s): cpu = 00:00:14 ; elapsed = 00:00:12 . Memory (MB): peak = 1815.895 ; gain = 98.930
INFO: [Route 35-416] Intermediate Timing Summary | WNS=-4.507 | TNS=-15.826| WHS=N/A    | THS=N/A    |

 Number of Nodes with overlaps = 0
Phase 5.1 Delay CleanUp | Checksum: 11b21ccc5

Time (s): cpu = 00:00:14 ; elapsed = 00:00:12 . Memory (MB): peak = 1815.895 ; gain = 98.930

Phase 5.2 Clock Skew Optimization
Phase 5.2 Clock Skew Optimization | Checksum: 11b21ccc5

Time (s): cpu = 00:00:14 ; elapsed = 00:00:12 . Memory (MB): peak = 1815.895 ; gain = 98.930
Phase 5 Delay and Skew Optimization | Checksum: 11b21ccc5

Time (s): cpu = 00:00:14 ; elapsed = 00:00:12 . Memory (MB): peak = 1815.895 ; gain = 98.930

Phase 6 Post Hold Fix

Phase 6.1 Hold Fix Iter

Phase 6.1.1 Update Timing
Phase 6.1.1 Update Timing | Checksum: 19b231df8

Time (s): cpu = 00:00:14 ; elapsed = 00:00:13 . Memory (MB): peak = 1815.895 ; gain = 98.930
INFO: [Route 35-416] Intermediate Timing Summary | WNS=-4.496 | TNS=-15.769| WHS=0.035  | THS=0.000  |

Phase 6.1 Hold Fix Iter | Checksum: bd54073d

Time (s): cpu = 00:00:14 ; elapsed = 00:00:13 . Memory (MB): peak = 1815.895 ; gain = 98.930
Phase 6 Post Hold Fix | Checksum: bd54073d

Time (s): cpu = 00:00:14 ; elapsed = 00:00:13 . Memory (MB): peak = 1815.895 ; gain = 98.930

Phase 7 Route finalize

Router Utilization Summary
  Global Vertical Routing Utilization    = 0.388504 %
  Global Horizontal Routing Utilization  = 0.344482 %
  Routable Net Status*
  *Does not include unroutable nets such as driverless and loadless.
  Run report_route_status for detailed report.
  Number of Failed Nets               = 0
    (Failed Nets is the sum of unrouted and partially routed nets)
  Number of Unrouted Nets             = 0
  Number of Partially Routed Nets     = 0
  Number of Node Overlaps             = 0

Congestion Report
North Dir 1x1 Area, Max Cong = 28.8288%, No Congested Regions.
South Dir 1x1 Area, Max Cong = 27.9279%, No Congested Regions.
East Dir 1x1 Area, Max Cong = 27.9412%, No Congested Regions.
West Dir 1x1 Area, Max Cong = 33.8235%, No Congested Regions.

------------------------------
Reporting congestion hotspots
------------------------------
Direction: North
----------------
Congested clusters found at Level 0
Effective congestion level: 0 Aspect Ratio: 1 Sparse Ratio: 0
Direction: South
----------------
Congested clusters found at Level 0
Effective congestion level: 0 Aspect Ratio: 1 Sparse Ratio: 0
Direction: East
----------------
Congested clusters found at Level 0
Effective congestion level: 0 Aspect Ratio: 1 Sparse Ratio: 0
Direction: West
----------------
Congested clusters found at Level 0
Effective congestion level: 0 Aspect Ratio: 1 Sparse Ratio: 0

Phase 7 Route finalize | Checksum: 16dbb100f

Time (s): cpu = 00:00:14 ; elapsed = 00:00:13 . Memory (MB): peak = 1815.895 ; gain = 98.930

Phase 8 Verifying routed nets

 Verification completed successfully
Phase 8 Verifying routed nets | Checksum: 16dbb100f

Time (s): cpu = 00:00:14 ; elapsed = 00:00:13 . Memory (MB): peak = 1816.586 ; gain = 99.621

Phase 9 Depositing Routes
Phase 9 Depositing Routes | Checksum: 1635cc3d8

Time (s): cpu = 00:00:14 ; elapsed = 00:00:13 . Memory (MB): peak = 1816.586 ; gain = 99.621

Phase 10 Post Router Timing
INFO: [Route 35-57] Estimated Timing Summary | WNS=-4.496 | TNS=-15.769| WHS=0.035  | THS=0.000  |

WARNING: [Route 35-328] Router estimated timing not met.
Resolution: For a complete and accurate timing signoff, report_timing_summary must be run after route_design. Alternatively, route_design can be run with the -timing_summary option to enable a complete timing signoff at the end of route_design.
Phase 10 Post Router Timing | Checksum: 1635cc3d8

Time (s): cpu = 00:00:14 ; elapsed = 00:00:13 . Memory (MB): peak = 1816.586 ; gain = 99.621
INFO: [Route 35-16] Router Completed Successfully

Time (s): cpu = 00:00:14 ; elapsed = 00:00:13 . Memory (MB): peak = 1816.586 ; gain = 99.621

Routing Is Done.
INFO: [Common 17-83] Releasing license: Implementation
343 Infos, 2 Warnings, 1 Critical Warnings and 0 Errors encountered.
route_design completed successfully
route_design: Time (s): cpu = 00:00:15 ; elapsed = 00:00:13 . Memory (MB): peak = 1816.586 ; gain = 110.172
INFO: [Timing 38-480] Writing timing data to binary archive.
Writing placer database...
Writing XDEF routing.
Writing XDEF routing logical nets.
Writing XDEF routing special nets.
Write XDEF Complete: Time (s): cpu = 00:00:01 ; elapsed = 00:00:00.099 . Memory (MB): peak = 1826.457 ; gain = 9.871
INFO: [Common 17-1381] The checkpoint 'D:/Work/OnDeviceAI2/UART_Sensor/UART_Sensor.runs/impl_1/top_uart_time_sensor_routed.dcp' has been generated.
INFO: [runtcl-4] Executing : report_drc -file top_uart_time_sensor_drc_routed.rpt -pb top_uart_time_sensor_drc_routed.pb -rpx top_uart_time_sensor_drc_routed.rpx
Command: report_drc -file top_uart_time_sensor_drc_routed.rpt -pb top_uart_time_sensor_drc_routed.pb -rpx top_uart_time_sensor_drc_routed.rpx
INFO: [IP_Flow 19-1839] IP Catalog is up to date.
INFO: [DRC 23-27] Running DRC with 2 threads
INFO: [Coretcl 2-168] The results of DRC are in file D:/Work/OnDeviceAI2/UART_Sensor/UART_Sensor.runs/impl_1/top_uart_time_sensor_drc_routed.rpt.
report_drc completed successfully
INFO: [runtcl-4] Executing : report_methodology -file top_uart_time_sensor_methodology_drc_routed.rpt -pb top_uart_time_sensor_methodology_drc_routed.pb -rpx top_uart_time_sensor_methodology_drc_routed.rpx
Command: report_methodology -file top_uart_time_sensor_methodology_drc_routed.rpt -pb top_uart_time_sensor_methodology_drc_routed.pb -rpx top_uart_time_sensor_methodology_drc_routed.rpx
INFO: [Timing 38-35] Done setting XDC timing constraints.
INFO: [DRC 23-133] Running Methodology with 2 threads
INFO: [Coretcl 2-1520] The results of Report Methodology are in file D:/Work/OnDeviceAI2/UART_Sensor/UART_Sensor.runs/impl_1/top_uart_time_sensor_methodology_drc_routed.rpt.
report_methodology completed successfully
INFO: [runtcl-4] Executing : report_power -file top_uart_time_sensor_power_routed.rpt -pb top_uart_time_sensor_power_summary_routed.pb -rpx top_uart_time_sensor_power_routed.rpx
Command: report_power -file top_uart_time_sensor_power_routed.rpt -pb top_uart_time_sensor_power_summary_routed.pb -rpx top_uart_time_sensor_power_routed.rpx
INFO: [Timing 38-35] Done setting XDC timing constraints.
Running Vector-less Activity Propagation...

Finished Running Vector-less Activity Propagation
355 Infos, 2 Warnings, 1 Critical Warnings and 0 Errors encountered.
report_power completed successfully
INFO: [runtcl-4] Executing : report_route_status -file top_uart_time_sensor_route_status.rpt -pb top_uart_time_sensor_route_status.pb
INFO: [runtcl-4] Executing : report_timing_summary -max_paths 10 -file top_uart_time_sensor_timing_summary_routed.rpt -pb top_uart_time_sensor_timing_summary_routed.pb -rpx top_uart_time_sensor_timing_summary_routed.rpx -warn_on_violation 
INFO: [Timing 38-91] UpdateTimingParams: Speed grade: -1, Delay Type: min_max.
INFO: [Timing 38-191] Multithreading enabled for timing update using a maximum of 2 CPUs
CRITICAL WARNING: [Timing 38-282] The design failed to meet the timing requirements. Please see the timing summary report for details on the timing violations.
INFO: [runtcl-4] Executing : report_incremental_reuse -file top_uart_time_sensor_incremental_reuse_routed.rpt
INFO: [Vivado_Tcl 4-1062] Incremental flow is disabled. No incremental reuse Info to report.
INFO: [runtcl-4] Executing : report_clock_utilization -file top_uart_time_sensor_clock_utilization_routed.rpt
INFO: [runtcl-4] Executing : report_bus_skew -warn_on_violation -file top_uart_time_sensor_bus_skew_routed.rpt -pb top_uart_time_sensor_bus_skew_routed.pb -rpx top_uart_time_sensor_bus_skew_routed.rpx
INFO: [Timing 38-91] UpdateTimingParams: Speed grade: -1, Delay Type: min_max.
INFO: [Timing 38-191] Multithreading enabled for timing update using a maximum of 2 CPUs
Command: write_bitstream -force top_uart_time_sensor.bit
Attempting to get a license for feature 'Implementation' and/or device 'xc7a35t'
INFO: [Common 17-349] Got license for feature 'Implementation' and/or device 'xc7a35t'
Running DRC as a precondition to command write_bitstream
INFO: [IP_Flow 19-1839] IP Catalog is up to date.
INFO: [DRC 23-27] Running DRC with 2 threads
INFO: [Vivado 12-3199] DRC finished with 0 Errors
INFO: [Vivado 12-3200] Please refer to the DRC report (report_drc) for more information.
INFO: [Designutils 20-2272] Running write_bitstream with 2 threads.
Loading data files...
Loading site data...
Loading route data...
Processing options...
Creating bitmap...
Creating bitstream...
Bitstream compression saved 13421312 bits.
Writing bitstream ./top_uart_time_sensor.bit...
INFO: [Vivado 12-1842] Bitgen Completed Successfully.
INFO: [Project 1-120] WebTalk data collection is mandatory when using a WebPACK part without a full Vivado license. To see the specific WebTalk data collected for your design, open the usage_statistics_webtalk.html or usage_statistics_webtalk.xml file in the implementation directory.
INFO: [Common 17-83] Releasing license: Implementation
12 Infos, 0 Warnings, 0 Critical Warnings and 0 Errors encountered.
write_bitstream completed successfully
write_bitstream: Time (s): cpu = 00:00:08 ; elapsed = 00:00:08 . Memory (MB): peak = 2297.559 ; gain = 438.172
INFO: [Common 17-206] Exiting Vivado at Mon May  4 20:01:27 2026...
