Copyright 1986-2020 Xilinx, Inc. All Rights Reserved.
-------------------------------------------------------------------------------------------------
| Tool Version : Vivado v.2020.2 (win64) Build 3064766 Wed Nov 18 09:12:45 MST 2020
| Date         : Mon May  4 20:00:59 2026
| Host         : DESKTOP-7CFQ9ND running 64-bit major release  (build 9200)
| Command      : report_control_sets -verbose -file top_uart_time_sensor_control_sets_placed.rpt
| Design       : top_uart_time_sensor
| Device       : xc7a35t
-------------------------------------------------------------------------------------------------

Control Set Information

Table of Contents
-----------------
1. Summary
2. Histogram
3. Flip-Flop Distribution
4. Detailed Control Set Information

1. Summary
----------

+----------------------------------------------------------+-------+
|                          Status                          | Count |
+----------------------------------------------------------+-------+
| Total control sets                                       |    36 |
|    Minimum number of control sets                        |    36 |
|    Addition due to synthesis replication                 |     0 |
|    Addition due to physical synthesis replication        |     0 |
| Unused register locations in slices containing registers |    78 |
+----------------------------------------------------------+-------+
* Control sets can be merged at opt_design using control_set_merge or merge_equivalent_drivers
** Run report_qor_suggestions for automated merging and remapping suggestions


2. Histogram
------------

+--------------------+-------+
|       Fanout       | Count |
+--------------------+-------+
| Total control sets |    36 |
| >= 0 to < 4        |     2 |
| >= 4 to < 6        |    11 |
| >= 6 to < 8        |     8 |
| >= 8 to < 10       |     8 |
| >= 10 to < 12      |     0 |
| >= 12 to < 14      |     0 |
| >= 14 to < 16      |     1 |
| >= 16              |     6 |
+--------------------+-------+
* Control sets can be remapped at either synth_design or opt_design


3. Flip-Flop Distribution
-------------------------

+--------------+-----------------------+------------------------+-----------------+--------------+
| Clock Enable | Synchronous Set/Reset | Asynchronous Set/Reset | Total Registers | Total Slices |
+--------------+-----------------------+------------------------+-----------------+--------------+
| No           | No                    | No                     |               0 |            0 |
| No           | No                    | Yes                    |             170 |           62 |
| No           | Yes                   | No                     |               0 |            0 |
| Yes          | No                    | No                     |               2 |            2 |
| Yes          | No                    | Yes                    |             214 |           92 |
| Yes          | Yes                   | No                     |               0 |            0 |
+--------------+-----------------------+------------------------+-----------------+--------------+


4. Detailed Control Set Information
-----------------------------------

+-------------------------------------------+-------------------------------------------------------------+------------------+------------------+----------------+--------------+
|                Clock Signal               |                        Enable Signal                        | Set/Reset Signal | Slice Load Count | Bel Load Count | Bels / Slice |
+-------------------------------------------+-------------------------------------------------------------+------------------+------------------+----------------+--------------+
|  clk_IBUF_BUFG                            | U_SR04_CONTROLLER/trig_next                                 | rst_IBUF         |                1 |              1 |         1.00 |
|  U_FND_CNTL/U_CLK_DIV_1KHZ/CLK            |                                                             | rst_IBUF         |                3 |              3 |         1.00 |
|  clk_IBUF_BUFG                            | U_UART_TOP/U_UART_TX/b_tick_cnt_next                        | rst_IBUF         |                2 |              4 |         2.00 |
|  clk_IBUF_BUFG                            | U_FIFO_RX/U_CONTROL_UNIT/E[0]                               | rst_IBUF         |                2 |              4 |         2.00 |
|  clk_IBUF_BUFG                            | U_ASCII_SENDER/idx_next                                     | rst_IBUF         |                2 |              4 |         2.00 |
|  clk_IBUF_BUFG                            | U_UART_TOP/U_UART_RX/E[0]                                   | rst_IBUF         |                1 |              4 |         4.00 |
|  clk_IBUF_BUFG                            | U_DHT11_CONTROLLER/data_next                                |                  |                2 |              4 |         2.00 |
|  clk_IBUF_BUFG                            | U_CTRL_UNIT/U_WT_CTRL/FSM_sequential_wt_c_state_reg[3]_5[0] | rst_IBUF         |                3 |              5 |         1.67 |
|  clk_IBUF_BUFG                            | U_UART_TOP/U_UART_RX/b_tick_cnt_next                        | rst_IBUF         |                2 |              5 |         2.50 |
|  clk_IBUF_BUFG                            | U_ASCII_SENDER/I7                                           | rst_IBUF         |                2 |              5 |         2.50 |
|  clk_IBUF_BUFG                            | U_CTRL_UNIT/U_ST_CTRL/FSM_sequential_st_c_state_reg[0]_1[0] | rst_IBUF         |                2 |              5 |         2.50 |
|  clk_IBUF_BUFG                            | U_CTRL_UNIT/U_WT_CTRL/FSM_sequential_wt_c_state[4]_i_1_n_0  | rst_IBUF         |                4 |              5 |         1.25 |
|  clk_IBUF_BUFG                            | U_FIFO_TX/U_CONTROL_UNIT/rptr_reg[4]_i_1_n_0                | rst_IBUF         |                2 |              5 |         2.50 |
|  clk_IBUF_BUFG                            | U_CTRL_UNIT/U_WT_CTRL/E[0]                                  | rst_IBUF         |                5 |              6 |         1.20 |
|  clk_IBUF_BUFG                            | U_CTRL_UNIT/U_WT_CTRL/FSM_sequential_wt_c_state_reg[3]_4[0] | rst_IBUF         |                3 |              6 |         2.00 |
|  clk_IBUF_BUFG                            | U_DHT11_CONTROLLER/bit_cnt_next                             | rst_IBUF         |                2 |              6 |         3.00 |
|  clk_IBUF_BUFG                            | U_CTRL_UNIT/U_ST_CTRL/FSM_sequential_st_c_state_reg[0]_2[0] | rst_IBUF         |                3 |              6 |         2.00 |
|  clk_IBUF_BUFG                            | U_CTRL_UNIT/U_ST_CTRL/FSM_sequential_st_c_state_reg[0]_3[0] | rst_IBUF         |                4 |              6 |         1.50 |
|  clk_IBUF_BUFG                            | U_ASCII_SENDER/FSM_onehot_c_state[5]_i_1_n_0                | rst_IBUF         |                2 |              6 |         3.00 |
|  clk_IBUF_BUFG                            | U_WATCH_DATAPATH/U_WATCH_TICK_GEN_100HZ/w_tick_100hz        | rst_IBUF         |                4 |              7 |         1.75 |
|  clk_IBUF_BUFG                            | U_CTRL_UNIT/U_ST_CTRL/FSM_sequential_st_c_state_reg[0]_4[0] | rst_IBUF         |                4 |              7 |         1.75 |
|  clk_IBUF_BUFG                            | U_UART_TOP/U_UART_RX/data_next                              | rst_IBUF         |                1 |              8 |         8.00 |
|  clk_IBUF_BUFG                            | U_UART_TOP/U_UART_TX/data_next_0                            | rst_IBUF         |                2 |              8 |         4.00 |
|  clk_IBUF_BUFG                            | U_ASCII_SENDER/FSM_onehot_c_state[3]_i_1_n_0                | rst_IBUF         |                6 |              8 |         1.33 |
|  U_BTN_DEBOUNCE/U_BTND/clk_100khz_reg_n_0 |                                                             | rst_IBUF         |                2 |              8 |         4.00 |
|  U_BTN_DEBOUNCE/U_BTNL/clk_100khz_reg_n_0 |                                                             | rst_IBUF         |                1 |              8 |         8.00 |
|  U_BTN_DEBOUNCE/U_BTNR/clk_100khz         |                                                             | rst_IBUF         |                3 |              8 |         2.67 |
|  U_BTN_DEBOUNCE/U_BTNU/clk_100khz_reg_n_0 |                                                             | rst_IBUF         |                3 |              8 |         2.67 |
|  clk_IBUF_BUFG                            | U_DHT11_CONTROLLER/FSM_onehot_c_state[8]_i_1_n_0            | rst_IBUF         |                2 |              9 |         4.50 |
|  clk_IBUF_BUFG                            | U_DHT11_CONTROLLER/tick_cnt_next                            | rst_IBUF         |                5 |             15 |         3.00 |
|  clk_IBUF_BUFG                            | U_UART_TOP/U_UART_RX/E[0]                                   |                  |                2 |             16 |         8.00 |
|  clk_IBUF_BUFG                            | U_ASCII_SENDER/I7                                           |                  |                2 |             16 |         8.00 |
|  clk_IBUF_BUFG                            | U_SR04_CONTROLLER/tick_us_cnt_next                          | rst_IBUF         |                6 |             16 |         2.67 |
|  clk_IBUF_BUFG                            | U_CTRL_UNIT/U_ST_CTRL/FSM_sequential_st_c_state_reg[1]_1[0] | rst_IBUF         |                7 |             21 |         3.00 |
|  clk_IBUF_BUFG                            | U_DHT11_CONTROLLER/data_next                                | rst_IBUF         |               13 |             32 |         2.46 |
|  clk_IBUF_BUFG                            |                                                             | rst_IBUF         |               50 |            135 |         2.70 |
+-------------------------------------------+-------------------------------------------------------------+------------------+------------------+----------------+--------------+


