********************************************************************************
* Unified simulation Tcl App stack trace dump
*
* File: .usf.tcl_error.log (Wed Apr 22 16:41:03 2026)
*
* This file is generated by the unified simulation automation and contains the
* tcl stack trace of error returned by the simulator App for the current run.
*
********************************************************************************
ERROR: [Common 17-53] User Exception: No open design. Please open an elaborated, synthesized or implemented design before executing this command.

    while executing
"write_verilog -mode funcsim -nolib -force -file "D:/Work/OnDeviceAI2/practice_UART_0421/practice_UART_0421.sim/sim_1/impl/func/xsim/tb_uart_loopback_f..."
    ("eval" body line 1)
    invoked from within
"eval "write_verilog $wv_args""
    (procedure "xcs_write_design_netlist" line 136)
    invoked from within
"xcs_write_design_netlist $a_sim_vars(s_simset)           $a_sim_vars(s_simulation_flow)  $a_sim_vars(s_type)             $a_sim_vars(s_sim_top)       ..."
    (procedure "usf_xsim_setup_simulation" line 56)
    invoked from within
"usf_xsim_setup_simulation"
    (procedure "tclapp::xilinx::xsim::setup" line 19)
    invoked from within
"tclapp::xilinx::xsim::setup { -simset sim_1 -mode post-implementation -type functional -run_dir D:/Work/OnDeviceAI2/practice_UART_0421/practice_UART_0..."
