Copyright 1986-2020 Xilinx, Inc. All Rights Reserved.
--------------------------------------------------------------------------------------------------------------------------------------------------------------------------------------------------
| Tool Version : Vivado v.2020.2 (win64) Build 3064766 Wed Nov 18 09:12:45 MST 2020
| Date         : Tue Jun 16 15:45:36 2026
| Host         : DESKTOP-7CFQ9ND running 64-bit major release  (build 9200)
| Command      : report_timing_summary -max_paths 10 -file slave_top_timing_summary_routed.rpt -pb slave_top_timing_summary_routed.pb -rpx slave_top_timing_summary_routed.rpx -warn_on_violation
| Design       : slave_top
| Device       : 7a35t-cpg236
| Speed File   : -1  PRODUCTION 1.23 2018-06-13
--------------------------------------------------------------------------------------------------------------------------------------------------------------------------------------------------

Timing Summary Report

------------------------------------------------------------------------------------------------
| Timer Settings
| --------------
------------------------------------------------------------------------------------------------

  Enable Multi Corner Analysis               :  Yes
  Enable Pessimism Removal                   :  Yes
  Pessimism Removal Resolution               :  Nearest Common Node
  Enable Input Delay Default Clock           :  No
  Enable Preset / Clear Arcs                 :  No
  Disable Flight Delays                      :  No
  Ignore I/O Paths                           :  No
  Timing Early Launch at Borrowing Latches   :  No
  Borrow Time for Max Delay Exceptions       :  Yes
  Merge Timing Exceptions                    :  Yes

  Corner  Analyze    Analyze    
  Name    Max Paths  Min Paths  
  ------  ---------  ---------  
  Slow    Yes        Yes        
  Fast    Yes        Yes        



check_timing report

Table of Contents
-----------------
1. checking no_clock (0)
2. checking constant_clock (0)
3. checking pulse_width_clock (0)
4. checking unconstrained_internal_endpoints (0)
5. checking no_input_delay (3)
6. checking no_output_delay (2)
7. checking multiple_clock (0)
8. checking generated_clocks (0)
9. checking loops (0)
10. checking partial_input_delay (0)
11. checking partial_output_delay (0)
12. checking latch_loops (0)

1. checking no_clock (0)
------------------------
 There are 0 register/latch pins with no clock.


2. checking constant_clock (0)
------------------------------
 There are 0 register/latch pins with constant_clock.


3. checking pulse_width_clock (0)
---------------------------------
 There are 0 register/latch pins which need pulse_width check


4. checking unconstrained_internal_endpoints (0)
------------------------------------------------
 There are 0 pins that are not constrained for maximum delay.

 There are 0 pins that are not constrained for maximum delay due to constant clock.


5. checking no_input_delay (3)
------------------------------
 There are 3 input ports with no input delay specified. (HIGH)

 There are 0 input ports with no input delay but user has a false path constraint.


6. checking no_output_delay (2)
-------------------------------
 There are 2 ports with no output delay specified. (HIGH)

 There are 0 ports with no output delay but user has a false path constraint

 There are 0 ports with no output delay but with a timing clock defined on it or propagating through it


7. checking multiple_clock (0)
------------------------------
 There are 0 register/latch pins with multiple clocks.


8. checking generated_clocks (0)
--------------------------------
 There are 0 generated clocks that are not connected to a clock source.


9. checking loops (0)
---------------------
 There are 0 combinational loops in the design.


10. checking partial_input_delay (0)
------------------------------------
 There are 0 input ports with partial input delay specified.


11. checking partial_output_delay (0)
-------------------------------------
 There are 0 ports with partial output delay specified.


12. checking latch_loops (0)
----------------------------
 There are 0 combinational latch loops in the design through latch input



------------------------------------------------------------------------------------------------
| Design Timing Summary
| ---------------------
------------------------------------------------------------------------------------------------

    WNS(ns)      TNS(ns)  TNS Failing Endpoints  TNS Total Endpoints      WHS(ns)      THS(ns)  THS Failing Endpoints  THS Total Endpoints     WPWS(ns)     TPWS(ns)  TPWS Failing Endpoints  TPWS Total Endpoints  
    -------      -------  ---------------------  -------------------      -------      -------  ---------------------  -------------------     --------     --------  ----------------------  --------------------  
      6.416        0.000                      0                  107        0.164        0.000                      0                  107        4.500        0.000                       0                    82  


All user specified timing constraints are met.


------------------------------------------------------------------------------------------------
| Clock Summary
| -------------
------------------------------------------------------------------------------------------------

Clock        Waveform(ns)       Period(ns)      Frequency(MHz)
-----        ------------       ----------      --------------
sys_clk_pin  {0.000 5.000}      10.000          100.000         


------------------------------------------------------------------------------------------------
| Intra Clock Table
| -----------------
------------------------------------------------------------------------------------------------

Clock             WNS(ns)      TNS(ns)  TNS Failing Endpoints  TNS Total Endpoints      WHS(ns)      THS(ns)  THS Failing Endpoints  THS Total Endpoints     WPWS(ns)     TPWS(ns)  TPWS Failing Endpoints  TPWS Total Endpoints  
-----             -------      -------  ---------------------  -------------------      -------      -------  ---------------------  -------------------     --------     --------  ----------------------  --------------------  
sys_clk_pin         6.416        0.000                      0                  107        0.164        0.000                      0                  107        4.500        0.000                       0                    82  


------------------------------------------------------------------------------------------------
| Inter Clock Table
| -----------------
------------------------------------------------------------------------------------------------

From Clock    To Clock          WNS(ns)      TNS(ns)  TNS Failing Endpoints  TNS Total Endpoints      WHS(ns)      THS(ns)  THS Failing Endpoints  THS Total Endpoints  
----------    --------          -------      -------  ---------------------  -------------------      -------      -------  ---------------------  -------------------  


------------------------------------------------------------------------------------------------
| Other Path Groups Table
| -----------------------
------------------------------------------------------------------------------------------------

Path Group    From Clock    To Clock          WNS(ns)      TNS(ns)  TNS Failing Endpoints  TNS Total Endpoints      WHS(ns)      THS(ns)  THS Failing Endpoints  THS Total Endpoints  
----------    ----------    --------          -------      -------  ---------------------  -------------------      -------      -------  ---------------------  -------------------  


------------------------------------------------------------------------------------------------
| Timing Details
| --------------
------------------------------------------------------------------------------------------------


---------------------------------------------------------------------------------------------------
From Clock:  sys_clk_pin
  To Clock:  sys_clk_pin

Setup :            0  Failing Endpoints,  Worst Slack        6.416ns,  Total Violation        0.000ns
Hold  :            0  Failing Endpoints,  Worst Slack        0.164ns,  Total Violation        0.000ns
PW    :            0  Failing Endpoints,  Worst Slack        4.500ns,  Total Violation        0.000ns
---------------------------------------------------------------------------------------------------


Max Delay Paths
--------------------------------------------------------------------------------------
Slack (MET) :             6.416ns  (required time - arrival time)
  Source:                 U_I2C_SLAVE/sda_sync_reg[1]/C
                            (rising edge-triggered cell FDPE clocked by sys_clk_pin  {rise@0.000ns fall@5.000ns period=10.000ns})
  Destination:            U_I2C_SLAVE/data_out_reg[0]/CE
                            (rising edge-triggered cell FDCE clocked by sys_clk_pin  {rise@0.000ns fall@5.000ns period=10.000ns})
  Path Group:             sys_clk_pin
  Path Type:              Setup (Max at Slow Process Corner)
  Requirement:            10.000ns  (sys_clk_pin rise@10.000ns - sys_clk_pin rise@0.000ns)
  Data Path Delay:        3.305ns  (logic 0.897ns (27.144%)  route 2.408ns (72.856%))
  Logic Levels:           2  (LUT3=1 LUT5=1)
  Clock Path Skew:        -0.039ns (DCD - SCD + CPR)
    Destination Clock Delay (DCD):    4.850ns = ( 14.850 - 10.000 ) 
    Source Clock Delay      (SCD):    5.147ns
    Clock Pessimism Removal (CPR):    0.258ns
  Clock Uncertainty:      0.035ns  ((TSJ^2 + TIJ^2)^1/2 + DJ) / 2 + PE
    Total System Jitter     (TSJ):    0.071ns
    Total Input Jitter      (TIJ):    0.000ns
    Discrete Jitter          (DJ):    0.000ns
    Phase Error              (PE):    0.000ns

    Location             Delay type                Incr(ns)  Path(ns)    Netlist Resource(s)
  -------------------------------------------------------------------    -------------------
                         (clock sys_clk_pin rise edge)
                                                      0.000     0.000 r  
    W5                                                0.000     0.000 r  clk (IN)
                         net (fo=0)                   0.000     0.000    clk
    W5                   IBUF (Prop_ibuf_I_O)         1.458     1.458 r  clk_IBUF_inst/O
                         net (fo=1, routed)           1.967     3.425    clk_IBUF
    BUFGCTRL_X0Y0        BUFG (Prop_bufg_I_O)         0.096     3.521 r  clk_IBUF_BUFG_inst/O
                         net (fo=81, routed)          1.626     5.147    U_I2C_SLAVE/CLK
    SLICE_X64Y96         FDPE                                         r  U_I2C_SLAVE/sda_sync_reg[1]/C
  -------------------------------------------------------------------    -------------------
    SLICE_X64Y96         FDPE (Prop_fdpe_C_Q)         0.478     5.625 r  U_I2C_SLAVE/sda_sync_reg[1]/Q
                         net (fo=10, routed)          0.913     6.538    U_I2C_SLAVE/p_0_in[0]
    SLICE_X65Y96         LUT3 (Prop_lut3_I2_O)        0.295     6.833 f  U_I2C_SLAVE/FSM_sequential_state[2]_i_4/O
                         net (fo=21, routed)          1.156     7.989    U_I2C_SLAVE/start_condition__1
    SLICE_X63Y98         LUT5 (Prop_lut5_I0_O)        0.124     8.113 r  U_I2C_SLAVE/data_out[7]_i_1/O
                         net (fo=8, routed)           0.339     8.451    U_I2C_SLAVE/data_out[7]_i_1_n_0
    SLICE_X61Y98         FDCE                                         r  U_I2C_SLAVE/data_out_reg[0]/CE
  -------------------------------------------------------------------    -------------------

                         (clock sys_clk_pin rise edge)
                                                     10.000    10.000 r  
    W5                                                0.000    10.000 r  clk (IN)
                         net (fo=0)                   0.000    10.000    clk
    W5                   IBUF (Prop_ibuf_I_O)         1.388    11.388 r  clk_IBUF_inst/O
                         net (fo=1, routed)           1.862    13.250    clk_IBUF
    BUFGCTRL_X0Y0        BUFG (Prop_bufg_I_O)         0.091    13.341 r  clk_IBUF_BUFG_inst/O
                         net (fo=81, routed)          1.509    14.850    U_I2C_SLAVE/CLK
    SLICE_X61Y98         FDCE                                         r  U_I2C_SLAVE/data_out_reg[0]/C
                         clock pessimism              0.258    15.108    
                         clock uncertainty           -0.035    15.073    
    SLICE_X61Y98         FDCE (Setup_fdce_C_CE)      -0.205    14.868    U_I2C_SLAVE/data_out_reg[0]
  -------------------------------------------------------------------
                         required time                         14.868    
                         arrival time                          -8.451    
  -------------------------------------------------------------------
                         slack                                  6.416    

Slack (MET) :             6.416ns  (required time - arrival time)
  Source:                 U_I2C_SLAVE/sda_sync_reg[1]/C
                            (rising edge-triggered cell FDPE clocked by sys_clk_pin  {rise@0.000ns fall@5.000ns period=10.000ns})
  Destination:            U_I2C_SLAVE/data_out_reg[1]/CE
                            (rising edge-triggered cell FDCE clocked by sys_clk_pin  {rise@0.000ns fall@5.000ns period=10.000ns})
  Path Group:             sys_clk_pin
  Path Type:              Setup (Max at Slow Process Corner)
  Requirement:            10.000ns  (sys_clk_pin rise@10.000ns - sys_clk_pin rise@0.000ns)
  Data Path Delay:        3.305ns  (logic 0.897ns (27.144%)  route 2.408ns (72.856%))
  Logic Levels:           2  (LUT3=1 LUT5=1)
  Clock Path Skew:        -0.039ns (DCD - SCD + CPR)
    Destination Clock Delay (DCD):    4.850ns = ( 14.850 - 10.000 ) 
    Source Clock Delay      (SCD):    5.147ns
    Clock Pessimism Removal (CPR):    0.258ns
  Clock Uncertainty:      0.035ns  ((TSJ^2 + TIJ^2)^1/2 + DJ) / 2 + PE
    Total System Jitter     (TSJ):    0.071ns
    Total Input Jitter      (TIJ):    0.000ns
    Discrete Jitter          (DJ):    0.000ns
    Phase Error              (PE):    0.000ns

    Location             Delay type                Incr(ns)  Path(ns)    Netlist Resource(s)
  -------------------------------------------------------------------    -------------------
                         (clock sys_clk_pin rise edge)
                                                      0.000     0.000 r  
    W5                                                0.000     0.000 r  clk (IN)
                         net (fo=0)                   0.000     0.000    clk
    W5                   IBUF (Prop_ibuf_I_O)         1.458     1.458 r  clk_IBUF_inst/O
                         net (fo=1, routed)           1.967     3.425    clk_IBUF
    BUFGCTRL_X0Y0        BUFG (Prop_bufg_I_O)         0.096     3.521 r  clk_IBUF_BUFG_inst/O
                         net (fo=81, routed)          1.626     5.147    U_I2C_SLAVE/CLK
    SLICE_X64Y96         FDPE                                         r  U_I2C_SLAVE/sda_sync_reg[1]/C
  -------------------------------------------------------------------    -------------------
    SLICE_X64Y96         FDPE (Prop_fdpe_C_Q)         0.478     5.625 r  U_I2C_SLAVE/sda_sync_reg[1]/Q
                         net (fo=10, routed)          0.913     6.538    U_I2C_SLAVE/p_0_in[0]
    SLICE_X65Y96         LUT3 (Prop_lut3_I2_O)        0.295     6.833 f  U_I2C_SLAVE/FSM_sequential_state[2]_i_4/O
                         net (fo=21, routed)          1.156     7.989    U_I2C_SLAVE/start_condition__1
    SLICE_X63Y98         LUT5 (Prop_lut5_I0_O)        0.124     8.113 r  U_I2C_SLAVE/data_out[7]_i_1/O
                         net (fo=8, routed)           0.339     8.451    U_I2C_SLAVE/data_out[7]_i_1_n_0
    SLICE_X61Y98         FDCE                                         r  U_I2C_SLAVE/data_out_reg[1]/CE
  -------------------------------------------------------------------    -------------------

                         (clock sys_clk_pin rise edge)
                                                     10.000    10.000 r  
    W5                                                0.000    10.000 r  clk (IN)
                         net (fo=0)                   0.000    10.000    clk
    W5                   IBUF (Prop_ibuf_I_O)         1.388    11.388 r  clk_IBUF_inst/O
                         net (fo=1, routed)           1.862    13.250    clk_IBUF
    BUFGCTRL_X0Y0        BUFG (Prop_bufg_I_O)         0.091    13.341 r  clk_IBUF_BUFG_inst/O
                         net (fo=81, routed)          1.509    14.850    U_I2C_SLAVE/CLK
    SLICE_X61Y98         FDCE                                         r  U_I2C_SLAVE/data_out_reg[1]/C
                         clock pessimism              0.258    15.108    
                         clock uncertainty           -0.035    15.073    
    SLICE_X61Y98         FDCE (Setup_fdce_C_CE)      -0.205    14.868    U_I2C_SLAVE/data_out_reg[1]
  -------------------------------------------------------------------
                         required time                         14.868    
                         arrival time                          -8.451    
  -------------------------------------------------------------------
                         slack                                  6.416    

Slack (MET) :             6.416ns  (required time - arrival time)
  Source:                 U_I2C_SLAVE/sda_sync_reg[1]/C
                            (rising edge-triggered cell FDPE clocked by sys_clk_pin  {rise@0.000ns fall@5.000ns period=10.000ns})
  Destination:            U_I2C_SLAVE/data_out_reg[2]/CE
                            (rising edge-triggered cell FDCE clocked by sys_clk_pin  {rise@0.000ns fall@5.000ns period=10.000ns})
  Path Group:             sys_clk_pin
  Path Type:              Setup (Max at Slow Process Corner)
  Requirement:            10.000ns  (sys_clk_pin rise@10.000ns - sys_clk_pin rise@0.000ns)
  Data Path Delay:        3.305ns  (logic 0.897ns (27.144%)  route 2.408ns (72.856%))
  Logic Levels:           2  (LUT3=1 LUT5=1)
  Clock Path Skew:        -0.039ns (DCD - SCD + CPR)
    Destination Clock Delay (DCD):    4.850ns = ( 14.850 - 10.000 ) 
    Source Clock Delay      (SCD):    5.147ns
    Clock Pessimism Removal (CPR):    0.258ns
  Clock Uncertainty:      0.035ns  ((TSJ^2 + TIJ^2)^1/2 + DJ) / 2 + PE
    Total System Jitter     (TSJ):    0.071ns
    Total Input Jitter      (TIJ):    0.000ns
    Discrete Jitter          (DJ):    0.000ns
    Phase Error              (PE):    0.000ns

    Location             Delay type                Incr(ns)  Path(ns)    Netlist Resource(s)
  -------------------------------------------------------------------    -------------------
                         (clock sys_clk_pin rise edge)
                                                      0.000     0.000 r  
    W5                                                0.000     0.000 r  clk (IN)
                         net (fo=0)                   0.000     0.000    clk
    W5                   IBUF (Prop_ibuf_I_O)         1.458     1.458 r  clk_IBUF_inst/O
                         net (fo=1, routed)           1.967     3.425    clk_IBUF
    BUFGCTRL_X0Y0        BUFG (Prop_bufg_I_O)         0.096     3.521 r  clk_IBUF_BUFG_inst/O
                         net (fo=81, routed)          1.626     5.147    U_I2C_SLAVE/CLK
    SLICE_X64Y96         FDPE                                         r  U_I2C_SLAVE/sda_sync_reg[1]/C
  -------------------------------------------------------------------    -------------------
    SLICE_X64Y96         FDPE (Prop_fdpe_C_Q)         0.478     5.625 r  U_I2C_SLAVE/sda_sync_reg[1]/Q
                         net (fo=10, routed)          0.913     6.538    U_I2C_SLAVE/p_0_in[0]
    SLICE_X65Y96         LUT3 (Prop_lut3_I2_O)        0.295     6.833 f  U_I2C_SLAVE/FSM_sequential_state[2]_i_4/O
                         net (fo=21, routed)          1.156     7.989    U_I2C_SLAVE/start_condition__1
    SLICE_X63Y98         LUT5 (Prop_lut5_I0_O)        0.124     8.113 r  U_I2C_SLAVE/data_out[7]_i_1/O
                         net (fo=8, routed)           0.339     8.451    U_I2C_SLAVE/data_out[7]_i_1_n_0
    SLICE_X61Y98         FDCE                                         r  U_I2C_SLAVE/data_out_reg[2]/CE
  -------------------------------------------------------------------    -------------------

                         (clock sys_clk_pin rise edge)
                                                     10.000    10.000 r  
    W5                                                0.000    10.000 r  clk (IN)
                         net (fo=0)                   0.000    10.000    clk
    W5                   IBUF (Prop_ibuf_I_O)         1.388    11.388 r  clk_IBUF_inst/O
                         net (fo=1, routed)           1.862    13.250    clk_IBUF
    BUFGCTRL_X0Y0        BUFG (Prop_bufg_I_O)         0.091    13.341 r  clk_IBUF_BUFG_inst/O
                         net (fo=81, routed)          1.509    14.850    U_I2C_SLAVE/CLK
    SLICE_X61Y98         FDCE                                         r  U_I2C_SLAVE/data_out_reg[2]/C
                         clock pessimism              0.258    15.108    
                         clock uncertainty           -0.035    15.073    
    SLICE_X61Y98         FDCE (Setup_fdce_C_CE)      -0.205    14.868    U_I2C_SLAVE/data_out_reg[2]
  -------------------------------------------------------------------
                         required time                         14.868    
                         arrival time                          -8.451    
  -------------------------------------------------------------------
                         slack                                  6.416    

Slack (MET) :             6.416ns  (required time - arrival time)
  Source:                 U_I2C_SLAVE/sda_sync_reg[1]/C
                            (rising edge-triggered cell FDPE clocked by sys_clk_pin  {rise@0.000ns fall@5.000ns period=10.000ns})
  Destination:            U_I2C_SLAVE/data_out_reg[3]/CE
                            (rising edge-triggered cell FDCE clocked by sys_clk_pin  {rise@0.000ns fall@5.000ns period=10.000ns})
  Path Group:             sys_clk_pin
  Path Type:              Setup (Max at Slow Process Corner)
  Requirement:            10.000ns  (sys_clk_pin rise@10.000ns - sys_clk_pin rise@0.000ns)
  Data Path Delay:        3.305ns  (logic 0.897ns (27.144%)  route 2.408ns (72.856%))
  Logic Levels:           2  (LUT3=1 LUT5=1)
  Clock Path Skew:        -0.039ns (DCD - SCD + CPR)
    Destination Clock Delay (DCD):    4.850ns = ( 14.850 - 10.000 ) 
    Source Clock Delay      (SCD):    5.147ns
    Clock Pessimism Removal (CPR):    0.258ns
  Clock Uncertainty:      0.035ns  ((TSJ^2 + TIJ^2)^1/2 + DJ) / 2 + PE
    Total System Jitter     (TSJ):    0.071ns
    Total Input Jitter      (TIJ):    0.000ns
    Discrete Jitter          (DJ):    0.000ns
    Phase Error              (PE):    0.000ns

    Location             Delay type                Incr(ns)  Path(ns)    Netlist Resource(s)
  -------------------------------------------------------------------    -------------------
                         (clock sys_clk_pin rise edge)
                                                      0.000     0.000 r  
    W5                                                0.000     0.000 r  clk (IN)
                         net (fo=0)                   0.000     0.000    clk
    W5                   IBUF (Prop_ibuf_I_O)         1.458     1.458 r  clk_IBUF_inst/O
                         net (fo=1, routed)           1.967     3.425    clk_IBUF
    BUFGCTRL_X0Y0        BUFG (Prop_bufg_I_O)         0.096     3.521 r  clk_IBUF_BUFG_inst/O
                         net (fo=81, routed)          1.626     5.147    U_I2C_SLAVE/CLK
    SLICE_X64Y96         FDPE                                         r  U_I2C_SLAVE/sda_sync_reg[1]/C
  -------------------------------------------------------------------    -------------------
    SLICE_X64Y96         FDPE (Prop_fdpe_C_Q)         0.478     5.625 r  U_I2C_SLAVE/sda_sync_reg[1]/Q
                         net (fo=10, routed)          0.913     6.538    U_I2C_SLAVE/p_0_in[0]
    SLICE_X65Y96         LUT3 (Prop_lut3_I2_O)        0.295     6.833 f  U_I2C_SLAVE/FSM_sequential_state[2]_i_4/O
                         net (fo=21, routed)          1.156     7.989    U_I2C_SLAVE/start_condition__1
    SLICE_X63Y98         LUT5 (Prop_lut5_I0_O)        0.124     8.113 r  U_I2C_SLAVE/data_out[7]_i_1/O
                         net (fo=8, routed)           0.339     8.451    U_I2C_SLAVE/data_out[7]_i_1_n_0
    SLICE_X61Y98         FDCE                                         r  U_I2C_SLAVE/data_out_reg[3]/CE
  -------------------------------------------------------------------    -------------------

                         (clock sys_clk_pin rise edge)
                                                     10.000    10.000 r  
    W5                                                0.000    10.000 r  clk (IN)
                         net (fo=0)                   0.000    10.000    clk
    W5                   IBUF (Prop_ibuf_I_O)         1.388    11.388 r  clk_IBUF_inst/O
                         net (fo=1, routed)           1.862    13.250    clk_IBUF
    BUFGCTRL_X0Y0        BUFG (Prop_bufg_I_O)         0.091    13.341 r  clk_IBUF_BUFG_inst/O
                         net (fo=81, routed)          1.509    14.850    U_I2C_SLAVE/CLK
    SLICE_X61Y98         FDCE                                         r  U_I2C_SLAVE/data_out_reg[3]/C
                         clock pessimism              0.258    15.108    
                         clock uncertainty           -0.035    15.073    
    SLICE_X61Y98         FDCE (Setup_fdce_C_CE)      -0.205    14.868    U_I2C_SLAVE/data_out_reg[3]
  -------------------------------------------------------------------
                         required time                         14.868    
                         arrival time                          -8.451    
  -------------------------------------------------------------------
                         slack                                  6.416    

Slack (MET) :             6.416ns  (required time - arrival time)
  Source:                 U_I2C_SLAVE/sda_sync_reg[1]/C
                            (rising edge-triggered cell FDPE clocked by sys_clk_pin  {rise@0.000ns fall@5.000ns period=10.000ns})
  Destination:            U_I2C_SLAVE/data_out_reg[4]/CE
                            (rising edge-triggered cell FDCE clocked by sys_clk_pin  {rise@0.000ns fall@5.000ns period=10.000ns})
  Path Group:             sys_clk_pin
  Path Type:              Setup (Max at Slow Process Corner)
  Requirement:            10.000ns  (sys_clk_pin rise@10.000ns - sys_clk_pin rise@0.000ns)
  Data Path Delay:        3.305ns  (logic 0.897ns (27.144%)  route 2.408ns (72.856%))
  Logic Levels:           2  (LUT3=1 LUT5=1)
  Clock Path Skew:        -0.039ns (DCD - SCD + CPR)
    Destination Clock Delay (DCD):    4.850ns = ( 14.850 - 10.000 ) 
    Source Clock Delay      (SCD):    5.147ns
    Clock Pessimism Removal (CPR):    0.258ns
  Clock Uncertainty:      0.035ns  ((TSJ^2 + TIJ^2)^1/2 + DJ) / 2 + PE
    Total System Jitter     (TSJ):    0.071ns
    Total Input Jitter      (TIJ):    0.000ns
    Discrete Jitter          (DJ):    0.000ns
    Phase Error              (PE):    0.000ns

    Location             Delay type                Incr(ns)  Path(ns)    Netlist Resource(s)
  -------------------------------------------------------------------    -------------------
                         (clock sys_clk_pin rise edge)
                                                      0.000     0.000 r  
    W5                                                0.000     0.000 r  clk (IN)
                         net (fo=0)                   0.000     0.000    clk
    W5                   IBUF (Prop_ibuf_I_O)         1.458     1.458 r  clk_IBUF_inst/O
                         net (fo=1, routed)           1.967     3.425    clk_IBUF
    BUFGCTRL_X0Y0        BUFG (Prop_bufg_I_O)         0.096     3.521 r  clk_IBUF_BUFG_inst/O
                         net (fo=81, routed)          1.626     5.147    U_I2C_SLAVE/CLK
    SLICE_X64Y96         FDPE                                         r  U_I2C_SLAVE/sda_sync_reg[1]/C
  -------------------------------------------------------------------    -------------------
    SLICE_X64Y96         FDPE (Prop_fdpe_C_Q)         0.478     5.625 r  U_I2C_SLAVE/sda_sync_reg[1]/Q
                         net (fo=10, routed)          0.913     6.538    U_I2C_SLAVE/p_0_in[0]
    SLICE_X65Y96         LUT3 (Prop_lut3_I2_O)        0.295     6.833 f  U_I2C_SLAVE/FSM_sequential_state[2]_i_4/O
                         net (fo=21, routed)          1.156     7.989    U_I2C_SLAVE/start_condition__1
    SLICE_X63Y98         LUT5 (Prop_lut5_I0_O)        0.124     8.113 r  U_I2C_SLAVE/data_out[7]_i_1/O
                         net (fo=8, routed)           0.339     8.451    U_I2C_SLAVE/data_out[7]_i_1_n_0
    SLICE_X61Y98         FDCE                                         r  U_I2C_SLAVE/data_out_reg[4]/CE
  -------------------------------------------------------------------    -------------------

                         (clock sys_clk_pin rise edge)
                                                     10.000    10.000 r  
    W5                                                0.000    10.000 r  clk (IN)
                         net (fo=0)                   0.000    10.000    clk
    W5                   IBUF (Prop_ibuf_I_O)         1.388    11.388 r  clk_IBUF_inst/O
                         net (fo=1, routed)           1.862    13.250    clk_IBUF
    BUFGCTRL_X0Y0        BUFG (Prop_bufg_I_O)         0.091    13.341 r  clk_IBUF_BUFG_inst/O
                         net (fo=81, routed)          1.509    14.850    U_I2C_SLAVE/CLK
    SLICE_X61Y98         FDCE                                         r  U_I2C_SLAVE/data_out_reg[4]/C
                         clock pessimism              0.258    15.108    
                         clock uncertainty           -0.035    15.073    
    SLICE_X61Y98         FDCE (Setup_fdce_C_CE)      -0.205    14.868    U_I2C_SLAVE/data_out_reg[4]
  -------------------------------------------------------------------
                         required time                         14.868    
                         arrival time                          -8.451    
  -------------------------------------------------------------------
                         slack                                  6.416    

Slack (MET) :             6.416ns  (required time - arrival time)
  Source:                 U_I2C_SLAVE/sda_sync_reg[1]/C
                            (rising edge-triggered cell FDPE clocked by sys_clk_pin  {rise@0.000ns fall@5.000ns period=10.000ns})
  Destination:            U_I2C_SLAVE/data_out_reg[5]/CE
                            (rising edge-triggered cell FDCE clocked by sys_clk_pin  {rise@0.000ns fall@5.000ns period=10.000ns})
  Path Group:             sys_clk_pin
  Path Type:              Setup (Max at Slow Process Corner)
  Requirement:            10.000ns  (sys_clk_pin rise@10.000ns - sys_clk_pin rise@0.000ns)
  Data Path Delay:        3.305ns  (logic 0.897ns (27.144%)  route 2.408ns (72.856%))
  Logic Levels:           2  (LUT3=1 LUT5=1)
  Clock Path Skew:        -0.039ns (DCD - SCD + CPR)
    Destination Clock Delay (DCD):    4.850ns = ( 14.850 - 10.000 ) 
    Source Clock Delay      (SCD):    5.147ns
    Clock Pessimism Removal (CPR):    0.258ns
  Clock Uncertainty:      0.035ns  ((TSJ^2 + TIJ^2)^1/2 + DJ) / 2 + PE
    Total System Jitter     (TSJ):    0.071ns
    Total Input Jitter      (TIJ):    0.000ns
    Discrete Jitter          (DJ):    0.000ns
    Phase Error              (PE):    0.000ns

    Location             Delay type                Incr(ns)  Path(ns)    Netlist Resource(s)
  -------------------------------------------------------------------    -------------------
                         (clock sys_clk_pin rise edge)
                                                      0.000     0.000 r  
    W5                                                0.000     0.000 r  clk (IN)
                         net (fo=0)                   0.000     0.000    clk
    W5                   IBUF (Prop_ibuf_I_O)         1.458     1.458 r  clk_IBUF_inst/O
                         net (fo=1, routed)           1.967     3.425    clk_IBUF
    BUFGCTRL_X0Y0        BUFG (Prop_bufg_I_O)         0.096     3.521 r  clk_IBUF_BUFG_inst/O
                         net (fo=81, routed)          1.626     5.147    U_I2C_SLAVE/CLK
    SLICE_X64Y96         FDPE                                         r  U_I2C_SLAVE/sda_sync_reg[1]/C
  -------------------------------------------------------------------    -------------------
    SLICE_X64Y96         FDPE (Prop_fdpe_C_Q)         0.478     5.625 r  U_I2C_SLAVE/sda_sync_reg[1]/Q
                         net (fo=10, routed)          0.913     6.538    U_I2C_SLAVE/p_0_in[0]
    SLICE_X65Y96         LUT3 (Prop_lut3_I2_O)        0.295     6.833 f  U_I2C_SLAVE/FSM_sequential_state[2]_i_4/O
                         net (fo=21, routed)          1.156     7.989    U_I2C_SLAVE/start_condition__1
    SLICE_X63Y98         LUT5 (Prop_lut5_I0_O)        0.124     8.113 r  U_I2C_SLAVE/data_out[7]_i_1/O
                         net (fo=8, routed)           0.339     8.451    U_I2C_SLAVE/data_out[7]_i_1_n_0
    SLICE_X61Y98         FDCE                                         r  U_I2C_SLAVE/data_out_reg[5]/CE
  -------------------------------------------------------------------    -------------------

                         (clock sys_clk_pin rise edge)
                                                     10.000    10.000 r  
    W5                                                0.000    10.000 r  clk (IN)
                         net (fo=0)                   0.000    10.000    clk
    W5                   IBUF (Prop_ibuf_I_O)         1.388    11.388 r  clk_IBUF_inst/O
                         net (fo=1, routed)           1.862    13.250    clk_IBUF
    BUFGCTRL_X0Y0        BUFG (Prop_bufg_I_O)         0.091    13.341 r  clk_IBUF_BUFG_inst/O
                         net (fo=81, routed)          1.509    14.850    U_I2C_SLAVE/CLK
    SLICE_X61Y98         FDCE                                         r  U_I2C_SLAVE/data_out_reg[5]/C
                         clock pessimism              0.258    15.108    
                         clock uncertainty           -0.035    15.073    
    SLICE_X61Y98         FDCE (Setup_fdce_C_CE)      -0.205    14.868    U_I2C_SLAVE/data_out_reg[5]
  -------------------------------------------------------------------
                         required time                         14.868    
                         arrival time                          -8.451    
  -------------------------------------------------------------------
                         slack                                  6.416    

Slack (MET) :             6.416ns  (required time - arrival time)
  Source:                 U_I2C_SLAVE/sda_sync_reg[1]/C
                            (rising edge-triggered cell FDPE clocked by sys_clk_pin  {rise@0.000ns fall@5.000ns period=10.000ns})
  Destination:            U_I2C_SLAVE/data_out_reg[6]/CE
                            (rising edge-triggered cell FDCE clocked by sys_clk_pin  {rise@0.000ns fall@5.000ns period=10.000ns})
  Path Group:             sys_clk_pin
  Path Type:              Setup (Max at Slow Process Corner)
  Requirement:            10.000ns  (sys_clk_pin rise@10.000ns - sys_clk_pin rise@0.000ns)
  Data Path Delay:        3.305ns  (logic 0.897ns (27.144%)  route 2.408ns (72.856%))
  Logic Levels:           2  (LUT3=1 LUT5=1)
  Clock Path Skew:        -0.039ns (DCD - SCD + CPR)
    Destination Clock Delay (DCD):    4.850ns = ( 14.850 - 10.000 ) 
    Source Clock Delay      (SCD):    5.147ns
    Clock Pessimism Removal (CPR):    0.258ns
  Clock Uncertainty:      0.035ns  ((TSJ^2 + TIJ^2)^1/2 + DJ) / 2 + PE
    Total System Jitter     (TSJ):    0.071ns
    Total Input Jitter      (TIJ):    0.000ns
    Discrete Jitter          (DJ):    0.000ns
    Phase Error              (PE):    0.000ns

    Location             Delay type                Incr(ns)  Path(ns)    Netlist Resource(s)
  -------------------------------------------------------------------    -------------------
                         (clock sys_clk_pin rise edge)
                                                      0.000     0.000 r  
    W5                                                0.000     0.000 r  clk (IN)
                         net (fo=0)                   0.000     0.000    clk
    W5                   IBUF (Prop_ibuf_I_O)         1.458     1.458 r  clk_IBUF_inst/O
                         net (fo=1, routed)           1.967     3.425    clk_IBUF
    BUFGCTRL_X0Y0        BUFG (Prop_bufg_I_O)         0.096     3.521 r  clk_IBUF_BUFG_inst/O
                         net (fo=81, routed)          1.626     5.147    U_I2C_SLAVE/CLK
    SLICE_X64Y96         FDPE                                         r  U_I2C_SLAVE/sda_sync_reg[1]/C
  -------------------------------------------------------------------    -------------------
    SLICE_X64Y96         FDPE (Prop_fdpe_C_Q)         0.478     5.625 r  U_I2C_SLAVE/sda_sync_reg[1]/Q
                         net (fo=10, routed)          0.913     6.538    U_I2C_SLAVE/p_0_in[0]
    SLICE_X65Y96         LUT3 (Prop_lut3_I2_O)        0.295     6.833 f  U_I2C_SLAVE/FSM_sequential_state[2]_i_4/O
                         net (fo=21, routed)          1.156     7.989    U_I2C_SLAVE/start_condition__1
    SLICE_X63Y98         LUT5 (Prop_lut5_I0_O)        0.124     8.113 r  U_I2C_SLAVE/data_out[7]_i_1/O
                         net (fo=8, routed)           0.339     8.451    U_I2C_SLAVE/data_out[7]_i_1_n_0
    SLICE_X61Y98         FDCE                                         r  U_I2C_SLAVE/data_out_reg[6]/CE
  -------------------------------------------------------------------    -------------------

                         (clock sys_clk_pin rise edge)
                                                     10.000    10.000 r  
    W5                                                0.000    10.000 r  clk (IN)
                         net (fo=0)                   0.000    10.000    clk
    W5                   IBUF (Prop_ibuf_I_O)         1.388    11.388 r  clk_IBUF_inst/O
                         net (fo=1, routed)           1.862    13.250    clk_IBUF
    BUFGCTRL_X0Y0        BUFG (Prop_bufg_I_O)         0.091    13.341 r  clk_IBUF_BUFG_inst/O
                         net (fo=81, routed)          1.509    14.850    U_I2C_SLAVE/CLK
    SLICE_X61Y98         FDCE                                         r  U_I2C_SLAVE/data_out_reg[6]/C
                         clock pessimism              0.258    15.108    
                         clock uncertainty           -0.035    15.073    
    SLICE_X61Y98         FDCE (Setup_fdce_C_CE)      -0.205    14.868    U_I2C_SLAVE/data_out_reg[6]
  -------------------------------------------------------------------
                         required time                         14.868    
                         arrival time                          -8.451    
  -------------------------------------------------------------------
                         slack                                  6.416    

Slack (MET) :             6.416ns  (required time - arrival time)
  Source:                 U_I2C_SLAVE/sda_sync_reg[1]/C
                            (rising edge-triggered cell FDPE clocked by sys_clk_pin  {rise@0.000ns fall@5.000ns period=10.000ns})
  Destination:            U_I2C_SLAVE/data_out_reg[7]/CE
                            (rising edge-triggered cell FDCE clocked by sys_clk_pin  {rise@0.000ns fall@5.000ns period=10.000ns})
  Path Group:             sys_clk_pin
  Path Type:              Setup (Max at Slow Process Corner)
  Requirement:            10.000ns  (sys_clk_pin rise@10.000ns - sys_clk_pin rise@0.000ns)
  Data Path Delay:        3.305ns  (logic 0.897ns (27.144%)  route 2.408ns (72.856%))
  Logic Levels:           2  (LUT3=1 LUT5=1)
  Clock Path Skew:        -0.039ns (DCD - SCD + CPR)
    Destination Clock Delay (DCD):    4.850ns = ( 14.850 - 10.000 ) 
    Source Clock Delay      (SCD):    5.147ns
    Clock Pessimism Removal (CPR):    0.258ns
  Clock Uncertainty:      0.035ns  ((TSJ^2 + TIJ^2)^1/2 + DJ) / 2 + PE
    Total System Jitter     (TSJ):    0.071ns
    Total Input Jitter      (TIJ):    0.000ns
    Discrete Jitter          (DJ):    0.000ns
    Phase Error              (PE):    0.000ns

    Location             Delay type                Incr(ns)  Path(ns)    Netlist Resource(s)
  -------------------------------------------------------------------    -------------------
                         (clock sys_clk_pin rise edge)
                                                      0.000     0.000 r  
    W5                                                0.000     0.000 r  clk (IN)
                         net (fo=0)                   0.000     0.000    clk
    W5                   IBUF (Prop_ibuf_I_O)         1.458     1.458 r  clk_IBUF_inst/O
                         net (fo=1, routed)           1.967     3.425    clk_IBUF
    BUFGCTRL_X0Y0        BUFG (Prop_bufg_I_O)         0.096     3.521 r  clk_IBUF_BUFG_inst/O
                         net (fo=81, routed)          1.626     5.147    U_I2C_SLAVE/CLK
    SLICE_X64Y96         FDPE                                         r  U_I2C_SLAVE/sda_sync_reg[1]/C
  -------------------------------------------------------------------    -------------------
    SLICE_X64Y96         FDPE (Prop_fdpe_C_Q)         0.478     5.625 r  U_I2C_SLAVE/sda_sync_reg[1]/Q
                         net (fo=10, routed)          0.913     6.538    U_I2C_SLAVE/p_0_in[0]
    SLICE_X65Y96         LUT3 (Prop_lut3_I2_O)        0.295     6.833 f  U_I2C_SLAVE/FSM_sequential_state[2]_i_4/O
                         net (fo=21, routed)          1.156     7.989    U_I2C_SLAVE/start_condition__1
    SLICE_X63Y98         LUT5 (Prop_lut5_I0_O)        0.124     8.113 r  U_I2C_SLAVE/data_out[7]_i_1/O
                         net (fo=8, routed)           0.339     8.451    U_I2C_SLAVE/data_out[7]_i_1_n_0
    SLICE_X61Y98         FDCE                                         r  U_I2C_SLAVE/data_out_reg[7]/CE
  -------------------------------------------------------------------    -------------------

                         (clock sys_clk_pin rise edge)
                                                     10.000    10.000 r  
    W5                                                0.000    10.000 r  clk (IN)
                         net (fo=0)                   0.000    10.000    clk
    W5                   IBUF (Prop_ibuf_I_O)         1.388    11.388 r  clk_IBUF_inst/O
                         net (fo=1, routed)           1.862    13.250    clk_IBUF
    BUFGCTRL_X0Y0        BUFG (Prop_bufg_I_O)         0.091    13.341 r  clk_IBUF_BUFG_inst/O
                         net (fo=81, routed)          1.509    14.850    U_I2C_SLAVE/CLK
    SLICE_X61Y98         FDCE                                         r  U_I2C_SLAVE/data_out_reg[7]/C
                         clock pessimism              0.258    15.108    
                         clock uncertainty           -0.035    15.073    
    SLICE_X61Y98         FDCE (Setup_fdce_C_CE)      -0.205    14.868    U_I2C_SLAVE/data_out_reg[7]
  -------------------------------------------------------------------
                         required time                         14.868    
                         arrival time                          -8.451    
  -------------------------------------------------------------------
                         slack                                  6.416    

Slack (MET) :             6.416ns  (required time - arrival time)
  Source:                 U_I2C_SLAVE/sda_sync_reg[1]/C
                            (rising edge-triggered cell FDPE clocked by sys_clk_pin  {rise@0.000ns fall@5.000ns period=10.000ns})
  Destination:            U_I2C_SLAVE/bit_cnt_reg[2]/D
                            (rising edge-triggered cell FDPE clocked by sys_clk_pin  {rise@0.000ns fall@5.000ns period=10.000ns})
  Path Group:             sys_clk_pin
  Path Type:              Setup (Max at Slow Process Corner)
  Requirement:            10.000ns  (sys_clk_pin rise@10.000ns - sys_clk_pin rise@0.000ns)
  Data Path Delay:        3.270ns  (logic 0.922ns (28.200%)  route 2.348ns (71.800%))
  Logic Levels:           2  (LUT3=1 LUT5=1)
  Clock Path Skew:        -0.024ns (DCD - SCD + CPR)
    Destination Clock Delay (DCD):    4.851ns = ( 14.851 - 10.000 ) 
    Source Clock Delay      (SCD):    5.147ns
    Clock Pessimism Removal (CPR):    0.272ns
  Clock Uncertainty:      0.035ns  ((TSJ^2 + TIJ^2)^1/2 + DJ) / 2 + PE
    Total System Jitter     (TSJ):    0.071ns
    Total Input Jitter      (TIJ):    0.000ns
    Discrete Jitter          (DJ):    0.000ns
    Phase Error              (PE):    0.000ns

    Location             Delay type                Incr(ns)  Path(ns)    Netlist Resource(s)
  -------------------------------------------------------------------    -------------------
                         (clock sys_clk_pin rise edge)
                                                      0.000     0.000 r  
    W5                                                0.000     0.000 r  clk (IN)
                         net (fo=0)                   0.000     0.000    clk
    W5                   IBUF (Prop_ibuf_I_O)         1.458     1.458 r  clk_IBUF_inst/O
                         net (fo=1, routed)           1.967     3.425    clk_IBUF
    BUFGCTRL_X0Y0        BUFG (Prop_bufg_I_O)         0.096     3.521 r  clk_IBUF_BUFG_inst/O
                         net (fo=81, routed)          1.626     5.147    U_I2C_SLAVE/CLK
    SLICE_X64Y96         FDPE                                         r  U_I2C_SLAVE/sda_sync_reg[1]/C
  -------------------------------------------------------------------    -------------------
    SLICE_X64Y96         FDPE (Prop_fdpe_C_Q)         0.478     5.625 f  U_I2C_SLAVE/sda_sync_reg[1]/Q
                         net (fo=10, routed)          0.913     6.538    U_I2C_SLAVE/p_0_in[0]
    SLICE_X65Y96         LUT3 (Prop_lut3_I2_O)        0.295     6.833 r  U_I2C_SLAVE/FSM_sequential_state[2]_i_4/O
                         net (fo=21, routed)          1.044     7.877    U_I2C_SLAVE/start_condition__1
    SLICE_X62Y97         LUT5 (Prop_lut5_I3_O)        0.149     8.026 r  U_I2C_SLAVE/bit_cnt[2]_i_1/O
                         net (fo=1, routed)           0.391     8.416    U_I2C_SLAVE/bit_cnt[2]_i_1_n_0
    SLICE_X62Y97         FDPE                                         r  U_I2C_SLAVE/bit_cnt_reg[2]/D
  -------------------------------------------------------------------    -------------------

                         (clock sys_clk_pin rise edge)
                                                     10.000    10.000 r  
    W5                                                0.000    10.000 r  clk (IN)
                         net (fo=0)                   0.000    10.000    clk
    W5                   IBUF (Prop_ibuf_I_O)         1.388    11.388 r  clk_IBUF_inst/O
                         net (fo=1, routed)           1.862    13.250    clk_IBUF
    BUFGCTRL_X0Y0        BUFG (Prop_bufg_I_O)         0.091    13.341 r  clk_IBUF_BUFG_inst/O
                         net (fo=81, routed)          1.510    14.851    U_I2C_SLAVE/CLK
    SLICE_X62Y97         FDPE                                         r  U_I2C_SLAVE/bit_cnt_reg[2]/C
                         clock pessimism              0.272    15.123    
                         clock uncertainty           -0.035    15.088    
    SLICE_X62Y97         FDPE (Setup_fdpe_C_D)       -0.255    14.833    U_I2C_SLAVE/bit_cnt_reg[2]
  -------------------------------------------------------------------
                         required time                         14.833    
                         arrival time                          -8.416    
  -------------------------------------------------------------------
                         slack                                  6.416    

Slack (MET) :             6.457ns  (required time - arrival time)
  Source:                 U_I2C_SLAVE/FSM_sequential_state_reg[1]/C
                            (rising edge-triggered cell FDCE clocked by sys_clk_pin  {rise@0.000ns fall@5.000ns period=10.000ns})
  Destination:            U_I2C_SLAVE/data_ready_reg/D
                            (rising edge-triggered cell FDCE clocked by sys_clk_pin  {rise@0.000ns fall@5.000ns period=10.000ns})
  Path Group:             sys_clk_pin
  Path Type:              Setup (Max at Slow Process Corner)
  Requirement:            10.000ns  (sys_clk_pin rise@10.000ns - sys_clk_pin rise@0.000ns)
  Data Path Delay:        3.512ns  (logic 0.890ns (25.339%)  route 2.622ns (74.661%))
  Logic Levels:           3  (LUT4=1 LUT6=2)
  Clock Path Skew:        -0.024ns (DCD - SCD + CPR)
    Destination Clock Delay (DCD):    4.851ns = ( 14.851 - 10.000 ) 
    Source Clock Delay      (SCD):    5.147ns
    Clock Pessimism Removal (CPR):    0.272ns
  Clock Uncertainty:      0.035ns  ((TSJ^2 + TIJ^2)^1/2 + DJ) / 2 + PE
    Total System Jitter     (TSJ):    0.071ns
    Total Input Jitter      (TIJ):    0.000ns
    Discrete Jitter          (DJ):    0.000ns
    Phase Error              (PE):    0.000ns

    Location             Delay type                Incr(ns)  Path(ns)    Netlist Resource(s)
  -------------------------------------------------------------------    -------------------
                         (clock sys_clk_pin rise edge)
                                                      0.000     0.000 r  
    W5                                                0.000     0.000 r  clk (IN)
                         net (fo=0)                   0.000     0.000    clk
    W5                   IBUF (Prop_ibuf_I_O)         1.458     1.458 r  clk_IBUF_inst/O
                         net (fo=1, routed)           1.967     3.425    clk_IBUF
    BUFGCTRL_X0Y0        BUFG (Prop_bufg_I_O)         0.096     3.521 r  clk_IBUF_BUFG_inst/O
                         net (fo=81, routed)          1.626     5.147    U_I2C_SLAVE/CLK
    SLICE_X64Y96         FDCE                                         r  U_I2C_SLAVE/FSM_sequential_state_reg[1]/C
  -------------------------------------------------------------------    -------------------
    SLICE_X64Y96         FDCE (Prop_fdce_C_Q)         0.518     5.665 f  U_I2C_SLAVE/FSM_sequential_state_reg[1]/Q
                         net (fo=15, routed)          1.398     7.063    U_I2C_SLAVE/state__0[1]
    SLICE_X63Y97         LUT4 (Prop_lut4_I2_O)        0.124     7.187 r  U_I2C_SLAVE/data_ready_i_3/O
                         net (fo=1, routed)           0.788     7.975    U_I2C_SLAVE/data_ready_i_3_n_0
    SLICE_X63Y98         LUT6 (Prop_lut6_I3_O)        0.124     8.099 r  U_I2C_SLAVE/data_ready_i_2/O
                         net (fo=1, routed)           0.436     8.535    U_I2C_SLAVE/data_ready_i_2_n_0
    SLICE_X63Y97         LUT6 (Prop_lut6_I4_O)        0.124     8.659 r  U_I2C_SLAVE/data_ready_i_1/O
                         net (fo=1, routed)           0.000     8.659    U_I2C_SLAVE/data_ready_i_1_n_0
    SLICE_X63Y97         FDCE                                         r  U_I2C_SLAVE/data_ready_reg/D
  -------------------------------------------------------------------    -------------------

                         (clock sys_clk_pin rise edge)
                                                     10.000    10.000 r  
    W5                                                0.000    10.000 r  clk (IN)
                         net (fo=0)                   0.000    10.000    clk
    W5                   IBUF (Prop_ibuf_I_O)         1.388    11.388 r  clk_IBUF_inst/O
                         net (fo=1, routed)           1.862    13.250    clk_IBUF
    BUFGCTRL_X0Y0        BUFG (Prop_bufg_I_O)         0.091    13.341 r  clk_IBUF_BUFG_inst/O
                         net (fo=81, routed)          1.510    14.851    U_I2C_SLAVE/CLK
    SLICE_X63Y97         FDCE                                         r  U_I2C_SLAVE/data_ready_reg/C
                         clock pessimism              0.272    15.123    
                         clock uncertainty           -0.035    15.088    
    SLICE_X63Y97         FDCE (Setup_fdce_C_D)        0.029    15.117    U_I2C_SLAVE/data_ready_reg
  -------------------------------------------------------------------
                         required time                         15.117    
                         arrival time                          -8.659    
  -------------------------------------------------------------------
                         slack                                  6.457    





Min Delay Paths
--------------------------------------------------------------------------------------
Slack (MET) :             0.164ns  (arrival time - required time)
  Source:                 U_I2C_SLAVE/data_out_reg[3]/C
                            (rising edge-triggered cell FDCE clocked by sys_clk_pin  {rise@0.000ns fall@5.000ns period=10.000ns})
  Destination:            tx_data_reg[3]/D
                            (rising edge-triggered cell FDCE clocked by sys_clk_pin  {rise@0.000ns fall@5.000ns period=10.000ns})
  Path Group:             sys_clk_pin
  Path Type:              Hold (Min at Fast Process Corner)
  Requirement:            0.000ns  (sys_clk_pin rise@0.000ns - sys_clk_pin rise@0.000ns)
  Data Path Delay:        0.253ns  (logic 0.141ns (55.648%)  route 0.112ns (44.352%))
  Logic Levels:           0  
  Clock Path Skew:        0.013ns (DCD - SCD - CPR)
    Destination Clock Delay (DCD):    1.990ns
    Source Clock Delay      (SCD):    1.476ns
    Clock Pessimism Removal (CPR):    0.501ns

    Location             Delay type                Incr(ns)  Path(ns)    Netlist Resource(s)
  -------------------------------------------------------------------    -------------------
                         (clock sys_clk_pin rise edge)
                                                      0.000     0.000 r  
    W5                                                0.000     0.000 r  clk (IN)
                         net (fo=0)                   0.000     0.000    clk
    W5                   IBUF (Prop_ibuf_I_O)         0.226     0.226 r  clk_IBUF_inst/O
                         net (fo=1, routed)           0.631     0.858    clk_IBUF
    BUFGCTRL_X0Y0        BUFG (Prop_bufg_I_O)         0.026     0.884 r  clk_IBUF_BUFG_inst/O
                         net (fo=81, routed)          0.593     1.476    U_I2C_SLAVE/CLK
    SLICE_X61Y98         FDCE                                         r  U_I2C_SLAVE/data_out_reg[3]/C
  -------------------------------------------------------------------    -------------------
    SLICE_X61Y98         FDCE (Prop_fdce_C_Q)         0.141     1.617 r  U_I2C_SLAVE/data_out_reg[3]/Q
                         net (fo=1, routed)           0.112     1.730    data_out[3]
    SLICE_X60Y98         FDCE                                         r  tx_data_reg[3]/D
  -------------------------------------------------------------------    -------------------

                         (clock sys_clk_pin rise edge)
                                                      0.000     0.000 r  
    W5                                                0.000     0.000 r  clk (IN)
                         net (fo=0)                   0.000     0.000    clk
    W5                   IBUF (Prop_ibuf_I_O)         0.414     0.414 r  clk_IBUF_inst/O
                         net (fo=1, routed)           0.685     1.099    clk_IBUF
    BUFGCTRL_X0Y0        BUFG (Prop_bufg_I_O)         0.029     1.128 r  clk_IBUF_BUFG_inst/O
                         net (fo=81, routed)          0.863     1.990    clk_IBUF_BUFG
    SLICE_X60Y98         FDCE                                         r  tx_data_reg[3]/C
                         clock pessimism             -0.501     1.489    
    SLICE_X60Y98         FDCE (Hold_fdce_C_D)         0.076     1.565    tx_data_reg[3]
  -------------------------------------------------------------------
                         required time                         -1.565    
                         arrival time                           1.730    
  -------------------------------------------------------------------
                         slack                                  0.164    

Slack (MET) :             0.172ns  (arrival time - required time)
  Source:                 U_I2C_SLAVE/data_byte_reg[6]/C
                            (rising edge-triggered cell FDCE clocked by sys_clk_pin  {rise@0.000ns fall@5.000ns period=10.000ns})
  Destination:            U_I2C_SLAVE/data_out_reg[6]/D
                            (rising edge-triggered cell FDCE clocked by sys_clk_pin  {rise@0.000ns fall@5.000ns period=10.000ns})
  Path Group:             sys_clk_pin
  Path Type:              Hold (Min at Fast Process Corner)
  Requirement:            0.000ns  (sys_clk_pin rise@0.000ns - sys_clk_pin rise@0.000ns)
  Data Path Delay:        0.264ns  (logic 0.141ns (53.429%)  route 0.123ns (46.571%))
  Logic Levels:           0  
  Clock Path Skew:        0.016ns (DCD - SCD - CPR)
    Destination Clock Delay (DCD):    1.990ns
    Source Clock Delay      (SCD):    1.476ns
    Clock Pessimism Removal (CPR):    0.498ns

    Location             Delay type                Incr(ns)  Path(ns)    Netlist Resource(s)
  -------------------------------------------------------------------    -------------------
                         (clock sys_clk_pin rise edge)
                                                      0.000     0.000 r  
    W5                                                0.000     0.000 r  clk (IN)
                         net (fo=0)                   0.000     0.000    clk
    W5                   IBUF (Prop_ibuf_I_O)         0.226     0.226 r  clk_IBUF_inst/O
                         net (fo=1, routed)           0.631     0.858    clk_IBUF
    BUFGCTRL_X0Y0        BUFG (Prop_bufg_I_O)         0.026     0.884 r  clk_IBUF_BUFG_inst/O
                         net (fo=81, routed)          0.593     1.476    U_I2C_SLAVE/CLK
    SLICE_X61Y97         FDCE                                         r  U_I2C_SLAVE/data_byte_reg[6]/C
  -------------------------------------------------------------------    -------------------
    SLICE_X61Y97         FDCE (Prop_fdce_C_Q)         0.141     1.617 r  U_I2C_SLAVE/data_byte_reg[6]/Q
                         net (fo=2, routed)           0.123     1.740    U_I2C_SLAVE/data_byte[6]
    SLICE_X61Y98         FDCE                                         r  U_I2C_SLAVE/data_out_reg[6]/D
  -------------------------------------------------------------------    -------------------

                         (clock sys_clk_pin rise edge)
                                                      0.000     0.000 r  
    W5                                                0.000     0.000 r  clk (IN)
                         net (fo=0)                   0.000     0.000    clk
    W5                   IBUF (Prop_ibuf_I_O)         0.414     0.414 r  clk_IBUF_inst/O
                         net (fo=1, routed)           0.685     1.099    clk_IBUF
    BUFGCTRL_X0Y0        BUFG (Prop_bufg_I_O)         0.029     1.128 r  clk_IBUF_BUFG_inst/O
                         net (fo=81, routed)          0.863     1.990    U_I2C_SLAVE/CLK
    SLICE_X61Y98         FDCE                                         r  U_I2C_SLAVE/data_out_reg[6]/C
                         clock pessimism             -0.498     1.492    
    SLICE_X61Y98         FDCE (Hold_fdce_C_D)         0.076     1.568    U_I2C_SLAVE/data_out_reg[6]
  -------------------------------------------------------------------
                         required time                         -1.568    
                         arrival time                           1.740    
  -------------------------------------------------------------------
                         slack                                  0.172    

Slack (MET) :             0.173ns  (arrival time - required time)
  Source:                 U_I2C_SLAVE/data_byte_reg[4]/C
                            (rising edge-triggered cell FDCE clocked by sys_clk_pin  {rise@0.000ns fall@5.000ns period=10.000ns})
  Destination:            U_I2C_SLAVE/data_out_reg[4]/D
                            (rising edge-triggered cell FDCE clocked by sys_clk_pin  {rise@0.000ns fall@5.000ns period=10.000ns})
  Path Group:             sys_clk_pin
  Path Type:              Hold (Min at Fast Process Corner)
  Requirement:            0.000ns  (sys_clk_pin rise@0.000ns - sys_clk_pin rise@0.000ns)
  Data Path Delay:        0.264ns  (logic 0.141ns (53.387%)  route 0.123ns (46.613%))
  Logic Levels:           0  
  Clock Path Skew:        0.016ns (DCD - SCD - CPR)
    Destination Clock Delay (DCD):    1.990ns
    Source Clock Delay      (SCD):    1.476ns
    Clock Pessimism Removal (CPR):    0.498ns

    Location             Delay type                Incr(ns)  Path(ns)    Netlist Resource(s)
  -------------------------------------------------------------------    -------------------
                         (clock sys_clk_pin rise edge)
                                                      0.000     0.000 r  
    W5                                                0.000     0.000 r  clk (IN)
                         net (fo=0)                   0.000     0.000    clk
    W5                   IBUF (Prop_ibuf_I_O)         0.226     0.226 r  clk_IBUF_inst/O
                         net (fo=1, routed)           0.631     0.858    clk_IBUF
    BUFGCTRL_X0Y0        BUFG (Prop_bufg_I_O)         0.026     0.884 r  clk_IBUF_BUFG_inst/O
                         net (fo=81, routed)          0.593     1.476    U_I2C_SLAVE/CLK
    SLICE_X61Y97         FDCE                                         r  U_I2C_SLAVE/data_byte_reg[4]/C
  -------------------------------------------------------------------    -------------------
    SLICE_X61Y97         FDCE (Prop_fdce_C_Q)         0.141     1.617 r  U_I2C_SLAVE/data_byte_reg[4]/Q
                         net (fo=2, routed)           0.123     1.740    U_I2C_SLAVE/data_byte[4]
    SLICE_X61Y98         FDCE                                         r  U_I2C_SLAVE/data_out_reg[4]/D
  -------------------------------------------------------------------    -------------------

                         (clock sys_clk_pin rise edge)
                                                      0.000     0.000 r  
    W5                                                0.000     0.000 r  clk (IN)
                         net (fo=0)                   0.000     0.000    clk
    W5                   IBUF (Prop_ibuf_I_O)         0.414     0.414 r  clk_IBUF_inst/O
                         net (fo=1, routed)           0.685     1.099    clk_IBUF
    BUFGCTRL_X0Y0        BUFG (Prop_bufg_I_O)         0.029     1.128 r  clk_IBUF_BUFG_inst/O
                         net (fo=81, routed)          0.863     1.990    U_I2C_SLAVE/CLK
    SLICE_X61Y98         FDCE                                         r  U_I2C_SLAVE/data_out_reg[4]/C
                         clock pessimism             -0.498     1.492    
    SLICE_X61Y98         FDCE (Hold_fdce_C_D)         0.075     1.567    U_I2C_SLAVE/data_out_reg[4]
  -------------------------------------------------------------------
                         required time                         -1.567    
                         arrival time                           1.740    
  -------------------------------------------------------------------
                         slack                                  0.173    

Slack (MET) :             0.177ns  (arrival time - required time)
  Source:                 U_I2C_SLAVE/data_byte_reg[5]/C
                            (rising edge-triggered cell FDCE clocked by sys_clk_pin  {rise@0.000ns fall@5.000ns period=10.000ns})
  Destination:            U_I2C_SLAVE/data_out_reg[5]/D
                            (rising edge-triggered cell FDCE clocked by sys_clk_pin  {rise@0.000ns fall@5.000ns period=10.000ns})
  Path Group:             sys_clk_pin
  Path Type:              Hold (Min at Fast Process Corner)
  Requirement:            0.000ns  (sys_clk_pin rise@0.000ns - sys_clk_pin rise@0.000ns)
  Data Path Delay:        0.264ns  (logic 0.141ns (53.387%)  route 0.123ns (46.613%))
  Logic Levels:           0  
  Clock Path Skew:        0.016ns (DCD - SCD - CPR)
    Destination Clock Delay (DCD):    1.990ns
    Source Clock Delay      (SCD):    1.476ns
    Clock Pessimism Removal (CPR):    0.498ns

    Location             Delay type                Incr(ns)  Path(ns)    Netlist Resource(s)
  -------------------------------------------------------------------    -------------------
                         (clock sys_clk_pin rise edge)
                                                      0.000     0.000 r  
    W5                                                0.000     0.000 r  clk (IN)
                         net (fo=0)                   0.000     0.000    clk
    W5                   IBUF (Prop_ibuf_I_O)         0.226     0.226 r  clk_IBUF_inst/O
                         net (fo=1, routed)           0.631     0.858    clk_IBUF
    BUFGCTRL_X0Y0        BUFG (Prop_bufg_I_O)         0.026     0.884 r  clk_IBUF_BUFG_inst/O
                         net (fo=81, routed)          0.593     1.476    U_I2C_SLAVE/CLK
    SLICE_X61Y97         FDCE                                         r  U_I2C_SLAVE/data_byte_reg[5]/C
  -------------------------------------------------------------------    -------------------
    SLICE_X61Y97         FDCE (Prop_fdce_C_Q)         0.141     1.617 r  U_I2C_SLAVE/data_byte_reg[5]/Q
                         net (fo=2, routed)           0.123     1.740    U_I2C_SLAVE/data_byte[5]
    SLICE_X61Y98         FDCE                                         r  U_I2C_SLAVE/data_out_reg[5]/D
  -------------------------------------------------------------------    -------------------

                         (clock sys_clk_pin rise edge)
                                                      0.000     0.000 r  
    W5                                                0.000     0.000 r  clk (IN)
                         net (fo=0)                   0.000     0.000    clk
    W5                   IBUF (Prop_ibuf_I_O)         0.414     0.414 r  clk_IBUF_inst/O
                         net (fo=1, routed)           0.685     1.099    clk_IBUF
    BUFGCTRL_X0Y0        BUFG (Prop_bufg_I_O)         0.029     1.128 r  clk_IBUF_BUFG_inst/O
                         net (fo=81, routed)          0.863     1.990    U_I2C_SLAVE/CLK
    SLICE_X61Y98         FDCE                                         r  U_I2C_SLAVE/data_out_reg[5]/C
                         clock pessimism             -0.498     1.492    
    SLICE_X61Y98         FDCE (Hold_fdce_C_D)         0.071     1.563    U_I2C_SLAVE/data_out_reg[5]
  -------------------------------------------------------------------
                         required time                         -1.563    
                         arrival time                           1.740    
  -------------------------------------------------------------------
                         slack                                  0.177    

Slack (MET) :             0.177ns  (arrival time - required time)
  Source:                 U_UART_TX/FSM_sequential_state_reg[1]/C
                            (rising edge-triggered cell FDCE clocked by sys_clk_pin  {rise@0.000ns fall@5.000ns period=10.000ns})
  Destination:            U_UART_TX/tx_busy_reg/D
                            (rising edge-triggered cell FDCE clocked by sys_clk_pin  {rise@0.000ns fall@5.000ns period=10.000ns})
  Path Group:             sys_clk_pin
  Path Type:              Hold (Min at Fast Process Corner)
  Requirement:            0.000ns  (sys_clk_pin rise@0.000ns - sys_clk_pin rise@0.000ns)
  Data Path Delay:        0.282ns  (logic 0.186ns (65.918%)  route 0.096ns (34.082%))
  Logic Levels:           1  (LUT5=1)
  Clock Path Skew:        0.013ns (DCD - SCD - CPR)
    Destination Clock Delay (DCD):    1.990ns
    Source Clock Delay      (SCD):    1.476ns
    Clock Pessimism Removal (CPR):    0.501ns

    Location             Delay type                Incr(ns)  Path(ns)    Netlist Resource(s)
  -------------------------------------------------------------------    -------------------
                         (clock sys_clk_pin rise edge)
                                                      0.000     0.000 r  
    W5                                                0.000     0.000 r  clk (IN)
                         net (fo=0)                   0.000     0.000    clk
    W5                   IBUF (Prop_ibuf_I_O)         0.226     0.226 r  clk_IBUF_inst/O
                         net (fo=1, routed)           0.631     0.858    clk_IBUF
    BUFGCTRL_X0Y0        BUFG (Prop_bufg_I_O)         0.026     0.884 r  clk_IBUF_BUFG_inst/O
                         net (fo=81, routed)          0.593     1.476    U_UART_TX/CLK
    SLICE_X58Y97         FDCE                                         r  U_UART_TX/FSM_sequential_state_reg[1]/C
  -------------------------------------------------------------------    -------------------
    SLICE_X58Y97         FDCE (Prop_fdce_C_Q)         0.141     1.617 r  U_UART_TX/FSM_sequential_state_reg[1]/Q
                         net (fo=21, routed)          0.096     1.713    U_UART_TX/state__0[1]
    SLICE_X59Y97         LUT5 (Prop_lut5_I2_O)        0.045     1.758 r  U_UART_TX/tx_busy_i_1/O
                         net (fo=1, routed)           0.000     1.758    U_UART_TX/tx_busy_i_1_n_0
    SLICE_X59Y97         FDCE                                         r  U_UART_TX/tx_busy_reg/D
  -------------------------------------------------------------------    -------------------

                         (clock sys_clk_pin rise edge)
                                                      0.000     0.000 r  
    W5                                                0.000     0.000 r  clk (IN)
                         net (fo=0)                   0.000     0.000    clk
    W5                   IBUF (Prop_ibuf_I_O)         0.414     0.414 r  clk_IBUF_inst/O
                         net (fo=1, routed)           0.685     1.099    clk_IBUF
    BUFGCTRL_X0Y0        BUFG (Prop_bufg_I_O)         0.029     1.128 r  clk_IBUF_BUFG_inst/O
                         net (fo=81, routed)          0.863     1.990    U_UART_TX/CLK
    SLICE_X59Y97         FDCE                                         r  U_UART_TX/tx_busy_reg/C
                         clock pessimism             -0.501     1.489    
    SLICE_X59Y97         FDCE (Hold_fdce_C_D)         0.092     1.581    U_UART_TX/tx_busy_reg
  -------------------------------------------------------------------
                         required time                         -1.581    
                         arrival time                           1.758    
  -------------------------------------------------------------------
                         slack                                  0.177    

Slack (MET) :             0.180ns  (arrival time - required time)
  Source:                 U_I2C_SLAVE/data_byte_reg[2]/C
                            (rising edge-triggered cell FDCE clocked by sys_clk_pin  {rise@0.000ns fall@5.000ns period=10.000ns})
  Destination:            U_I2C_SLAVE/data_out_reg[2]/D
                            (rising edge-triggered cell FDCE clocked by sys_clk_pin  {rise@0.000ns fall@5.000ns period=10.000ns})
  Path Group:             sys_clk_pin
  Path Type:              Hold (Min at Fast Process Corner)
  Requirement:            0.000ns  (sys_clk_pin rise@0.000ns - sys_clk_pin rise@0.000ns)
  Data Path Delay:        0.262ns  (logic 0.141ns (53.887%)  route 0.121ns (46.113%))
  Logic Levels:           0  
  Clock Path Skew:        0.035ns (DCD - SCD - CPR)
    Destination Clock Delay (DCD):    1.990ns
    Source Clock Delay      (SCD):    1.477ns
    Clock Pessimism Removal (CPR):    0.478ns

    Location             Delay type                Incr(ns)  Path(ns)    Netlist Resource(s)
  -------------------------------------------------------------------    -------------------
                         (clock sys_clk_pin rise edge)
                                                      0.000     0.000 r  
    W5                                                0.000     0.000 r  clk (IN)
                         net (fo=0)                   0.000     0.000    clk
    W5                   IBUF (Prop_ibuf_I_O)         0.226     0.226 r  clk_IBUF_inst/O
                         net (fo=1, routed)           0.631     0.858    clk_IBUF
    BUFGCTRL_X0Y0        BUFG (Prop_bufg_I_O)         0.026     0.884 r  clk_IBUF_BUFG_inst/O
                         net (fo=81, routed)          0.594     1.477    U_I2C_SLAVE/CLK
    SLICE_X63Y98         FDCE                                         r  U_I2C_SLAVE/data_byte_reg[2]/C
  -------------------------------------------------------------------    -------------------
    SLICE_X63Y98         FDCE (Prop_fdce_C_Q)         0.141     1.618 r  U_I2C_SLAVE/data_byte_reg[2]/Q
                         net (fo=2, routed)           0.121     1.739    U_I2C_SLAVE/data_byte[2]
    SLICE_X61Y98         FDCE                                         r  U_I2C_SLAVE/data_out_reg[2]/D
  -------------------------------------------------------------------    -------------------

                         (clock sys_clk_pin rise edge)
                                                      0.000     0.000 r  
    W5                                                0.000     0.000 r  clk (IN)
                         net (fo=0)                   0.000     0.000    clk
    W5                   IBUF (Prop_ibuf_I_O)         0.414     0.414 r  clk_IBUF_inst/O
                         net (fo=1, routed)           0.685     1.099    clk_IBUF
    BUFGCTRL_X0Y0        BUFG (Prop_bufg_I_O)         0.029     1.128 r  clk_IBUF_BUFG_inst/O
                         net (fo=81, routed)          0.863     1.990    U_I2C_SLAVE/CLK
    SLICE_X61Y98         FDCE                                         r  U_I2C_SLAVE/data_out_reg[2]/C
                         clock pessimism             -0.478     1.512    
    SLICE_X61Y98         FDCE (Hold_fdce_C_D)         0.047     1.559    U_I2C_SLAVE/data_out_reg[2]
  -------------------------------------------------------------------
                         required time                         -1.559    
                         arrival time                           1.739    
  -------------------------------------------------------------------
                         slack                                  0.180    

Slack (MET) :             0.182ns  (arrival time - required time)
  Source:                 U_I2C_SLAVE/data_byte_reg[1]/C
                            (rising edge-triggered cell FDCE clocked by sys_clk_pin  {rise@0.000ns fall@5.000ns period=10.000ns})
  Destination:            U_I2C_SLAVE/data_out_reg[1]/D
                            (rising edge-triggered cell FDCE clocked by sys_clk_pin  {rise@0.000ns fall@5.000ns period=10.000ns})
  Path Group:             sys_clk_pin
  Path Type:              Hold (Min at Fast Process Corner)
  Requirement:            0.000ns  (sys_clk_pin rise@0.000ns - sys_clk_pin rise@0.000ns)
  Data Path Delay:        0.264ns  (logic 0.141ns (53.311%)  route 0.123ns (46.689%))
  Logic Levels:           0  
  Clock Path Skew:        0.035ns (DCD - SCD - CPR)
    Destination Clock Delay (DCD):    1.990ns
    Source Clock Delay      (SCD):    1.477ns
    Clock Pessimism Removal (CPR):    0.478ns

    Location             Delay type                Incr(ns)  Path(ns)    Netlist Resource(s)
  -------------------------------------------------------------------    -------------------
                         (clock sys_clk_pin rise edge)
                                                      0.000     0.000 r  
    W5                                                0.000     0.000 r  clk (IN)
                         net (fo=0)                   0.000     0.000    clk
    W5                   IBUF (Prop_ibuf_I_O)         0.226     0.226 r  clk_IBUF_inst/O
                         net (fo=1, routed)           0.631     0.858    clk_IBUF
    BUFGCTRL_X0Y0        BUFG (Prop_bufg_I_O)         0.026     0.884 r  clk_IBUF_BUFG_inst/O
                         net (fo=81, routed)          0.594     1.477    U_I2C_SLAVE/CLK
    SLICE_X62Y98         FDCE                                         r  U_I2C_SLAVE/data_byte_reg[1]/C
  -------------------------------------------------------------------    -------------------
    SLICE_X62Y98         FDCE (Prop_fdce_C_Q)         0.141     1.618 r  U_I2C_SLAVE/data_byte_reg[1]/Q
                         net (fo=2, routed)           0.123     1.742    U_I2C_SLAVE/data_byte[1]
    SLICE_X61Y98         FDCE                                         r  U_I2C_SLAVE/data_out_reg[1]/D
  -------------------------------------------------------------------    -------------------

                         (clock sys_clk_pin rise edge)
                                                      0.000     0.000 r  
    W5                                                0.000     0.000 r  clk (IN)
                         net (fo=0)                   0.000     0.000    clk
    W5                   IBUF (Prop_ibuf_I_O)         0.414     0.414 r  clk_IBUF_inst/O
                         net (fo=1, routed)           0.685     1.099    clk_IBUF
    BUFGCTRL_X0Y0        BUFG (Prop_bufg_I_O)         0.029     1.128 r  clk_IBUF_BUFG_inst/O
                         net (fo=81, routed)          0.863     1.990    U_I2C_SLAVE/CLK
    SLICE_X61Y98         FDCE                                         r  U_I2C_SLAVE/data_out_reg[1]/C
                         clock pessimism             -0.478     1.512    
    SLICE_X61Y98         FDCE (Hold_fdce_C_D)         0.047     1.559    U_I2C_SLAVE/data_out_reg[1]
  -------------------------------------------------------------------
                         required time                         -1.559    
                         arrival time                           1.742    
  -------------------------------------------------------------------
                         slack                                  0.182    

Slack (MET) :             0.200ns  (arrival time - required time)
  Source:                 U_I2C_SLAVE/data_valid_reg/C
                            (rising edge-triggered cell FDCE clocked by sys_clk_pin  {rise@0.000ns fall@5.000ns period=10.000ns})
  Destination:            FSM_onehot_state_reg[1]/D
                            (rising edge-triggered cell FDCE clocked by sys_clk_pin  {rise@0.000ns fall@5.000ns period=10.000ns})
  Path Group:             sys_clk_pin
  Path Type:              Hold (Min at Fast Process Corner)
  Requirement:            0.000ns  (sys_clk_pin rise@0.000ns - sys_clk_pin rise@0.000ns)
  Data Path Delay:        0.356ns  (logic 0.186ns (52.293%)  route 0.170ns (47.707%))
  Logic Levels:           1  (LUT6=1)
  Clock Path Skew:        0.035ns (DCD - SCD - CPR)
    Destination Clock Delay (DCD):    1.990ns
    Source Clock Delay      (SCD):    1.477ns
    Clock Pessimism Removal (CPR):    0.478ns

    Location             Delay type                Incr(ns)  Path(ns)    Netlist Resource(s)
  -------------------------------------------------------------------    -------------------
                         (clock sys_clk_pin rise edge)
                                                      0.000     0.000 r  
    W5                                                0.000     0.000 r  clk (IN)
                         net (fo=0)                   0.000     0.000    clk
    W5                   IBUF (Prop_ibuf_I_O)         0.226     0.226 r  clk_IBUF_inst/O
                         net (fo=1, routed)           0.631     0.858    clk_IBUF
    BUFGCTRL_X0Y0        BUFG (Prop_bufg_I_O)         0.026     0.884 r  clk_IBUF_BUFG_inst/O
                         net (fo=81, routed)          0.594     1.477    U_I2C_SLAVE/CLK
    SLICE_X63Y97         FDCE                                         r  U_I2C_SLAVE/data_valid_reg/C
  -------------------------------------------------------------------    -------------------
    SLICE_X63Y97         FDCE (Prop_fdce_C_Q)         0.141     1.618 r  U_I2C_SLAVE/data_valid_reg/Q
                         net (fo=4, routed)           0.170     1.788    U_UART_TX/i2c_data_valid
    SLICE_X60Y97         LUT6 (Prop_lut6_I5_O)        0.045     1.833 r  U_UART_TX/FSM_onehot_state[1]_i_1/O
                         net (fo=1, routed)           0.000     1.833    U_UART_TX_n_2
    SLICE_X60Y97         FDCE                                         r  FSM_onehot_state_reg[1]/D
  -------------------------------------------------------------------    -------------------

                         (clock sys_clk_pin rise edge)
                                                      0.000     0.000 r  
    W5                                                0.000     0.000 r  clk (IN)
                         net (fo=0)                   0.000     0.000    clk
    W5                   IBUF (Prop_ibuf_I_O)         0.414     0.414 r  clk_IBUF_inst/O
                         net (fo=1, routed)           0.685     1.099    clk_IBUF
    BUFGCTRL_X0Y0        BUFG (Prop_bufg_I_O)         0.029     1.128 r  clk_IBUF_BUFG_inst/O
                         net (fo=81, routed)          0.863     1.990    clk_IBUF_BUFG
    SLICE_X60Y97         FDCE                                         r  FSM_onehot_state_reg[1]/C
                         clock pessimism             -0.478     1.512    
    SLICE_X60Y97         FDCE (Hold_fdce_C_D)         0.121     1.633    FSM_onehot_state_reg[1]
  -------------------------------------------------------------------
                         required time                         -1.633    
                         arrival time                           1.833    
  -------------------------------------------------------------------
                         slack                                  0.200    

Slack (MET) :             0.206ns  (arrival time - required time)
  Source:                 FSM_onehot_state_reg[1]/C
                            (rising edge-triggered cell FDCE clocked by sys_clk_pin  {rise@0.000ns fall@5.000ns period=10.000ns})
  Destination:            tx_start_reg/D
                            (rising edge-triggered cell FDCE clocked by sys_clk_pin  {rise@0.000ns fall@5.000ns period=10.000ns})
  Path Group:             sys_clk_pin
  Path Type:              Hold (Min at Fast Process Corner)
  Requirement:            0.000ns  (sys_clk_pin rise@0.000ns - sys_clk_pin rise@0.000ns)
  Data Path Delay:        0.297ns  (logic 0.164ns (55.198%)  route 0.133ns (44.802%))
  Logic Levels:           0  
  Clock Path Skew:        0.016ns (DCD - SCD - CPR)
    Destination Clock Delay (DCD):    1.990ns
    Source Clock Delay      (SCD):    1.476ns
    Clock Pessimism Removal (CPR):    0.498ns

    Location             Delay type                Incr(ns)  Path(ns)    Netlist Resource(s)
  -------------------------------------------------------------------    -------------------
                         (clock sys_clk_pin rise edge)
                                                      0.000     0.000 r  
    W5                                                0.000     0.000 r  clk (IN)
                         net (fo=0)                   0.000     0.000    clk
    W5                   IBUF (Prop_ibuf_I_O)         0.226     0.226 r  clk_IBUF_inst/O
                         net (fo=1, routed)           0.631     0.858    clk_IBUF
    BUFGCTRL_X0Y0        BUFG (Prop_bufg_I_O)         0.026     0.884 r  clk_IBUF_BUFG_inst/O
                         net (fo=81, routed)          0.593     1.476    clk_IBUF_BUFG
    SLICE_X60Y97         FDCE                                         r  FSM_onehot_state_reg[1]/C
  -------------------------------------------------------------------    -------------------
    SLICE_X60Y97         FDCE (Prop_fdce_C_Q)         0.164     1.640 r  FSM_onehot_state_reg[1]/Q
                         net (fo=4, routed)           0.133     1.773    tx_start
    SLICE_X59Y97         FDCE                                         r  tx_start_reg/D
  -------------------------------------------------------------------    -------------------

                         (clock sys_clk_pin rise edge)
                                                      0.000     0.000 r  
    W5                                                0.000     0.000 r  clk (IN)
                         net (fo=0)                   0.000     0.000    clk
    W5                   IBUF (Prop_ibuf_I_O)         0.414     0.414 r  clk_IBUF_inst/O
                         net (fo=1, routed)           0.685     1.099    clk_IBUF
    BUFGCTRL_X0Y0        BUFG (Prop_bufg_I_O)         0.029     1.128 r  clk_IBUF_BUFG_inst/O
                         net (fo=81, routed)          0.863     1.990    clk_IBUF_BUFG
    SLICE_X59Y97         FDCE                                         r  tx_start_reg/C
                         clock pessimism             -0.498     1.492    
    SLICE_X59Y97         FDCE (Hold_fdce_C_D)         0.075     1.567    tx_start_reg
  -------------------------------------------------------------------
                         required time                         -1.567    
                         arrival time                           1.773    
  -------------------------------------------------------------------
                         slack                                  0.206    

Slack (MET) :             0.209ns  (arrival time - required time)
  Source:                 U_I2C_SLAVE/bit_cnt_reg[0]/C
                            (rising edge-triggered cell FDPE clocked by sys_clk_pin  {rise@0.000ns fall@5.000ns period=10.000ns})
  Destination:            U_I2C_SLAVE/addr_byte_reg[7]/D
                            (rising edge-triggered cell FDCE clocked by sys_clk_pin  {rise@0.000ns fall@5.000ns period=10.000ns})
  Path Group:             sys_clk_pin
  Path Type:              Hold (Min at Fast Process Corner)
  Requirement:            0.000ns  (sys_clk_pin rise@0.000ns - sys_clk_pin rise@0.000ns)
  Data Path Delay:        0.314ns  (logic 0.186ns (59.215%)  route 0.128ns (40.785%))
  Logic Levels:           1  (LUT6=1)
  Clock Path Skew:        0.013ns (DCD - SCD - CPR)
    Destination Clock Delay (DCD):    1.991ns
    Source Clock Delay      (SCD):    1.476ns
    Clock Pessimism Removal (CPR):    0.502ns

    Location             Delay type                Incr(ns)  Path(ns)    Netlist Resource(s)
  -------------------------------------------------------------------    -------------------
                         (clock sys_clk_pin rise edge)
                                                      0.000     0.000 r  
    W5                                                0.000     0.000 r  clk (IN)
                         net (fo=0)                   0.000     0.000    clk
    W5                   IBUF (Prop_ibuf_I_O)         0.226     0.226 r  clk_IBUF_inst/O
                         net (fo=1, routed)           0.631     0.858    clk_IBUF
    BUFGCTRL_X0Y0        BUFG (Prop_bufg_I_O)         0.026     0.884 r  clk_IBUF_BUFG_inst/O
                         net (fo=81, routed)          0.593     1.476    U_I2C_SLAVE/CLK
    SLICE_X63Y96         FDPE                                         r  U_I2C_SLAVE/bit_cnt_reg[0]/C
  -------------------------------------------------------------------    -------------------
    SLICE_X63Y96         FDPE (Prop_fdpe_C_Q)         0.141     1.617 r  U_I2C_SLAVE/bit_cnt_reg[0]/Q
                         net (fo=16, routed)          0.128     1.745    U_I2C_SLAVE/bit_cnt_reg_n_0_[0]
    SLICE_X62Y96         LUT6 (Prop_lut6_I2_O)        0.045     1.790 r  U_I2C_SLAVE/addr_byte[7]_i_1/O
                         net (fo=1, routed)           0.000     1.790    U_I2C_SLAVE/addr_byte[7]_i_1_n_0
    SLICE_X62Y96         FDCE                                         r  U_I2C_SLAVE/addr_byte_reg[7]/D
  -------------------------------------------------------------------    -------------------

                         (clock sys_clk_pin rise edge)
                                                      0.000     0.000 r  
    W5                                                0.000     0.000 r  clk (IN)
                         net (fo=0)                   0.000     0.000    clk
    W5                   IBUF (Prop_ibuf_I_O)         0.414     0.414 r  clk_IBUF_inst/O
                         net (fo=1, routed)           0.685     1.099    clk_IBUF
    BUFGCTRL_X0Y0        BUFG (Prop_bufg_I_O)         0.029     1.128 r  clk_IBUF_BUFG_inst/O
                         net (fo=81, routed)          0.863     1.991    U_I2C_SLAVE/CLK
    SLICE_X62Y96         FDCE                                         r  U_I2C_SLAVE/addr_byte_reg[7]/C
                         clock pessimism             -0.502     1.489    
    SLICE_X62Y96         FDCE (Hold_fdce_C_D)         0.092     1.581    U_I2C_SLAVE/addr_byte_reg[7]
  -------------------------------------------------------------------
                         required time                         -1.581    
                         arrival time                           1.790    
  -------------------------------------------------------------------
                         slack                                  0.209    





Pulse Width Checks
--------------------------------------------------------------------------------------
Clock Name:         sys_clk_pin
Waveform(ns):       { 0.000 5.000 }
Period(ns):         10.000
Sources:            { clk }

Check Type        Corner  Lib Pin  Reference Pin  Required(ns)  Actual(ns)  Slack(ns)  Location       Pin
Min Period        n/a     BUFG/I   n/a            2.155         10.000      7.845      BUFGCTRL_X0Y0  clk_IBUF_BUFG_inst/I
Min Period        n/a     FDPE/C   n/a            1.000         10.000      9.000      SLICE_X60Y97   FSM_onehot_state_reg[0]/C
Min Period        n/a     FDCE/C   n/a            1.000         10.000      9.000      SLICE_X60Y97   FSM_onehot_state_reg[1]/C
Min Period        n/a     FDCE/C   n/a            1.000         10.000      9.000      SLICE_X60Y97   FSM_onehot_state_reg[2]/C
Min Period        n/a     FDCE/C   n/a            1.000         10.000      9.000      SLICE_X60Y96   U_BAUD_TICK_GEN/counter_reg_reg[0]/C
Min Period        n/a     FDCE/C   n/a            1.000         10.000      9.000      SLICE_X60Y95   U_BAUD_TICK_GEN/counter_reg_reg[1]/C
Min Period        n/a     FDCE/C   n/a            1.000         10.000      9.000      SLICE_X60Y95   U_BAUD_TICK_GEN/counter_reg_reg[2]/C
Min Period        n/a     FDCE/C   n/a            1.000         10.000      9.000      SLICE_X60Y95   U_BAUD_TICK_GEN/counter_reg_reg[3]/C
Min Period        n/a     FDCE/C   n/a            1.000         10.000      9.000      SLICE_X60Y96   U_BAUD_TICK_GEN/counter_reg_reg[4]/C
Min Period        n/a     FDCE/C   n/a            1.000         10.000      9.000      SLICE_X59Y96   U_BAUD_TICK_GEN/counter_reg_reg[5]/C
Low Pulse Width   Slow    FDPE/C   n/a            0.500         5.000       4.500      SLICE_X60Y97   FSM_onehot_state_reg[0]/C
Low Pulse Width   Slow    FDCE/C   n/a            0.500         5.000       4.500      SLICE_X60Y97   FSM_onehot_state_reg[1]/C
Low Pulse Width   Slow    FDCE/C   n/a            0.500         5.000       4.500      SLICE_X60Y97   FSM_onehot_state_reg[2]/C
Low Pulse Width   Slow    FDCE/C   n/a            0.500         5.000       4.500      SLICE_X59Y97   U_BAUD_TICK_GEN/counter_reg_reg[9]/C
Low Pulse Width   Slow    FDCE/C   n/a            0.500         5.000       4.500      SLICE_X59Y97   U_BAUD_TICK_GEN/o_b_tick_reg/C
Low Pulse Width   Slow    FDCE/C   n/a            0.500         5.000       4.500      SLICE_X62Y97   U_I2C_SLAVE/addr_byte_reg[2]/C
Low Pulse Width   Slow    FDCE/C   n/a            0.500         5.000       4.500      SLICE_X62Y98   U_I2C_SLAVE/addr_byte_reg[3]/C
Low Pulse Width   Slow    FDPE/C   n/a            0.500         5.000       4.500      SLICE_X62Y97   U_I2C_SLAVE/bit_cnt_reg[1]/C
Low Pulse Width   Slow    FDPE/C   n/a            0.500         5.000       4.500      SLICE_X62Y97   U_I2C_SLAVE/bit_cnt_reg[2]/C
Low Pulse Width   Slow    FDCE/C   n/a            0.500         5.000       4.500      SLICE_X62Y98   U_I2C_SLAVE/data_byte_reg[1]/C
High Pulse Width  Slow    FDCE/C   n/a            0.500         5.000       4.500      SLICE_X60Y96   U_BAUD_TICK_GEN/counter_reg_reg[0]/C
High Pulse Width  Slow    FDCE/C   n/a            0.500         5.000       4.500      SLICE_X60Y95   U_BAUD_TICK_GEN/counter_reg_reg[1]/C
High Pulse Width  Slow    FDCE/C   n/a            0.500         5.000       4.500      SLICE_X60Y95   U_BAUD_TICK_GEN/counter_reg_reg[2]/C
High Pulse Width  Slow    FDCE/C   n/a            0.500         5.000       4.500      SLICE_X60Y95   U_BAUD_TICK_GEN/counter_reg_reg[3]/C
High Pulse Width  Slow    FDCE/C   n/a            0.500         5.000       4.500      SLICE_X60Y96   U_BAUD_TICK_GEN/counter_reg_reg[4]/C
High Pulse Width  Slow    FDCE/C   n/a            0.500         5.000       4.500      SLICE_X59Y96   U_BAUD_TICK_GEN/counter_reg_reg[5]/C
High Pulse Width  Slow    FDCE/C   n/a            0.500         5.000       4.500      SLICE_X59Y96   U_BAUD_TICK_GEN/counter_reg_reg[6]/C
High Pulse Width  Slow    FDCE/C   n/a            0.500         5.000       4.500      SLICE_X60Y96   U_BAUD_TICK_GEN/counter_reg_reg[7]/C
High Pulse Width  Slow    FDCE/C   n/a            0.500         5.000       4.500      SLICE_X60Y96   U_BAUD_TICK_GEN/counter_reg_reg[8]/C
High Pulse Width  Slow    FDCE/C   n/a            0.500         5.000       4.500      SLICE_X65Y96   U_I2C_SLAVE/FSM_sequential_state_reg[0]/C



