
*** Running vivado
    with args -log counter_10000.vds -m64 -product Vivado -mode batch -messageDb vivado.pb -notrace -source counter_10000.tcl



****** Vivado v2020.2 (64-bit)
  **** SW Build 3064766 on Wed Nov 18 09:12:45 MST 2020
  **** IP Build 3064653 on Wed Nov 18 14:17:31 MST 2020
    ** Copyright 1986-2020 Xilinx, Inc. All Rights Reserved.

source counter_10000.tcl -notrace
Command: synth_design -top counter_10000 -part xc7a35tcpg236-1
Starting synth_design
Attempting to get a license for feature 'Synthesis' and/or device 'xc7a35t'
INFO: [Common 17-349] Got license for feature 'Synthesis' and/or device 'xc7a35t'
INFO: [Device 21-403] Loading part xc7a35tcpg236-1
INFO: [Synth 8-7079] Multithreading enabled for synth_design using a maximum of 2 processes.
INFO: [Synth 8-7078] Launching helper process for spawning children vivado processes
INFO: [Synth 8-7075] Helper process launched with PID 9580
WARNING: [Synth 8-1102] /* in comment [D:/Work/OnDeviceAI2/0407_half_adder/0407_half_adder.srcs/sources_1/new/fnd_controller.v:304]
---------------------------------------------------------------------------------
Starting RTL Elaboration : Time (s): cpu = 00:00:03 ; elapsed = 00:00:02 . Memory (MB): peak = 1103.922 ; gain = 0.000
---------------------------------------------------------------------------------
INFO: [Synth 8-6157] synthesizing module 'counter_10000' [D:/Work/OnDeviceAI2/counter_10000/counter_10000.srcs/sources_1/new/counter_10000.v:3]
INFO: [Synth 8-6157] synthesizing module 'fnd_controller' [D:/Work/OnDeviceAI2/0407_half_adder/0407_half_adder.srcs/sources_1/new/fnd_controller.v:8]
INFO: [Synth 8-6157] synthesizing module 'digit_splitter' [D:/Work/OnDeviceAI2/0407_half_adder/0407_half_adder.srcs/sources_1/new/fnd_controller.v:122]
INFO: [Synth 8-6155] done synthesizing module 'digit_splitter' (1#1) [D:/Work/OnDeviceAI2/0407_half_adder/0407_half_adder.srcs/sources_1/new/fnd_controller.v:122]
INFO: [Synth 8-6157] synthesizing module 'mux_4x1' [D:/Work/OnDeviceAI2/0407_half_adder/0407_half_adder.srcs/sources_1/new/fnd_controller.v:138]
INFO: [Synth 8-226] default block is never used [D:/Work/OnDeviceAI2/0407_half_adder/0407_half_adder.srcs/sources_1/new/fnd_controller.v:152]
INFO: [Synth 8-6155] done synthesizing module 'mux_4x1' (2#1) [D:/Work/OnDeviceAI2/0407_half_adder/0407_half_adder.srcs/sources_1/new/fnd_controller.v:138]
INFO: [Synth 8-6157] synthesizing module 'bcd' [D:/Work/OnDeviceAI2/0407_half_adder/0407_half_adder.srcs/sources_1/new/fnd_controller.v:164]
INFO: [Synth 8-226] default block is never used [D:/Work/OnDeviceAI2/0407_half_adder/0407_half_adder.srcs/sources_1/new/fnd_controller.v:170]
INFO: [Synth 8-6155] done synthesizing module 'bcd' (3#1) [D:/Work/OnDeviceAI2/0407_half_adder/0407_half_adder.srcs/sources_1/new/fnd_controller.v:164]
INFO: [Synth 8-6157] synthesizing module 'clk_div_1khz' [D:/Work/OnDeviceAI2/0407_half_adder/0407_half_adder.srcs/sources_1/new/fnd_controller.v:57]
INFO: [Synth 8-6155] done synthesizing module 'clk_div_1khz' (4#1) [D:/Work/OnDeviceAI2/0407_half_adder/0407_half_adder.srcs/sources_1/new/fnd_controller.v:57]
INFO: [Synth 8-6157] synthesizing module 'counter_4' [D:/Work/OnDeviceAI2/0407_half_adder/0407_half_adder.srcs/sources_1/new/fnd_controller.v:84]
INFO: [Synth 8-6155] done synthesizing module 'counter_4' (5#1) [D:/Work/OnDeviceAI2/0407_half_adder/0407_half_adder.srcs/sources_1/new/fnd_controller.v:84]
INFO: [Synth 8-6157] synthesizing module 'decoder_2X4' [D:/Work/OnDeviceAI2/0407_half_adder/0407_half_adder.srcs/sources_1/new/fnd_controller.v:104]
INFO: [Synth 8-226] default block is never used [D:/Work/OnDeviceAI2/0407_half_adder/0407_half_adder.srcs/sources_1/new/fnd_controller.v:110]
INFO: [Synth 8-6155] done synthesizing module 'decoder_2X4' (6#1) [D:/Work/OnDeviceAI2/0407_half_adder/0407_half_adder.srcs/sources_1/new/fnd_controller.v:104]
INFO: [Synth 8-6155] done synthesizing module 'fnd_controller' (7#1) [D:/Work/OnDeviceAI2/0407_half_adder/0407_half_adder.srcs/sources_1/new/fnd_controller.v:8]
WARNING: [Synth 8-689] width (14) of port connection 'fnd_in' does not match port width (8) of module 'fnd_controller' [D:/Work/OnDeviceAI2/counter_10000/counter_10000.srcs/sources_1/new/counter_10000.v:19]
INFO: [Synth 8-6157] synthesizing module 'datapath' [D:/Work/OnDeviceAI2/counter_10000/counter_10000.srcs/sources_1/new/counter_10000.v:39]
INFO: [Synth 8-6157] synthesizing module 'tick_counter' [D:/Work/OnDeviceAI2/counter_10000/counter_10000.srcs/sources_1/new/counter_10000.v:70]
	Parameter TICK_CNT bound to: 10000 - type: integer 
	Parameter TICK_CNT_WD bound to: 14 - type: integer 
INFO: [Synth 8-6155] done synthesizing module 'tick_counter' (8#1) [D:/Work/OnDeviceAI2/counter_10000/counter_10000.srcs/sources_1/new/counter_10000.v:70]
INFO: [Synth 8-6157] synthesizing module 'clk_tick_gen' [D:/Work/OnDeviceAI2/counter_10000/counter_10000.srcs/sources_1/new/counter_10000.v:141]
INFO: [Synth 8-6155] done synthesizing module 'clk_tick_gen' (9#1) [D:/Work/OnDeviceAI2/counter_10000/counter_10000.srcs/sources_1/new/counter_10000.v:141]
INFO: [Synth 8-6155] done synthesizing module 'datapath' (10#1) [D:/Work/OnDeviceAI2/counter_10000/counter_10000.srcs/sources_1/new/counter_10000.v:39]
INFO: [Synth 8-6155] done synthesizing module 'counter_10000' (11#1) [D:/Work/OnDeviceAI2/counter_10000/counter_10000.srcs/sources_1/new/counter_10000.v:3]
---------------------------------------------------------------------------------
Finished RTL Elaboration : Time (s): cpu = 00:00:03 ; elapsed = 00:00:03 . Memory (MB): peak = 1103.922 ; gain = 0.000
---------------------------------------------------------------------------------
---------------------------------------------------------------------------------
Start Handling Custom Attributes
---------------------------------------------------------------------------------
---------------------------------------------------------------------------------
Finished Handling Custom Attributes : Time (s): cpu = 00:00:04 ; elapsed = 00:00:03 . Memory (MB): peak = 1103.922 ; gain = 0.000
---------------------------------------------------------------------------------
---------------------------------------------------------------------------------
Finished RTL Optimization Phase 1 : Time (s): cpu = 00:00:04 ; elapsed = 00:00:03 . Memory (MB): peak = 1103.922 ; gain = 0.000
---------------------------------------------------------------------------------
Netlist sorting complete. Time (s): cpu = 00:00:00 ; elapsed = 00:00:00.001 . Memory (MB): peak = 1103.922 ; gain = 0.000
INFO: [Project 1-570] Preparing netlist for logic optimization

Processing XDC Constraints
Initializing timing engine
Parsing XDC File [D:/Work/OnDeviceAI2/20260407_adder/20260407_adder.srcs/constrs_1/imports/verilog/Basys-3-Master.xdc]
WARNING: [Vivado 12-584] No ports matched 'a[0]'. [D:/Work/OnDeviceAI2/20260407_adder/20260407_adder.srcs/constrs_1/imports/verilog/Basys-3-Master.xdc:12]
CRITICAL WARNING: [Common 17-55] 'set_property' expects at least one object. [D:/Work/OnDeviceAI2/20260407_adder/20260407_adder.srcs/constrs_1/imports/verilog/Basys-3-Master.xdc:12]
Resolution: If [get_<value>] was used to populate the object, check to make sure this command returns at least one valid object.
WARNING: [Vivado 12-584] No ports matched 'a[1]'. [D:/Work/OnDeviceAI2/20260407_adder/20260407_adder.srcs/constrs_1/imports/verilog/Basys-3-Master.xdc:13]
CRITICAL WARNING: [Common 17-55] 'set_property' expects at least one object. [D:/Work/OnDeviceAI2/20260407_adder/20260407_adder.srcs/constrs_1/imports/verilog/Basys-3-Master.xdc:13]
Resolution: If [get_<value>] was used to populate the object, check to make sure this command returns at least one valid object.
WARNING: [Vivado 12-584] No ports matched 'a[2]'. [D:/Work/OnDeviceAI2/20260407_adder/20260407_adder.srcs/constrs_1/imports/verilog/Basys-3-Master.xdc:14]
CRITICAL WARNING: [Common 17-55] 'set_property' expects at least one object. [D:/Work/OnDeviceAI2/20260407_adder/20260407_adder.srcs/constrs_1/imports/verilog/Basys-3-Master.xdc:14]
Resolution: If [get_<value>] was used to populate the object, check to make sure this command returns at least one valid object.
WARNING: [Vivado 12-584] No ports matched 'a[3]'. [D:/Work/OnDeviceAI2/20260407_adder/20260407_adder.srcs/constrs_1/imports/verilog/Basys-3-Master.xdc:15]
CRITICAL WARNING: [Common 17-55] 'set_property' expects at least one object. [D:/Work/OnDeviceAI2/20260407_adder/20260407_adder.srcs/constrs_1/imports/verilog/Basys-3-Master.xdc:15]
Resolution: If [get_<value>] was used to populate the object, check to make sure this command returns at least one valid object.
WARNING: [Vivado 12-584] No ports matched 'a[4]'. [D:/Work/OnDeviceAI2/20260407_adder/20260407_adder.srcs/constrs_1/imports/verilog/Basys-3-Master.xdc:16]
CRITICAL WARNING: [Common 17-55] 'set_property' expects at least one object. [D:/Work/OnDeviceAI2/20260407_adder/20260407_adder.srcs/constrs_1/imports/verilog/Basys-3-Master.xdc:16]
Resolution: If [get_<value>] was used to populate the object, check to make sure this command returns at least one valid object.
WARNING: [Vivado 12-584] No ports matched 'a[5]'. [D:/Work/OnDeviceAI2/20260407_adder/20260407_adder.srcs/constrs_1/imports/verilog/Basys-3-Master.xdc:17]
CRITICAL WARNING: [Common 17-55] 'set_property' expects at least one object. [D:/Work/OnDeviceAI2/20260407_adder/20260407_adder.srcs/constrs_1/imports/verilog/Basys-3-Master.xdc:17]
Resolution: If [get_<value>] was used to populate the object, check to make sure this command returns at least one valid object.
WARNING: [Vivado 12-584] No ports matched 'a[6]'. [D:/Work/OnDeviceAI2/20260407_adder/20260407_adder.srcs/constrs_1/imports/verilog/Basys-3-Master.xdc:18]
CRITICAL WARNING: [Common 17-55] 'set_property' expects at least one object. [D:/Work/OnDeviceAI2/20260407_adder/20260407_adder.srcs/constrs_1/imports/verilog/Basys-3-Master.xdc:18]
Resolution: If [get_<value>] was used to populate the object, check to make sure this command returns at least one valid object.
WARNING: [Vivado 12-584] No ports matched 'a[7]'. [D:/Work/OnDeviceAI2/20260407_adder/20260407_adder.srcs/constrs_1/imports/verilog/Basys-3-Master.xdc:19]
CRITICAL WARNING: [Common 17-55] 'set_property' expects at least one object. [D:/Work/OnDeviceAI2/20260407_adder/20260407_adder.srcs/constrs_1/imports/verilog/Basys-3-Master.xdc:19]
Resolution: If [get_<value>] was used to populate the object, check to make sure this command returns at least one valid object.
WARNING: [Vivado 12-584] No ports matched 'b[0]'. [D:/Work/OnDeviceAI2/20260407_adder/20260407_adder.srcs/constrs_1/imports/verilog/Basys-3-Master.xdc:20]
CRITICAL WARNING: [Common 17-55] 'set_property' expects at least one object. [D:/Work/OnDeviceAI2/20260407_adder/20260407_adder.srcs/constrs_1/imports/verilog/Basys-3-Master.xdc:20]
Resolution: If [get_<value>] was used to populate the object, check to make sure this command returns at least one valid object.
WARNING: [Vivado 12-584] No ports matched 'b[1]'. [D:/Work/OnDeviceAI2/20260407_adder/20260407_adder.srcs/constrs_1/imports/verilog/Basys-3-Master.xdc:21]
CRITICAL WARNING: [Common 17-55] 'set_property' expects at least one object. [D:/Work/OnDeviceAI2/20260407_adder/20260407_adder.srcs/constrs_1/imports/verilog/Basys-3-Master.xdc:21]
Resolution: If [get_<value>] was used to populate the object, check to make sure this command returns at least one valid object.
WARNING: [Vivado 12-584] No ports matched 'b[2]'. [D:/Work/OnDeviceAI2/20260407_adder/20260407_adder.srcs/constrs_1/imports/verilog/Basys-3-Master.xdc:22]
CRITICAL WARNING: [Common 17-55] 'set_property' expects at least one object. [D:/Work/OnDeviceAI2/20260407_adder/20260407_adder.srcs/constrs_1/imports/verilog/Basys-3-Master.xdc:22]
Resolution: If [get_<value>] was used to populate the object, check to make sure this command returns at least one valid object.
WARNING: [Vivado 12-584] No ports matched 'b[3]'. [D:/Work/OnDeviceAI2/20260407_adder/20260407_adder.srcs/constrs_1/imports/verilog/Basys-3-Master.xdc:23]
CRITICAL WARNING: [Common 17-55] 'set_property' expects at least one object. [D:/Work/OnDeviceAI2/20260407_adder/20260407_adder.srcs/constrs_1/imports/verilog/Basys-3-Master.xdc:23]
Resolution: If [get_<value>] was used to populate the object, check to make sure this command returns at least one valid object.
WARNING: [Vivado 12-584] No ports matched 'b[4]'. [D:/Work/OnDeviceAI2/20260407_adder/20260407_adder.srcs/constrs_1/imports/verilog/Basys-3-Master.xdc:24]
CRITICAL WARNING: [Common 17-55] 'set_property' expects at least one object. [D:/Work/OnDeviceAI2/20260407_adder/20260407_adder.srcs/constrs_1/imports/verilog/Basys-3-Master.xdc:24]
Resolution: If [get_<value>] was used to populate the object, check to make sure this command returns at least one valid object.
WARNING: [Vivado 12-584] No ports matched 'b[5]'. [D:/Work/OnDeviceAI2/20260407_adder/20260407_adder.srcs/constrs_1/imports/verilog/Basys-3-Master.xdc:25]
CRITICAL WARNING: [Common 17-55] 'set_property' expects at least one object. [D:/Work/OnDeviceAI2/20260407_adder/20260407_adder.srcs/constrs_1/imports/verilog/Basys-3-Master.xdc:25]
Resolution: If [get_<value>] was used to populate the object, check to make sure this command returns at least one valid object.
WARNING: [Vivado 12-584] No ports matched 'b[6]'. [D:/Work/OnDeviceAI2/20260407_adder/20260407_adder.srcs/constrs_1/imports/verilog/Basys-3-Master.xdc:26]
CRITICAL WARNING: [Common 17-55] 'set_property' expects at least one object. [D:/Work/OnDeviceAI2/20260407_adder/20260407_adder.srcs/constrs_1/imports/verilog/Basys-3-Master.xdc:26]
Resolution: If [get_<value>] was used to populate the object, check to make sure this command returns at least one valid object.
WARNING: [Vivado 12-584] No ports matched 'b[7]'. [D:/Work/OnDeviceAI2/20260407_adder/20260407_adder.srcs/constrs_1/imports/verilog/Basys-3-Master.xdc:27]
CRITICAL WARNING: [Common 17-55] 'set_property' expects at least one object. [D:/Work/OnDeviceAI2/20260407_adder/20260407_adder.srcs/constrs_1/imports/verilog/Basys-3-Master.xdc:27]
Resolution: If [get_<value>] was used to populate the object, check to make sure this command returns at least one valid object.
WARNING: [Vivado 12-584] No ports matched 's[0]'. [D:/Work/OnDeviceAI2/20260407_adder/20260407_adder.srcs/constrs_1/imports/verilog/Basys-3-Master.xdc:31]
CRITICAL WARNING: [Common 17-55] 'set_property' expects at least one object. [D:/Work/OnDeviceAI2/20260407_adder/20260407_adder.srcs/constrs_1/imports/verilog/Basys-3-Master.xdc:31]
Resolution: If [get_<value>] was used to populate the object, check to make sure this command returns at least one valid object.
WARNING: [Vivado 12-584] No ports matched 's[1]'. [D:/Work/OnDeviceAI2/20260407_adder/20260407_adder.srcs/constrs_1/imports/verilog/Basys-3-Master.xdc:32]
CRITICAL WARNING: [Common 17-55] 'set_property' expects at least one object. [D:/Work/OnDeviceAI2/20260407_adder/20260407_adder.srcs/constrs_1/imports/verilog/Basys-3-Master.xdc:32]
Resolution: If [get_<value>] was used to populate the object, check to make sure this command returns at least one valid object.
WARNING: [Vivado 12-584] No ports matched 's[2]'. [D:/Work/OnDeviceAI2/20260407_adder/20260407_adder.srcs/constrs_1/imports/verilog/Basys-3-Master.xdc:33]
CRITICAL WARNING: [Common 17-55] 'set_property' expects at least one object. [D:/Work/OnDeviceAI2/20260407_adder/20260407_adder.srcs/constrs_1/imports/verilog/Basys-3-Master.xdc:33]
Resolution: If [get_<value>] was used to populate the object, check to make sure this command returns at least one valid object.
WARNING: [Vivado 12-584] No ports matched 's[3]'. [D:/Work/OnDeviceAI2/20260407_adder/20260407_adder.srcs/constrs_1/imports/verilog/Basys-3-Master.xdc:34]
CRITICAL WARNING: [Common 17-55] 'set_property' expects at least one object. [D:/Work/OnDeviceAI2/20260407_adder/20260407_adder.srcs/constrs_1/imports/verilog/Basys-3-Master.xdc:34]
Resolution: If [get_<value>] was used to populate the object, check to make sure this command returns at least one valid object.
WARNING: [Vivado 12-584] No ports matched 'led'. [D:/Work/OnDeviceAI2/20260407_adder/20260407_adder.srcs/constrs_1/imports/verilog/Basys-3-Master.xdc:35]
CRITICAL WARNING: [Common 17-55] 'set_property' expects at least one object. [D:/Work/OnDeviceAI2/20260407_adder/20260407_adder.srcs/constrs_1/imports/verilog/Basys-3-Master.xdc:35]
Resolution: If [get_<value>] was used to populate the object, check to make sure this command returns at least one valid object.
WARNING: [Vivado 12-584] No ports matched 'sw'. [D:/Work/OnDeviceAI2/20260407_adder/20260407_adder.srcs/constrs_1/imports/verilog/Basys-3-Master.xdc:159]
CRITICAL WARNING: [Common 17-55] 'set_property' expects at least one object. [D:/Work/OnDeviceAI2/20260407_adder/20260407_adder.srcs/constrs_1/imports/verilog/Basys-3-Master.xdc:159]
Resolution: If [get_<value>] was used to populate the object, check to make sure this command returns at least one valid object.
WARNING: [Vivado 12-584] No ports matched 'sw'. [D:/Work/OnDeviceAI2/20260407_adder/20260407_adder.srcs/constrs_1/imports/verilog/Basys-3-Master.xdc:160]
CRITICAL WARNING: [Common 17-55] 'set_property' expects at least one object. [D:/Work/OnDeviceAI2/20260407_adder/20260407_adder.srcs/constrs_1/imports/verilog/Basys-3-Master.xdc:160]
Resolution: If [get_<value>] was used to populate the object, check to make sure this command returns at least one valid object.
Finished Parsing XDC File [D:/Work/OnDeviceAI2/20260407_adder/20260407_adder.srcs/constrs_1/imports/verilog/Basys-3-Master.xdc]
INFO: [Project 1-236] Implementation specific constraints were found while reading constraint file [D:/Work/OnDeviceAI2/20260407_adder/20260407_adder.srcs/constrs_1/imports/verilog/Basys-3-Master.xdc]. These constraints will be ignored for synthesis but will be used in implementation. Impacted constraints are listed in the file [.Xil/counter_10000_propImpl.xdc].
Resolution: To avoid this warning, move constraints listed in [.Xil/counter_10000_propImpl.xdc] to another XDC file and exclude this new file from synthesis with the used_in_synthesis property (File Properties dialog in GUI) and re-run elaboration/synthesis.
Completed Processing XDC Constraints

Netlist sorting complete. Time (s): cpu = 00:00:00 ; elapsed = 00:00:00 . Memory (MB): peak = 1149.578 ; gain = 0.000
INFO: [Project 1-111] Unisim Transformation Summary:
No Unisim elements were transformed.

Constraint Validation Runtime : Time (s): cpu = 00:00:00 ; elapsed = 00:00:00.001 . Memory (MB): peak = 1149.578 ; gain = 0.000
---------------------------------------------------------------------------------
Finished Constraint Validation : Time (s): cpu = 00:00:07 ; elapsed = 00:00:07 . Memory (MB): peak = 1149.578 ; gain = 45.656
---------------------------------------------------------------------------------
---------------------------------------------------------------------------------
Start Loading Part and Timing Information
---------------------------------------------------------------------------------
Loading part: xc7a35tcpg236-1
---------------------------------------------------------------------------------
Finished Loading Part and Timing Information : Time (s): cpu = 00:00:07 ; elapsed = 00:00:07 . Memory (MB): peak = 1149.578 ; gain = 45.656
---------------------------------------------------------------------------------
---------------------------------------------------------------------------------
Start Applying 'set_property' XDC Constraints
---------------------------------------------------------------------------------
---------------------------------------------------------------------------------
Finished applying 'set_property' XDC Constraints : Time (s): cpu = 00:00:07 ; elapsed = 00:00:07 . Memory (MB): peak = 1149.578 ; gain = 45.656
---------------------------------------------------------------------------------
---------------------------------------------------------------------------------
Finished RTL Optimization Phase 2 : Time (s): cpu = 00:00:07 ; elapsed = 00:00:07 . Memory (MB): peak = 1149.578 ; gain = 45.656
---------------------------------------------------------------------------------
---------------------------------------------------------------------------------
Start RTL Component Statistics 
---------------------------------------------------------------------------------
Detailed RTL Component Info : 
+---Adders : 
	   2 Input   24 Bit       Adders := 1     
	   2 Input   16 Bit       Adders := 1     
	   2 Input   14 Bit       Adders := 2     
	   2 Input    2 Bit       Adders := 1     
+---Registers : 
	               24 Bit    Registers := 1     
	               16 Bit    Registers := 1     
	               14 Bit    Registers := 1     
	                2 Bit    Registers := 1     
	                1 Bit    Registers := 2     
+---Muxes : 
	   2 Input   24 Bit        Muxes := 1     
	   2 Input   14 Bit        Muxes := 3     
	   4 Input    4 Bit        Muxes := 2     
---------------------------------------------------------------------------------
Finished RTL Component Statistics 
---------------------------------------------------------------------------------
---------------------------------------------------------------------------------
Start Part Resource Summary
---------------------------------------------------------------------------------
Part Resources:
DSPs: 90 (col length:60)
BRAMs: 100 (col length: RAMB18 60 RAMB36 30)
---------------------------------------------------------------------------------
Finished Part Resource Summary
---------------------------------------------------------------------------------
---------------------------------------------------------------------------------
Start Cross Boundary and Area Optimization
---------------------------------------------------------------------------------
---------------------------------------------------------------------------------
Finished Cross Boundary and Area Optimization : Time (s): cpu = 00:00:09 ; elapsed = 00:00:09 . Memory (MB): peak = 1149.578 ; gain = 45.656
---------------------------------------------------------------------------------
---------------------------------------------------------------------------------
Start Applying XDC Timing Constraints
---------------------------------------------------------------------------------
---------------------------------------------------------------------------------
Finished Applying XDC Timing Constraints : Time (s): cpu = 00:00:13 ; elapsed = 00:00:13 . Memory (MB): peak = 1153.191 ; gain = 49.270
---------------------------------------------------------------------------------
---------------------------------------------------------------------------------
Start Timing Optimization
---------------------------------------------------------------------------------
---------------------------------------------------------------------------------
Finished Timing Optimization : Time (s): cpu = 00:00:13 ; elapsed = 00:00:14 . Memory (MB): peak = 1184.078 ; gain = 80.156
---------------------------------------------------------------------------------
---------------------------------------------------------------------------------
Start Technology Mapping
---------------------------------------------------------------------------------
---------------------------------------------------------------------------------
Finished Technology Mapping : Time (s): cpu = 00:00:13 ; elapsed = 00:00:14 . Memory (MB): peak = 1184.902 ; gain = 80.980
---------------------------------------------------------------------------------
---------------------------------------------------------------------------------
Start IO Insertion
---------------------------------------------------------------------------------
---------------------------------------------------------------------------------
Start Flattening Before IO Insertion
---------------------------------------------------------------------------------
---------------------------------------------------------------------------------
Finished Flattening Before IO Insertion
---------------------------------------------------------------------------------
---------------------------------------------------------------------------------
Start Final Netlist Cleanup
---------------------------------------------------------------------------------
---------------------------------------------------------------------------------
Finished Final Netlist Cleanup
---------------------------------------------------------------------------------
---------------------------------------------------------------------------------
Finished IO Insertion : Time (s): cpu = 00:00:15 ; elapsed = 00:00:16 . Memory (MB): peak = 1191.688 ; gain = 87.766
---------------------------------------------------------------------------------
---------------------------------------------------------------------------------
Start Renaming Generated Instances
---------------------------------------------------------------------------------
---------------------------------------------------------------------------------
Finished Renaming Generated Instances : Time (s): cpu = 00:00:15 ; elapsed = 00:00:16 . Memory (MB): peak = 1191.688 ; gain = 87.766
---------------------------------------------------------------------------------
---------------------------------------------------------------------------------
Start Rebuilding User Hierarchy
---------------------------------------------------------------------------------
---------------------------------------------------------------------------------
Finished Rebuilding User Hierarchy : Time (s): cpu = 00:00:15 ; elapsed = 00:00:16 . Memory (MB): peak = 1191.688 ; gain = 87.766
---------------------------------------------------------------------------------
---------------------------------------------------------------------------------
Start Renaming Generated Ports
---------------------------------------------------------------------------------
---------------------------------------------------------------------------------
Finished Renaming Generated Ports : Time (s): cpu = 00:00:15 ; elapsed = 00:00:16 . Memory (MB): peak = 1191.688 ; gain = 87.766
---------------------------------------------------------------------------------
---------------------------------------------------------------------------------
Start Handling Custom Attributes
---------------------------------------------------------------------------------
---------------------------------------------------------------------------------
Finished Handling Custom Attributes : Time (s): cpu = 00:00:15 ; elapsed = 00:00:16 . Memory (MB): peak = 1191.688 ; gain = 87.766
---------------------------------------------------------------------------------
---------------------------------------------------------------------------------
Start Renaming Generated Nets
---------------------------------------------------------------------------------
---------------------------------------------------------------------------------
Finished Renaming Generated Nets : Time (s): cpu = 00:00:15 ; elapsed = 00:00:16 . Memory (MB): peak = 1191.688 ; gain = 87.766
---------------------------------------------------------------------------------
---------------------------------------------------------------------------------
Start Writing Synthesis Report
---------------------------------------------------------------------------------

Report BlackBoxes: 
+-+--------------+----------+
| |BlackBox name |Instances |
+-+--------------+----------+
+-+--------------+----------+

Report Cell Usage: 
+------+-------+------+
|      |Cell   |Count |
+------+-------+------+
|1     |BUFG   |     1|
|2     |CARRY4 |    20|
|3     |LUT1   |    20|
|4     |LUT2   |    50|
|5     |LUT3   |     6|
|6     |LUT4   |    15|
|7     |LUT5   |    16|
|8     |LUT6   |    18|
|9     |FDCE   |    58|
|10    |IBUF   |     3|
|11    |OBUF   |    12|
+------+-------+------+
---------------------------------------------------------------------------------
Finished Writing Synthesis Report : Time (s): cpu = 00:00:15 ; elapsed = 00:00:16 . Memory (MB): peak = 1191.688 ; gain = 87.766
---------------------------------------------------------------------------------
Synthesis finished with 0 errors, 0 critical warnings and 0 warnings.
Synthesis Optimization Runtime : Time (s): cpu = 00:00:10 ; elapsed = 00:00:14 . Memory (MB): peak = 1191.688 ; gain = 42.109
Synthesis Optimization Complete : Time (s): cpu = 00:00:15 ; elapsed = 00:00:16 . Memory (MB): peak = 1191.688 ; gain = 87.766
INFO: [Project 1-571] Translating synthesized netlist
Netlist sorting complete. Time (s): cpu = 00:00:00 ; elapsed = 00:00:00.001 . Memory (MB): peak = 1203.715 ; gain = 0.000
INFO: [Netlist 29-17] Analyzing 20 Unisim elements for replacement
INFO: [Netlist 29-28] Unisim Transformation completed in 0 CPU seconds
INFO: [Project 1-570] Preparing netlist for logic optimization
INFO: [Opt 31-138] Pushed 0 inverter(s) to 0 load pin(s).
Netlist sorting complete. Time (s): cpu = 00:00:00 ; elapsed = 00:00:00 . Memory (MB): peak = 1203.715 ; gain = 0.000
INFO: [Project 1-111] Unisim Transformation Summary:
No Unisim elements were transformed.

INFO: [Common 17-83] Releasing license: Synthesis
40 Infos, 25 Warnings, 23 Critical Warnings and 0 Errors encountered.
synth_design completed successfully
synth_design: Time (s): cpu = 00:00:18 ; elapsed = 00:00:20 . Memory (MB): peak = 1203.715 ; gain = 99.793
INFO: [runtcl-6] Synthesis results are not added to the cache due to CRITICAL_WARNING
INFO: [Common 17-1381] The checkpoint 'D:/Work/OnDeviceAI2/Control_Unit/Control_Unit.runs/synth_1/counter_10000.dcp' has been generated.
INFO: [runtcl-4] Executing : report_utilization -file counter_10000_utilization_synth.rpt -pb counter_10000_utilization_synth.pb
INFO: [Common 17-206] Exiting Vivado at Mon Apr 13 12:57:28 2026...
