Copyright 1986-2020 Xilinx, Inc. All Rights Reserved.
---------------------------------------------------------------------------------------
| Tool Version : Vivado v.2020.2 (win64) Build 3064766 Wed Nov 18 09:12:45 MST 2020
| Date         : Tue Jun 16 15:21:40 2026
| Host         : DESKTOP-7CFQ9ND running 64-bit major release  (build 9200)
| Command      : report_control_sets -verbose -file master_top_control_sets_placed.rpt
| Design       : master_top
| Device       : xc7a35t
---------------------------------------------------------------------------------------

Control Set Information

Table of Contents
-----------------
1. Summary
2. Histogram
3. Flip-Flop Distribution
4. Detailed Control Set Information

1. Summary
----------

+----------------------------------------------------------+-------+
|                          Status                          | Count |
+----------------------------------------------------------+-------+
| Total control sets                                       |     8 |
|    Minimum number of control sets                        |     8 |
|    Addition due to synthesis replication                 |     0 |
|    Addition due to physical synthesis replication        |     0 |
| Unused register locations in slices containing registers |    14 |
+----------------------------------------------------------+-------+
* Control sets can be merged at opt_design using control_set_merge or merge_equivalent_drivers
** Run report_qor_suggestions for automated merging and remapping suggestions


2. Histogram
------------

+--------------------+-------+
|       Fanout       | Count |
+--------------------+-------+
| Total control sets |     8 |
| >= 0 to < 4        |     1 |
| >= 4 to < 6        |     2 |
| >= 6 to < 8        |     0 |
| >= 8 to < 10       |     4 |
| >= 10 to < 12      |     0 |
| >= 12 to < 14      |     0 |
| >= 14 to < 16      |     0 |
| >= 16              |     1 |
+--------------------+-------+
* Control sets can be remapped at either synth_design or opt_design


3. Flip-Flop Distribution
-------------------------

+--------------+-----------------------+------------------------+-----------------+--------------+
| Clock Enable | Synchronous Set/Reset | Asynchronous Set/Reset | Total Registers | Total Slices |
+--------------+-----------------------+------------------------+-----------------+--------------+
| No           | No                    | No                     |               0 |            0 |
| No           | No                    | Yes                    |              40 |           16 |
| No           | Yes                   | No                     |               0 |            0 |
| Yes          | No                    | No                     |               0 |            0 |
| Yes          | No                    | Yes                    |              42 |            8 |
| Yes          | Yes                   | No                     |               0 |            0 |
+--------------+-----------------------+------------------------+-----------------+--------------+


4. Detailed Control Set Information
-----------------------------------

+----------------+----------------------------------------------+------------------+------------------+----------------+--------------+
|  Clock Signal  |                 Enable Signal                | Set/Reset Signal | Slice Load Count | Bel Load Count | Bels / Slice |
+----------------+----------------------------------------------+------------------+------------------+----------------+--------------+
|  clk_IBUF_BUFG | U_I2C_MASTER_TOP/u_i2c_master/scl_r          | reset_IBUF       |                1 |              1 |         1.00 |
|  clk_IBUF_BUFG | U_UART_RX/E[0]                               | reset_IBUF       |                1 |              4 |         4.00 |
|  clk_IBUF_BUFG | U_UART_RX/tick_cnt                           | reset_IBUF       |                2 |              5 |         2.50 |
|  clk_IBUF_BUFG | U_I2C_MASTER_TOP/u_i2c_master/tx_shift_reg_0 | reset_IBUF       |                1 |              8 |         8.00 |
|  clk_IBUF_BUFG | U_I2C_MASTER_TOP/u_i2c_master/E[0]           | reset_IBUF       |                1 |              8 |         8.00 |
|  clk_IBUF_BUFG | U_UART_RX/data_reg                           | reset_IBUF       |                1 |              8 |         8.00 |
|  clk_IBUF_BUFG | U_UART_RX/FSM_sequential_state_reg[0]_2[0]   | reset_IBUF       |                1 |              8 |         8.00 |
|  clk_IBUF_BUFG |                                              | reset_IBUF       |               16 |             40 |         2.50 |
+----------------+----------------------------------------------+------------------+------------------+----------------+--------------+


