Copyright 1986-2020 Xilinx, Inc. All Rights Reserved.
-----------------------------------------------------------------------------------------------------------------------------------------------------------------------------------------------------
| Tool Version : Vivado v.2020.2 (win64) Build 3064766 Wed Nov 18 09:12:45 MST 2020
| Date         : Tue Jun 16 15:21:55 2026
| Host         : DESKTOP-7CFQ9ND running 64-bit major release  (build 9200)
| Command      : report_timing_summary -max_paths 10 -file master_top_timing_summary_routed.rpt -pb master_top_timing_summary_routed.pb -rpx master_top_timing_summary_routed.rpx -warn_on_violation
| Design       : master_top
| Device       : 7a35t-cpg236
| Speed File   : -1  PRODUCTION 1.23 2018-06-13
-----------------------------------------------------------------------------------------------------------------------------------------------------------------------------------------------------

Timing Summary Report

------------------------------------------------------------------------------------------------
| Timer Settings
| --------------
------------------------------------------------------------------------------------------------

  Enable Multi Corner Analysis               :  Yes
  Enable Pessimism Removal                   :  Yes
  Pessimism Removal Resolution               :  Nearest Common Node
  Enable Input Delay Default Clock           :  No
  Enable Preset / Clear Arcs                 :  No
  Disable Flight Delays                      :  No
  Ignore I/O Paths                           :  No
  Timing Early Launch at Borrowing Latches   :  No
  Borrow Time for Max Delay Exceptions       :  Yes
  Merge Timing Exceptions                    :  Yes

  Corner  Analyze    Analyze    
  Name    Max Paths  Min Paths  
  ------  ---------  ---------  
  Slow    Yes        Yes        
  Fast    Yes        Yes        



check_timing report

Table of Contents
-----------------
1. checking no_clock (0)
2. checking constant_clock (0)
3. checking pulse_width_clock (0)
4. checking unconstrained_internal_endpoints (0)
5. checking no_input_delay (2)
6. checking no_output_delay (2)
7. checking multiple_clock (0)
8. checking generated_clocks (0)
9. checking loops (0)
10. checking partial_input_delay (0)
11. checking partial_output_delay (0)
12. checking latch_loops (0)

1. checking no_clock (0)
------------------------
 There are 0 register/latch pins with no clock.


2. checking constant_clock (0)
------------------------------
 There are 0 register/latch pins with constant_clock.


3. checking pulse_width_clock (0)
---------------------------------
 There are 0 register/latch pins which need pulse_width check


4. checking unconstrained_internal_endpoints (0)
------------------------------------------------
 There are 0 pins that are not constrained for maximum delay.

 There are 0 pins that are not constrained for maximum delay due to constant clock.


5. checking no_input_delay (2)
------------------------------
 There are 2 input ports with no input delay specified. (HIGH)

 There are 0 input ports with no input delay but user has a false path constraint.


6. checking no_output_delay (2)
-------------------------------
 There are 2 ports with no output delay specified. (HIGH)

 There are 0 ports with no output delay but user has a false path constraint

 There are 0 ports with no output delay but with a timing clock defined on it or propagating through it


7. checking multiple_clock (0)
------------------------------
 There are 0 register/latch pins with multiple clocks.


8. checking generated_clocks (0)
--------------------------------
 There are 0 generated clocks that are not connected to a clock source.


9. checking loops (0)
---------------------
 There are 0 combinational loops in the design.


10. checking partial_input_delay (0)
------------------------------------
 There are 0 input ports with partial input delay specified.


11. checking partial_output_delay (0)
-------------------------------------
 There are 0 ports with partial output delay specified.


12. checking latch_loops (0)
----------------------------
 There are 0 combinational latch loops in the design through latch input



------------------------------------------------------------------------------------------------
| Design Timing Summary
| ---------------------
------------------------------------------------------------------------------------------------

    WNS(ns)      TNS(ns)  TNS Failing Endpoints  TNS Total Endpoints      WHS(ns)      THS(ns)  THS Failing Endpoints  THS Total Endpoints     WPWS(ns)     TPWS(ns)  TPWS Failing Endpoints  TPWS Total Endpoints  
    -------      -------  ---------------------  -------------------      -------      -------  ---------------------  -------------------     --------     --------  ----------------------  --------------------  
      5.755        0.000                      0                  123        0.130        0.000                      0                  123        4.500        0.000                       0                    83  


All user specified timing constraints are met.


------------------------------------------------------------------------------------------------
| Clock Summary
| -------------
------------------------------------------------------------------------------------------------

Clock        Waveform(ns)       Period(ns)      Frequency(MHz)
-----        ------------       ----------      --------------
sys_clk_pin  {0.000 5.000}      10.000          100.000         


------------------------------------------------------------------------------------------------
| Intra Clock Table
| -----------------
------------------------------------------------------------------------------------------------

Clock             WNS(ns)      TNS(ns)  TNS Failing Endpoints  TNS Total Endpoints      WHS(ns)      THS(ns)  THS Failing Endpoints  THS Total Endpoints     WPWS(ns)     TPWS(ns)  TPWS Failing Endpoints  TPWS Total Endpoints  
-----             -------      -------  ---------------------  -------------------      -------      -------  ---------------------  -------------------     --------     --------  ----------------------  --------------------  
sys_clk_pin         5.755        0.000                      0                  123        0.130        0.000                      0                  123        4.500        0.000                       0                    83  


------------------------------------------------------------------------------------------------
| Inter Clock Table
| -----------------
------------------------------------------------------------------------------------------------

From Clock    To Clock          WNS(ns)      TNS(ns)  TNS Failing Endpoints  TNS Total Endpoints      WHS(ns)      THS(ns)  THS Failing Endpoints  THS Total Endpoints  
----------    --------          -------      -------  ---------------------  -------------------      -------      -------  ---------------------  -------------------  


------------------------------------------------------------------------------------------------
| Other Path Groups Table
| -----------------------
------------------------------------------------------------------------------------------------

Path Group    From Clock    To Clock          WNS(ns)      TNS(ns)  TNS Failing Endpoints  TNS Total Endpoints      WHS(ns)      THS(ns)  THS Failing Endpoints  THS Total Endpoints  
----------    ----------    --------          -------      -------  ---------------------  -------------------      -------      -------  ---------------------  -------------------  


------------------------------------------------------------------------------------------------
| Timing Details
| --------------
------------------------------------------------------------------------------------------------


---------------------------------------------------------------------------------------------------
From Clock:  sys_clk_pin
  To Clock:  sys_clk_pin

Setup :            0  Failing Endpoints,  Worst Slack        5.755ns,  Total Violation        0.000ns
Hold  :            0  Failing Endpoints,  Worst Slack        0.130ns,  Total Violation        0.000ns
PW    :            0  Failing Endpoints,  Worst Slack        4.500ns,  Total Violation        0.000ns
---------------------------------------------------------------------------------------------------


Max Delay Paths
--------------------------------------------------------------------------------------
Slack (MET) :             5.755ns  (required time - arrival time)
  Source:                 U_UART_RX/tick_cnt_reg[0]/C
                            (rising edge-triggered cell FDCE clocked by sys_clk_pin  {rise@0.000ns fall@5.000ns period=10.000ns})
  Destination:            U_UART_RX/rx_done_reg/D
                            (rising edge-triggered cell FDCE clocked by sys_clk_pin  {rise@0.000ns fall@5.000ns period=10.000ns})
  Path Group:             sys_clk_pin
  Path Type:              Setup (Max at Slow Process Corner)
  Requirement:            10.000ns  (sys_clk_pin rise@10.000ns - sys_clk_pin rise@0.000ns)
  Data Path Delay:        4.106ns  (logic 1.120ns (27.278%)  route 2.986ns (72.722%))
  Logic Levels:           3  (LUT2=1 LUT5=2)
  Clock Path Skew:        -0.037ns (DCD - SCD + CPR)
    Destination Clock Delay (DCD):    5.009ns = ( 15.009 - 10.000 ) 
    Source Clock Delay      (SCD):    5.313ns
    Clock Pessimism Removal (CPR):    0.267ns
  Clock Uncertainty:      0.035ns  ((TSJ^2 + TIJ^2)^1/2 + DJ) / 2 + PE
    Total System Jitter     (TSJ):    0.071ns
    Total Input Jitter      (TIJ):    0.000ns
    Discrete Jitter          (DJ):    0.000ns
    Phase Error              (PE):    0.000ns

    Location             Delay type                Incr(ns)  Path(ns)    Netlist Resource(s)
  -------------------------------------------------------------------    -------------------
                         (clock sys_clk_pin rise edge)
                                                      0.000     0.000 r  
    W5                                                0.000     0.000 r  clk (IN)
                         net (fo=0)                   0.000     0.000    clk
    W5                   IBUF (Prop_ibuf_I_O)         1.458     1.458 r  clk_IBUF_inst/O
                         net (fo=1, routed)           1.967     3.425    clk_IBUF
    BUFGCTRL_X0Y0        BUFG (Prop_bufg_I_O)         0.096     3.521 r  clk_IBUF_BUFG_inst/O
                         net (fo=82, routed)          1.792     5.313    U_UART_RX/CLK
    SLICE_X2Y122         FDCE                                         r  U_UART_RX/tick_cnt_reg[0]/C
  -------------------------------------------------------------------    -------------------
    SLICE_X2Y122         FDCE (Prop_fdce_C_Q)         0.518     5.831 r  U_UART_RX/tick_cnt_reg[0]/Q
                         net (fo=6, routed)           1.036     6.867    U_UART_RX/tick_cnt_reg_n_0_[0]
    SLICE_X2Y123         LUT5 (Prop_lut5_I1_O)        0.150     7.017 f  U_UART_RX/tick_cnt[1]_i_3/O
                         net (fo=8, routed)           0.660     7.677    U_UART_RX/tick_cnt[1]_i_3_n_0
    SLICE_X2Y122         LUT5 (Prop_lut5_I0_O)        0.328     8.005 f  U_UART_RX/FSM_sequential_state[1]_i_2/O
                         net (fo=7, routed)           0.634     8.639    U_BAUD_TICK_GEN/rx_done_reg
    SLICE_X2Y124         LUT2 (Prop_lut2_I1_O)        0.124     8.763 r  U_BAUD_TICK_GEN/rx_done_i_1/O
                         net (fo=1, routed)           0.656     9.419    U_UART_RX/rx_done_reg_0
    SLICE_X4Y127         FDCE                                         r  U_UART_RX/rx_done_reg/D
  -------------------------------------------------------------------    -------------------

                         (clock sys_clk_pin rise edge)
                                                     10.000    10.000 r  
    W5                                                0.000    10.000 r  clk (IN)
                         net (fo=0)                   0.000    10.000    clk
    W5                   IBUF (Prop_ibuf_I_O)         1.388    11.388 r  clk_IBUF_inst/O
                         net (fo=1, routed)           1.862    13.250    clk_IBUF
    BUFGCTRL_X0Y0        BUFG (Prop_bufg_I_O)         0.091    13.341 r  clk_IBUF_BUFG_inst/O
                         net (fo=82, routed)          1.668    15.009    U_UART_RX/CLK
    SLICE_X4Y127         FDCE                                         r  U_UART_RX/rx_done_reg/C
                         clock pessimism              0.267    15.276    
                         clock uncertainty           -0.035    15.241    
    SLICE_X4Y127         FDCE (Setup_fdce_C_D)       -0.067    15.174    U_UART_RX/rx_done_reg
  -------------------------------------------------------------------
                         required time                         15.174    
                         arrival time                          -9.419    
  -------------------------------------------------------------------
                         slack                                  5.755    

Slack (MET) :             6.204ns  (required time - arrival time)
  Source:                 U_UART_RX/tick_cnt_reg[0]/C
                            (rising edge-triggered cell FDCE clocked by sys_clk_pin  {rise@0.000ns fall@5.000ns period=10.000ns})
  Destination:            U_UART_RX/bit_cnt_reg[0]/D
                            (rising edge-triggered cell FDCE clocked by sys_clk_pin  {rise@0.000ns fall@5.000ns period=10.000ns})
  Path Group:             sys_clk_pin
  Path Type:              Setup (Max at Slow Process Corner)
  Requirement:            10.000ns  (sys_clk_pin rise@10.000ns - sys_clk_pin rise@0.000ns)
  Data Path Delay:        3.485ns  (logic 1.026ns (29.439%)  route 2.459ns (70.561%))
  Logic Levels:           2  (LUT5=2)
  Clock Path Skew:        -0.025ns (DCD - SCD + CPR)
    Destination Clock Delay (DCD):    5.007ns = ( 15.007 - 10.000 ) 
    Source Clock Delay      (SCD):    5.313ns
    Clock Pessimism Removal (CPR):    0.281ns
  Clock Uncertainty:      0.035ns  ((TSJ^2 + TIJ^2)^1/2 + DJ) / 2 + PE
    Total System Jitter     (TSJ):    0.071ns
    Total Input Jitter      (TIJ):    0.000ns
    Discrete Jitter          (DJ):    0.000ns
    Phase Error              (PE):    0.000ns

    Location             Delay type                Incr(ns)  Path(ns)    Netlist Resource(s)
  -------------------------------------------------------------------    -------------------
                         (clock sys_clk_pin rise edge)
                                                      0.000     0.000 r  
    W5                                                0.000     0.000 r  clk (IN)
                         net (fo=0)                   0.000     0.000    clk
    W5                   IBUF (Prop_ibuf_I_O)         1.458     1.458 r  clk_IBUF_inst/O
                         net (fo=1, routed)           1.967     3.425    clk_IBUF
    BUFGCTRL_X0Y0        BUFG (Prop_bufg_I_O)         0.096     3.521 r  clk_IBUF_BUFG_inst/O
                         net (fo=82, routed)          1.792     5.313    U_UART_RX/CLK
    SLICE_X2Y122         FDCE                                         r  U_UART_RX/tick_cnt_reg[0]/C
  -------------------------------------------------------------------    -------------------
    SLICE_X2Y122         FDCE (Prop_fdce_C_Q)         0.518     5.831 f  U_UART_RX/tick_cnt_reg[0]/Q
                         net (fo=6, routed)           1.036     6.867    U_UART_RX/tick_cnt_reg_n_0_[0]
    SLICE_X2Y123         LUT5 (Prop_lut5_I1_O)        0.150     7.017 r  U_UART_RX/tick_cnt[1]_i_3/O
                         net (fo=8, routed)           0.859     7.876    U_UART_RX/tick_cnt[1]_i_3_n_0
    SLICE_X3Y124         LUT5 (Prop_lut5_I3_O)        0.358     8.234 r  U_UART_RX/bit_cnt[0]_i_1/O
                         net (fo=1, routed)           0.565     8.798    U_UART_RX/bit_cnt[0]_i_1_n_0
    SLICE_X3Y124         FDCE                                         r  U_UART_RX/bit_cnt_reg[0]/D
  -------------------------------------------------------------------    -------------------

                         (clock sys_clk_pin rise edge)
                                                     10.000    10.000 r  
    W5                                                0.000    10.000 r  clk (IN)
                         net (fo=0)                   0.000    10.000    clk
    W5                   IBUF (Prop_ibuf_I_O)         1.388    11.388 r  clk_IBUF_inst/O
                         net (fo=1, routed)           1.862    13.250    clk_IBUF
    BUFGCTRL_X0Y0        BUFG (Prop_bufg_I_O)         0.091    13.341 r  clk_IBUF_BUFG_inst/O
                         net (fo=82, routed)          1.666    15.007    U_UART_RX/CLK
    SLICE_X3Y124         FDCE                                         r  U_UART_RX/bit_cnt_reg[0]/C
                         clock pessimism              0.281    15.288    
                         clock uncertainty           -0.035    15.253    
    SLICE_X3Y124         FDCE (Setup_fdce_C_D)       -0.250    15.003    U_UART_RX/bit_cnt_reg[0]
  -------------------------------------------------------------------
                         required time                         15.003    
                         arrival time                          -8.798    
  -------------------------------------------------------------------
                         slack                                  6.204    

Slack (MET) :             6.295ns  (required time - arrival time)
  Source:                 U_UART_RX/tick_cnt_reg[0]/C
                            (rising edge-triggered cell FDCE clocked by sys_clk_pin  {rise@0.000ns fall@5.000ns period=10.000ns})
  Destination:            U_UART_RX/FSM_sequential_state_reg[0]/D
                            (rising edge-triggered cell FDCE clocked by sys_clk_pin  {rise@0.000ns fall@5.000ns period=10.000ns})
  Path Group:             sys_clk_pin
  Path Type:              Setup (Max at Slow Process Corner)
  Requirement:            10.000ns  (sys_clk_pin rise@10.000ns - sys_clk_pin rise@0.000ns)
  Data Path Delay:        3.676ns  (logic 1.120ns (30.469%)  route 2.556ns (69.531%))
  Logic Levels:           3  (LUT5=2 LUT6=1)
  Clock Path Skew:        -0.023ns (DCD - SCD + CPR)
    Destination Clock Delay (DCD):    5.009ns = ( 15.009 - 10.000 ) 
    Source Clock Delay      (SCD):    5.313ns
    Clock Pessimism Removal (CPR):    0.281ns
  Clock Uncertainty:      0.035ns  ((TSJ^2 + TIJ^2)^1/2 + DJ) / 2 + PE
    Total System Jitter     (TSJ):    0.071ns
    Total Input Jitter      (TIJ):    0.000ns
    Discrete Jitter          (DJ):    0.000ns
    Phase Error              (PE):    0.000ns

    Location             Delay type                Incr(ns)  Path(ns)    Netlist Resource(s)
  -------------------------------------------------------------------    -------------------
                         (clock sys_clk_pin rise edge)
                                                      0.000     0.000 r  
    W5                                                0.000     0.000 r  clk (IN)
                         net (fo=0)                   0.000     0.000    clk
    W5                   IBUF (Prop_ibuf_I_O)         1.458     1.458 r  clk_IBUF_inst/O
                         net (fo=1, routed)           1.967     3.425    clk_IBUF
    BUFGCTRL_X0Y0        BUFG (Prop_bufg_I_O)         0.096     3.521 r  clk_IBUF_BUFG_inst/O
                         net (fo=82, routed)          1.792     5.313    U_UART_RX/CLK
    SLICE_X2Y122         FDCE                                         r  U_UART_RX/tick_cnt_reg[0]/C
  -------------------------------------------------------------------    -------------------
    SLICE_X2Y122         FDCE (Prop_fdce_C_Q)         0.518     5.831 f  U_UART_RX/tick_cnt_reg[0]/Q
                         net (fo=6, routed)           1.036     6.867    U_UART_RX/tick_cnt_reg_n_0_[0]
    SLICE_X2Y123         LUT5 (Prop_lut5_I1_O)        0.150     7.017 r  U_UART_RX/tick_cnt[1]_i_3/O
                         net (fo=8, routed)           0.660     7.677    U_UART_RX/tick_cnt[1]_i_3_n_0
    SLICE_X2Y122         LUT5 (Prop_lut5_I0_O)        0.328     8.005 r  U_UART_RX/FSM_sequential_state[1]_i_2/O
                         net (fo=7, routed)           0.860     8.865    U_UART_RX/FSM_sequential_state_reg[0]_1
    SLICE_X3Y123         LUT6 (Prop_lut6_I1_O)        0.124     8.989 r  U_UART_RX/FSM_sequential_state[0]_i_1/O
                         net (fo=1, routed)           0.000     8.989    U_UART_RX/FSM_sequential_state[0]_i_1_n_0
    SLICE_X3Y123         FDCE                                         r  U_UART_RX/FSM_sequential_state_reg[0]/D
  -------------------------------------------------------------------    -------------------

                         (clock sys_clk_pin rise edge)
                                                     10.000    10.000 r  
    W5                                                0.000    10.000 r  clk (IN)
                         net (fo=0)                   0.000    10.000    clk
    W5                   IBUF (Prop_ibuf_I_O)         1.388    11.388 r  clk_IBUF_inst/O
                         net (fo=1, routed)           1.862    13.250    clk_IBUF
    BUFGCTRL_X0Y0        BUFG (Prop_bufg_I_O)         0.091    13.341 r  clk_IBUF_BUFG_inst/O
                         net (fo=82, routed)          1.668    15.009    U_UART_RX/CLK
    SLICE_X3Y123         FDCE                                         r  U_UART_RX/FSM_sequential_state_reg[0]/C
                         clock pessimism              0.281    15.290    
                         clock uncertainty           -0.035    15.255    
    SLICE_X3Y123         FDCE (Setup_fdce_C_D)        0.029    15.284    U_UART_RX/FSM_sequential_state_reg[0]
  -------------------------------------------------------------------
                         required time                         15.284    
                         arrival time                          -8.989    
  -------------------------------------------------------------------
                         slack                                  6.295    

Slack (MET) :             6.298ns  (required time - arrival time)
  Source:                 U_UART_RX/tick_cnt_reg[0]/C
                            (rising edge-triggered cell FDCE clocked by sys_clk_pin  {rise@0.000ns fall@5.000ns period=10.000ns})
  Destination:            U_UART_RX/FSM_sequential_state_reg[1]/D
                            (rising edge-triggered cell FDCE clocked by sys_clk_pin  {rise@0.000ns fall@5.000ns period=10.000ns})
  Path Group:             sys_clk_pin
  Path Type:              Setup (Max at Slow Process Corner)
  Requirement:            10.000ns  (sys_clk_pin rise@10.000ns - sys_clk_pin rise@0.000ns)
  Data Path Delay:        3.675ns  (logic 1.120ns (30.477%)  route 2.555ns (69.523%))
  Logic Levels:           3  (LUT5=2 LUT6=1)
  Clock Path Skew:        -0.023ns (DCD - SCD + CPR)
    Destination Clock Delay (DCD):    5.009ns = ( 15.009 - 10.000 ) 
    Source Clock Delay      (SCD):    5.313ns
    Clock Pessimism Removal (CPR):    0.281ns
  Clock Uncertainty:      0.035ns  ((TSJ^2 + TIJ^2)^1/2 + DJ) / 2 + PE
    Total System Jitter     (TSJ):    0.071ns
    Total Input Jitter      (TIJ):    0.000ns
    Discrete Jitter          (DJ):    0.000ns
    Phase Error              (PE):    0.000ns

    Location             Delay type                Incr(ns)  Path(ns)    Netlist Resource(s)
  -------------------------------------------------------------------    -------------------
                         (clock sys_clk_pin rise edge)
                                                      0.000     0.000 r  
    W5                                                0.000     0.000 r  clk (IN)
                         net (fo=0)                   0.000     0.000    clk
    W5                   IBUF (Prop_ibuf_I_O)         1.458     1.458 r  clk_IBUF_inst/O
                         net (fo=1, routed)           1.967     3.425    clk_IBUF
    BUFGCTRL_X0Y0        BUFG (Prop_bufg_I_O)         0.096     3.521 r  clk_IBUF_BUFG_inst/O
                         net (fo=82, routed)          1.792     5.313    U_UART_RX/CLK
    SLICE_X2Y122         FDCE                                         r  U_UART_RX/tick_cnt_reg[0]/C
  -------------------------------------------------------------------    -------------------
    SLICE_X2Y122         FDCE (Prop_fdce_C_Q)         0.518     5.831 f  U_UART_RX/tick_cnt_reg[0]/Q
                         net (fo=6, routed)           1.036     6.867    U_UART_RX/tick_cnt_reg_n_0_[0]
    SLICE_X2Y123         LUT5 (Prop_lut5_I1_O)        0.150     7.017 r  U_UART_RX/tick_cnt[1]_i_3/O
                         net (fo=8, routed)           0.660     7.677    U_UART_RX/tick_cnt[1]_i_3_n_0
    SLICE_X2Y122         LUT5 (Prop_lut5_I0_O)        0.328     8.005 r  U_UART_RX/FSM_sequential_state[1]_i_2/O
                         net (fo=7, routed)           0.859     8.864    U_UART_RX/FSM_sequential_state_reg[0]_1
    SLICE_X3Y123         LUT6 (Prop_lut6_I1_O)        0.124     8.988 r  U_UART_RX/FSM_sequential_state[1]_i_1/O
                         net (fo=1, routed)           0.000     8.988    U_UART_RX/FSM_sequential_state[1]_i_1_n_0
    SLICE_X3Y123         FDCE                                         r  U_UART_RX/FSM_sequential_state_reg[1]/D
  -------------------------------------------------------------------    -------------------

                         (clock sys_clk_pin rise edge)
                                                     10.000    10.000 r  
    W5                                                0.000    10.000 r  clk (IN)
                         net (fo=0)                   0.000    10.000    clk
    W5                   IBUF (Prop_ibuf_I_O)         1.388    11.388 r  clk_IBUF_inst/O
                         net (fo=1, routed)           1.862    13.250    clk_IBUF
    BUFGCTRL_X0Y0        BUFG (Prop_bufg_I_O)         0.091    13.341 r  clk_IBUF_BUFG_inst/O
                         net (fo=82, routed)          1.668    15.009    U_UART_RX/CLK
    SLICE_X3Y123         FDCE                                         r  U_UART_RX/FSM_sequential_state_reg[1]/C
                         clock pessimism              0.281    15.290    
                         clock uncertainty           -0.035    15.255    
    SLICE_X3Y123         FDCE (Setup_fdce_C_D)        0.031    15.286    U_UART_RX/FSM_sequential_state_reg[1]
  -------------------------------------------------------------------
                         required time                         15.286    
                         arrival time                          -8.988    
  -------------------------------------------------------------------
                         slack                                  6.298    

Slack (MET) :             6.500ns  (required time - arrival time)
  Source:                 U_UART_RX/tick_cnt_reg[0]/C
                            (rising edge-triggered cell FDCE clocked by sys_clk_pin  {rise@0.000ns fall@5.000ns period=10.000ns})
  Destination:            U_UART_RX/tick_cnt_reg[2]/D
                            (rising edge-triggered cell FDCE clocked by sys_clk_pin  {rise@0.000ns fall@5.000ns period=10.000ns})
  Path Group:             sys_clk_pin
  Path Type:              Setup (Max at Slow Process Corner)
  Requirement:            10.000ns  (sys_clk_pin rise@10.000ns - sys_clk_pin rise@0.000ns)
  Data Path Delay:        3.542ns  (logic 1.120ns (31.622%)  route 2.422ns (68.378%))
  Logic Levels:           3  (LUT5=2 LUT6=1)
  Clock Path Skew:        0.000ns (DCD - SCD + CPR)
    Destination Clock Delay (DCD):    5.010ns = ( 15.010 - 10.000 ) 
    Source Clock Delay      (SCD):    5.313ns
    Clock Pessimism Removal (CPR):    0.303ns
  Clock Uncertainty:      0.035ns  ((TSJ^2 + TIJ^2)^1/2 + DJ) / 2 + PE
    Total System Jitter     (TSJ):    0.071ns
    Total Input Jitter      (TIJ):    0.000ns
    Discrete Jitter          (DJ):    0.000ns
    Phase Error              (PE):    0.000ns

    Location             Delay type                Incr(ns)  Path(ns)    Netlist Resource(s)
  -------------------------------------------------------------------    -------------------
                         (clock sys_clk_pin rise edge)
                                                      0.000     0.000 r  
    W5                                                0.000     0.000 r  clk (IN)
                         net (fo=0)                   0.000     0.000    clk
    W5                   IBUF (Prop_ibuf_I_O)         1.458     1.458 r  clk_IBUF_inst/O
                         net (fo=1, routed)           1.967     3.425    clk_IBUF
    BUFGCTRL_X0Y0        BUFG (Prop_bufg_I_O)         0.096     3.521 r  clk_IBUF_BUFG_inst/O
                         net (fo=82, routed)          1.792     5.313    U_UART_RX/CLK
    SLICE_X2Y122         FDCE                                         r  U_UART_RX/tick_cnt_reg[0]/C
  -------------------------------------------------------------------    -------------------
    SLICE_X2Y122         FDCE (Prop_fdce_C_Q)         0.518     5.831 f  U_UART_RX/tick_cnt_reg[0]/Q
                         net (fo=6, routed)           1.036     6.867    U_UART_RX/tick_cnt_reg_n_0_[0]
    SLICE_X2Y123         LUT5 (Prop_lut5_I1_O)        0.150     7.017 r  U_UART_RX/tick_cnt[1]_i_3/O
                         net (fo=8, routed)           0.660     7.677    U_UART_RX/tick_cnt[1]_i_3_n_0
    SLICE_X2Y122         LUT5 (Prop_lut5_I0_O)        0.328     8.005 r  U_UART_RX/FSM_sequential_state[1]_i_2/O
                         net (fo=7, routed)           0.726     8.731    U_UART_RX/FSM_sequential_state_reg[0]_1
    SLICE_X2Y122         LUT6 (Prop_lut6_I0_O)        0.124     8.855 r  U_UART_RX/tick_cnt[2]_i_1/O
                         net (fo=1, routed)           0.000     8.855    U_UART_RX/tick_cnt[2]_i_1_n_0
    SLICE_X2Y122         FDCE                                         r  U_UART_RX/tick_cnt_reg[2]/D
  -------------------------------------------------------------------    -------------------

                         (clock sys_clk_pin rise edge)
                                                     10.000    10.000 r  
    W5                                                0.000    10.000 r  clk (IN)
                         net (fo=0)                   0.000    10.000    clk
    W5                   IBUF (Prop_ibuf_I_O)         1.388    11.388 r  clk_IBUF_inst/O
                         net (fo=1, routed)           1.862    13.250    clk_IBUF
    BUFGCTRL_X0Y0        BUFG (Prop_bufg_I_O)         0.091    13.341 r  clk_IBUF_BUFG_inst/O
                         net (fo=82, routed)          1.669    15.010    U_UART_RX/CLK
    SLICE_X2Y122         FDCE                                         r  U_UART_RX/tick_cnt_reg[2]/C
                         clock pessimism              0.303    15.313    
                         clock uncertainty           -0.035    15.278    
    SLICE_X2Y122         FDCE (Setup_fdce_C_D)        0.077    15.355    U_UART_RX/tick_cnt_reg[2]
  -------------------------------------------------------------------
                         required time                         15.355    
                         arrival time                          -8.855    
  -------------------------------------------------------------------
                         slack                                  6.500    

Slack (MET) :             6.514ns  (required time - arrival time)
  Source:                 U_UART_RX/tick_cnt_reg[0]/C
                            (rising edge-triggered cell FDCE clocked by sys_clk_pin  {rise@0.000ns fall@5.000ns period=10.000ns})
  Destination:            U_UART_RX/tick_cnt_reg[0]/D
                            (rising edge-triggered cell FDCE clocked by sys_clk_pin  {rise@0.000ns fall@5.000ns period=10.000ns})
  Path Group:             sys_clk_pin
  Path Type:              Setup (Max at Slow Process Corner)
  Requirement:            10.000ns  (sys_clk_pin rise@10.000ns - sys_clk_pin rise@0.000ns)
  Data Path Delay:        3.532ns  (logic 1.120ns (31.712%)  route 2.412ns (68.288%))
  Logic Levels:           3  (LUT5=3)
  Clock Path Skew:        0.000ns (DCD - SCD + CPR)
    Destination Clock Delay (DCD):    5.010ns = ( 15.010 - 10.000 ) 
    Source Clock Delay      (SCD):    5.313ns
    Clock Pessimism Removal (CPR):    0.303ns
  Clock Uncertainty:      0.035ns  ((TSJ^2 + TIJ^2)^1/2 + DJ) / 2 + PE
    Total System Jitter     (TSJ):    0.071ns
    Total Input Jitter      (TIJ):    0.000ns
    Discrete Jitter          (DJ):    0.000ns
    Phase Error              (PE):    0.000ns

    Location             Delay type                Incr(ns)  Path(ns)    Netlist Resource(s)
  -------------------------------------------------------------------    -------------------
                         (clock sys_clk_pin rise edge)
                                                      0.000     0.000 r  
    W5                                                0.000     0.000 r  clk (IN)
                         net (fo=0)                   0.000     0.000    clk
    W5                   IBUF (Prop_ibuf_I_O)         1.458     1.458 r  clk_IBUF_inst/O
                         net (fo=1, routed)           1.967     3.425    clk_IBUF
    BUFGCTRL_X0Y0        BUFG (Prop_bufg_I_O)         0.096     3.521 r  clk_IBUF_BUFG_inst/O
                         net (fo=82, routed)          1.792     5.313    U_UART_RX/CLK
    SLICE_X2Y122         FDCE                                         r  U_UART_RX/tick_cnt_reg[0]/C
  -------------------------------------------------------------------    -------------------
    SLICE_X2Y122         FDCE (Prop_fdce_C_Q)         0.518     5.831 f  U_UART_RX/tick_cnt_reg[0]/Q
                         net (fo=6, routed)           1.036     6.867    U_UART_RX/tick_cnt_reg_n_0_[0]
    SLICE_X2Y123         LUT5 (Prop_lut5_I1_O)        0.150     7.017 r  U_UART_RX/tick_cnt[1]_i_3/O
                         net (fo=8, routed)           0.660     7.677    U_UART_RX/tick_cnt[1]_i_3_n_0
    SLICE_X2Y122         LUT5 (Prop_lut5_I0_O)        0.328     8.005 r  U_UART_RX/FSM_sequential_state[1]_i_2/O
                         net (fo=7, routed)           0.716     8.721    U_UART_RX/FSM_sequential_state_reg[0]_1
    SLICE_X2Y122         LUT5 (Prop_lut5_I1_O)        0.124     8.845 r  U_UART_RX/tick_cnt[0]_i_1/O
                         net (fo=1, routed)           0.000     8.845    U_UART_RX/tick_cnt[0]_i_1_n_0
    SLICE_X2Y122         FDCE                                         r  U_UART_RX/tick_cnt_reg[0]/D
  -------------------------------------------------------------------    -------------------

                         (clock sys_clk_pin rise edge)
                                                     10.000    10.000 r  
    W5                                                0.000    10.000 r  clk (IN)
                         net (fo=0)                   0.000    10.000    clk
    W5                   IBUF (Prop_ibuf_I_O)         1.388    11.388 r  clk_IBUF_inst/O
                         net (fo=1, routed)           1.862    13.250    clk_IBUF
    BUFGCTRL_X0Y0        BUFG (Prop_bufg_I_O)         0.091    13.341 r  clk_IBUF_BUFG_inst/O
                         net (fo=82, routed)          1.669    15.010    U_UART_RX/CLK
    SLICE_X2Y122         FDCE                                         r  U_UART_RX/tick_cnt_reg[0]/C
                         clock pessimism              0.303    15.313    
                         clock uncertainty           -0.035    15.278    
    SLICE_X2Y122         FDCE (Setup_fdce_C_D)        0.081    15.359    U_UART_RX/tick_cnt_reg[0]
  -------------------------------------------------------------------
                         required time                         15.359    
                         arrival time                          -8.845    
  -------------------------------------------------------------------
                         slack                                  6.514    

Slack (MET) :             6.532ns  (required time - arrival time)
  Source:                 U_UART_RX/tick_cnt_reg[0]/C
                            (rising edge-triggered cell FDCE clocked by sys_clk_pin  {rise@0.000ns fall@5.000ns period=10.000ns})
  Destination:            U_UART_RX/data_reg_reg[0]/CE
                            (rising edge-triggered cell FDCE clocked by sys_clk_pin  {rise@0.000ns fall@5.000ns period=10.000ns})
  Path Group:             sys_clk_pin
  Path Type:              Setup (Max at Slow Process Corner)
  Requirement:            10.000ns  (sys_clk_pin rise@10.000ns - sys_clk_pin rise@0.000ns)
  Data Path Delay:        3.188ns  (logic 0.996ns (31.245%)  route 2.192ns (68.755%))
  Logic Levels:           2  (LUT4=1 LUT5=1)
  Clock Path Skew:        -0.040ns (DCD - SCD + CPR)
    Destination Clock Delay (DCD):    5.006ns = ( 15.006 - 10.000 ) 
    Source Clock Delay      (SCD):    5.313ns
    Clock Pessimism Removal (CPR):    0.267ns
  Clock Uncertainty:      0.035ns  ((TSJ^2 + TIJ^2)^1/2 + DJ) / 2 + PE
    Total System Jitter     (TSJ):    0.071ns
    Total Input Jitter      (TIJ):    0.000ns
    Discrete Jitter          (DJ):    0.000ns
    Phase Error              (PE):    0.000ns

    Location             Delay type                Incr(ns)  Path(ns)    Netlist Resource(s)
  -------------------------------------------------------------------    -------------------
                         (clock sys_clk_pin rise edge)
                                                      0.000     0.000 r  
    W5                                                0.000     0.000 r  clk (IN)
                         net (fo=0)                   0.000     0.000    clk
    W5                   IBUF (Prop_ibuf_I_O)         1.458     1.458 r  clk_IBUF_inst/O
                         net (fo=1, routed)           1.967     3.425    clk_IBUF
    BUFGCTRL_X0Y0        BUFG (Prop_bufg_I_O)         0.096     3.521 r  clk_IBUF_BUFG_inst/O
                         net (fo=82, routed)          1.792     5.313    U_UART_RX/CLK
    SLICE_X2Y122         FDCE                                         r  U_UART_RX/tick_cnt_reg[0]/C
  -------------------------------------------------------------------    -------------------
    SLICE_X2Y122         FDCE (Prop_fdce_C_Q)         0.518     5.831 r  U_UART_RX/tick_cnt_reg[0]/Q
                         net (fo=6, routed)           1.036     6.867    U_UART_RX/tick_cnt_reg_n_0_[0]
    SLICE_X2Y123         LUT5 (Prop_lut5_I1_O)        0.150     7.017 f  U_UART_RX/tick_cnt[1]_i_3/O
                         net (fo=8, routed)           0.651     7.668    U_UART_RX/tick_cnt[1]_i_3_n_0
    SLICE_X2Y124         LUT4 (Prop_lut4_I3_O)        0.328     7.996 r  U_UART_RX/data_reg[7]_i_1/O
                         net (fo=8, routed)           0.505     8.501    U_UART_RX/data_reg
    SLICE_X4Y125         FDCE                                         r  U_UART_RX/data_reg_reg[0]/CE
  -------------------------------------------------------------------    -------------------

                         (clock sys_clk_pin rise edge)
                                                     10.000    10.000 r  
    W5                                                0.000    10.000 r  clk (IN)
                         net (fo=0)                   0.000    10.000    clk
    W5                   IBUF (Prop_ibuf_I_O)         1.388    11.388 r  clk_IBUF_inst/O
                         net (fo=1, routed)           1.862    13.250    clk_IBUF
    BUFGCTRL_X0Y0        BUFG (Prop_bufg_I_O)         0.091    13.341 r  clk_IBUF_BUFG_inst/O
                         net (fo=82, routed)          1.665    15.006    U_UART_RX/CLK
    SLICE_X4Y125         FDCE                                         r  U_UART_RX/data_reg_reg[0]/C
                         clock pessimism              0.267    15.273    
                         clock uncertainty           -0.035    15.238    
    SLICE_X4Y125         FDCE (Setup_fdce_C_CE)      -0.205    15.033    U_UART_RX/data_reg_reg[0]
  -------------------------------------------------------------------
                         required time                         15.033    
                         arrival time                          -8.501    
  -------------------------------------------------------------------
                         slack                                  6.532    

Slack (MET) :             6.532ns  (required time - arrival time)
  Source:                 U_UART_RX/tick_cnt_reg[0]/C
                            (rising edge-triggered cell FDCE clocked by sys_clk_pin  {rise@0.000ns fall@5.000ns period=10.000ns})
  Destination:            U_UART_RX/data_reg_reg[1]/CE
                            (rising edge-triggered cell FDCE clocked by sys_clk_pin  {rise@0.000ns fall@5.000ns period=10.000ns})
  Path Group:             sys_clk_pin
  Path Type:              Setup (Max at Slow Process Corner)
  Requirement:            10.000ns  (sys_clk_pin rise@10.000ns - sys_clk_pin rise@0.000ns)
  Data Path Delay:        3.188ns  (logic 0.996ns (31.245%)  route 2.192ns (68.755%))
  Logic Levels:           2  (LUT4=1 LUT5=1)
  Clock Path Skew:        -0.040ns (DCD - SCD + CPR)
    Destination Clock Delay (DCD):    5.006ns = ( 15.006 - 10.000 ) 
    Source Clock Delay      (SCD):    5.313ns
    Clock Pessimism Removal (CPR):    0.267ns
  Clock Uncertainty:      0.035ns  ((TSJ^2 + TIJ^2)^1/2 + DJ) / 2 + PE
    Total System Jitter     (TSJ):    0.071ns
    Total Input Jitter      (TIJ):    0.000ns
    Discrete Jitter          (DJ):    0.000ns
    Phase Error              (PE):    0.000ns

    Location             Delay type                Incr(ns)  Path(ns)    Netlist Resource(s)
  -------------------------------------------------------------------    -------------------
                         (clock sys_clk_pin rise edge)
                                                      0.000     0.000 r  
    W5                                                0.000     0.000 r  clk (IN)
                         net (fo=0)                   0.000     0.000    clk
    W5                   IBUF (Prop_ibuf_I_O)         1.458     1.458 r  clk_IBUF_inst/O
                         net (fo=1, routed)           1.967     3.425    clk_IBUF
    BUFGCTRL_X0Y0        BUFG (Prop_bufg_I_O)         0.096     3.521 r  clk_IBUF_BUFG_inst/O
                         net (fo=82, routed)          1.792     5.313    U_UART_RX/CLK
    SLICE_X2Y122         FDCE                                         r  U_UART_RX/tick_cnt_reg[0]/C
  -------------------------------------------------------------------    -------------------
    SLICE_X2Y122         FDCE (Prop_fdce_C_Q)         0.518     5.831 r  U_UART_RX/tick_cnt_reg[0]/Q
                         net (fo=6, routed)           1.036     6.867    U_UART_RX/tick_cnt_reg_n_0_[0]
    SLICE_X2Y123         LUT5 (Prop_lut5_I1_O)        0.150     7.017 f  U_UART_RX/tick_cnt[1]_i_3/O
                         net (fo=8, routed)           0.651     7.668    U_UART_RX/tick_cnt[1]_i_3_n_0
    SLICE_X2Y124         LUT4 (Prop_lut4_I3_O)        0.328     7.996 r  U_UART_RX/data_reg[7]_i_1/O
                         net (fo=8, routed)           0.505     8.501    U_UART_RX/data_reg
    SLICE_X4Y125         FDCE                                         r  U_UART_RX/data_reg_reg[1]/CE
  -------------------------------------------------------------------    -------------------

                         (clock sys_clk_pin rise edge)
                                                     10.000    10.000 r  
    W5                                                0.000    10.000 r  clk (IN)
                         net (fo=0)                   0.000    10.000    clk
    W5                   IBUF (Prop_ibuf_I_O)         1.388    11.388 r  clk_IBUF_inst/O
                         net (fo=1, routed)           1.862    13.250    clk_IBUF
    BUFGCTRL_X0Y0        BUFG (Prop_bufg_I_O)         0.091    13.341 r  clk_IBUF_BUFG_inst/O
                         net (fo=82, routed)          1.665    15.006    U_UART_RX/CLK
    SLICE_X4Y125         FDCE                                         r  U_UART_RX/data_reg_reg[1]/C
                         clock pessimism              0.267    15.273    
                         clock uncertainty           -0.035    15.238    
    SLICE_X4Y125         FDCE (Setup_fdce_C_CE)      -0.205    15.033    U_UART_RX/data_reg_reg[1]
  -------------------------------------------------------------------
                         required time                         15.033    
                         arrival time                          -8.501    
  -------------------------------------------------------------------
                         slack                                  6.532    

Slack (MET) :             6.532ns  (required time - arrival time)
  Source:                 U_UART_RX/tick_cnt_reg[0]/C
                            (rising edge-triggered cell FDCE clocked by sys_clk_pin  {rise@0.000ns fall@5.000ns period=10.000ns})
  Destination:            U_UART_RX/data_reg_reg[2]/CE
                            (rising edge-triggered cell FDCE clocked by sys_clk_pin  {rise@0.000ns fall@5.000ns period=10.000ns})
  Path Group:             sys_clk_pin
  Path Type:              Setup (Max at Slow Process Corner)
  Requirement:            10.000ns  (sys_clk_pin rise@10.000ns - sys_clk_pin rise@0.000ns)
  Data Path Delay:        3.188ns  (logic 0.996ns (31.245%)  route 2.192ns (68.755%))
  Logic Levels:           2  (LUT4=1 LUT5=1)
  Clock Path Skew:        -0.040ns (DCD - SCD + CPR)
    Destination Clock Delay (DCD):    5.006ns = ( 15.006 - 10.000 ) 
    Source Clock Delay      (SCD):    5.313ns
    Clock Pessimism Removal (CPR):    0.267ns
  Clock Uncertainty:      0.035ns  ((TSJ^2 + TIJ^2)^1/2 + DJ) / 2 + PE
    Total System Jitter     (TSJ):    0.071ns
    Total Input Jitter      (TIJ):    0.000ns
    Discrete Jitter          (DJ):    0.000ns
    Phase Error              (PE):    0.000ns

    Location             Delay type                Incr(ns)  Path(ns)    Netlist Resource(s)
  -------------------------------------------------------------------    -------------------
                         (clock sys_clk_pin rise edge)
                                                      0.000     0.000 r  
    W5                                                0.000     0.000 r  clk (IN)
                         net (fo=0)                   0.000     0.000    clk
    W5                   IBUF (Prop_ibuf_I_O)         1.458     1.458 r  clk_IBUF_inst/O
                         net (fo=1, routed)           1.967     3.425    clk_IBUF
    BUFGCTRL_X0Y0        BUFG (Prop_bufg_I_O)         0.096     3.521 r  clk_IBUF_BUFG_inst/O
                         net (fo=82, routed)          1.792     5.313    U_UART_RX/CLK
    SLICE_X2Y122         FDCE                                         r  U_UART_RX/tick_cnt_reg[0]/C
  -------------------------------------------------------------------    -------------------
    SLICE_X2Y122         FDCE (Prop_fdce_C_Q)         0.518     5.831 r  U_UART_RX/tick_cnt_reg[0]/Q
                         net (fo=6, routed)           1.036     6.867    U_UART_RX/tick_cnt_reg_n_0_[0]
    SLICE_X2Y123         LUT5 (Prop_lut5_I1_O)        0.150     7.017 f  U_UART_RX/tick_cnt[1]_i_3/O
                         net (fo=8, routed)           0.651     7.668    U_UART_RX/tick_cnt[1]_i_3_n_0
    SLICE_X2Y124         LUT4 (Prop_lut4_I3_O)        0.328     7.996 r  U_UART_RX/data_reg[7]_i_1/O
                         net (fo=8, routed)           0.505     8.501    U_UART_RX/data_reg
    SLICE_X4Y125         FDCE                                         r  U_UART_RX/data_reg_reg[2]/CE
  -------------------------------------------------------------------    -------------------

                         (clock sys_clk_pin rise edge)
                                                     10.000    10.000 r  
    W5                                                0.000    10.000 r  clk (IN)
                         net (fo=0)                   0.000    10.000    clk
    W5                   IBUF (Prop_ibuf_I_O)         1.388    11.388 r  clk_IBUF_inst/O
                         net (fo=1, routed)           1.862    13.250    clk_IBUF
    BUFGCTRL_X0Y0        BUFG (Prop_bufg_I_O)         0.091    13.341 r  clk_IBUF_BUFG_inst/O
                         net (fo=82, routed)          1.665    15.006    U_UART_RX/CLK
    SLICE_X4Y125         FDCE                                         r  U_UART_RX/data_reg_reg[2]/C
                         clock pessimism              0.267    15.273    
                         clock uncertainty           -0.035    15.238    
    SLICE_X4Y125         FDCE (Setup_fdce_C_CE)      -0.205    15.033    U_UART_RX/data_reg_reg[2]
  -------------------------------------------------------------------
                         required time                         15.033    
                         arrival time                          -8.501    
  -------------------------------------------------------------------
                         slack                                  6.532    

Slack (MET) :             6.532ns  (required time - arrival time)
  Source:                 U_UART_RX/tick_cnt_reg[0]/C
                            (rising edge-triggered cell FDCE clocked by sys_clk_pin  {rise@0.000ns fall@5.000ns period=10.000ns})
  Destination:            U_UART_RX/data_reg_reg[3]/CE
                            (rising edge-triggered cell FDCE clocked by sys_clk_pin  {rise@0.000ns fall@5.000ns period=10.000ns})
  Path Group:             sys_clk_pin
  Path Type:              Setup (Max at Slow Process Corner)
  Requirement:            10.000ns  (sys_clk_pin rise@10.000ns - sys_clk_pin rise@0.000ns)
  Data Path Delay:        3.188ns  (logic 0.996ns (31.245%)  route 2.192ns (68.755%))
  Logic Levels:           2  (LUT4=1 LUT5=1)
  Clock Path Skew:        -0.040ns (DCD - SCD + CPR)
    Destination Clock Delay (DCD):    5.006ns = ( 15.006 - 10.000 ) 
    Source Clock Delay      (SCD):    5.313ns
    Clock Pessimism Removal (CPR):    0.267ns
  Clock Uncertainty:      0.035ns  ((TSJ^2 + TIJ^2)^1/2 + DJ) / 2 + PE
    Total System Jitter     (TSJ):    0.071ns
    Total Input Jitter      (TIJ):    0.000ns
    Discrete Jitter          (DJ):    0.000ns
    Phase Error              (PE):    0.000ns

    Location             Delay type                Incr(ns)  Path(ns)    Netlist Resource(s)
  -------------------------------------------------------------------    -------------------
                         (clock sys_clk_pin rise edge)
                                                      0.000     0.000 r  
    W5                                                0.000     0.000 r  clk (IN)
                         net (fo=0)                   0.000     0.000    clk
    W5                   IBUF (Prop_ibuf_I_O)         1.458     1.458 r  clk_IBUF_inst/O
                         net (fo=1, routed)           1.967     3.425    clk_IBUF
    BUFGCTRL_X0Y0        BUFG (Prop_bufg_I_O)         0.096     3.521 r  clk_IBUF_BUFG_inst/O
                         net (fo=82, routed)          1.792     5.313    U_UART_RX/CLK
    SLICE_X2Y122         FDCE                                         r  U_UART_RX/tick_cnt_reg[0]/C
  -------------------------------------------------------------------    -------------------
    SLICE_X2Y122         FDCE (Prop_fdce_C_Q)         0.518     5.831 r  U_UART_RX/tick_cnt_reg[0]/Q
                         net (fo=6, routed)           1.036     6.867    U_UART_RX/tick_cnt_reg_n_0_[0]
    SLICE_X2Y123         LUT5 (Prop_lut5_I1_O)        0.150     7.017 f  U_UART_RX/tick_cnt[1]_i_3/O
                         net (fo=8, routed)           0.651     7.668    U_UART_RX/tick_cnt[1]_i_3_n_0
    SLICE_X2Y124         LUT4 (Prop_lut4_I3_O)        0.328     7.996 r  U_UART_RX/data_reg[7]_i_1/O
                         net (fo=8, routed)           0.505     8.501    U_UART_RX/data_reg
    SLICE_X4Y125         FDCE                                         r  U_UART_RX/data_reg_reg[3]/CE
  -------------------------------------------------------------------    -------------------

                         (clock sys_clk_pin rise edge)
                                                     10.000    10.000 r  
    W5                                                0.000    10.000 r  clk (IN)
                         net (fo=0)                   0.000    10.000    clk
    W5                   IBUF (Prop_ibuf_I_O)         1.388    11.388 r  clk_IBUF_inst/O
                         net (fo=1, routed)           1.862    13.250    clk_IBUF
    BUFGCTRL_X0Y0        BUFG (Prop_bufg_I_O)         0.091    13.341 r  clk_IBUF_BUFG_inst/O
                         net (fo=82, routed)          1.665    15.006    U_UART_RX/CLK
    SLICE_X4Y125         FDCE                                         r  U_UART_RX/data_reg_reg[3]/C
                         clock pessimism              0.267    15.273    
                         clock uncertainty           -0.035    15.238    
    SLICE_X4Y125         FDCE (Setup_fdce_C_CE)      -0.205    15.033    U_UART_RX/data_reg_reg[3]
  -------------------------------------------------------------------
                         required time                         15.033    
                         arrival time                          -8.501    
  -------------------------------------------------------------------
                         slack                                  6.532    





Min Delay Paths
--------------------------------------------------------------------------------------
Slack (MET) :             0.130ns  (arrival time - required time)
  Source:                 cmd_start_reg/C
                            (rising edge-triggered cell FDCE clocked by sys_clk_pin  {rise@0.000ns fall@5.000ns period=10.000ns})
  Destination:            U_I2C_MASTER_TOP/u_i2c_master/step_reg[0]/D
                            (rising edge-triggered cell FDCE clocked by sys_clk_pin  {rise@0.000ns fall@5.000ns period=10.000ns})
  Path Group:             sys_clk_pin
  Path Type:              Hold (Min at Fast Process Corner)
  Requirement:            0.000ns  (sys_clk_pin rise@0.000ns - sys_clk_pin rise@0.000ns)
  Data Path Delay:        0.264ns  (logic 0.186ns (70.355%)  route 0.078ns (29.645%))
  Logic Levels:           1  (LUT6=1)
  Clock Path Skew:        0.013ns (DCD - SCD - CPR)
    Destination Clock Delay (DCD):    2.063ns
    Source Clock Delay      (SCD):    1.547ns
    Clock Pessimism Removal (CPR):    0.503ns

    Location             Delay type                Incr(ns)  Path(ns)    Netlist Resource(s)
  -------------------------------------------------------------------    -------------------
                         (clock sys_clk_pin rise edge)
                                                      0.000     0.000 r  
    W5                                                0.000     0.000 r  clk (IN)
                         net (fo=0)                   0.000     0.000    clk
    W5                   IBUF (Prop_ibuf_I_O)         0.226     0.226 r  clk_IBUF_inst/O
                         net (fo=1, routed)           0.631     0.858    clk_IBUF
    BUFGCTRL_X0Y0        BUFG (Prop_bufg_I_O)         0.026     0.884 r  clk_IBUF_BUFG_inst/O
                         net (fo=82, routed)          0.663     1.547    clk_IBUF_BUFG
    SLICE_X3Y126         FDCE                                         r  cmd_start_reg/C
  -------------------------------------------------------------------    -------------------
    SLICE_X3Y126         FDCE (Prop_fdce_C_Q)         0.141     1.688 f  cmd_start_reg/Q
                         net (fo=3, routed)           0.078     1.766    U_I2C_MASTER_TOP/u_i2c_master/step_reg[0]_0
    SLICE_X2Y126         LUT6 (Prop_lut6_I3_O)        0.045     1.811 r  U_I2C_MASTER_TOP/u_i2c_master/step[0]_i_1/O
                         net (fo=1, routed)           0.000     1.811    U_I2C_MASTER_TOP/u_i2c_master/step[0]_i_1_n_0
    SLICE_X2Y126         FDCE                                         r  U_I2C_MASTER_TOP/u_i2c_master/step_reg[0]/D
  -------------------------------------------------------------------    -------------------

                         (clock sys_clk_pin rise edge)
                                                      0.000     0.000 r  
    W5                                                0.000     0.000 r  clk (IN)
                         net (fo=0)                   0.000     0.000    clk
    W5                   IBUF (Prop_ibuf_I_O)         0.414     0.414 r  clk_IBUF_inst/O
                         net (fo=1, routed)           0.685     1.099    clk_IBUF
    BUFGCTRL_X0Y0        BUFG (Prop_bufg_I_O)         0.029     1.128 r  clk_IBUF_BUFG_inst/O
                         net (fo=82, routed)          0.935     2.063    U_I2C_MASTER_TOP/u_i2c_master/CLK
    SLICE_X2Y126         FDCE                                         r  U_I2C_MASTER_TOP/u_i2c_master/step_reg[0]/C
                         clock pessimism             -0.503     1.560    
    SLICE_X2Y126         FDCE (Hold_fdce_C_D)         0.121     1.681    U_I2C_MASTER_TOP/u_i2c_master/step_reg[0]
  -------------------------------------------------------------------
                         required time                         -1.681    
                         arrival time                           1.811    
  -------------------------------------------------------------------
                         slack                                  0.130    

Slack (MET) :             0.152ns  (arrival time - required time)
  Source:                 U_UART_RX/FSM_sequential_state_reg[1]/C
                            (rising edge-triggered cell FDCE clocked by sys_clk_pin  {rise@0.000ns fall@5.000ns period=10.000ns})
  Destination:            U_UART_RX/tick_cnt_reg[4]/D
                            (rising edge-triggered cell FDCE clocked by sys_clk_pin  {rise@0.000ns fall@5.000ns period=10.000ns})
  Path Group:             sys_clk_pin
  Path Type:              Hold (Min at Fast Process Corner)
  Requirement:            0.000ns  (sys_clk_pin rise@0.000ns - sys_clk_pin rise@0.000ns)
  Data Path Delay:        0.286ns  (logic 0.186ns (64.950%)  route 0.100ns (35.050%))
  Logic Levels:           1  (LUT6=1)
  Clock Path Skew:        0.013ns (DCD - SCD - CPR)
    Destination Clock Delay (DCD):    2.063ns
    Source Clock Delay      (SCD):    1.547ns
    Clock Pessimism Removal (CPR):    0.503ns

    Location             Delay type                Incr(ns)  Path(ns)    Netlist Resource(s)
  -------------------------------------------------------------------    -------------------
                         (clock sys_clk_pin rise edge)
                                                      0.000     0.000 r  
    W5                                                0.000     0.000 r  clk (IN)
                         net (fo=0)                   0.000     0.000    clk
    W5                   IBUF (Prop_ibuf_I_O)         0.226     0.226 r  clk_IBUF_inst/O
                         net (fo=1, routed)           0.631     0.858    clk_IBUF
    BUFGCTRL_X0Y0        BUFG (Prop_bufg_I_O)         0.026     0.884 r  clk_IBUF_BUFG_inst/O
                         net (fo=82, routed)          0.663     1.547    U_UART_RX/CLK
    SLICE_X3Y123         FDCE                                         r  U_UART_RX/FSM_sequential_state_reg[1]/C
  -------------------------------------------------------------------    -------------------
    SLICE_X3Y123         FDCE (Prop_fdce_C_Q)         0.141     1.688 r  U_UART_RX/FSM_sequential_state_reg[1]/Q
                         net (fo=17, routed)          0.100     1.788    U_UART_RX/state__0[1]
    SLICE_X2Y123         LUT6 (Prop_lut6_I3_O)        0.045     1.833 r  U_UART_RX/tick_cnt[4]_i_2/O
                         net (fo=1, routed)           0.000     1.833    U_UART_RX/tick_cnt[4]_i_2_n_0
    SLICE_X2Y123         FDCE                                         r  U_UART_RX/tick_cnt_reg[4]/D
  -------------------------------------------------------------------    -------------------

                         (clock sys_clk_pin rise edge)
                                                      0.000     0.000 r  
    W5                                                0.000     0.000 r  clk (IN)
                         net (fo=0)                   0.000     0.000    clk
    W5                   IBUF (Prop_ibuf_I_O)         0.414     0.414 r  clk_IBUF_inst/O
                         net (fo=1, routed)           0.685     1.099    clk_IBUF
    BUFGCTRL_X0Y0        BUFG (Prop_bufg_I_O)         0.029     1.128 r  clk_IBUF_BUFG_inst/O
                         net (fo=82, routed)          0.935     2.063    U_UART_RX/CLK
    SLICE_X2Y123         FDCE                                         r  U_UART_RX/tick_cnt_reg[4]/C
                         clock pessimism             -0.503     1.560    
    SLICE_X2Y123         FDCE (Hold_fdce_C_D)         0.121     1.681    U_UART_RX/tick_cnt_reg[4]
  -------------------------------------------------------------------
                         required time                         -1.681    
                         arrival time                           1.833    
  -------------------------------------------------------------------
                         slack                                  0.152    

Slack (MET) :             0.176ns  (arrival time - required time)
  Source:                 tx_data_reg[6]/C
                            (rising edge-triggered cell FDCE clocked by sys_clk_pin  {rise@0.000ns fall@5.000ns period=10.000ns})
  Destination:            U_I2C_MASTER_TOP/u_i2c_master/tx_shift_reg_reg[6]/D
                            (rising edge-triggered cell FDCE clocked by sys_clk_pin  {rise@0.000ns fall@5.000ns period=10.000ns})
  Path Group:             sys_clk_pin
  Path Type:              Hold (Min at Fast Process Corner)
  Requirement:            0.000ns  (sys_clk_pin rise@0.000ns - sys_clk_pin rise@0.000ns)
  Data Path Delay:        0.281ns  (logic 0.186ns (66.187%)  route 0.095ns (33.813%))
  Logic Levels:           1  (LUT3=1)
  Clock Path Skew:        0.013ns (DCD - SCD - CPR)
    Destination Clock Delay (DCD):    2.061ns
    Source Clock Delay      (SCD):    1.546ns
    Clock Pessimism Removal (CPR):    0.502ns

    Location             Delay type                Incr(ns)  Path(ns)    Netlist Resource(s)
  -------------------------------------------------------------------    -------------------
                         (clock sys_clk_pin rise edge)
                                                      0.000     0.000 r  
    W5                                                0.000     0.000 r  clk (IN)
                         net (fo=0)                   0.000     0.000    clk
    W5                   IBUF (Prop_ibuf_I_O)         0.226     0.226 r  clk_IBUF_inst/O
                         net (fo=1, routed)           0.631     0.858    clk_IBUF
    BUFGCTRL_X0Y0        BUFG (Prop_bufg_I_O)         0.026     0.884 r  clk_IBUF_BUFG_inst/O
                         net (fo=82, routed)          0.662     1.546    clk_IBUF_BUFG
    SLICE_X5Y126         FDCE                                         r  tx_data_reg[6]/C
  -------------------------------------------------------------------    -------------------
    SLICE_X5Y126         FDCE (Prop_fdce_C_Q)         0.141     1.687 r  tx_data_reg[6]/Q
                         net (fo=1, routed)           0.095     1.782    U_I2C_MASTER_TOP/u_i2c_master/tx_shift_reg_reg[7]_0[6]
    SLICE_X4Y126         LUT3 (Prop_lut3_I0_O)        0.045     1.827 r  U_I2C_MASTER_TOP/u_i2c_master/tx_shift_reg[6]_i_1/O
                         net (fo=1, routed)           0.000     1.827    U_I2C_MASTER_TOP/u_i2c_master/tx_shift_reg[6]
    SLICE_X4Y126         FDCE                                         r  U_I2C_MASTER_TOP/u_i2c_master/tx_shift_reg_reg[6]/D
  -------------------------------------------------------------------    -------------------

                         (clock sys_clk_pin rise edge)
                                                      0.000     0.000 r  
    W5                                                0.000     0.000 r  clk (IN)
                         net (fo=0)                   0.000     0.000    clk
    W5                   IBUF (Prop_ibuf_I_O)         0.414     0.414 r  clk_IBUF_inst/O
                         net (fo=1, routed)           0.685     1.099    clk_IBUF
    BUFGCTRL_X0Y0        BUFG (Prop_bufg_I_O)         0.029     1.128 r  clk_IBUF_BUFG_inst/O
                         net (fo=82, routed)          0.933     2.061    U_I2C_MASTER_TOP/u_i2c_master/CLK
    SLICE_X4Y126         FDCE                                         r  U_I2C_MASTER_TOP/u_i2c_master/tx_shift_reg_reg[6]/C
                         clock pessimism             -0.502     1.559    
    SLICE_X4Y126         FDCE (Hold_fdce_C_D)         0.092     1.651    U_I2C_MASTER_TOP/u_i2c_master/tx_shift_reg_reg[6]
  -------------------------------------------------------------------
                         required time                         -1.651    
                         arrival time                           1.827    
  -------------------------------------------------------------------
                         slack                                  0.176    

Slack (MET) :             0.179ns  (arrival time - required time)
  Source:                 tx_data_reg[0]/C
                            (rising edge-triggered cell FDCE clocked by sys_clk_pin  {rise@0.000ns fall@5.000ns period=10.000ns})
  Destination:            U_I2C_MASTER_TOP/u_i2c_master/tx_shift_reg_reg[0]/D
                            (rising edge-triggered cell FDCE clocked by sys_clk_pin  {rise@0.000ns fall@5.000ns period=10.000ns})
  Path Group:             sys_clk_pin
  Path Type:              Hold (Min at Fast Process Corner)
  Requirement:            0.000ns  (sys_clk_pin rise@0.000ns - sys_clk_pin rise@0.000ns)
  Data Path Delay:        0.283ns  (logic 0.186ns (65.755%)  route 0.097ns (34.245%))
  Logic Levels:           1  (LUT2=1)
  Clock Path Skew:        0.013ns (DCD - SCD - CPR)
    Destination Clock Delay (DCD):    2.061ns
    Source Clock Delay      (SCD):    1.546ns
    Clock Pessimism Removal (CPR):    0.502ns

    Location             Delay type                Incr(ns)  Path(ns)    Netlist Resource(s)
  -------------------------------------------------------------------    -------------------
                         (clock sys_clk_pin rise edge)
                                                      0.000     0.000 r  
    W5                                                0.000     0.000 r  clk (IN)
                         net (fo=0)                   0.000     0.000    clk
    W5                   IBUF (Prop_ibuf_I_O)         0.226     0.226 r  clk_IBUF_inst/O
                         net (fo=1, routed)           0.631     0.858    clk_IBUF
    BUFGCTRL_X0Y0        BUFG (Prop_bufg_I_O)         0.026     0.884 r  clk_IBUF_BUFG_inst/O
                         net (fo=82, routed)          0.662     1.546    clk_IBUF_BUFG
    SLICE_X5Y126         FDCE                                         r  tx_data_reg[0]/C
  -------------------------------------------------------------------    -------------------
    SLICE_X5Y126         FDCE (Prop_fdce_C_Q)         0.141     1.687 r  tx_data_reg[0]/Q
                         net (fo=1, routed)           0.097     1.783    U_I2C_MASTER_TOP/u_i2c_master/tx_shift_reg_reg[7]_0[0]
    SLICE_X4Y126         LUT2 (Prop_lut2_I1_O)        0.045     1.828 r  U_I2C_MASTER_TOP/u_i2c_master/tx_shift_reg[0]_i_1/O
                         net (fo=1, routed)           0.000     1.828    U_I2C_MASTER_TOP/u_i2c_master/tx_shift_reg[0]
    SLICE_X4Y126         FDCE                                         r  U_I2C_MASTER_TOP/u_i2c_master/tx_shift_reg_reg[0]/D
  -------------------------------------------------------------------    -------------------

                         (clock sys_clk_pin rise edge)
                                                      0.000     0.000 r  
    W5                                                0.000     0.000 r  clk (IN)
                         net (fo=0)                   0.000     0.000    clk
    W5                   IBUF (Prop_ibuf_I_O)         0.414     0.414 r  clk_IBUF_inst/O
                         net (fo=1, routed)           0.685     1.099    clk_IBUF
    BUFGCTRL_X0Y0        BUFG (Prop_bufg_I_O)         0.029     1.128 r  clk_IBUF_BUFG_inst/O
                         net (fo=82, routed)          0.933     2.061    U_I2C_MASTER_TOP/u_i2c_master/CLK
    SLICE_X4Y126         FDCE                                         r  U_I2C_MASTER_TOP/u_i2c_master/tx_shift_reg_reg[0]/C
                         clock pessimism             -0.502     1.559    
    SLICE_X4Y126         FDCE (Hold_fdce_C_D)         0.091     1.650    U_I2C_MASTER_TOP/u_i2c_master/tx_shift_reg_reg[0]
  -------------------------------------------------------------------
                         required time                         -1.650    
                         arrival time                           1.828    
  -------------------------------------------------------------------
                         slack                                  0.179    

Slack (MET) :             0.191ns  (arrival time - required time)
  Source:                 U_UART_RX/data_reg_reg[0]/C
                            (rising edge-triggered cell FDCE clocked by sys_clk_pin  {rise@0.000ns fall@5.000ns period=10.000ns})
  Destination:            uart_data_latched_reg[0]/D
                            (rising edge-triggered cell FDCE clocked by sys_clk_pin  {rise@0.000ns fall@5.000ns period=10.000ns})
  Path Group:             sys_clk_pin
  Path Type:              Hold (Min at Fast Process Corner)
  Requirement:            0.000ns  (sys_clk_pin rise@0.000ns - sys_clk_pin rise@0.000ns)
  Data Path Delay:        0.250ns  (logic 0.141ns (56.457%)  route 0.109ns (43.543%))
  Logic Levels:           0  
  Clock Path Skew:        0.013ns (DCD - SCD - CPR)
    Destination Clock Delay (DCD):    2.060ns
    Source Clock Delay      (SCD):    1.545ns
    Clock Pessimism Removal (CPR):    0.502ns

    Location             Delay type                Incr(ns)  Path(ns)    Netlist Resource(s)
  -------------------------------------------------------------------    -------------------
                         (clock sys_clk_pin rise edge)
                                                      0.000     0.000 r  
    W5                                                0.000     0.000 r  clk (IN)
                         net (fo=0)                   0.000     0.000    clk
    W5                   IBUF (Prop_ibuf_I_O)         0.226     0.226 r  clk_IBUF_inst/O
                         net (fo=1, routed)           0.631     0.858    clk_IBUF
    BUFGCTRL_X0Y0        BUFG (Prop_bufg_I_O)         0.026     0.884 r  clk_IBUF_BUFG_inst/O
                         net (fo=82, routed)          0.661     1.545    U_UART_RX/CLK
    SLICE_X4Y125         FDCE                                         r  U_UART_RX/data_reg_reg[0]/C
  -------------------------------------------------------------------    -------------------
    SLICE_X4Y125         FDCE (Prop_fdce_C_Q)         0.141     1.686 r  U_UART_RX/data_reg_reg[0]/Q
                         net (fo=1, routed)           0.109     1.794    data_reg[0]
    SLICE_X5Y125         FDCE                                         r  uart_data_latched_reg[0]/D
  -------------------------------------------------------------------    -------------------

                         (clock sys_clk_pin rise edge)
                                                      0.000     0.000 r  
    W5                                                0.000     0.000 r  clk (IN)
                         net (fo=0)                   0.000     0.000    clk
    W5                   IBUF (Prop_ibuf_I_O)         0.414     0.414 r  clk_IBUF_inst/O
                         net (fo=1, routed)           0.685     1.099    clk_IBUF
    BUFGCTRL_X0Y0        BUFG (Prop_bufg_I_O)         0.029     1.128 r  clk_IBUF_BUFG_inst/O
                         net (fo=82, routed)          0.932     2.060    clk_IBUF_BUFG
    SLICE_X5Y125         FDCE                                         r  uart_data_latched_reg[0]/C
                         clock pessimism             -0.502     1.558    
    SLICE_X5Y125         FDCE (Hold_fdce_C_D)         0.046     1.604    uart_data_latched_reg[0]
  -------------------------------------------------------------------
                         required time                         -1.604    
                         arrival time                           1.794    
  -------------------------------------------------------------------
                         slack                                  0.191    

Slack (MET) :             0.200ns  (arrival time - required time)
  Source:                 cmd_stop_reg/C
                            (rising edge-triggered cell FDCE clocked by sys_clk_pin  {rise@0.000ns fall@5.000ns period=10.000ns})
  Destination:            U_I2C_MASTER_TOP/u_i2c_master/FSM_sequential_state_reg[2]/D
                            (rising edge-triggered cell FDCE clocked by sys_clk_pin  {rise@0.000ns fall@5.000ns period=10.000ns})
  Path Group:             sys_clk_pin
  Path Type:              Hold (Min at Fast Process Corner)
  Requirement:            0.000ns  (sys_clk_pin rise@0.000ns - sys_clk_pin rise@0.000ns)
  Data Path Delay:        0.320ns  (logic 0.246ns (76.992%)  route 0.074ns (23.008%))
  Logic Levels:           1  (LUT6=1)
  Clock Path Skew:        0.000ns (DCD - SCD - CPR)
    Destination Clock Delay (DCD):    2.062ns
    Source Clock Delay      (SCD):    1.546ns
    Clock Pessimism Removal (CPR):    0.516ns

    Location             Delay type                Incr(ns)  Path(ns)    Netlist Resource(s)
  -------------------------------------------------------------------    -------------------
                         (clock sys_clk_pin rise edge)
                                                      0.000     0.000 r  
    W5                                                0.000     0.000 r  clk (IN)
                         net (fo=0)                   0.000     0.000    clk
    W5                   IBUF (Prop_ibuf_I_O)         0.226     0.226 r  clk_IBUF_inst/O
                         net (fo=1, routed)           0.631     0.858    clk_IBUF
    BUFGCTRL_X0Y0        BUFG (Prop_bufg_I_O)         0.026     0.884 r  clk_IBUF_BUFG_inst/O
                         net (fo=82, routed)          0.662     1.546    clk_IBUF_BUFG
    SLICE_X2Y125         FDCE                                         r  cmd_stop_reg/C
  -------------------------------------------------------------------    -------------------
    SLICE_X2Y125         FDCE (Prop_fdce_C_Q)         0.148     1.694 r  cmd_stop_reg/Q
                         net (fo=2, routed)           0.074     1.767    U_I2C_MASTER_TOP/u_i2c_master/FSM_sequential_state_reg[2]_0
    SLICE_X2Y125         LUT6 (Prop_lut6_I1_O)        0.098     1.865 r  U_I2C_MASTER_TOP/u_i2c_master/FSM_sequential_state[2]_i_1/O
                         net (fo=1, routed)           0.000     1.865    U_I2C_MASTER_TOP/u_i2c_master/FSM_sequential_state[2]_i_1_n_0
    SLICE_X2Y125         FDCE                                         r  U_I2C_MASTER_TOP/u_i2c_master/FSM_sequential_state_reg[2]/D
  -------------------------------------------------------------------    -------------------

                         (clock sys_clk_pin rise edge)
                                                      0.000     0.000 r  
    W5                                                0.000     0.000 r  clk (IN)
                         net (fo=0)                   0.000     0.000    clk
    W5                   IBUF (Prop_ibuf_I_O)         0.414     0.414 r  clk_IBUF_inst/O
                         net (fo=1, routed)           0.685     1.099    clk_IBUF
    BUFGCTRL_X0Y0        BUFG (Prop_bufg_I_O)         0.029     1.128 r  clk_IBUF_BUFG_inst/O
                         net (fo=82, routed)          0.934     2.062    U_I2C_MASTER_TOP/u_i2c_master/CLK
    SLICE_X2Y125         FDCE                                         r  U_I2C_MASTER_TOP/u_i2c_master/FSM_sequential_state_reg[2]/C
                         clock pessimism             -0.516     1.546    
    SLICE_X2Y125         FDCE (Hold_fdce_C_D)         0.120     1.666    U_I2C_MASTER_TOP/u_i2c_master/FSM_sequential_state_reg[2]
  -------------------------------------------------------------------
                         required time                         -1.666    
                         arrival time                           1.865    
  -------------------------------------------------------------------
                         slack                                  0.200    

Slack (MET) :             0.203ns  (arrival time - required time)
  Source:                 U_UART_RX/data_reg_reg[3]/C
                            (rising edge-triggered cell FDCE clocked by sys_clk_pin  {rise@0.000ns fall@5.000ns period=10.000ns})
  Destination:            uart_data_latched_reg[3]/D
                            (rising edge-triggered cell FDCE clocked by sys_clk_pin  {rise@0.000ns fall@5.000ns period=10.000ns})
  Path Group:             sys_clk_pin
  Path Type:              Hold (Min at Fast Process Corner)
  Requirement:            0.000ns  (sys_clk_pin rise@0.000ns - sys_clk_pin rise@0.000ns)
  Data Path Delay:        0.263ns  (logic 0.141ns (53.633%)  route 0.122ns (46.367%))
  Logic Levels:           0  
  Clock Path Skew:        0.013ns (DCD - SCD - CPR)
    Destination Clock Delay (DCD):    2.060ns
    Source Clock Delay      (SCD):    1.545ns
    Clock Pessimism Removal (CPR):    0.502ns

    Location             Delay type                Incr(ns)  Path(ns)    Netlist Resource(s)
  -------------------------------------------------------------------    -------------------
                         (clock sys_clk_pin rise edge)
                                                      0.000     0.000 r  
    W5                                                0.000     0.000 r  clk (IN)
                         net (fo=0)                   0.000     0.000    clk
    W5                   IBUF (Prop_ibuf_I_O)         0.226     0.226 r  clk_IBUF_inst/O
                         net (fo=1, routed)           0.631     0.858    clk_IBUF
    BUFGCTRL_X0Y0        BUFG (Prop_bufg_I_O)         0.026     0.884 r  clk_IBUF_BUFG_inst/O
                         net (fo=82, routed)          0.661     1.545    U_UART_RX/CLK
    SLICE_X4Y125         FDCE                                         r  U_UART_RX/data_reg_reg[3]/C
  -------------------------------------------------------------------    -------------------
    SLICE_X4Y125         FDCE (Prop_fdce_C_Q)         0.141     1.686 r  U_UART_RX/data_reg_reg[3]/Q
                         net (fo=2, routed)           0.122     1.808    data_reg[3]
    SLICE_X5Y125         FDCE                                         r  uart_data_latched_reg[3]/D
  -------------------------------------------------------------------    -------------------

                         (clock sys_clk_pin rise edge)
                                                      0.000     0.000 r  
    W5                                                0.000     0.000 r  clk (IN)
                         net (fo=0)                   0.000     0.000    clk
    W5                   IBUF (Prop_ibuf_I_O)         0.414     0.414 r  clk_IBUF_inst/O
                         net (fo=1, routed)           0.685     1.099    clk_IBUF
    BUFGCTRL_X0Y0        BUFG (Prop_bufg_I_O)         0.029     1.128 r  clk_IBUF_BUFG_inst/O
                         net (fo=82, routed)          0.932     2.060    clk_IBUF_BUFG
    SLICE_X5Y125         FDCE                                         r  uart_data_latched_reg[3]/C
                         clock pessimism             -0.502     1.558    
    SLICE_X5Y125         FDCE (Hold_fdce_C_D)         0.047     1.605    uart_data_latched_reg[3]
  -------------------------------------------------------------------
                         required time                         -1.605    
                         arrival time                           1.808    
  -------------------------------------------------------------------
                         slack                                  0.203    

Slack (MET) :             0.213ns  (arrival time - required time)
  Source:                 U_UART_RX/FSM_sequential_state_reg[0]/C
                            (rising edge-triggered cell FDCE clocked by sys_clk_pin  {rise@0.000ns fall@5.000ns period=10.000ns})
  Destination:            U_UART_RX/tick_cnt_reg[3]/D
                            (rising edge-triggered cell FDCE clocked by sys_clk_pin  {rise@0.000ns fall@5.000ns period=10.000ns})
  Path Group:             sys_clk_pin
  Path Type:              Hold (Min at Fast Process Corner)
  Requirement:            0.000ns  (sys_clk_pin rise@0.000ns - sys_clk_pin rise@0.000ns)
  Data Path Delay:        0.347ns  (logic 0.186ns (53.630%)  route 0.161ns (46.370%))
  Logic Levels:           1  (LUT6=1)
  Clock Path Skew:        0.013ns (DCD - SCD - CPR)
    Destination Clock Delay (DCD):    2.063ns
    Source Clock Delay      (SCD):    1.547ns
    Clock Pessimism Removal (CPR):    0.503ns

    Location             Delay type                Incr(ns)  Path(ns)    Netlist Resource(s)
  -------------------------------------------------------------------    -------------------
                         (clock sys_clk_pin rise edge)
                                                      0.000     0.000 r  
    W5                                                0.000     0.000 r  clk (IN)
                         net (fo=0)                   0.000     0.000    clk
    W5                   IBUF (Prop_ibuf_I_O)         0.226     0.226 r  clk_IBUF_inst/O
                         net (fo=1, routed)           0.631     0.858    clk_IBUF
    BUFGCTRL_X0Y0        BUFG (Prop_bufg_I_O)         0.026     0.884 r  clk_IBUF_BUFG_inst/O
                         net (fo=82, routed)          0.663     1.547    U_UART_RX/CLK
    SLICE_X3Y123         FDCE                                         r  U_UART_RX/FSM_sequential_state_reg[0]/C
  -------------------------------------------------------------------    -------------------
    SLICE_X3Y123         FDCE (Prop_fdce_C_Q)         0.141     1.688 r  U_UART_RX/FSM_sequential_state_reg[0]/Q
                         net (fo=14, routed)          0.161     1.848    U_UART_RX/FSM_sequential_state_reg[0]_0[0]
    SLICE_X2Y123         LUT6 (Prop_lut6_I1_O)        0.045     1.893 r  U_UART_RX/tick_cnt[3]_i_1/O
                         net (fo=1, routed)           0.000     1.893    U_UART_RX/tick_cnt[3]_i_1_n_0
    SLICE_X2Y123         FDCE                                         r  U_UART_RX/tick_cnt_reg[3]/D
  -------------------------------------------------------------------    -------------------

                         (clock sys_clk_pin rise edge)
                                                      0.000     0.000 r  
    W5                                                0.000     0.000 r  clk (IN)
                         net (fo=0)                   0.000     0.000    clk
    W5                   IBUF (Prop_ibuf_I_O)         0.414     0.414 r  clk_IBUF_inst/O
                         net (fo=1, routed)           0.685     1.099    clk_IBUF
    BUFGCTRL_X0Y0        BUFG (Prop_bufg_I_O)         0.029     1.128 r  clk_IBUF_BUFG_inst/O
                         net (fo=82, routed)          0.935     2.063    U_UART_RX/CLK
    SLICE_X2Y123         FDCE                                         r  U_UART_RX/tick_cnt_reg[3]/C
                         clock pessimism             -0.503     1.560    
    SLICE_X2Y123         FDCE (Hold_fdce_C_D)         0.121     1.681    U_UART_RX/tick_cnt_reg[3]
  -------------------------------------------------------------------
                         required time                         -1.681    
                         arrival time                           1.893    
  -------------------------------------------------------------------
                         slack                                  0.213    

Slack (MET) :             0.217ns  (arrival time - required time)
  Source:                 uart_data_latched_reg[2]/C
                            (rising edge-triggered cell FDCE clocked by sys_clk_pin  {rise@0.000ns fall@5.000ns period=10.000ns})
  Destination:            tx_data_reg[2]/D
                            (rising edge-triggered cell FDCE clocked by sys_clk_pin  {rise@0.000ns fall@5.000ns period=10.000ns})
  Path Group:             sys_clk_pin
  Path Type:              Hold (Min at Fast Process Corner)
  Requirement:            0.000ns  (sys_clk_pin rise@0.000ns - sys_clk_pin rise@0.000ns)
  Data Path Delay:        0.323ns  (logic 0.186ns (57.554%)  route 0.137ns (42.446%))
  Logic Levels:           1  (LUT2=1)
  Clock Path Skew:        0.014ns (DCD - SCD - CPR)
    Destination Clock Delay (DCD):    2.061ns
    Source Clock Delay      (SCD):    1.545ns
    Clock Pessimism Removal (CPR):    0.502ns

    Location             Delay type                Incr(ns)  Path(ns)    Netlist Resource(s)
  -------------------------------------------------------------------    -------------------
                         (clock sys_clk_pin rise edge)
                                                      0.000     0.000 r  
    W5                                                0.000     0.000 r  clk (IN)
                         net (fo=0)                   0.000     0.000    clk
    W5                   IBUF (Prop_ibuf_I_O)         0.226     0.226 r  clk_IBUF_inst/O
                         net (fo=1, routed)           0.631     0.858    clk_IBUF
    BUFGCTRL_X0Y0        BUFG (Prop_bufg_I_O)         0.026     0.884 r  clk_IBUF_BUFG_inst/O
                         net (fo=82, routed)          0.661     1.545    clk_IBUF_BUFG
    SLICE_X5Y125         FDCE                                         r  uart_data_latched_reg[2]/C
  -------------------------------------------------------------------    -------------------
    SLICE_X5Y125         FDCE (Prop_fdce_C_Q)         0.141     1.686 r  uart_data_latched_reg[2]/Q
                         net (fo=1, routed)           0.137     1.823    uart_data_latched_reg_n_0_[2]
    SLICE_X5Y126         LUT2 (Prop_lut2_I1_O)        0.045     1.868 r  tx_data[2]_i_1/O
                         net (fo=1, routed)           0.000     1.868    tx_data0_in[2]
    SLICE_X5Y126         FDCE                                         r  tx_data_reg[2]/D
  -------------------------------------------------------------------    -------------------

                         (clock sys_clk_pin rise edge)
                                                      0.000     0.000 r  
    W5                                                0.000     0.000 r  clk (IN)
                         net (fo=0)                   0.000     0.000    clk
    W5                   IBUF (Prop_ibuf_I_O)         0.414     0.414 r  clk_IBUF_inst/O
                         net (fo=1, routed)           0.685     1.099    clk_IBUF
    BUFGCTRL_X0Y0        BUFG (Prop_bufg_I_O)         0.029     1.128 r  clk_IBUF_BUFG_inst/O
                         net (fo=82, routed)          0.933     2.061    clk_IBUF_BUFG
    SLICE_X5Y126         FDCE                                         r  tx_data_reg[2]/C
                         clock pessimism             -0.502     1.559    
    SLICE_X5Y126         FDCE (Hold_fdce_C_D)         0.092     1.651    tx_data_reg[2]
  -------------------------------------------------------------------
                         required time                         -1.651    
                         arrival time                           1.868    
  -------------------------------------------------------------------
                         slack                                  0.217    

Slack (MET) :             0.224ns  (arrival time - required time)
  Source:                 U_BAUD_TICK_GEN/counter_reg_reg[9]/C
                            (rising edge-triggered cell FDCE clocked by sys_clk_pin  {rise@0.000ns fall@5.000ns period=10.000ns})
  Destination:            U_BAUD_TICK_GEN/counter_reg_reg[0]/D
                            (rising edge-triggered cell FDCE clocked by sys_clk_pin  {rise@0.000ns fall@5.000ns period=10.000ns})
  Path Group:             sys_clk_pin
  Path Type:              Hold (Min at Fast Process Corner)
  Requirement:            0.000ns  (sys_clk_pin rise@0.000ns - sys_clk_pin rise@0.000ns)
  Data Path Delay:        0.355ns  (logic 0.209ns (58.934%)  route 0.146ns (41.066%))
  Logic Levels:           1  (LUT6=1)
  Clock Path Skew:        0.010ns (DCD - SCD - CPR)
    Destination Clock Delay (DCD):    2.060ns
    Source Clock Delay      (SCD):    1.548ns
    Clock Pessimism Removal (CPR):    0.502ns

    Location             Delay type                Incr(ns)  Path(ns)    Netlist Resource(s)
  -------------------------------------------------------------------    -------------------
                         (clock sys_clk_pin rise edge)
                                                      0.000     0.000 r  
    W5                                                0.000     0.000 r  clk (IN)
                         net (fo=0)                   0.000     0.000    clk
    W5                   IBUF (Prop_ibuf_I_O)         0.226     0.226 r  clk_IBUF_inst/O
                         net (fo=1, routed)           0.631     0.858    clk_IBUF
    BUFGCTRL_X0Y0        BUFG (Prop_bufg_I_O)         0.026     0.884 r  clk_IBUF_BUFG_inst/O
                         net (fo=82, routed)          0.664     1.548    U_BAUD_TICK_GEN/CLK
    SLICE_X6Y127         FDCE                                         r  U_BAUD_TICK_GEN/counter_reg_reg[9]/C
  -------------------------------------------------------------------    -------------------
    SLICE_X6Y127         FDCE (Prop_fdce_C_Q)         0.164     1.712 r  U_BAUD_TICK_GEN/counter_reg_reg[9]/Q
                         net (fo=4, routed)           0.146     1.857    U_BAUD_TICK_GEN/counter_reg[9]
    SLICE_X6Y125         LUT6 (Prop_lut6_I4_O)        0.045     1.902 r  U_BAUD_TICK_GEN/counter_reg[0]_i_1/O
                         net (fo=1, routed)           0.000     1.902    U_BAUD_TICK_GEN/counter_reg_0[0]
    SLICE_X6Y125         FDCE                                         r  U_BAUD_TICK_GEN/counter_reg_reg[0]/D
  -------------------------------------------------------------------    -------------------

                         (clock sys_clk_pin rise edge)
                                                      0.000     0.000 r  
    W5                                                0.000     0.000 r  clk (IN)
                         net (fo=0)                   0.000     0.000    clk
    W5                   IBUF (Prop_ibuf_I_O)         0.414     0.414 r  clk_IBUF_inst/O
                         net (fo=1, routed)           0.685     1.099    clk_IBUF
    BUFGCTRL_X0Y0        BUFG (Prop_bufg_I_O)         0.029     1.128 r  clk_IBUF_BUFG_inst/O
                         net (fo=82, routed)          0.932     2.060    U_BAUD_TICK_GEN/CLK
    SLICE_X6Y125         FDCE                                         r  U_BAUD_TICK_GEN/counter_reg_reg[0]/C
                         clock pessimism             -0.502     1.558    
    SLICE_X6Y125         FDCE (Hold_fdce_C_D)         0.121     1.679    U_BAUD_TICK_GEN/counter_reg_reg[0]
  -------------------------------------------------------------------
                         required time                         -1.679    
                         arrival time                           1.902    
  -------------------------------------------------------------------
                         slack                                  0.224    





Pulse Width Checks
--------------------------------------------------------------------------------------
Clock Name:         sys_clk_pin
Waveform(ns):       { 0.000 5.000 }
Period(ns):         10.000
Sources:            { clk }

Check Type        Corner  Lib Pin  Reference Pin  Required(ns)  Actual(ns)  Slack(ns)  Location       Pin
Min Period        n/a     BUFG/I   n/a            2.155         10.000      7.845      BUFGCTRL_X0Y0  clk_IBUF_BUFG_inst/I
Min Period        n/a     FDCE/C   n/a            1.000         10.000      9.000      SLICE_X3Y125   FSM_sequential_state_reg[0]/C
Min Period        n/a     FDCE/C   n/a            1.000         10.000      9.000      SLICE_X3Y125   FSM_sequential_state_reg[1]/C
Min Period        n/a     FDCE/C   n/a            1.000         10.000      9.000      SLICE_X3Y125   FSM_sequential_state_reg[2]/C
Min Period        n/a     FDCE/C   n/a            1.000         10.000      9.000      SLICE_X3Y125   FSM_sequential_state_reg[3]/C
Min Period        n/a     FDCE/C   n/a            1.000         10.000      9.000      SLICE_X6Y125   U_BAUD_TICK_GEN/counter_reg_reg[0]/C
Min Period        n/a     FDCE/C   n/a            1.000         10.000      9.000      SLICE_X6Y125   U_BAUD_TICK_GEN/counter_reg_reg[1]/C
Min Period        n/a     FDCE/C   n/a            1.000         10.000      9.000      SLICE_X7Y126   U_BAUD_TICK_GEN/counter_reg_reg[2]/C
Min Period        n/a     FDCE/C   n/a            1.000         10.000      9.000      SLICE_X7Y126   U_BAUD_TICK_GEN/counter_reg_reg[3]/C
Min Period        n/a     FDCE/C   n/a            1.000         10.000      9.000      SLICE_X7Y126   U_BAUD_TICK_GEN/counter_reg_reg[4]/C
Low Pulse Width   Fast    FDCE/C   n/a            0.500         5.000       4.500      SLICE_X3Y125   FSM_sequential_state_reg[0]/C
Low Pulse Width   Fast    FDCE/C   n/a            0.500         5.000       4.500      SLICE_X3Y125   FSM_sequential_state_reg[1]/C
Low Pulse Width   Fast    FDCE/C   n/a            0.500         5.000       4.500      SLICE_X3Y125   FSM_sequential_state_reg[2]/C
Low Pulse Width   Fast    FDCE/C   n/a            0.500         5.000       4.500      SLICE_X3Y125   FSM_sequential_state_reg[3]/C
Low Pulse Width   Slow    FDCE/C   n/a            0.500         5.000       4.500      SLICE_X6Y125   U_BAUD_TICK_GEN/counter_reg_reg[0]/C
Low Pulse Width   Fast    FDCE/C   n/a            0.500         5.000       4.500      SLICE_X6Y125   U_BAUD_TICK_GEN/counter_reg_reg[0]/C
Low Pulse Width   Slow    FDCE/C   n/a            0.500         5.000       4.500      SLICE_X6Y125   U_BAUD_TICK_GEN/counter_reg_reg[1]/C
Low Pulse Width   Fast    FDCE/C   n/a            0.500         5.000       4.500      SLICE_X6Y125   U_BAUD_TICK_GEN/counter_reg_reg[1]/C
Low Pulse Width   Slow    FDCE/C   n/a            0.500         5.000       4.500      SLICE_X7Y126   U_BAUD_TICK_GEN/counter_reg_reg[2]/C
Low Pulse Width   Fast    FDCE/C   n/a            0.500         5.000       4.500      SLICE_X7Y126   U_BAUD_TICK_GEN/counter_reg_reg[2]/C
High Pulse Width  Slow    FDCE/C   n/a            0.500         5.000       4.500      SLICE_X3Y125   FSM_sequential_state_reg[0]/C
High Pulse Width  Slow    FDCE/C   n/a            0.500         5.000       4.500      SLICE_X3Y125   FSM_sequential_state_reg[1]/C
High Pulse Width  Slow    FDCE/C   n/a            0.500         5.000       4.500      SLICE_X3Y125   FSM_sequential_state_reg[2]/C
High Pulse Width  Slow    FDCE/C   n/a            0.500         5.000       4.500      SLICE_X3Y125   FSM_sequential_state_reg[3]/C
High Pulse Width  Slow    FDCE/C   n/a            0.500         5.000       4.500      SLICE_X6Y125   U_BAUD_TICK_GEN/counter_reg_reg[0]/C
High Pulse Width  Slow    FDCE/C   n/a            0.500         5.000       4.500      SLICE_X6Y125   U_BAUD_TICK_GEN/counter_reg_reg[1]/C
High Pulse Width  Slow    FDCE/C   n/a            0.500         5.000       4.500      SLICE_X6Y125   U_BAUD_TICK_GEN/o_b_tick_reg/C
High Pulse Width  Slow    FDCE/C   n/a            0.500         5.000       4.500      SLICE_X1Y125   U_I2C_MASTER_TOP/u_i2c_master/FSM_sequential_state_reg[0]/C
High Pulse Width  Slow    FDCE/C   n/a            0.500         5.000       4.500      SLICE_X1Y125   U_I2C_MASTER_TOP/u_i2c_master/FSM_sequential_state_reg[1]/C
High Pulse Width  Slow    FDCE/C   n/a            0.500         5.000       4.500      SLICE_X2Y125   U_I2C_MASTER_TOP/u_i2c_master/FSM_sequential_state_reg[2]/C



