INFO: [VRFC 10-2263] Analyzing SystemVerilog file "D:/Work/OnDeviceAI2/0521_RV32I_CPU/0515_dedicated_cpu_sum_1to10.srcs/sources_1/new/control_unit.sv" into library xil_defaultlib
WARNING: [VRFC 10-3507] macro 'LBU' redefined [D:/Work/OnDeviceAI2/0521_RV32I_CPU/0515_dedicated_cpu_sum_1to10.srcs/sources_1/new/define.vh:26]
WARNING: [VRFC 10-3507] macro 'LHU' redefined [D:/Work/OnDeviceAI2/0521_RV32I_CPU/0515_dedicated_cpu_sum_1to10.srcs/sources_1/new/define.vh:27]
INFO: [VRFC 10-311] analyzing module control_unit
INFO: [VRFC 10-2263] Analyzing SystemVerilog file "D:/Work/OnDeviceAI2/0521_RV32I_CPU/0515_dedicated_cpu_sum_1to10.srcs/sources_1/new/data_mem.sv" into library xil_defaultlib
WARNING: [VRFC 10-3507] macro 'LHU' redefined [D:/Work/OnDeviceAI2/0521_RV32I_CPU/0515_dedicated_cpu_sum_1to10.srcs/sources_1/new/define.vh:23]
WARNING: [VRFC 10-3507] macro 'LBU' redefined [D:/Work/OnDeviceAI2/0521_RV32I_CPU/0515_dedicated_cpu_sum_1to10.srcs/sources_1/new/define.vh:24]
INFO: [VRFC 10-311] analyzing module data_mem
INFO: [VRFC 10-2263] Analyzing SystemVerilog file "D:/Work/OnDeviceAI2/0521_RV32I_CPU/0515_dedicated_cpu_sum_1to10.srcs/sources_1/new/instruction_mem.sv" into library xil_defaultlib
INFO: [VRFC 10-311] analyzing module instruction_mem
INFO: [VRFC 10-2263] Analyzing SystemVerilog file "D:/Work/OnDeviceAI2/0521_RV32I_CPU/0515_dedicated_cpu_sum_1to10.srcs/sources_1/new/rv32i_cpu.sv" into library xil_defaultlib
INFO: [VRFC 10-311] analyzing module rv32i_cpu
INFO: [VRFC 10-2263] Analyzing SystemVerilog file "D:/Work/OnDeviceAI2/0521_RV32I_CPU/0515_dedicated_cpu_sum_1to10.srcs/sources_1/new/rv32i_datapath.sv" into library xil_defaultlib
INFO: [VRFC 10-311] analyzing module rv32i_datapath
INFO: [VRFC 10-311] analyzing module program_counter
INFO: [VRFC 10-311] analyzing module imm_extend
INFO: [VRFC 10-311] analyzing module alu
INFO: [VRFC 10-311] analyzing module register_file
INFO: [VRFC 10-311] analyzing module mux_2x1
INFO: [VRFC 10-2263] Analyzing SystemVerilog file "D:/Work/OnDeviceAI2/0521_RV32I_CPU/0515_dedicated_cpu_sum_1to10.srcs/sources_1/new/top_rv32i_soc.sv" into library xil_defaultlib
INFO: [VRFC 10-311] analyzing module top_rv32i_soc
INFO: [VRFC 10-2263] Analyzing SystemVerilog file "D:/Work/OnDeviceAI2/0521_RV32I_CPU/0515_dedicated_cpu_sum_1to10.srcs/sim_1/new/tb_rv32i.sv" into library xil_defaultlib
INFO: [VRFC 10-311] analyzing module tb_rv32i
INFO: [VRFC 10-2263] Analyzing Verilog file "D:/Work/OnDeviceAI2/0521_RV32I_CPU/0515_dedicated_cpu_sum_1to10.sim/sim_1/behav/xsim/glbl.v" into library xil_defaultlib
INFO: [VRFC 10-311] analyzing module glbl
