#
# A fatal error has been detected by the Java Runtime Environment:
#
#  EXCEPTION_ACCESS_VIOLATION (0xc0000005) at pc=0x00007ff8a81c1049, pid=2636, tid=18680
#
# JRE version: OpenJDK Runtime Environment (11.0.2+9) (build 11.0.2+9)
# Java VM: OpenJDK 64-Bit Server VM (11.0.2+9, mixed mode, tiered, compressed oops, g1 gc, windows-amd64)
# Problematic frame:
# C  0x00007ff8a81c1049
#
# No core dump will be written. Minidumps are not enabled by default on client versions of Windows
#
# If you would like to submit a bug report, please visit:
#   http://bugreport.java.com/bugreport/crash.jsp
# The crash happened outside the Java Virtual Machine in native code.
# See problematic frame for where to report the bug.
#

---------------  S U M M A R Y ------------

Command Line: -Dsun.java2d.pmoffscreen=false -Dhttps.protocols=TLSv1,TLSv1.1,TLSv1.2 -Dsun.java2d.xrender=false -Dsun.java2d.d3d=false -Dsun.awt.nopixfmt=true -Dsun.java2d.dpiaware=true -Dsun.java2d.uiScale.enabled=false -Xverify:none -Dswing.aatext=true -XX:-UsePerfData -Djdk.map.althashing.threshold=512 -XX:StringTableSize=4072 --add-opens=java.base/java.nio=ALL-UNNAMED --add-opens=java.desktop/sun.swing=ALL-UNNAMED --add-opens=java.desktop/javax.swing=ALL-UNNAMED --add-opens=java.desktop/javax.swing.tree=ALL-UNNAMED --add-opens=java.desktop/javax.swing.plaf.basic=ALL-UNNAMED --add-opens=java.desktop/javax.swing.plaf.synth=ALL-UNNAMED --add-opens=java.desktop/com.sun.awt=ALL-UNNAMED -XX:NewSize=60m -XX:MaxNewSize=60m -Xms128m -Xmx3072m -Xss5m 

Host: 12th Gen Intel(R) Core(TM) i7-1260P, 16 cores, 15G,  Windows 10 , 64 bit Build 26100 (10.0.26100.8328)
Time: Fri May 15 16:46:18 2026 ´ëÇŃąÎ±ą ÇĄÁŘ˝Ă elapsed time: 30920 seconds (0d 8h 35m 20s)

---------------  T H R E A D  ---------------

Current thread (0x00000135d80f2000):  JavaThread "AWT-EventQueue-0" [_thread_in_native, id=18680, stack(0x00000033fb000000,0x00000033fb500000)]

Stack: [0x00000033fb000000,0x00000033fb500000],  sp=0x00000033fb4f3b40,  free space=5070k
Native frames: (J=compiled Java code, j=interpreted, Vv=VM code, C=native code)
C  0x00007ff8a81c1049
C  0x00007ff8a81d2487
C  0x00007ff8a81d37c2
C  0x00007ff8a81ba485
C  0x00007ff8af7884b4
C  0x00007ff8af7a8e72
C  0x00007ff8af8434f5
C  0x00007ff8af843419
C  0x00007ff8af874ce1
C  0x00007ff8af872426
C  0x00007ff8af8ce2c1
C  0x00007ff8af8d03b3
C  0x00007ff8af8a936d
C  0x00007ff8af8a93d8
C  0x00007ff8af8a9481
C  0x00007ff8af8cf59c
C  0x00007ff8af8a06e5
C  0x00007ff8af8a0375
C  0x00007ff8af8dd00f
C  0x00000135e6705cad

Java frames: (J=compiled Java code, j=interpreted, Vv=VM code)
J 20974  ui.views.waveform.waveformi.WVExecutive_getGraphicsDataSize(J)J (0 bytes) @ 0x00000135e6705c11 [0x00000135e6705bc0+0x0000000000000051]
J 20973 c1 ui.views.waveform.executive.a.klK()Ljava/io/ByteArrayInputStream; (93 bytes) @ 0x00000135dfcc5c2c [0x00000135dfcc5b40+0x00000000000000ec]
J 20972 c1 ui.views.waveform.b.a.klh()V (144 bytes) @ 0x00000135dfdcd134 [0x00000135dfdcd0a0+0x0000000000000094]
J 21084 c1 ui.views.waveform.w.aH(ZZ)V (48 bytes) @ 0x00000135dfe26b64 [0x00000135dfe26660+0x0000000000000504]
J 20857 c1 ui.views.waveform.c.b.j(Lui/frmwork/a/l;)V (605 bytes) @ 0x00000135e0389f5c [0x00000135e0381480+0x0000000000008adc]
J 20856 c1 ui.views.waveform.w.handleTclEvent(Lui/frmwork/a/l;)V (17 bytes) @ 0x00000135df7e5c3c [0x00000135df7e5b60+0x00000000000000dc]
J 24732 c2 ui.frmwork.a.o.c(Lui/frmwork/a/l;)V (61 bytes) @ 0x00000135e6ba79c4 [0x00000135e6ba7760+0x0000000000000264]
J 32114 c2 ui.frmwork.E.i(JZ)V (471 bytes) @ 0x00000135e6e93298 [0x00000135e6e91960+0x0000000000001938]
J 25957 c1 ui.frmwork.E.fireTclEvent(J)I (113 bytes) @ 0x00000135e03632c4 [0x00000135e0362b20+0x00000000000007a4]
v  ~StubRoutines::call_stub
J 24335  ui.views.waveform.waveformi.WVExecutive_processModelEvent(JJ)V (0 bytes) @ 0x00000135e6896894 [0x00000135e6896840+0x0000000000000054]
J 24415 c1 ui.views.waveform.c.b.ga(J)V (109 bytes) @ 0x00000135df2cd56c [0x00000135df2cd4a0+0x00000000000000cc]
J 20857 c1 ui.views.waveform.c.b.j(Lui/frmwork/a/l;)V (605 bytes) @ 0x00000135e038acf4 [0x00000135e0381480+0x0000000000009874]
J 20856 c1 ui.views.waveform.w.handleTclEvent(Lui/frmwork/a/l;)V (17 bytes) @ 0x00000135df7e5c3c [0x00000135df7e5b60+0x00000000000000dc]
J 24732 c2 ui.frmwork.a.o.c(Lui/frmwork/a/l;)V (61 bytes) @ 0x00000135e6ba79c4 [0x00000135e6ba7760+0x0000000000000264]
J 32114 c2 ui.frmwork.E.i(JZ)V (471 bytes) @ 0x00000135e6e93298 [0x00000135e6e91960+0x0000000000001938]
J 21997 c1 ui.frmwork.E$$Lambda$202.run()V (12 bytes) @ 0x00000135e08b055c [0x00000135e08b0480+0x00000000000000dc]
J 14536 c2 java.awt.event.InvocationEvent.dispatch()V java.desktop@11.0.2 (69 bytes) @ 0x00000135e5fcabe8 [0x00000135e5fcab40+0x00000000000000a8]
J 17556 c2 java.awt.EventQueue$4.run()Ljava/lang/Object; java.desktop@11.0.2 (5 bytes) @ 0x00000135e5c7275c [0x00000135e5c722e0+0x000000000000047c]
v  ~StubRoutines::call_stub
J 4717  java.security.AccessController.doPrivileged(Ljava/security/PrivilegedAction;Ljava/security/AccessControlContext;)Ljava/lang/Object; java.base@11.0.2 (0 bytes) @ 0x00000135e5750036 [0x00000135e574ffc0+0x0000000000000076]
J 14277 c2 java.awt.EventQueue.dispatchEvent(Ljava/awt/AWTEvent;)V java.desktop@11.0.2 (80 bytes) @ 0x00000135e5f26ff4 [0x00000135e5f26cc0+0x0000000000000334]
J 18293 c2 ui.frmwork.a.d.dispatchEvent(Ljava/awt/AWTEvent;)V (42 bytes) @ 0x00000135e5cde898 [0x00000135e5cde780+0x0000000000000118]
J 18408 c2 java.awt.EventDispatchThread.pumpOneEventForFilters(I)V java.desktop@11.0.2 (113 bytes) @ 0x00000135e609d7ac [0x00000135e609d320+0x000000000000048c]
J 25273 c2 java.awt.EventDispatchThread.pumpEventsForFilter(ILjava/awt/Conditional;Ljava/awt/EventFilter;)V java.desktop@11.0.2 (47 bytes) @ 0x00000135e6cb09a0 [0x00000135e6cb07e0+0x00000000000001c0]
j  java.awt.EventDispatchThread.pumpEventsForFilter(Ljava/awt/Conditional;Ljava/awt/EventFilter;)V+4 java.desktop@11.0.2
j  java.awt.WaitDispatchSupport$2.run()V+59 java.desktop@11.0.2
j  java.awt.WaitDispatchSupport$4.run()Ljava/lang/Void;+4 java.desktop@11.0.2
j  java.awt.WaitDispatchSupport$4.run()Ljava/lang/Object;+1 java.desktop@11.0.2
v  ~StubRoutines::call_stub
J 1076  java.security.AccessController.doPrivileged(Ljava/security/PrivilegedAction;)Ljava/lang/Object; java.base@11.0.2 (0 bytes) @ 0x00000135e54f75a2 [0x00000135e54f7540+0x0000000000000062]
j  java.awt.WaitDispatchSupport.enter()Z+260 java.desktop@11.0.2
j  java.awt.Dialog.show()V+224 java.desktop@11.0.2
J 28871 c1 ui.dlg.c.g.setVisible(Z)V (15 bytes) @ 0x00000135dfded564 [0x00000135dfded2a0+0x00000000000002c4]
j  ui.dlg.c.bz.bIi()V+64
J 29214 c1 ui.dlg.c.bI.actionPerformed(Ljava/awt/event/ActionEvent;)V (24 bytes) @ 0x00000135e03d442c [0x00000135e03d3a60+0x00000000000009cc]
j  ui.dlg.c.bz.fud()V+388
j  ui.views.c.t.b.a.run()V+60
j  ui.frmwork.cmd.a.hsT()Z+66
j  ui.frmwork.cmd.d.htb()V+42
j  ui.bm.actionPerformed(Ljava/awt/event/ActionEvent;)V+25
j  javax.swing.AbstractButton.fireActionPerformed(Ljava/awt/event/ActionEvent;)V+83 java.desktop@11.0.2
j  ui.utils.swing.b.E.fireActionPerformed(Ljava/awt/event/ActionEvent;)V+7
j  javax.swing.AbstractButton$Handler.actionPerformed(Ljava/awt/event/ActionEvent;)V+5 java.desktop@11.0.2
j  javax.swing.DefaultButtonModel.fireActionPerformed(Ljava/awt/event/ActionEvent;)V+34 java.desktop@11.0.2
J 31040 c1 javax.swing.DefaultButtonModel.setPressed(Z)V java.desktop@11.0.2 (125 bytes) @ 0x00000135e1720124 [0x00000135e171f180+0x0000000000000fa4]
j  javax.swing.plaf.basic.BasicButtonListener.mouseReleased(Ljava/awt/event/MouseEvent;)V+35 java.desktop@11.0.2
j  com.jidesoft.plaf.basic.BasicJideButtonListener.mouseReleased(Ljava/awt/event/MouseEvent;)V+61
J 21909 c1 java.awt.AWTEventMulticaster.mouseReleased(Ljava/awt/event/MouseEvent;)V java.desktop@11.0.2 (27 bytes) @ 0x00000135e0866c2c [0x00000135e0866a00+0x000000000000022c]
J 21909 c1 java.awt.AWTEventMulticaster.mouseReleased(Ljava/awt/event/MouseEvent;)V java.desktop@11.0.2 (27 bytes) @ 0x00000135e0866c2c [0x00000135e0866a00+0x000000000000022c]
J 21909 c1 java.awt.AWTEventMulticaster.mouseReleased(Ljava/awt/event/MouseEvent;)V java.desktop@11.0.2 (27 bytes) @ 0x00000135e0866c2c [0x00000135e0866a00+0x000000000000022c]
J 24693 c2 javax.swing.JComponent.processMouseEvent(Ljava/awt/event/MouseEvent;)V java.desktop@11.0.2 (27 bytes) @ 0x00000135e6757078 [0x00000135e6756ca0+0x00000000000003d8]
J 29656 c2 java.awt.Container.processEvent(Ljava/awt/AWTEvent;)V java.desktop@11.0.2 (22 bytes) @ 0x00000135e71dac98 [0x00000135e71daaa0+0x00000000000001f8]
J 31137 c2 java.awt.Component.dispatchEventImpl(Ljava/awt/AWTEvent;)V java.desktop@11.0.2 (777 bytes) @ 0x00000135e75454a0 [0x00000135e7544320+0x0000000000001180]
J 27617 c2 java.awt.Container.dispatchEventImpl(Ljava/awt/AWTEvent;)V java.desktop@11.0.2 (129 bytes) @ 0x00000135e6f7491c [0x00000135e6f74720+0x00000000000001fc]
J 25316 c2 java.awt.LightweightDispatcher.retargetMouseEvent(Ljava/awt/Component;ILjava/awt/event/MouseEvent;)V java.desktop@11.0.2 (372 bytes) @ 0x00000135e6cd7144 [0x00000135e6cd6a60+0x00000000000006e4]
J 27617 c2 java.awt.Container.dispatchEventImpl(Ljava/awt/AWTEvent;)V java.desktop@11.0.2 (129 bytes) @ 0x00000135e6f75764 [0x00000135e6f74720+0x0000000000001044]
J 19285 c2 java.awt.Window.dispatchEventImpl(Ljava/awt/AWTEvent;)V java.desktop@11.0.2 (23 bytes) @ 0x00000135e64ef90c [0x00000135e64ef8c0+0x000000000000004c]
J 17556 c2 java.awt.EventQueue$4.run()Ljava/lang/Object; java.desktop@11.0.2 (5 bytes) @ 0x00000135e5c727f4 [0x00000135e5c722e0+0x0000000000000514]
v  ~StubRoutines::call_stub
J 4717  java.security.AccessController.doPrivileged(Ljava/security/PrivilegedAction;Ljava/security/AccessControlContext;)Ljava/lang/Object; java.base@11.0.2 (0 bytes) @ 0x00000135e5750036 [0x00000135e574ffc0+0x0000000000000076]
J 15129 c2 java.awt.EventQueue$5.run()Ljava/lang/Object; java.desktop@11.0.2 (5 bytes) @ 0x00000135e60955f4 [0x00000135e6095380+0x0000000000000274]
v  ~StubRoutines::call_stub
J 4717  java.security.AccessController.doPrivileged(Ljava/security/PrivilegedAction;Ljava/security/AccessControlContext;)Ljava/lang/Object; java.base@11.0.2 (0 bytes) @ 0x00000135e5750036 [0x00000135e574ffc0+0x0000000000000076]
J 14277 c2 java.awt.EventQueue.dispatchEvent(Ljava/awt/AWTEvent;)V java.desktop@11.0.2 (80 bytes) @ 0x00000135e5f2724c [0x00000135e5f26cc0+0x000000000000058c]
J 18293 c2 ui.frmwork.a.d.dispatchEvent(Ljava/awt/AWTEvent;)V (42 bytes) @ 0x00000135e5cde898 [0x00000135e5cde780+0x0000000000000118]
J 18408 c2 java.awt.EventDispatchThread.pumpOneEventForFilters(I)V java.desktop@11.0.2 (113 bytes) @ 0x00000135e609d7ac [0x00000135e609d320+0x000000000000048c]
J 19799% c2 java.awt.EventDispatchThread.pumpEventsForFilter(ILjava/awt/Conditional;Ljava/awt/EventFilter;)V java.desktop@11.0.2 (47 bytes) @ 0x00000135e584b740 [0x00000135e584b640+0x0000000000000100]
j  java.awt.EventDispatchThread.pumpEventsForHierarchy(ILjava/awt/Conditional;Ljava/awt/Component;)V+11 java.desktop@11.0.2
j  java.awt.EventDispatchThread.pumpEvents(ILjava/awt/Conditional;)V+4 java.desktop@11.0.2
j  java.awt.EventDispatchThread.pumpEvents(Ljava/awt/Conditional;)V+3 java.desktop@11.0.2
j  java.awt.EventDispatchThread.run()V+9 java.desktop@11.0.2
v  ~StubRoutines::call_stub

siginfo: EXCEPTION_ACCESS_VIOLATION (0xc0000005), reading address 0x0000000000000044


Register to memory mapping:

RIP=0x00007ff8a81c1049 points into unknown readable memory: 83 79 44 00 75 07 33
RAX=0x0000f587badf6089 is an unknown value
RBX=0x00000135b192ee60 points into unknown readable memory: 10 ee 92 b1 35 01 00 00
RCX=0x0 is NULL
RDX=0x00000135a8748df0 points into unknown readable memory: c0 4b 1e a8 f8 7f 00 00
RSP=0x00000033fb4f3b40 is pointing into the stack for thread: 0x00000135d80f2000
RBP=0x0 is NULL
RSI=0x00000135a8748df0 points into unknown readable memory: c0 4b 1e a8 f8 7f 00 00
RDI=0x0 is NULL
R8 =0x00000033fb4f3bd0 is pointing into the stack for thread: 0x00000135d80f2000
R9 =0x0000000000000023 is an unknown value
R10=0x0 is NULL
R11=0x0000000000000023 is an unknown value
R12=0x0000000000000001 is an unknown value
R13=0x00007ff8a81e8e50 points into unknown readable memory: d0 2f 1c a8 f8 7f 00 00
R14=0x00000135d7d44e30 points into unknown readable memory: f0 8d 74 a8 35 01 00 00
R15=0x00000033fb4f3bd0 is pointing into the stack for thread: 0x00000135d80f2000


Registers:
RAX=0x0000f587badf6089, RBX=0x00000135b192ee60, RCX=0x0000000000000000, RDX=0x00000135a8748df0
RSP=0x00000033fb4f3b40, RBP=0x0000000000000000, RSI=0x00000135a8748df0, RDI=0x0000000000000000
R8 =0x00000033fb4f3bd0, R9 =0x0000000000000023, R10=0x0000000000000000, R11=0x0000000000000023
R12=0x0000000000000001, R13=0x00007ff8a81e8e50, R14=0x00000135d7d44e30, R15=0x00000033fb4f3bd0
RIP=0x00007ff8a81c1049, EFLAGS=0x0000000000010202

Top of Stack: (sp=0x00000033fb4f3b40)
0x00000033fb4f3b40:   0000d2390e690c02 0000011e0000011c
0x00000033fb4f3b50:   00000033fb4f3d28 00000033fb4f4ef0
0x00000033fb4f3b60:   00000033fb4f3f40 00000033fb4f4550
0x00000033fb4f3b70:   fffffffffffffffe 0000000000000001
0x00000033fb4f3b80:   00000033fb4f3c51 00007ff97350fe76
0x00000033fb4f3b90:   00000135a692d540 00000135d7d44e30
0x00000033fb4f3ba0:   00000135d7d44e30 00007ff8a81d2487
0x00000033fb4f3bb0:   00000033fb4f4000 00000135b192ee60
0x00000033fb4f3bc0:   00000135a8060190 0000000000000000
0x00000033fb4f3bd0:   0000000000000000 000000000000000f
0x00000033fb4f3be0:   00007ff9735032d0 00000033fb4f3d28
0x00000033fb4f3bf0:   00007ff8af9c6990 0000000000000001
0x00000033fb4f3c00:   00000033fb4f4730 00007ff8afa99920
0x00000033fb4f3c10:   00000033fb4f4ef0 0000000000000000
0x00000033fb4f3c20:   0000000019930520 0000000000000000
0x00000033fb4f3c30:   0000000000000000 0000000000000000 

Instructions: (pc=0x00007ff8a81c1049)
0x00007ff8a81c1029:   50 48 c7 44 24 30 fe ff ff ff 48 89 5c 24 78 48
0x00007ff8a81c1039:   89 b4 24 80 00 00 00 4d 8b f8 48 8b f2 48 8b f9
0x00007ff8a81c1049:   83 79 44 00 75 07 33 c0 e9 d1 00 00 00 48 8b 41
0x00007ff8a81c1059:   48 8b 10 48 03 51 28 48 8d 4c 24 38 e8 66 eb ff 


Stack slot to memory mapping:
stack at sp + 0 slots: 0x0000d2390e690c02 is an unknown value
stack at sp + 1 slots: 0x0000011e0000011c is an unknown value
stack at sp + 2 slots: 0x00000033fb4f3d28 is pointing into the stack for thread: 0x00000135d80f2000
stack at sp + 3 slots: 0x00000033fb4f4ef0 is pointing into the stack for thread: 0x00000135d80f2000
stack at sp + 4 slots: 0x00000033fb4f3f40 is pointing into the stack for thread: 0x00000135d80f2000
stack at sp + 5 slots: 0x00000033fb4f4550 is pointing into the stack for thread: 0x00000135d80f2000
stack at sp + 6 slots: 0xfffffffffffffffe is an unknown value
stack at sp + 7 slots: 0x0000000000000001 is an unknown value


---------------  P R O C E S S  ---------------

Threads class SMR info:
_java_thread_list=0x00000135b1c2e500, length=45, elements={
0x00000135bdce9800, 0x00000135bdc8e800, 0x00000135bdc51800, 0x00000135c3b0f800,
0x00000135f857a800, 0x00000135f813e000, 0x00000135f819b000, 0x00000135f819e000,
0x00000135c406c000, 0x00000135c4079800, 0x00000135d37db000, 0x00000135d378e000,
0x00000135d3788000, 0x00000135d3a45800, 0x00000135d80f2000, 0x00000135d74bc800,
0x00000135d79dc000, 0x00000135f8357000, 0x00000135d8065000, 0x00000135d806a000,
0x00000135d8069000, 0x00000135ee114800, 0x00000135ee113000, 0x00000135ee117000,
0x00000135ee11a000, 0x00000135ee11c800, 0x00000135ee11f000, 0x00000135ee120000,
0x00000135fd0ff800, 0x00000135fd100800, 0x00000135fd103000, 0x00000135ee118800,
0x00000135fd108800, 0x00000135fd106000, 0x00000135fd109800, 0x00000135fd103800,
0x00000135fd10a000, 0x00000135fd105000, 0x00000135fd107000, 0x00000135d37f5800,
0x00000135d37f4000, 0x00000135d37f7000, 0x00000135d37fa800, 0x00000135d37fb800,
0x00000135d37fe800
}

Java Threads: ( => current thread )
  0x00000135bdce9800 JavaThread "main" [_thread_blocked, id=11156, stack(0x00000033f4d00000,0x00000033f4e00000)]
  0x00000135bdc8e800 JavaThread "Reference Handler" daemon [_thread_blocked, id=8096, stack(0x00000033f6b00000,0x00000033f7000000)]
  0x00000135bdc51800 JavaThread "Finalizer" daemon [_thread_blocked, id=13184, stack(0x00000033f7000000,0x00000033f7500000)]
  0x00000135c3b0f800 JavaThread "Signal Dispatcher" daemon [_thread_blocked, id=16308, stack(0x00000033f7500000,0x00000033f7a00000)]
  0x00000135f857a800 JavaThread "Attach Listener" daemon [_thread_blocked, id=10992, stack(0x00000033f7a00000,0x00000033f7f00000)]
  0x00000135f813e000 JavaThread "C2 CompilerThread0" daemon [_thread_blocked, id=9460, stack(0x00000033f7f00000,0x00000033f8000000)]
  0x00000135f819b000 JavaThread "C1 CompilerThread0" daemon [_thread_blocked, id=6744, stack(0x00000033f8000000,0x00000033f8100000)]
  0x00000135f819e000 JavaThread "Sweeper thread" daemon [_thread_blocked, id=2460, stack(0x00000033f8100000,0x00000033f8600000)]
  0x00000135c406c000 JavaThread "Common-Cleaner" daemon [_thread_blocked, id=14032, stack(0x00000033f8a00000,0x00000033f8f00000)]
  0x00000135c4079800 JavaThread "Service Thread" daemon [_thread_blocked, id=15920, stack(0x00000033f8f00000,0x00000033f9400000)]
  0x00000135d37db000 JavaThread "Java2D Disposer" daemon [_thread_blocked, id=18992, stack(0x00000033f9500000,0x00000033f9a00000)]
  0x00000135d378e000 JavaThread "AWT-Shutdown" [_thread_blocked, id=17808, stack(0x00000033f9a00000,0x00000033f9f00000)]
  0x00000135d3788000 JavaThread "AWT-Windows" daemon [_thread_in_native, id=4992, stack(0x00000033f9f00000,0x00000033fa400000)]
  0x00000135d3a45800 JavaThread "TimerQueue" daemon [_thread_blocked, id=6344, stack(0x00000033fa400000,0x00000033fa900000)]
=>0x00000135d80f2000 JavaThread "AWT-EventQueue-0" [_thread_in_native, id=18680, stack(0x00000033fb000000,0x00000033fb500000)]
  0x00000135d74bc800 JavaThread "Thread-1" [_thread_in_native, id=2800, stack(0x00000033f4e00000,0x00000033f6200000)]
  0x00000135d79dc000 JavaThread "Process Messages Thread" [_thread_blocked, id=18532, stack(0x00000033fba00000,0x00000033fbf00000)]
  0x00000135f8357000 JavaThread "Batik CleanerThread" daemon [_thread_blocked, id=14608, stack(0x00000033fca00000,0x00000033fcf00000)]
  0x00000135d8065000 JavaThread "SyntheticaCleanerThread" daemon [_thread_blocked, id=16704, stack(0x00000033fd500000,0x00000033fda00000)]
  0x00000135d806a000 JavaThread "Monitor HEventQueue Thread" [_thread_blocked, id=16780, stack(0x00000033fdb00000,0x00000033fe000000)]
  0x00000135d8069000 JavaThread "SyntheticaAnimation 50" daemon [_thread_blocked, id=10248, stack(0x00000033fe000000,0x00000033fe500000)]
  0x00000135ee114800 JavaThread "SyntheticaAnimation 25" daemon [_thread_blocked, id=17100, stack(0x00000033fe800000,0x00000033fed00000)]
  0x00000135ee113000 JavaThread "Swing-Shell" daemon [_thread_blocked, id=9636, stack(0x00000033fa900000,0x00000033fae00000)]
  0x00000135ee117000 JavaThread "SyntheticaAnimation 70" daemon [_thread_blocked, id=7108, stack(0x00000033fed00000,0x00000033ff200000)]
  0x00000135ee11a000 JavaThread "hw_ila_monitor" [_thread_blocked, id=4084, stack(0x00000033ff700000,0x00000033ffc00000)]
  0x00000135ee11c800 JavaThread "pool-2-thread-1" [_thread_blocked, id=1664, stack(0x0000003380a00000,0x0000003380f00000)]
  0x00000135ee11f000 JavaThread "pool-3-thread-1" [_thread_blocked, id=18112, stack(0x0000003380f00000,0x0000003381400000)]
  0x00000135ee120000 JavaThread "pool-4-thread-1" [_thread_blocked, id=18552, stack(0x0000003381400000,0x0000003381900000)]
  0x00000135fd0ff800 JavaThread "SyntheticaAnimation 50" daemon [_thread_blocked, id=18508, stack(0x0000003381f00000,0x0000003382400000)]
  0x00000135fd100800 JavaThread "SyntheticaAnimation 50" daemon [_thread_blocked, id=5372, stack(0x0000003382400000,0x0000003382900000)]
  0x00000135fd103000 JavaThread "Image Animator 0" daemon [_thread_blocked, id=4452, stack(0x0000003383d00000,0x0000003384200000)]
  0x00000135ee118800 JavaThread "Thread-17096" [_thread_in_native, id=1444, stack(0x0000003380700000,0x0000003380800000)]
  0x00000135fd108800 JavaThread "pool-7-thread-1" [_thread_blocked, id=6240, stack(0x0000003383800000,0x0000003383d00000)]
  0x00000135fd106000 JavaThread "pool-8-thread-1" [_thread_blocked, id=17420, stack(0x0000003384200000,0x0000003384700000)]
  0x00000135fd109800 JavaThread "pool-9-thread-1" [_thread_blocked, id=9748, stack(0x0000003384700000,0x0000003384c00000)]
  0x00000135fd103800 JavaThread "Thread-25601" [_thread_in_native, id=15212, stack(0x0000003380700000,0x0000003380800000)]
  0x00000135fd10a000 JavaThread "Thread-25602" [_thread_in_native, id=1776, stack(0x0000003383600000,0x0000003383700000)]
  0x00000135fd105000 JavaThread "Refresh Filesets Swing Worker Thread" [_thread_blocked, id=4600, stack(0x0000003381900000,0x0000003381e00000)]
  0x00000135fd107000 JavaThread "pool-10-thread-1" [_thread_blocked, id=8404, stack(0x0000003382e00000,0x0000003383300000)]
  0x00000135d37f5800 JavaThread "pool-11-thread-1" [_thread_blocked, id=5264, stack(0x0000003383300000,0x0000003383800000)]
  0x00000135d37f4000 JavaThread "pool-12-thread-1" [_thread_blocked, id=18752, stack(0x0000003384c00000,0x0000003385100000)]
  0x00000135d37f7000 JavaThread "Update Runs Swing Worker Thread" [_thread_blocked, id=15932, stack(0x0000003385100000,0x0000003385600000)]
  0x00000135d37fa800 JavaThread "Thread-31579" [_thread_in_native, id=18340, stack(0x0000003380700000,0x0000003380800000)]
  0x00000135d37fb800 JavaThread "Thread-31580" [_thread_in_native, id=14712, stack(0x0000003380600000,0x0000003380700000)]
  0x00000135d37fe800 JavaThread "Relaunch Simulation Thread" [_thread_blocked, id=11324, stack(0x0000003382900000,0x0000003382e00000)]

Other Threads:
  0x00000135dd202000 VMThread "VM Thread" [stack: 0x00000033f6a00000,0x00000033f6b00000] [id=8844]
  0x00000135d66cd000 WatcherThread [stack: 0x00000033f9400000,0x00000033f9500000] [id=15564]
  0x00000135dd8fe800 GCTaskThread "GC Thread#0" [stack: 0x00000033f6500000,0x00000033f6600000] [id=14704]
  0x00000135d4338800 GCTaskThread "GC Thread#1" [stack: 0x00000033fbf00000,0x00000033fc000000] [id=11756]
  0x00000135d7716800 GCTaskThread "GC Thread#2" [stack: 0x00000033fc000000,0x00000033fc100000] [id=7032]
  0x00000135d7717800 GCTaskThread "GC Thread#3" [stack: 0x00000033fc100000,0x00000033fc200000] [id=14000]
  0x00000135d7b04800 GCTaskThread "GC Thread#4" [stack: 0x00000033fc200000,0x00000033fc300000] [id=5928]
  0x00000135d41e7000 GCTaskThread "GC Thread#5" [stack: 0x00000033fc300000,0x00000033fc400000] [id=15804]
  0x00000135d384f800 GCTaskThread "GC Thread#6" [stack: 0x00000033fc400000,0x00000033fc500000] [id=15652]
  0x00000135d384c800 GCTaskThread "GC Thread#7" [stack: 0x00000033fc500000,0x00000033fc600000] [id=16720]
  0x00000135d3850000 GCTaskThread "GC Thread#8" [stack: 0x00000033fc600000,0x00000033fc700000] [id=15648]
  0x00000135d384e000 GCTaskThread "GC Thread#9" [stack: 0x00000033fc700000,0x00000033fc800000] [id=15612]
  0x00000135d3853000 GCTaskThread "GC Thread#10" [stack: 0x00000033fc800000,0x00000033fc900000] [id=8768]
  0x00000135d3aa3000 GCTaskThread "GC Thread#11" [stack: 0x00000033fc900000,0x00000033fca00000] [id=7232]
  0x00000135f1a87000 GCTaskThread "GC Thread#12" [stack: 0x00000033fb800000,0x00000033fb900000] [id=13420]
  0x00000135d6710800 ConcurrentGCThread "G1 Main Marker" [stack: 0x00000033f6600000,0x00000033f6700000] [id=16556]
  0x00000135c375e800 ConcurrentGCThread "G1 Conc#0" [stack: 0x00000033f6700000,0x00000033f6800000] [id=14180]
  0x00000135d3aa7000 ConcurrentGCThread "G1 Conc#1" [stack: 0x00000033fb500000,0x00000033fb600000] [id=19184]
  0x00000135d3aa4000 ConcurrentGCThread "G1 Conc#2" [stack: 0x00000033fb600000,0x00000033fb700000] [id=6616]
  0x00000135c3e4d000 ConcurrentGCThread "G1 Refine#0" [stack: 0x00000033f6800000,0x00000033f6900000] [id=13088]
  0x00000135d8195800 ConcurrentGCThread "G1 Refine#1" [stack: 0x00000033fb700000,0x00000033fb800000] [id=6488]
  0x00000135f1a86000 ConcurrentGCThread "G1 Refine#2" [stack: 0x00000033f8700000,0x00000033f8800000] [id=19160]
  0x00000135c35fe000 ConcurrentGCThread "G1 Young RemSet Sampling" [stack: 0x00000033f6900000,0x00000033f6a00000] [id=12932]

Threads with active compile tasks:

VM state:not at safepoint (normal execution)

VM Mutex/Monitor currently owned by a thread: None

Heap address: 0x0000000740000000, size: 3072 MB, Compressed Oops mode: Zero based, Oop shift amount: 3
Narrow klass base: 0x0000000800000000, Narrow klass shift: 0
Compressed class space size: 1073741824 Address: 0x0000000800000000

Heap:
 garbage-first heap   total 254976K, used 168561K [0x0000000740000000, 0x0000000800000000)
  region size 1024K, 42 young (43008K), 1 survivors (1024K)
 Metaspace       used 111493K, capacity 113272K, committed 115536K, reserved 1148928K
  class space    used 15323K, capacity 16036K, committed 16896K, reserved 1048576K
Heap Regions: E=young(eden), S=young(survivor), O=old, HS=humongous(starts), HC=humongous(continues), CS=collection set, F=free, A=archive, TAMS=top-at-mark-start (previous, next)
|   0|0x0000000740000000, 0x0000000740100000, 0x0000000740100000|100%|HS|  |TAMS 0x0000000740000000, 0x0000000740000000| Untracked 
|   1|0x0000000740100000, 0x0000000740200000, 0x0000000740200000|100%|HC|  |TAMS 0x0000000740100000, 0x0000000740100000| Untracked 
|   2|0x0000000740200000, 0x0000000740300000, 0x0000000740300000|100%|HS|  |TAMS 0x0000000740200000, 0x0000000740200000| Untracked 
|   3|0x0000000740300000, 0x00000007403ffff8, 0x0000000740400000| 99%| O|  |TAMS 0x0000000740300000, 0x0000000740300000| Untracked 
|   4|0x0000000740400000, 0x0000000740500000, 0x0000000740500000|100%| O|  |TAMS 0x0000000740400000, 0x0000000740400000| Untracked 
|   5|0x0000000740500000, 0x0000000740600000, 0x0000000740600000|100%| O|  |TAMS 0x0000000740500000, 0x0000000740500000| Untracked 
|   6|0x0000000740600000, 0x0000000740700000, 0x0000000740700000|100%| O|  |TAMS 0x0000000740600000, 0x0000000740600000| Untracked 
|   7|0x0000000740700000, 0x00000007407fffd8, 0x0000000740800000| 99%| O|  |TAMS 0x0000000740700000, 0x0000000740700000| Untracked 
|   8|0x0000000740800000, 0x0000000740900000, 0x0000000740900000|100%| O|  |TAMS 0x0000000740800000, 0x0000000740800000| Untracked 
|   9|0x0000000740900000, 0x00000007409ffff0, 0x0000000740a00000| 99%| O|  |TAMS 0x0000000740900000, 0x0000000740900000| Untracked 
|  10|0x0000000740a00000, 0x0000000740afffe8, 0x0000000740b00000| 99%| O|  |TAMS 0x0000000740a00000, 0x0000000740a00000| Untracked 
|  11|0x0000000740b00000, 0x0000000740c00000, 0x0000000740c00000|100%| O|  |TAMS 0x0000000740b00000, 0x0000000740b00000| Untracked 
|  12|0x0000000740c00000, 0x0000000740cfffe8, 0x0000000740d00000| 99%| O|  |TAMS 0x0000000740c00000, 0x0000000740c00000| Untracked 
|  13|0x0000000740d00000, 0x0000000740dffe70, 0x0000000740e00000| 99%| O|  |TAMS 0x0000000740d00000, 0x0000000740d00000| Untracked 
|  14|0x0000000740e00000, 0x0000000740efffe8, 0x0000000740f00000| 99%| O|  |TAMS 0x0000000740e00000, 0x0000000740e00000| Untracked 
|  15|0x0000000740f00000, 0x0000000740fffff8, 0x0000000741000000| 99%| O|  |TAMS 0x0000000740f00000, 0x0000000740f00000| Untracked 
|  16|0x0000000741000000, 0x00000007410ffff8, 0x0000000741100000| 99%| O|  |TAMS 0x0000000741000000, 0x0000000741000000| Untracked 
|  17|0x0000000741100000, 0x00000007411ffff0, 0x0000000741200000| 99%| O|  |TAMS 0x0000000741100000, 0x0000000741100000| Untracked 
|  18|0x0000000741200000, 0x00000007412fffe0, 0x0000000741300000| 99%| O|  |TAMS 0x0000000741200000, 0x0000000741200000| Untracked 
|  19|0x0000000741300000, 0x00000007413fffe8, 0x0000000741400000| 99%| O|  |TAMS 0x0000000741300000, 0x0000000741300000| Untracked 
|  20|0x0000000741400000, 0x00000007414ffff8, 0x0000000741500000| 99%| O|  |TAMS 0x0000000741400000, 0x0000000741400000| Untracked 
|  21|0x0000000741500000, 0x00000007415ffff8, 0x0000000741600000| 99%| O|  |TAMS 0x0000000741500000, 0x0000000741500000| Untracked 
|  22|0x0000000741600000, 0x0000000741700000, 0x0000000741700000|100%| O|  |TAMS 0x0000000741600000, 0x0000000741600000| Untracked 
|  23|0x0000000741700000, 0x0000000741800000, 0x0000000741800000|100%| O|  |TAMS 0x0000000741700000, 0x0000000741700000| Untracked 
|  24|0x0000000741800000, 0x00000007418fffe0, 0x0000000741900000| 99%| O|  |TAMS 0x0000000741800000, 0x0000000741800000| Untracked 
|  25|0x0000000741900000, 0x00000007419ffff8, 0x0000000741a00000| 99%| O|  |TAMS 0x0000000741900000, 0x0000000741900000| Untracked 
|  26|0x0000000741a00000, 0x0000000741b00000, 0x0000000741b00000|100%| O|  |TAMS 0x0000000741a00000, 0x0000000741a00000| Untracked 
|  27|0x0000000741b00000, 0x0000000741bffff8, 0x0000000741c00000| 99%| O|  |TAMS 0x0000000741b00000, 0x0000000741b00000| Untracked 
|  28|0x0000000741c00000, 0x0000000741cffff8, 0x0000000741d00000| 99%| O|  |TAMS 0x0000000741c00000, 0x0000000741c00000| Untracked 
|  29|0x0000000741d00000, 0x0000000741e00000, 0x0000000741e00000|100%| O|  |TAMS 0x0000000741d00000, 0x0000000741d00000| Untracked 
|  30|0x0000000741e00000, 0x0000000741effff8, 0x0000000741f00000| 99%| O|  |TAMS 0x0000000741e00000, 0x0000000741e00000| Untracked 
|  31|0x0000000741f00000, 0x0000000742000000, 0x0000000742000000|100%| O|  |TAMS 0x0000000741f00000, 0x0000000741f00000| Untracked 
|  32|0x0000000742000000, 0x0000000742100000, 0x0000000742100000|100%| O|  |TAMS 0x0000000742000000, 0x0000000742000000| Untracked 
|  33|0x0000000742100000, 0x00000007421ffff8, 0x0000000742200000| 99%| O|  |TAMS 0x0000000742100000, 0x0000000742100000| Untracked 
|  34|0x0000000742200000, 0x0000000742300000, 0x0000000742300000|100%| O|  |TAMS 0x0000000742200000, 0x0000000742200000| Untracked 
|  35|0x0000000742300000, 0x00000007423ffff8, 0x0000000742400000| 99%| O|  |TAMS 0x0000000742300000, 0x0000000742300000| Untracked 
|  36|0x0000000742400000, 0x0000000742500000, 0x0000000742500000|100%| O|  |TAMS 0x0000000742400000, 0x0000000742400000| Untracked 
|  37|0x0000000742500000, 0x0000000742600000, 0x0000000742600000|100%| O|  |TAMS 0x0000000742500000, 0x0000000742500000| Untracked 
|  38|0x0000000742600000, 0x0000000742700000, 0x0000000742700000|100%| O|  |TAMS 0x0000000742600000, 0x0000000742600000| Untracked 
|  39|0x0000000742700000, 0x00000007427ffff8, 0x0000000742800000| 99%| O|  |TAMS 0x0000000742700000, 0x0000000742700000| Untracked 
|  40|0x0000000742800000, 0x00000007428ffff8, 0x0000000742900000| 99%| O|  |TAMS 0x0000000742800000, 0x0000000742800000| Untracked 
|  41|0x0000000742900000, 0x0000000742a00000, 0x0000000742a00000|100%|HS|  |TAMS 0x0000000742900000, 0x0000000742900000| Untracked 
|  42|0x0000000742a00000, 0x0000000742b00000, 0x0000000742b00000|100%|HC|  |TAMS 0x0000000742a00000, 0x0000000742a00000| Untracked 
|  43|0x0000000742b00000, 0x0000000742c00000, 0x0000000742c00000|100%|HC|  |TAMS 0x0000000742b00000, 0x0000000742b00000| Untracked 
|  44|0x0000000742c00000, 0x0000000742d00000, 0x0000000742d00000|100%|HC|  |TAMS 0x0000000742c00000, 0x0000000742c00000| Untracked 
|  45|0x0000000742d00000, 0x0000000742e00000, 0x0000000742e00000|100%|HC|  |TAMS 0x0000000742d00000, 0x0000000742d00000| Untracked 
|  46|0x0000000742e00000, 0x0000000742f00000, 0x0000000742f00000|100%|HC|  |TAMS 0x0000000742e00000, 0x0000000742e00000| Untracked 
|  47|0x0000000742f00000, 0x0000000743000000, 0x0000000743000000|100%|HC|  |TAMS 0x0000000742f00000, 0x0000000742f00000| Untracked 
|  48|0x0000000743000000, 0x0000000743100000, 0x0000000743100000|100%|HC|  |TAMS 0x0000000743000000, 0x0000000743000000| Untracked 
|  49|0x0000000743100000, 0x0000000743200000, 0x0000000743200000|100%|HC|  |TAMS 0x0000000743100000, 0x0000000743100000| Untracked 
|  50|0x0000000743200000, 0x0000000743300000, 0x0000000743300000|100%|HC|  |TAMS 0x0000000743200000, 0x0000000743200000| Untracked 
|  51|0x0000000743300000, 0x0000000743400000, 0x0000000743400000|100%|HC|  |TAMS 0x0000000743300000, 0x0000000743300000| Untracked 
|  52|0x0000000743400000, 0x0000000743500000, 0x0000000743500000|100%|HC|  |TAMS 0x0000000743400000, 0x0000000743400000| Untracked 
|  53|0x0000000743500000, 0x0000000743600000, 0x0000000743600000|100%|HC|  |TAMS 0x0000000743500000, 0x0000000743500000| Untracked 
|  54|0x0000000743600000, 0x0000000743700000, 0x0000000743700000|100%|HC|  |TAMS 0x0000000743600000, 0x0000000743600000| Untracked 
|  55|0x0000000743700000, 0x0000000743800000, 0x0000000743800000|100%| O|  |TAMS 0x0000000743700000, 0x0000000743700000| Untracked 
|  56|0x0000000743800000, 0x0000000743900000, 0x0000000743900000|100%| O|  |TAMS 0x0000000743800000, 0x0000000743800000| Untracked 
|  57|0x0000000743900000, 0x0000000743a00000, 0x0000000743a00000|100%| O|  |TAMS 0x0000000743900000, 0x0000000743900000| Untracked 
|  58|0x0000000743a00000, 0x0000000743b00000, 0x0000000743b00000|100%| O|  |TAMS 0x0000000743a00000, 0x0000000743a00000| Untracked 
|  59|0x0000000743b00000, 0x0000000743bffff0, 0x0000000743c00000| 99%| O|  |TAMS 0x0000000743b00000, 0x0000000743b00000| Untracked 
|  60|0x0000000743c00000, 0x0000000743d00000, 0x0000000743d00000|100%| O|  |TAMS 0x0000000743c00000, 0x0000000743c00000| Untracked 
|  61|0x0000000743d00000, 0x0000000743e00000, 0x0000000743e00000|100%| O|  |TAMS 0x0000000743d00000, 0x0000000743d00000| Untracked 
|  62|0x0000000743e00000, 0x0000000743f00000, 0x0000000743f00000|100%| O|  |TAMS 0x0000000743e00000, 0x0000000743e00000| Untracked 
|  63|0x0000000743f00000, 0x0000000744000000, 0x0000000744000000|100%| O|  |TAMS 0x0000000743f00000, 0x0000000743f00000| Untracked 
|  64|0x0000000744000000, 0x0000000744100000, 0x0000000744100000|100%| O|  |TAMS 0x0000000744000000, 0x0000000744000000| Untracked 
|  65|0x0000000744100000, 0x0000000744200000, 0x0000000744200000|100%| O|  |TAMS 0x0000000744100000, 0x0000000744100000| Untracked 
|  66|0x0000000744200000, 0x00000007442ffff8, 0x0000000744300000| 99%| O|  |TAMS 0x0000000744200000, 0x0000000744200000| Untracked 
|  67|0x0000000744300000, 0x0000000744400000, 0x0000000744400000|100%| O|  |TAMS 0x0000000744300000, 0x0000000744300000| Untracked 
|  68|0x0000000744400000, 0x00000007444ffff0, 0x0000000744500000| 99%| O|  |TAMS 0x0000000744400000, 0x0000000744400000| Untracked 
|  69|0x0000000744500000, 0x00000007445ff4c0, 0x0000000744600000| 99%| O|  |TAMS 0x0000000744500000, 0x0000000744500000| Untracked 
|  70|0x0000000744600000, 0x00000007446ffef0, 0x0000000744700000| 99%| O|  |TAMS 0x0000000744600000, 0x0000000744600000| Untracked 
|  71|0x0000000744700000, 0x00000007447ffff8, 0x0000000744800000| 99%| O|  |TAMS 0x0000000744700000, 0x0000000744700000| Untracked 
|  72|0x0000000744800000, 0x00000007448ffff8, 0x0000000744900000| 99%| O|  |TAMS 0x0000000744800000, 0x0000000744800000| Untracked 
|  73|0x0000000744900000, 0x0000000744a00000, 0x0000000744a00000|100%| O|  |TAMS 0x0000000744900000, 0x0000000744900000| Untracked 
|  74|0x0000000744a00000, 0x0000000744afffc8, 0x0000000744b00000| 99%| O|  |TAMS 0x0000000744a00000, 0x0000000744a00000| Untracked 
|  75|0x0000000744b00000, 0x0000000744bffff0, 0x0000000744c00000| 99%| O|  |TAMS 0x0000000744b00000, 0x0000000744b00000| Untracked 
|  76|0x0000000744c00000, 0x0000000744cfffb8, 0x0000000744d00000| 99%| O|  |TAMS 0x0000000744c00000, 0x0000000744c00000| Untracked 
|  77|0x0000000744d00000, 0x0000000744dfffe8, 0x0000000744e00000| 99%| O|  |TAMS 0x0000000744d00000, 0x0000000744d00000| Untracked 
|  78|0x0000000744e00000, 0x0000000744efffe8, 0x0000000744f00000| 99%| O|  |TAMS 0x0000000744e00000, 0x0000000744e00000| Untracked 
|  79|0x0000000744f00000, 0x0000000744fffff8, 0x0000000745000000| 99%| O|  |TAMS 0x0000000744f00000, 0x0000000744f00000| Untracked 
|  80|0x0000000745000000, 0x00000007450ffff0, 0x0000000745100000| 99%| O|  |TAMS 0x0000000745000000, 0x0000000745000000| Untracked 
|  81|0x0000000745100000, 0x00000007451ffff0, 0x0000000745200000| 99%| O|  |TAMS 0x0000000745100000, 0x0000000745100000| Untracked 
|  82|0x0000000745200000, 0x00000007452ffff8, 0x0000000745300000| 99%| O|  |TAMS 0x0000000745200000, 0x0000000745200000| Untracked 
|  83|0x0000000745300000, 0x00000007453ffff0, 0x0000000745400000| 99%| O|  |TAMS 0x0000000745300000, 0x0000000745300000| Untracked 
|  84|0x0000000745400000, 0x00000007454ffff0, 0x0000000745500000| 99%| O|  |TAMS 0x0000000745400000, 0x0000000745400000| Untracked 
|  85|0x0000000745500000, 0x00000007455fffe8, 0x0000000745600000| 99%| O|  |TAMS 0x0000000745500000, 0x0000000745500000| Untracked 
|  86|0x0000000745600000, 0x00000007456ffff0, 0x0000000745700000| 99%| O|  |TAMS 0x0000000745600000, 0x0000000745600000| Untracked 
|  87|0x0000000745700000, 0x00000007457ffff0, 0x0000000745800000| 99%| O|  |TAMS 0x0000000745700000, 0x0000000745700000| Untracked 
|  88|0x0000000745800000, 0x00000007458fffb8, 0x0000000745900000| 99%| O|  |TAMS 0x0000000745800000, 0x0000000745800000| Untracked 
|  89|0x0000000745900000, 0x00000007459ffff0, 0x0000000745a00000| 99%| O|  |TAMS 0x0000000745900000, 0x0000000745900000| Untracked 
|  90|0x0000000745a00000, 0x0000000745b00000, 0x0000000745b00000|100%| O|  |TAMS 0x0000000745a00000, 0x0000000745a00000| Untracked 
|  91|0x0000000745b00000, 0x0000000745c00000, 0x0000000745c00000|100%|HS|  |TAMS 0x0000000745b00000, 0x0000000745b00000| Untracked 
|  92|0x0000000745c00000, 0x0000000745d00000, 0x0000000745d00000|100%|HS|  |TAMS 0x0000000745c00000, 0x0000000745c00000| Untracked 
|  93|0x0000000745d00000, 0x0000000745e00000, 0x0000000745e00000|100%|HC|  |TAMS 0x0000000745d00000, 0x0000000745d00000| Untracked 
|  94|0x0000000745e00000, 0x0000000745f00000, 0x0000000745f00000|100%|HC|  |TAMS 0x0000000745e00000, 0x0000000745e00000| Untracked 
|  95|0x0000000745f00000, 0x0000000745ffffe8, 0x0000000746000000| 99%| O|  |TAMS 0x0000000745f00000, 0x0000000745f00000| Untracked 
|  96|0x0000000746000000, 0x00000007460fffc8, 0x0000000746100000| 99%| O|  |TAMS 0x0000000746000000, 0x0000000746000000| Untracked 
|  97|0x0000000746100000, 0x00000007461ffff0, 0x0000000746200000| 99%| O|  |TAMS 0x0000000746100000, 0x0000000746100000| Untracked 
|  98|0x0000000746200000, 0x00000007462ffff8, 0x0000000746300000| 99%| O|  |TAMS 0x0000000746200000, 0x0000000746200000| Untracked 
|  99|0x0000000746300000, 0x00000007463ffff0, 0x0000000746400000| 99%| O|  |TAMS 0x0000000746300000, 0x0000000746300000| Untracked 
| 100|0x0000000746400000, 0x00000007464ffba8, 0x0000000746500000| 99%| O|  |TAMS 0x0000000746400000, 0x0000000746400000| Untracked 
| 101|0x0000000746500000, 0x00000007465fffe8, 0x0000000746600000| 99%| O|  |TAMS 0x0000000746500000, 0x0000000746500000| Untracked 
| 102|0x0000000746600000, 0x0000000746700000, 0x0000000746700000|100%| O|  |TAMS 0x0000000746600000, 0x0000000746600000| Untracked 
| 103|0x0000000746700000, 0x0000000746800000, 0x0000000746800000|100%| O|  |TAMS 0x0000000746700000, 0x0000000746700000| Untracked 
| 104|0x0000000746800000, 0x00000007468fee90, 0x0000000746900000| 99%| O|  |TAMS 0x0000000746800000, 0x0000000746800000| Untracked 
| 105|0x0000000746900000, 0x00000007469ffff0, 0x0000000746a00000| 99%| O|  |TAMS 0x0000000746900000, 0x0000000746900000| Untracked 
| 106|0x0000000746a00000, 0x0000000746b00000, 0x0000000746b00000|100%| O|  |TAMS 0x0000000746a00000, 0x0000000746a00000| Untracked 
| 107|0x0000000746b00000, 0x0000000746bfff78, 0x0000000746c00000| 99%| O|  |TAMS 0x0000000746b00000, 0x0000000746b00000| Untracked 
| 108|0x0000000746c00000, 0x0000000746cffff0, 0x0000000746d00000| 99%| O|  |TAMS 0x0000000746c00000, 0x0000000746c00000| Untracked 
| 109|0x0000000746d00000, 0x0000000746dffff8, 0x0000000746e00000| 99%| O|  |TAMS 0x0000000746d00000, 0x0000000746d00000| Untracked 
| 110|0x0000000746e00000, 0x0000000746effff8, 0x0000000746f00000| 99%| O|  |TAMS 0x0000000746e00000, 0x0000000746e00000| Untracked 
| 111|0x0000000746f00000, 0x0000000746ffffe8, 0x0000000747000000| 99%| O|  |TAMS 0x0000000746f00000, 0x0000000746f00000| Untracked 
| 112|0x0000000747000000, 0x00000007470ffff8, 0x0000000747100000| 99%| O|  |TAMS 0x0000000747000000, 0x0000000747000000| Untracked 
| 113|0x0000000747100000, 0x0000000747200000, 0x0000000747200000|100%| O|  |TAMS 0x0000000747100000, 0x0000000747100000| Untracked 
| 114|0x0000000747200000, 0x00000007472fffe8, 0x0000000747300000| 99%| O|  |TAMS 0x0000000747200000, 0x0000000747200000| Untracked 
| 115|0x0000000747300000, 0x00000007473fdc08, 0x0000000747400000| 99%| O|  |TAMS 0x0000000747300000, 0x0000000747300000| Untracked 
| 116|0x0000000747400000, 0x00000007474ffff0, 0x0000000747500000| 99%| O|  |TAMS 0x0000000747400000, 0x0000000747400000| Untracked 
| 117|0x0000000747500000, 0x00000007475fffe8, 0x0000000747600000| 99%| O|  |TAMS 0x0000000747500000, 0x0000000747500000| Untracked 
| 118|0x0000000747600000, 0x00000007476fea78, 0x0000000747700000| 99%| O|  |TAMS 0x0000000747600000, 0x0000000747600000| Untracked 
| 119|0x0000000747700000, 0x00000007477fffe8, 0x0000000747800000| 99%| O|  |TAMS 0x0000000747700000, 0x0000000747700000| Untracked 
| 120|0x0000000747800000, 0x00000007478ea9e0, 0x0000000747900000| 91%| O|  |TAMS 0x0000000747800000, 0x0000000747800000| Untracked 
| 121|0x0000000747900000, 0x0000000747937bb0, 0x0000000747a00000| 21%| O|  |TAMS 0x0000000747900000, 0x0000000747900000| Untracked 
| 122|0x0000000747a00000, 0x0000000747a42f60, 0x0000000747b00000| 26%| O|  |TAMS 0x0000000747a00000, 0x0000000747a00000| Untracked 
| 123|0x0000000747b00000, 0x0000000747c00000, 0x0000000747c00000|100%|HS|  |TAMS 0x0000000747b00000, 0x0000000747b00000| Untracked 
| 124|0x0000000747c00000, 0x0000000747d00000, 0x0000000747d00000|100%|HC|  |TAMS 0x0000000747c00000, 0x0000000747c00000| Untracked 
| 125|0x0000000747d00000, 0x0000000747d00000, 0x0000000747e00000|  0%| F|  |TAMS 0x0000000747d00000, 0x0000000747d00000| Untracked 
| 126|0x0000000747e00000, 0x0000000747e00000, 0x0000000747f00000|  0%| F|  |TAMS 0x0000000747e00000, 0x0000000747e00000| Untracked 
| 127|0x0000000747f00000, 0x0000000747f00000, 0x0000000748000000|  0%| F|  |TAMS 0x0000000747f00000, 0x0000000747f00000| Untracked 
| 128|0x0000000748000000, 0x0000000748000000, 0x0000000748100000|  0%| F|  |TAMS 0x0000000748000000, 0x0000000748000000| Untracked 
| 129|0x0000000748100000, 0x0000000748100000, 0x0000000748200000|  0%| F|  |TAMS 0x0000000748100000, 0x0000000748100000| Untracked 
| 130|0x0000000748200000, 0x0000000748200000, 0x0000000748300000|  0%| F|  |TAMS 0x0000000748200000, 0x0000000748200000| Untracked 
| 131|0x0000000748300000, 0x0000000748300000, 0x0000000748400000|  0%| F|  |TAMS 0x0000000748300000, 0x0000000748300000| Untracked 
| 132|0x0000000748400000, 0x0000000748400000, 0x0000000748500000|  0%| F|  |TAMS 0x0000000748400000, 0x0000000748400000| Untracked 
| 133|0x0000000748500000, 0x0000000748500000, 0x0000000748600000|  0%| F|  |TAMS 0x0000000748500000, 0x0000000748500000| Untracked 
| 134|0x0000000748600000, 0x0000000748600000, 0x0000000748700000|  0%| F|  |TAMS 0x0000000748600000, 0x0000000748600000| Untracked 
| 135|0x0000000748700000, 0x0000000748700000, 0x0000000748800000|  0%| F|  |TAMS 0x0000000748700000, 0x0000000748700000| Untracked 
| 136|0x0000000748800000, 0x0000000748802088, 0x0000000748900000|  0%| O|  |TAMS 0x0000000748800000, 0x0000000748800000| Untracked 
| 137|0x0000000748900000, 0x0000000748900000, 0x0000000748a00000|  0%| F|  |TAMS 0x0000000748900000, 0x0000000748900000| Untracked 
| 138|0x0000000748a00000, 0x0000000748a00000, 0x0000000748b00000|  0%| F|  |TAMS 0x0000000748a00000, 0x0000000748a00000| Untracked 
| 139|0x0000000748b00000, 0x0000000748b00000, 0x0000000748c00000|  0%| F|  |TAMS 0x0000000748b00000, 0x0000000748b00000| Untracked 
| 140|0x0000000748c00000, 0x0000000748c00000, 0x0000000748d00000|  0%| F|  |TAMS 0x0000000748c00000, 0x0000000748c00000| Untracked 
| 141|0x0000000748d00000, 0x0000000748d00000, 0x0000000748e00000|  0%| F|  |TAMS 0x0000000748d00000, 0x0000000748d00000| Untracked 
| 142|0x0000000748e00000, 0x0000000748e00000, 0x0000000748f00000|  0%| F|  |TAMS 0x0000000748e00000, 0x0000000748e00000| Untracked 
| 143|0x0000000748f00000, 0x0000000748f00000, 0x0000000749000000|  0%| F|  |TAMS 0x0000000748f00000, 0x0000000748f00000| Untracked 
| 144|0x0000000749000000, 0x0000000749000000, 0x0000000749100000|  0%| F|  |TAMS 0x0000000749000000, 0x0000000749000000| Untracked 
| 145|0x0000000749100000, 0x0000000749100000, 0x0000000749200000|  0%| F|  |TAMS 0x0000000749100000, 0x0000000749100000| Untracked 
| 146|0x0000000749200000, 0x0000000749200000, 0x0000000749300000|  0%| F|  |TAMS 0x0000000749200000, 0x0000000749200000| Untracked 
| 147|0x0000000749300000, 0x0000000749300000, 0x0000000749400000|  0%| F|  |TAMS 0x0000000749300000, 0x0000000749300000| Untracked 
| 148|0x0000000749400000, 0x0000000749400000, 0x0000000749500000|  0%| F|  |TAMS 0x0000000749400000, 0x0000000749400000| Untracked 
| 149|0x0000000749500000, 0x0000000749500000, 0x0000000749600000|  0%| F|  |TAMS 0x0000000749500000, 0x0000000749500000| Untracked 
| 150|0x0000000749600000, 0x0000000749600000, 0x0000000749700000|  0%| F|  |TAMS 0x0000000749600000, 0x0000000749600000| Untracked 
| 151|0x0000000749700000, 0x0000000749700000, 0x0000000749800000|  0%| F|  |TAMS 0x0000000749700000, 0x0000000749700000| Untracked 
| 152|0x0000000749800000, 0x0000000749800000, 0x0000000749900000|  0%| F|  |TAMS 0x0000000749800000, 0x0000000749800000| Untracked 
| 153|0x0000000749900000, 0x0000000749900000, 0x0000000749a00000|  0%| F|  |TAMS 0x0000000749900000, 0x0000000749900000| Untracked 
| 154|0x0000000749a00000, 0x0000000749a00000, 0x0000000749b00000|  0%| F|  |TAMS 0x0000000749a00000, 0x0000000749a00000| Untracked 
| 155|0x0000000749b00000, 0x0000000749b00000, 0x0000000749c00000|  0%| F|  |TAMS 0x0000000749b00000, 0x0000000749b00000| Untracked 
| 156|0x0000000749c00000, 0x0000000749c8b1f0, 0x0000000749d00000| 54%| O|  |TAMS 0x0000000749c00000, 0x0000000749c00000| Untracked 
| 157|0x0000000749d00000, 0x0000000749d00000, 0x0000000749e00000|  0%| F|  |TAMS 0x0000000749d00000, 0x0000000749d00000| Untracked 
| 158|0x0000000749e00000, 0x0000000749e00000, 0x0000000749f00000|  0%| F|  |TAMS 0x0000000749e00000, 0x0000000749e00000| Untracked 
| 159|0x0000000749f00000, 0x0000000749f00000, 0x000000074a000000|  0%| F|  |TAMS 0x0000000749f00000, 0x0000000749f00000| Untracked 
| 160|0x000000074a000000, 0x000000074a000000, 0x000000074a100000|  0%| F|  |TAMS 0x000000074a000000, 0x000000074a000000| Untracked 
| 161|0x000000074a100000, 0x000000074a100000, 0x000000074a200000|  0%| F|  |TAMS 0x000000074a100000, 0x000000074a100000| Untracked 
| 162|0x000000074a200000, 0x000000074a200000, 0x000000074a300000|  0%| F|  |TAMS 0x000000074a200000, 0x000000074a200000| Untracked 
| 163|0x000000074a300000, 0x000000074a300000, 0x000000074a400000|  0%| F|  |TAMS 0x000000074a300000, 0x000000074a300000| Untracked 
| 164|0x000000074a400000, 0x000000074a400000, 0x000000074a500000|  0%| F|  |TAMS 0x000000074a400000, 0x000000074a400000| Untracked 
| 165|0x000000074a500000, 0x000000074a500000, 0x000000074a600000|  0%| F|  |TAMS 0x000000074a500000, 0x000000074a500000| Untracked 
| 166|0x000000074a600000, 0x000000074a600000, 0x000000074a700000|  0%| F|  |TAMS 0x000000074a600000, 0x000000074a600000| Untracked 
| 167|0x000000074a700000, 0x000000074a700000, 0x000000074a800000|  0%| F|  |TAMS 0x000000074a700000, 0x000000074a700000| Untracked 
| 168|0x000000074a800000, 0x000000074a800000, 0x000000074a900000|  0%| F|  |TAMS 0x000000074a800000, 0x000000074a800000| Untracked 
| 169|0x000000074a900000, 0x000000074a900000, 0x000000074aa00000|  0%| F|  |TAMS 0x000000074a900000, 0x000000074a900000| Untracked 
| 170|0x000000074aa00000, 0x000000074aa00000, 0x000000074ab00000|  0%| F|  |TAMS 0x000000074aa00000, 0x000000074aa00000| Untracked 
| 171|0x000000074ab00000, 0x000000074ab00000, 0x000000074ac00000|  0%| F|  |TAMS 0x000000074ab00000, 0x000000074ab00000| Untracked 
| 172|0x000000074ac00000, 0x000000074ac00000, 0x000000074ad00000|  0%| F|  |TAMS 0x000000074ac00000, 0x000000074ac00000| Untracked 
| 173|0x000000074ad00000, 0x000000074ad00000, 0x000000074ae00000|  0%| F|  |TAMS 0x000000074ad00000, 0x000000074ad00000| Untracked 
| 174|0x000000074ae00000, 0x000000074ae00000, 0x000000074af00000|  0%| F|  |TAMS 0x000000074ae00000, 0x000000074ae00000| Untracked 
| 175|0x000000074af00000, 0x000000074af00000, 0x000000074b000000|  0%| F|  |TAMS 0x000000074af00000, 0x000000074af00000| Untracked 
| 176|0x000000074b000000, 0x000000074b000000, 0x000000074b100000|  0%| F|  |TAMS 0x000000074b000000, 0x000000074b000000| Untracked 
| 177|0x000000074b100000, 0x000000074b100000, 0x000000074b200000|  0%| F|  |TAMS 0x000000074b100000, 0x000000074b100000| Untracked 
| 178|0x000000074b200000, 0x000000074b200000, 0x000000074b300000|  0%| F|  |TAMS 0x000000074b200000, 0x000000074b200000| Untracked 
| 179|0x000000074b300000, 0x000000074b300000, 0x000000074b400000|  0%| F|  |TAMS 0x000000074b300000, 0x000000074b300000| Untracked 
| 180|0x000000074b400000, 0x000000074b400000, 0x000000074b500000|  0%| F|  |TAMS 0x000000074b400000, 0x000000074b400000| Untracked 
| 181|0x000000074b500000, 0x000000074b500000, 0x000000074b600000|  0%| F|  |TAMS 0x000000074b500000, 0x000000074b500000| Untracked 
| 182|0x000000074b600000, 0x000000074b600158, 0x000000074b700000|  0%| O|  |TAMS 0x000000074b600000, 0x000000074b600000| Untracked 
| 183|0x000000074b700000, 0x000000074b700000, 0x000000074b800000|  0%| F|  |TAMS 0x000000074b700000, 0x000000074b700000| Untracked 
| 184|0x000000074b800000, 0x000000074b800000, 0x000000074b900000|  0%| F|  |TAMS 0x000000074b800000, 0x000000074b800000| Untracked 
| 185|0x000000074b900000, 0x000000074b900000, 0x000000074ba00000|  0%| F|  |TAMS 0x000000074b900000, 0x000000074b900000| Untracked 
| 186|0x000000074ba00000, 0x000000074ba00000, 0x000000074bb00000|  0%| F|  |TAMS 0x000000074ba00000, 0x000000074ba00000| Untracked 
| 187|0x000000074bb00000, 0x000000074bb00000, 0x000000074bc00000|  0%| F|  |TAMS 0x000000074bb00000, 0x000000074bb00000| Untracked 
| 188|0x000000074bc00000, 0x000000074bca6118, 0x000000074bd00000| 64%| S|CS|TAMS 0x000000074bc00000, 0x000000074bc00000| Complete 
| 189|0x000000074bd00000, 0x000000074bd00000, 0x000000074be00000|  0%| F|  |TAMS 0x000000074bd00000, 0x000000074bd00000| Untracked 
| 190|0x000000074be00000, 0x000000074be00000, 0x000000074bf00000|  0%| F|  |TAMS 0x000000074be00000, 0x000000074be00000| Untracked 
| 191|0x000000074bf00000, 0x000000074bf00000, 0x000000074c000000|  0%| F|  |TAMS 0x000000074bf00000, 0x000000074bf00000| Untracked 
| 192|0x000000074c000000, 0x000000074c000000, 0x000000074c100000|  0%| F|  |TAMS 0x000000074c000000, 0x000000074c000000| Untracked 
| 193|0x000000074c100000, 0x000000074c109e68, 0x000000074c200000|  3%| O|  |TAMS 0x000000074c100000, 0x000000074c100000| Untracked 
| 194|0x000000074c200000, 0x000000074c200000, 0x000000074c300000|  0%| F|  |TAMS 0x000000074c200000, 0x000000074c200000| Untracked 
| 195|0x000000074c300000, 0x000000074c300000, 0x000000074c400000|  0%| F|  |TAMS 0x000000074c300000, 0x000000074c300000| Untracked 
| 196|0x000000074c400000, 0x000000074c400000, 0x000000074c500000|  0%| F|  |TAMS 0x000000074c400000, 0x000000074c400000| Untracked 
| 197|0x000000074c500000, 0x000000074c500000, 0x000000074c600000|  0%| F|  |TAMS 0x000000074c500000, 0x000000074c500000| Untracked 
| 198|0x000000074c600000, 0x000000074c600000, 0x000000074c700000|  0%| F|  |TAMS 0x000000074c600000, 0x000000074c600000| Untracked 
| 199|0x000000074c700000, 0x000000074c700000, 0x000000074c800000|  0%| F|  |TAMS 0x000000074c700000, 0x000000074c700000| Untracked 
| 200|0x000000074c800000, 0x000000074c800000, 0x000000074c900000|  0%| F|  |TAMS 0x000000074c800000, 0x000000074c800000| Untracked 
| 201|0x000000074c900000, 0x000000074c900000, 0x000000074ca00000|  0%| F|  |TAMS 0x000000074c900000, 0x000000074c900000| Untracked 
| 202|0x000000074ca00000, 0x000000074ca00000, 0x000000074cb00000|  0%| F|  |TAMS 0x000000074ca00000, 0x000000074ca00000| Untracked 
| 203|0x000000074cb00000, 0x000000074cb00000, 0x000000074cc00000|  0%| F|  |TAMS 0x000000074cb00000, 0x000000074cb00000| Untracked 
| 204|0x000000074cc00000, 0x000000074cc00000, 0x000000074cd00000|  0%| F|  |TAMS 0x000000074cc00000, 0x000000074cc00000| Untracked 
| 205|0x000000074cd00000, 0x000000074cd00000, 0x000000074ce00000|  0%| F|  |TAMS 0x000000074cd00000, 0x000000074cd00000| Untracked 
| 206|0x000000074ce00000, 0x000000074ce00000, 0x000000074cf00000|  0%| F|  |TAMS 0x000000074ce00000, 0x000000074ce00000| Untracked 
| 207|0x000000074cf00000, 0x000000074cf00000, 0x000000074d000000|  0%| F|  |TAMS 0x000000074cf00000, 0x000000074cf00000| Untracked 
| 208|0x000000074d000000, 0x000000074d0a3a98, 0x000000074d100000| 63%| E|  |TAMS 0x000000074d000000, 0x000000074d000000| Complete 
| 209|0x000000074d100000, 0x000000074d200000, 0x000000074d200000|100%| E|CS|TAMS 0x000000074d100000, 0x000000074d100000| Complete 
| 210|0x000000074d200000, 0x000000074d300000, 0x000000074d300000|100%| E|CS|TAMS 0x000000074d200000, 0x000000074d200000| Complete 
| 211|0x000000074d300000, 0x000000074d400000, 0x000000074d400000|100%| E|CS|TAMS 0x000000074d300000, 0x000000074d300000| Complete 
| 212|0x000000074d400000, 0x000000074d500000, 0x000000074d500000|100%| E|CS|TAMS 0x000000074d400000, 0x000000074d400000| Complete 
| 213|0x000000074d500000, 0x000000074d600000, 0x000000074d600000|100%| E|CS|TAMS 0x000000074d500000, 0x000000074d500000| Complete 
| 214|0x000000074d600000, 0x000000074d700000, 0x000000074d700000|100%| E|CS|TAMS 0x000000074d600000, 0x000000074d600000| Complete 
| 215|0x000000074d700000, 0x000000074d800000, 0x000000074d800000|100%| E|CS|TAMS 0x000000074d700000, 0x000000074d700000| Complete 
| 216|0x000000074d800000, 0x000000074d900000, 0x000000074d900000|100%| E|CS|TAMS 0x000000074d800000, 0x000000074d800000| Complete 
| 217|0x000000074d900000, 0x000000074da00000, 0x000000074da00000|100%| E|CS|TAMS 0x000000074d900000, 0x000000074d900000| Complete 
| 218|0x000000074da00000, 0x000000074db00000, 0x000000074db00000|100%| E|CS|TAMS 0x000000074da00000, 0x000000074da00000| Complete 
| 219|0x000000074db00000, 0x000000074dc00000, 0x000000074dc00000|100%| E|CS|TAMS 0x000000074db00000, 0x000000074db00000| Complete 
| 220|0x000000074dc00000, 0x000000074dd00000, 0x000000074dd00000|100%| E|CS|TAMS 0x000000074dc00000, 0x000000074dc00000| Complete 
| 221|0x000000074dd00000, 0x000000074de00000, 0x000000074de00000|100%| E|CS|TAMS 0x000000074dd00000, 0x000000074dd00000| Complete 
| 222|0x000000074de00000, 0x000000074df00000, 0x000000074df00000|100%| E|CS|TAMS 0x000000074de00000, 0x000000074de00000| Complete 
| 223|0x000000074df00000, 0x000000074e000000, 0x000000074e000000|100%| E|CS|TAMS 0x000000074df00000, 0x000000074df00000| Complete 
| 224|0x000000074e000000, 0x000000074e100000, 0x000000074e100000|100%| E|CS|TAMS 0x000000074e000000, 0x000000074e000000| Complete 
| 225|0x000000074e100000, 0x000000074e200000, 0x000000074e200000|100%| E|CS|TAMS 0x000000074e100000, 0x000000074e100000| Complete 
| 226|0x000000074e200000, 0x000000074e300000, 0x000000074e300000|100%| E|CS|TAMS 0x000000074e200000, 0x000000074e200000| Complete 
| 227|0x000000074e300000, 0x000000074e400000, 0x000000074e400000|100%| E|CS|TAMS 0x000000074e300000, 0x000000074e300000| Complete 
| 228|0x000000074e400000, 0x000000074e500000, 0x000000074e500000|100%| E|CS|TAMS 0x000000074e400000, 0x000000074e400000| Complete 
| 229|0x000000074e500000, 0x000000074e600000, 0x000000074e600000|100%| E|CS|TAMS 0x000000074e500000, 0x000000074e500000| Complete 
| 230|0x000000074e600000, 0x000000074e700000, 0x000000074e700000|100%| E|CS|TAMS 0x000000074e600000, 0x000000074e600000| Complete 
| 231|0x000000074e700000, 0x000000074e800000, 0x000000074e800000|100%| E|CS|TAMS 0x000000074e700000, 0x000000074e700000| Complete 
| 232|0x000000074e800000, 0x000000074e900000, 0x000000074e900000|100%| E|CS|TAMS 0x000000074e800000, 0x000000074e800000| Complete 
| 233|0x000000074e900000, 0x000000074ea00000, 0x000000074ea00000|100%| E|CS|TAMS 0x000000074e900000, 0x000000074e900000| Complete 
| 234|0x000000074ea00000, 0x000000074eb00000, 0x000000074eb00000|100%| E|CS|TAMS 0x000000074ea00000, 0x000000074ea00000| Complete 
| 235|0x000000074eb00000, 0x000000074ec00000, 0x000000074ec00000|100%| E|CS|TAMS 0x000000074eb00000, 0x000000074eb00000| Complete 
| 236|0x000000074ec00000, 0x000000074ed00000, 0x000000074ed00000|100%| E|CS|TAMS 0x000000074ec00000, 0x000000074ec00000| Complete 
| 237|0x000000074ed00000, 0x000000074ee00000, 0x000000074ee00000|100%| E|CS|TAMS 0x000000074ed00000, 0x000000074ed00000| Complete 
| 238|0x000000074ee00000, 0x000000074ef00000, 0x000000074ef00000|100%| E|CS|TAMS 0x000000074ee00000, 0x000000074ee00000| Complete 
| 239|0x000000074ef00000, 0x000000074f000000, 0x000000074f000000|100%| E|CS|TAMS 0x000000074ef00000, 0x000000074ef00000| Complete 
| 240|0x000000074f000000, 0x000000074f100000, 0x000000074f100000|100%| E|CS|TAMS 0x000000074f000000, 0x000000074f000000| Complete 
| 241|0x000000074f100000, 0x000000074f200000, 0x000000074f200000|100%| E|CS|TAMS 0x000000074f100000, 0x000000074f100000| Complete 
| 242|0x000000074f200000, 0x000000074f300000, 0x000000074f300000|100%| E|CS|TAMS 0x000000074f200000, 0x000000074f200000| Complete 
| 243|0x000000074f300000, 0x000000074f400000, 0x000000074f400000|100%| E|CS|TAMS 0x000000074f300000, 0x000000074f300000| Complete 
| 244|0x000000074f400000, 0x000000074f500000, 0x000000074f500000|100%| E|CS|TAMS 0x000000074f400000, 0x000000074f400000| Complete 
| 245|0x000000074f500000, 0x000000074f600000, 0x000000074f600000|100%| E|CS|TAMS 0x000000074f500000, 0x000000074f500000| Complete 
| 246|0x000000074f600000, 0x000000074f700000, 0x000000074f700000|100%| E|CS|TAMS 0x000000074f600000, 0x000000074f600000| Complete 
| 247|0x000000074f700000, 0x000000074f800000, 0x000000074f800000|100%| E|CS|TAMS 0x000000074f700000, 0x000000074f700000| Complete 
| 248|0x000000074f800000, 0x000000074f900000, 0x000000074f900000|100%| E|CS|TAMS 0x000000074f800000, 0x000000074f800000| Complete 

Card table byte_map: [0x00000135bfe80000,0x00000135c0480000] _byte_map_base: 0x00000135bc480000

Marking Bits (Prev, Next): (CMBitMap*) 0x00000135bdcea460, (CMBitMap*) 0x00000135bdcea428
 Prev Bits: [0x00000135cf4a0000, 0x00000135d24a0000)
 Next Bits: [0x00000135cc4a0000, 0x00000135cf4a0000)

Polling page: 0x00000135b7160000

Metaspace:

Usage:
  Non-class:     94.96 MB capacity,    93.92 MB ( 99%) used,   806.56 KB ( <1%) free+waste,   259.94 KB ( <1%) overhead. 
      Class:     15.66 MB capacity,    14.96 MB ( 96%) used,   596.80 KB (  4%) free+waste,   115.31 KB ( <1%) overhead. 
       Both:    110.62 MB capacity,   108.88 MB ( 98%) used,     1.37 MB (  1%) free+waste,   375.25 KB ( <1%) overhead. 

Virtual space:
  Non-class space:       98.00 MB reserved,      96.33 MB ( 98%) committed 
      Class space:        1.00 GB reserved,      16.50 MB (  2%) committed 
             Both:        1.10 GB reserved,     112.83 MB ( 10%) committed 

Chunk freelists:
   Non-Class:  159.50 KB
       Class:  107.50 KB
        Both:  267.00 KB

CodeHeap 'non-profiled nmethods': size=119168Kb used=33051Kb max_used=34122Kb free=86116Kb
 bounds [0x00000135e54a0000, 0x00000135e7600000, 0x00000135ec900000]
CodeHeap 'profiled nmethods': size=119168Kb used=52376Kb max_used=56637Kb free=66791Kb
 bounds [0x00000135de040000, 0x00000135e1800000, 0x00000135e54a0000]
CodeHeap 'non-nmethods': size=7424Kb used=1764Kb max_used=3503Kb free=5659Kb
 bounds [0x00000135dd900000, 0x00000135ddd60000, 0x00000135de040000]
 total_blobs=49245 nmethods=23257 adapters=1266
 compilation: enabled
              stopped_count=0, restarted_count=0
 full_count=0

Compilation events (10 events):
Event: 30917.329 Thread 0x00000135f819b000 32570       3       ui.views.N.c.a::ai (66 bytes)
Event: 30917.330 Thread 0x00000135f819b000 nmethod 32570 0x00000135dff0a690 code [0x00000135dff0aaa0, 0x00000135dff0c140]
Event: 30918.607 Thread 0x00000135f813e000 32571       4       javax.swing.plaf.basic.BasicProgressBarUI$Handler::propertyChange (52 bytes)
Event: 30918.617 Thread 0x00000135f813e000 nmethod 32571 0x00000135e6ec4610 code [0x00000135e6ec48a0, 0x00000135e6ec5b10]
Event: 30918.772 Thread 0x00000135f813e000 32572       4       ui.utils.swing.g.i::b (156 bytes)
Event: 30918.863 Thread 0x00000135f813e000 nmethod 32572 0x00000135e6fe3110 code [0x00000135e6fe3600, 0x00000135e6fe8060]
Event: 30920.548 Thread 0x00000135f813e000 32573       4       ui.views.c.b.j::gww (44 bytes)
Event: 30920.550 Thread 0x00000135f813e000 nmethod 32573 0x00000135e69bb510 code [0x00000135e69bb700, 0x00000135e69bb980]
Event: 30920.550 Thread 0x00000135f813e000 32574       4       ui.views.c.w.b.i::gww (25 bytes)
Event: 30920.551 Thread 0x00000135f813e000 nmethod 32574 0x00000135e688c290 code [0x00000135e688c420, 0x00000135e688c4d8]

GC Heap History (10 events):
Event: 30914.800 GC heap before
{Heap before GC invocations=1712 (full 554):
 garbage-first heap   total 254976K, used 188359K [0x0000000740000000, 0x0000000800000000)
  region size 1024K, 60 young (61440K), 1 survivors (1024K)
 Metaspace       used 111492K, capacity 113272K, committed 115536K, reserved 1148928K
  class space    used 15323K, capacity 16036K, committed 16896K, reserved 1048576K
}
Event: 30914.801 GC heap after
{Heap after GC invocations=1713 (full 554):
 garbage-first heap   total 254976K, used 128190K [0x0000000740000000, 0x0000000800000000)
  region size 1024K, 2 young (2048K), 2 survivors (2048K)
 Metaspace       used 111492K, capacity 113272K, committed 115536K, reserved 1148928K
  class space    used 15323K, capacity 16036K, committed 16896K, reserved 1048576K
}
Event: 30915.718 GC heap before
{Heap before GC invocations=1713 (full 554):
 garbage-first heap   total 254976K, used 187582K [0x0000000740000000, 0x0000000800000000)
  region size 1024K, 60 young (61440K), 2 survivors (2048K)
 Metaspace       used 111492K, capacity 113272K, committed 115536K, reserved 1148928K
  class space    used 15323K, capacity 16036K, committed 16896K, reserved 1048576K
}
Event: 30915.721 GC heap after
{Heap after GC invocations=1714 (full 554):
 garbage-first heap   total 254976K, used 127975K [0x0000000740000000, 0x0000000800000000)
  region size 1024K, 2 young (2048K), 2 survivors (2048K)
 Metaspace       used 111492K, capacity 113272K, committed 115536K, reserved 1148928K
  class space    used 15323K, capacity 16036K, committed 16896K, reserved 1048576K
}
Event: 30917.981 GC heap before
{Heap before GC invocations=1714 (full 554):
 garbage-first heap   total 254976K, used 187367K [0x0000000740000000, 0x0000000800000000)
  region size 1024K, 60 young (61440K), 2 survivors (2048K)
 Metaspace       used 111493K, capacity 113272K, committed 115536K, reserved 1148928K
  class space    used 15323K, capacity 16036K, committed 16896K, reserved 1048576K
}
Event: 30917.982 GC heap after
{Heap after GC invocations=1715 (full 554):
 garbage-first heap   total 254976K, used 127712K [0x0000000740000000, 0x0000000800000000)
  region size 1024K, 1 young (1024K), 1 survivors (1024K)
 Metaspace       used 111493K, capacity 113272K, committed 115536K, reserved 1148928K
  class space    used 15323K, capacity 16036K, committed 16896K, reserved 1048576K
}
Event: 30918.681 GC heap before
{Heap before GC invocations=1715 (full 554):
 garbage-first heap   total 254976K, used 188128K [0x0000000740000000, 0x0000000800000000)
  region size 1024K, 60 young (61440K), 1 survivors (1024K)
 Metaspace       used 111493K, capacity 113272K, committed 115536K, reserved 1148928K
  class space    used 15323K, capacity 16036K, committed 16896K, reserved 1048576K
}
Event: 30918.682 GC heap after
{Heap after GC invocations=1716 (full 554):
 garbage-first heap   total 254976K, used 127614K [0x0000000740000000, 0x0000000800000000)
  region size 1024K, 1 young (1024K), 1 survivors (1024K)
 Metaspace       used 111493K, capacity 113272K, committed 115536K, reserved 1148928K
  class space    used 15323K, capacity 16036K, committed 16896K, reserved 1048576K
}
Event: 30919.874 GC heap before
{Heap before GC invocations=1716 (full 554):
 garbage-first heap   total 254976K, used 188030K [0x0000000740000000, 0x0000000800000000)
  region size 1024K, 60 young (61440K), 1 survivors (1024K)
 Metaspace       used 111493K, capacity 113272K, committed 115536K, reserved 1148928K
  class space    used 15323K, capacity 16036K, committed 16896K, reserved 1048576K
}
Event: 30919.875 GC heap after
{Heap after GC invocations=1717 (full 554):
 garbage-first heap   total 254976K, used 127601K [0x0000000740000000, 0x0000000800000000)
  region size 1024K, 1 young (1024K), 1 survivors (1024K)
 Metaspace       used 111493K, capacity 113272K, committed 115536K, reserved 1148928K
  class space    used 15323K, capacity 16036K, committed 16896K, reserved 1048576K
}

Deoptimization events (10 events):
Event: 30613.328 Thread 0x00000135ee117000 Uncommon trap: reason=class_check action=maybe_recompile pc=0x00000135e70a5ad0 method=de.javasoft.plaf.synthetica.painter.AnimationThreadFactory$AnimationThread.run()V @ 384 c2
Event: 30618.544 Thread 0x00000135ee117000 Uncommon trap: reason=class_check action=maybe_recompile pc=0x00000135e70a5ad0 method=de.javasoft.plaf.synthetica.painter.AnimationThreadFactory$AnimationThread.run()V @ 384 c2
Event: 30623.756 Thread 0x00000135ee117000 Uncommon trap: reason=class_check action=maybe_recompile pc=0x00000135e70a5ad0 method=de.javasoft.plaf.synthetica.painter.AnimationThreadFactory$AnimationThread.run()V @ 384 c2
Event: 30628.902 Thread 0x00000135ee117000 Uncommon trap: reason=class_check action=maybe_recompile pc=0x00000135e70a5ad0 method=de.javasoft.plaf.synthetica.painter.AnimationThreadFactory$AnimationThread.run()V @ 384 c2
Event: 30714.695 Thread 0x00000135d79dc000 Uncommon trap: reason=unstable_if action=reinterpret pc=0x00000135e65c6a18 method=ui.frmwork.c.l.b(Lui/frmwork/c/c;ZZLjava/lang/String;)Lui/frmwork/c/e; @ 17 c2
Event: 30719.157 Thread 0x00000135d80f2000 Uncommon trap: reason=class_check action=maybe_recompile pc=0x00000135e660050c method=javax.swing.text.DefaultCaret.paint(Ljava/awt/Graphics;)V @ 180 c2
Event: 30719.187 Thread 0x00000135d80f2000 Uncommon trap: reason=class_check action=maybe_recompile pc=0x00000135e660050c method=javax.swing.text.DefaultCaret.paint(Ljava/awt/Graphics;)V @ 180 c2
Event: 30719.258 Thread 0x00000135d80f2000 Uncommon trap: reason=class_check action=maybe_recompile pc=0x00000135e660050c method=javax.swing.text.DefaultCaret.paint(Ljava/awt/Graphics;)V @ 180 c2
Event: 30719.328 Thread 0x00000135d80f2000 Uncommon trap: reason=class_check action=maybe_recompile pc=0x00000135e660050c method=javax.swing.text.DefaultCaret.paint(Ljava/awt/Graphics;)V @ 180 c2
Event: 30789.709 Thread 0x00000135d80f2000 Uncommon trap: reason=unstable_if action=reinterpret pc=0x00000135e6793544 method=ui.views.w.b.p.jur()Lui/views/w/b/al; @ 23 c2

Classes redefined (0 events):
No events

Internal exceptions (10 events):
Event: 30898.556 Thread 0x00000135d80f2000 Exception <a 'java/io/FileNotFoundException'{0x000000074da22ef0}> (0x000000074da22ef0) thrown at [t:/workspace/open/src/hotspot/share/prims/jni.cpp, line 615]
Event: 30898.603 Thread 0x00000135d80f2000 Exception <a 'java/io/FileNotFoundException'{0x000000074da23c88}> (0x000000074da23c88) thrown at [t:/workspace/open/src/hotspot/share/prims/jni.cpp, line 615]
Event: 30903.622 Thread 0x00000135d80f2000 Exception <a 'java/io/FileNotFoundException'{0x000000074e5dcb88}> (0x000000074e5dcb88) thrown at [t:/workspace/open/src/hotspot/share/prims/jni.cpp, line 615]
Event: 30903.622 Thread 0x00000135d80f2000 Exception <a 'java/io/FileNotFoundException'{0x000000074e5dde30}> (0x000000074e5dde30) thrown at [t:/workspace/open/src/hotspot/share/prims/jni.cpp, line 615]
Event: 30908.559 Thread 0x00000135d80f2000 Exception <a 'java/io/FileNotFoundException'{0x000000074e824b38}> (0x000000074e824b38) thrown at [t:/workspace/open/src/hotspot/share/prims/jni.cpp, line 615]
Event: 30908.606 Thread 0x00000135d80f2000 Exception <a 'java/io/FileNotFoundException'{0x000000074e8258d0}> (0x000000074e8258d0) thrown at [t:/workspace/open/src/hotspot/share/prims/jni.cpp, line 615]
Event: 30913.560 Thread 0x00000135d80f2000 Exception <a 'java/io/FileNotFoundException'{0x000000074e3a9d68}> (0x000000074e3a9d68) thrown at [t:/workspace/open/src/hotspot/share/prims/jni.cpp, line 615]
Event: 30913.607 Thread 0x00000135d80f2000 Exception <a 'java/io/FileNotFoundException'{0x000000074e3aa660}> (0x000000074e3aa660) thrown at [t:/workspace/open/src/hotspot/share/prims/jni.cpp, line 615]
Event: 30918.561 Thread 0x00000135d80f2000 Exception <a 'java/io/FileNotFoundException'{0x000000074d8b8c10}> (0x000000074d8b8c10) thrown at [t:/workspace/open/src/hotspot/share/prims/jni.cpp, line 615]
Event: 30918.607 Thread 0x00000135d80f2000 Exception <a 'java/io/FileNotFoundException'{0x000000074d8b9a58}> (0x000000074d8b9a58) thrown at [t:/workspace/open/src/hotspot/share/prims/jni.cpp, line 615]

Events (10 events):
Event: 30918.681 Executing VM operation: G1CollectForAllocation
Event: 30918.682 Executing VM operation: G1CollectForAllocation done
Event: 30918.766 Thread 0x00000135d37fc000 Thread added: 0x00000135d37fc000
Event: 30918.768 Thread 0x00000135d37fc000 Thread exited: 0x00000135d37fc000
Event: 30918.772 Thread 0x00000135d80f2000 DEOPT PACKING pc=0x00000135e05217b5 sp=0x00000033fb4f6470
Event: 30918.772 Thread 0x00000135d80f2000 DEOPT UNPACKING pc=0x00000135dd928fce sp=0x00000033fb4f59b8 mode 0
Event: 30919.767 Thread 0x00000135d37fc000 Thread added: 0x00000135d37fc000
Event: 30919.772 Thread 0x00000135d37fc000 Thread exited: 0x00000135d37fc000
Event: 30919.874 Executing VM operation: G1CollectForAllocation
Event: 30919.875 Executing VM operation: G1CollectForAllocation done


Dynamic libraries:
0x00007ff6328e0000 - 0x00007ff63290f000 	C:\Xilinx\Vivado\2020.2\bin\unwrapped\win64.o\vivado.exe
0x00007ff9923e0000 - 0x00007ff992647000 	C:\WINDOWS\SYSTEM32\ntdll.dll
0x00007ff990340000 - 0x00007ff990409000 	C:\WINDOWS\System32\KERNEL32.DLL
0x00007ff98fd60000 - 0x00007ff990157000 	C:\WINDOWS\System32\KERNELBASE.dll
0x00007ff98faa0000 - 0x00007ff98fbeb000 	C:\WINDOWS\System32\ucrtbase.dll
0x00007ff966df0000 - 0x00007ff966e78000 	C:\WINDOWS\SYSTEM32\MSVCP140.dll
0x00007ff973500000 - 0x00007ff97351e000 	C:\WINDOWS\SYSTEM32\VCRUNTIME140.dll
0x00007ff97f420000 - 0x00007ff97f42b000 	C:\WINDOWS\SYSTEM32\VCRUNTIME140_1.dll
0x00007ff97cac0000 - 0x00007ff97cad3000 	C:\Xilinx\Vivado\2020.2\lib\win64.o\libboost_signals.dll
0x00007ff977d20000 - 0x00007ff977d38000 	C:\Xilinx\Vivado\2020.2\lib\win64.o\librdi_commonmain.dll
0x00007ff96eee0000 - 0x00007ff96ef02000 	C:\Xilinx\Vivado\2020.2\lib\win64.o\libboost_filesystem.dll
0x00007ff98c130000 - 0x00007ff98c139000 	C:\Xilinx\Vivado\2020.2\lib\win64.o\librdi_commonversion.dll
0x00007ff991350000 - 0x00007ff991406000 	C:\WINDOWS\System32\ADVAPI32.dll
0x00007ff9921b0000 - 0x00007ff992259000 	C:\WINDOWS\System32\msvcrt.dll
0x00007ff9915f0000 - 0x00007ff991697000 	C:\WINDOWS\System32\sechost.dll
0x00007ff9917d0000 - 0x00007ff9918e8000 	C:\WINDOWS\System32\RPCRT4.dll
0x00007ff922a90000 - 0x00007ff922c29000 	C:\Xilinx\Vivado\2020.2\lib\win64.o\librdi_commonxillic.dll
0x00007ff991940000 - 0x00007ff991b06000 	C:\WINDOWS\System32\USER32.dll
0x00007ff98f9e0000 - 0x00007ff98fa07000 	C:\WINDOWS\System32\win32u.dll
0x00007ff9918f0000 - 0x00007ff99191b000 	C:\WINDOWS\System32\GDI32.dll
0x00007ff98f040000 - 0x00007ff98f16c000 	C:\WINDOWS\System32\gdi32full.dll
0x00007ff8e2e60000 - 0x00007ff8e3fd7000 	C:\Xilinx\Vivado\2020.2\lib\win64.o\librdi_common.dll
0x00007ff98ef90000 - 0x00007ff98f033000 	C:\WINDOWS\System32\msvcp_win.dll
0x00007ff9908a0000 - 0x00007ff99100e000 	C:\WINDOWS\System32\SHELL32.dll
0x00007ff991740000 - 0x00007ff9917c0000 	C:\WINDOWS\System32\WS2_32.dll
0x00000000773e0000 - 0x000000007750b000 	C:\Xilinx\Vivado\2020.2\lib\win64.o\tcl85t.dll
0x00007ff98a1c0000 - 0x00007ff98a1c9000 	C:\Xilinx\Vivado\2020.2\lib\win64.o\libboost_system.dll
0x00007ff9227b0000 - 0x00007ff922a8b000 	C:\Xilinx\Vivado\2020.2\lib\win64.o\libXil_lmgr11.dll
0x00007ff922690000 - 0x00007ff9227a1000 	C:\Xilinx\Vivado\2020.2\lib\win64.o\libboost_regex.dll
0x00007ff9907a0000 - 0x00007ff990890000 	C:\WINDOWS\System32\COMDLG32.dll
0x00007ff922320000 - 0x00007ff92268e000 	C:\Xilinx\Vivado\2020.2\lib\win64.o\libCOIN-all.dll
0x00007ff97f650000 - 0x00007ff97f660000 	C:\Xilinx\Vivado\2020.2\lib\win64.o\libboost_date_time.dll
0x00007ff990410000 - 0x00007ff990793000 	C:\WINDOWS\System32\combase.dll
0x00007ff95bef0000 - 0x00007ff95bf63000 	C:\Xilinx\Vivado\2020.2\lib\win64.o\libboost_program_options.dll
0x00007ff9914f0000 - 0x00007ff9915e6000 	C:\WINDOWS\System32\shcore.dll
0x00007ff992140000 - 0x00007ff9921a6000 	C:\WINDOWS\System32\SHLWAPI.dll
0x00007ff98f170000 - 0x00007ff98f9dc000 	C:\WINDOWS\System32\Windows.Storage.dll
0x00007ff967e80000 - 0x00007ff967e9e000 	C:\Xilinx\Vivado\2020.2\lib\win64.o\libboost_thread.dll
0x00007ff991410000 - 0x00007ff9914e9000 	C:\WINDOWS\System32\OLEAUT32.dll
0x00007ff97c8e0000 - 0x00007ff97c8ec000 	C:\Xilinx\Vivado\2020.2\lib\win64.o\libboost_xilinx.dll
0x00007ff9910b0000 - 0x00007ff991247000 	C:\WINDOWS\System32\ole32.dll
0x00007ff98fa10000 - 0x00007ff98fa92000 	C:\WINDOWS\System32\WINTRUST.dll
0x00007ff933de0000 - 0x00007ff933e62000 	C:\Xilinx\Vivado\2020.2\lib\win64.o\libhdlpsolve.dll
0x00007ff98ee10000 - 0x00007ff98ef88000 	C:\WINDOWS\System32\CRYPT32.dll
0x00007ff9257b0000 - 0x00007ff925855000 	C:\Xilinx\Vivado\2020.2\lib\win64.o\libhdxml.dll
0x00007ff963a50000 - 0x00007ff963a78000 	C:\Xilinx\Vivado\2020.2\lib\win64.o\libisl_sysinfo.dll
0x00007ff9222b0000 - 0x00007ff922315000 	C:\Xilinx\Vivado\2020.2\lib\win64.o\liblmx6.0.dll
0x00007ff963a30000 - 0x00007ff963a4c000 	C:\Xilinx\Vivado\2020.2\lib\win64.o\librdiconfig.dll
0x00007ff9601e0000 - 0x00007ff9601fa000 	C:\Xilinx\Vivado\2020.2\lib\win64.o\pthreadVC2.dll
0x00007ff95da50000 - 0x00007ff95da71000 	C:\Xilinx\Vivado\2020.2\lib\win64.o\librdizlib.dll
0x00007ff8e2060000 - 0x00007ff8e2e52600 	C:\Xilinx\Vivado\2020.2\lib\win64.o\libisl_iostreams.dll
0x00007ff97cc40000 - 0x00007ff97ced5000 	C:\WINDOWS\SYSTEM32\WININET.dll
0x00007ff973a40000 - 0x00007ff973a5a000 	C:\WINDOWS\SYSTEM32\NETAPI32.dll
0x00007ff9895b0000 - 0x00007ff9896d9000 	C:\WINDOWS\SYSTEM32\WINHTTP.dll
0x0000000012000000 - 0x0000000012270000 	C:\Xilinx\Vivado\2020.2\lib\win64.o\xerces-c_3_1.dll
0x00007ff979e70000 - 0x00007ff97a04d000 	C:\WINDOWS\SYSTEM32\urlmon.dll
0x00007ff98ed00000 - 0x00007ff98ed2a000 	C:\WINDOWS\SYSTEM32\bcrypt.dll
0x00007ff987ab0000 - 0x00007ff987aba000 	C:\WINDOWS\SYSTEM32\WSOCK32.dll
0x00007ff95c210000 - 0x00007ff95c246000 	C:\WINDOWS\SYSTEM32\VCOMP140.DLL
0x00007ff96f8a0000 - 0x00007ff96f955000 	C:\WINDOWS\WinSxS\amd64_microsoft.windows.common-controls_6595b64144ccf1df_5.82.26100.8328_none_87eede957a2ccddd\COMCTL32.dll
0x00007ff8e0140000 - 0x00007ff8e2057000 	C:\Xilinx\Vivado\2020.2\lib\win64.o\gurobi90.dll
0x00007ff991030000 - 0x00007ff9910a2000 	C:\WINDOWS\System32\WLDAP32.dll
0x00007ff9779c0000 - 0x00007ff9779cc000 	C:\Xilinx\Vivado\2020.2\lib\win64.o\libboost_chrono.dll
0x00007ff9916a0000 - 0x00007ff9916a8000 	C:\WINDOWS\System32\Normaliz.dll
0x00007ff989880000 - 0x00007ff9898a5000 	C:\WINDOWS\SYSTEM32\dhcpcsvc.DLL
0x00007ff979ba0000 - 0x00007ff979e64000 	C:\WINDOWS\SYSTEM32\iertutil.dll
0x00007ff95da30000 - 0x00007ff95da46000 	C:\Xilinx\Vivado\2020.2\lib\win64.o\libboost_iostreams.dll
0x00007ff933db0000 - 0x00007ff933dd3000 	C:\Xilinx\Vivado\2020.2\lib\win64.o\libisl_iosutils.dll
0x00007ff979810000 - 0x00007ff979839000 	C:\WINDOWS\SYSTEM32\srvcli.dll
0x00007ff98d540000 - 0x00007ff98d54d000 	C:\WINDOWS\SYSTEM32\netutils.dll
0x00007ff98e0b0000 - 0x00007ff98e11c000 	C:\WINDOWS\SYSTEM32\MSWSOCK.DLL
0x00007ff991fa0000 - 0x00007ff991fd2000 	C:\WINDOWS\System32\IMM32.DLL
0x00007ff98e510000 - 0x00007ff98e523000 	C:\WINDOWS\SYSTEM32\MSASN1.dll
0x00007ff98dac0000 - 0x00007ff98dadb000 	C:\WINDOWS\SYSTEM32\kernel.appcore.dll
0x00007ff921d80000 - 0x00007ff9222a2000 	C:\Xilinx\Vivado\2020.2\lib\win64.o\librdi_commontasks.dll
0x00007ff97f330000 - 0x00007ff97f33b000 	C:\WINDOWS\SYSTEM32\VERSION.dll
0x00007ff9214f0000 - 0x00007ff9217c5000 	C:\Xilinx\Vivado\2020.2\lib\win64.o\librdi_sio.dll
0x00007ff98d550000 - 0x00007ff98d582000 	C:\WINDOWS\SYSTEM32\IPHLPAPI.DLL
0x00007ff8df610000 - 0x00007ff8e0133000 	C:\Xilinx\Vivado\2020.2\tps\win64\jre11.0.2\bin\server\jvm.dll
0x00007ff991020000 - 0x00007ff991028000 	C:\WINDOWS\System32\PSAPI.DLL
0x00007ff973430000 - 0x00007ff973466000 	C:\WINDOWS\SYSTEM32\WINMM.dll
0x00007ff8dcb50000 - 0x00007ff8df60e000 	C:\Xilinx\Vivado\2020.2\lib\win64.o\librdi_tcltasks.dll
0x00007ff921d00000 - 0x00007ff921d7e000 	C:\Xilinx\Vivado\2020.2\lib\win64.o\librdi_boarddep.dll
0x00007ff921330000 - 0x00007ff9214e3000 	C:\Xilinx\Vivado\2020.2\lib\win64.o\librdi_board.dll
0x00007ff91f2d0000 - 0x00007ff91f776000 	C:\Xilinx\Vivado\2020.2\lib\win64.o\librdi_bitstream.dll
0x00007ff921230000 - 0x00007ff921326000 	C:\Xilinx\Vivado\2020.2\lib\win64.o\librdi_chipscope.dll
0x00007ff91f0e0000 - 0x00007ff91f2ca000 	C:\Xilinx\Vivado\2020.2\lib\win64.o\librdi_chipscopeimpl.dll
0x00007ff91b700000 - 0x00007ff91b861000 	C:\Xilinx\Vivado\2020.2\lib\win64.o\librdi_containers.dll
0x00007ff8dade0000 - 0x00007ff8dcb41000 	C:\Xilinx\Vivado\2020.2\lib\win64.o\librdi_designutils.dll
0x00007ff8d8fb0000 - 0x00007ff8daddc000 	C:\Xilinx\Vivado\2020.2\lib\win64.o\librdi_constraints.dll
0x00007ff900f90000 - 0x00007ff9012f8000 	C:\Xilinx\Vivado\2020.2\lib\win64.o\librdi_dlyest.dll
0x00007ff8d6bf0000 - 0x00007ff8d8fad000 	C:\Xilinx\Vivado\2020.2\lib\win64.o\librdi_coregen.dll
0x00007ff8ffbf0000 - 0x00007ff90024d000 	C:\Xilinx\Vivado\2020.2\lib\win64.o\librdi_drc.dll
0x00007ff921170000 - 0x00007ff921223000 	C:\Xilinx\Vivado\2020.2\lib\win64.o\librdi_dsp.dll
0x00007ff8d68d0000 - 0x00007ff8d6bed000 	C:\Xilinx\Vivado\2020.2\lib\win64.o\librdi_guitools.dll
0x00007ff8d6200000 - 0x00007ff8d68c2000 	C:\Xilinx\Vivado\2020.2\lib\win64.o\librdi_filemgmt.dll
0x00007ff921100000 - 0x00007ff92116b000 	C:\Xilinx\Vivado\2020.2\lib\win64.o\librdi_hdf.dll
0x00007ff908f60000 - 0x00007ff9091d7000 	C:\Xilinx\Vivado\2020.2\lib\win64.o\librdi_hip_devdesign.dll
0x00007ff8d5ae0000 - 0x00007ff8d61f8000 	C:\Xilinx\Vivado\2020.2\lib\win64.o\librdi_coregenipxact.dll
0x00007ff900e40000 - 0x00007ff900f87000 	C:\Xilinx\Vivado\2020.2\lib\win64.o\librdi_hip_perf_analysis.dll
0x00007ff920d00000 - 0x00007ff920d72000 	C:\Xilinx\Vivado\2020.2\lib\win64.o\librdi_memoryarray.dll
0x00007ff8bd500000 - 0x00007ff8d5adf000 	C:\Xilinx\Vivado\2020.2\lib\win64.o\librdi_device.dll
0x00007ff8bceb0000 - 0x00007ff8bd4fc000 	C:\Xilinx\Vivado\2020.2\lib\win64.o\librdi_memdata.dll
0x00007ff8bb2d0000 - 0x00007ff8bcea4000 	C:\Xilinx\Vivado\2020.2\lib\win64.o\librdi_implflow.dll
0x00007ff91f080000 - 0x00007ff91f0d4000 	C:\Xilinx\Vivado\2020.2\lib\win64.o\librdi_pfi.dll
0x00007ff8b8e80000 - 0x00007ff8bb2c4000 	C:\Xilinx\Vivado\2020.2\lib\win64.o\librdi_mig.dll
0x00007ff8b8750000 - 0x00007ff8b8e7c000 	C:\Xilinx\Vivado\2020.2\lib\win64.o\librdi_netlist.dll
0x00007ff8b83b0000 - 0x00007ff8b874e000 	C:\Xilinx\Vivado\2020.2\lib\win64.o\librdi_platform.dll
0x00007ff8b7b90000 - 0x00007ff8b83a7000 	C:\Xilinx\Vivado\2020.2\lib\win64.o\librdi_power.dll
0x00007ff8b7510000 - 0x00007ff8b7b84000 	C:\Xilinx\Vivado\2020.2\lib\win64.o\librdi_project.dll
0x00007ff8b6d00000 - 0x00007ff8b750c000 	C:\Xilinx\Vivado\2020.2\lib\win64.o\librdi_rsb.dll
0x00007ff8b65d0000 - 0x00007ff8b6cf2000 	C:\Xilinx\Vivado\2020.2\lib\win64.o\librdi_psta.dll
0x00007ff91b5f0000 - 0x00007ff91b6f9000 	C:\Xilinx\Vivado\2020.2\lib\win64.o\librdi_runsbase.dll
0x00007ff8b60a0000 - 0x00007ff8b65cb000 	C:\Xilinx\Vivado\2020.2\lib\win64.o\librdi_runs.dll
0x00007ff8b2e90000 - 0x00007ff8b6097000 	C:\Xilinx\Vivado\2020.2\lib\win64.o\librdi_place.dll
0x00007ff8b2c10000 - 0x00007ff8b2e84000 	C:\Xilinx\Vivado\2020.2\lib\win64.o\librdi_simdata.dll
0x00007ff8fc7b0000 - 0x00007ff8fc8c6000 	C:\Xilinx\Vivado\2020.2\lib\win64.o\librdi_xhub.dll
0x00007ff91efd0000 - 0x00007ff91f077000 	C:\Xilinx\Vivado\2020.2\lib\win64.o\librdi_xhubtasks.dll
0x00007ff921cb0000 - 0x00007ff921cf7000 	C:\Xilinx\Vivado\2020.2\lib\win64.o\libboost_serialization.dll
0x00007ff8b1c80000 - 0x00007ff8b2c01000 	C:\Xilinx\Vivado\2020.2\lib\win64.o\librdi_timing.dll
0x00007ff8b1a90000 - 0x00007ff8b1c7b000 	C:\Xilinx\Vivado\2020.2\lib\win64.o\librdi_advchipscopeimpl.dll
0x00007ff8fc6c0000 - 0x00007ff8fc7ab000 	C:\Xilinx\Vivado\2020.2\lib\win64.o\librdi_ipconfig_readwrite.dll
0x00007ff8b0f30000 - 0x00007ff8b1a86000 	C:\Xilinx\Vivado\2020.2\lib\win64.o\libverific.dll
0x00007ff8fd290000 - 0x00007ff8fd2fa000 	C:\Xilinx\Vivado\2020.2\lib\win64.o\librdi_noc_frameworks.dll
0x00007ff8b09e0000 - 0x00007ff8b0f2e000 	C:\Xilinx\Vivado\2020.2\lib\win64.o\librdi_xdm.dll
0x00007ff8b06e0000 - 0x00007ff8b09db000 	C:\Xilinx\Vivado\2020.2\lib\win64.o\librdi_hip_config.dll
0x00007ff8b0640000 - 0x00007ff8b06de000 	C:\Xilinx\Vivado\2020.2\lib\win64.o\libise.dll
0x00007ff908f10000 - 0x00007ff908f56000 	C:\Xilinx\Vivado\2020.2\lib\win64.o\libboost_graph.dll

dbghelp: loaded successfully - version: 4.0.5 - missing functions: none
symbol engine: initialized successfully - sym options: 0x614 - pdb path: .;C:\Xilinx\Vivado\2020.2\bin\unwrapped\win64.o;C:\WINDOWS\SYSTEM32;C:\Xilinx\Vivado\2020.2\lib\win64.o;C:\WINDOWS\WinSxS\amd64_microsoft.windows.common-controls_6595b64144ccf1df_5.82.26100.8328_none_87eede957a2ccddd;C:\Xilinx\Vivado\2020.2\tps\win64\jre11.0.2\bin\server;C:\Xilinx\Vivado\2020.2\tps\win64\python-3.8.3;C:\Xilinx\Vivado\2020.2\tps\win64\jre11.0.2\bin;C:\WINDOWS\WinSxS\amd64_microsoft.windows.common-controls_6595b64144ccf1df_6.0.26100.8457_none_3e0b2faee331e92d;C:\WINDOWS\WinSxS\amd64_microsoft.windows.gdiplus_6595b64144ccf1df_1.1.26100.8328_none_6ef30b123dc73046

VM Arguments:
jvm_args: -Dsun.java2d.pmoffscreen=false -Dhttps.protocols=TLSv1,TLSv1.1,TLSv1.2 -Dsun.java2d.xrender=false -Dsun.java2d.d3d=false -Dsun.awt.nopixfmt=true -Dsun.java2d.dpiaware=true -Dsun.java2d.uiScale.enabled=false -Xverify:none -Dswing.aatext=true -XX:-UsePerfData -Djdk.map.althashing.threshold=512 -XX:StringTableSize=4072 --add-opens=java.base/java.nio=ALL-UNNAMED --add-opens=java.desktop/sun.swing=ALL-UNNAMED --add-opens=java.desktop/javax.swing=ALL-UNNAMED --add-opens=java.desktop/javax.swing.tree=ALL-UNNAMED --add-opens=java.desktop/javax.swing.plaf.basic=ALL-UNNAMED --add-opens=java.desktop/javax.swing.plaf.synth=ALL-UNNAMED --add-opens=java.desktop/com.sun.awt=ALL-UNNAMED -XX:NewSize=60m -XX:MaxNewSize=60m -Xms128m -Xmx3072m -Xss5m 
java_command: <unknown>
java_class_path (initial): C:/Xilinx/Vivado/2020.2\lib\classes\alloy.jar;C:/Xilinx/Vivado/2020.2\lib\classes\ArchiveSummary.jar;C:/Xilinx/Vivado/2020.2\lib\classes\autoesl-models.jar;C:/Xilinx/Vivado/2020.2\lib\classes\autopilot.scelaborator.jar;C:/Xilinx/Vivado/2020.2\lib\classes\autopilot.sourceprocessor.jar;C:/Xilinx/Vivado/2020.2\lib\classes\autopilot.tbprocessor.jar;C:/Xilinx/Vivado/2020.2\lib\classes\batik-anim.jar;C:/Xilinx/Vivado/2020.2\lib\classes\batik-awt-util.jar;C:/Xilinx/Vivado/2020.2\lib\classes\batik-bridge.jar;C:/Xilinx/Vivado/2020.2\lib\classes\batik-codec.jar;C:/Xilinx/Vivado/2020.2\lib\classes\batik-css.jar;C:/Xilinx/Vivado/2020.2\lib\classes\batik-dom.jar;C:/Xilinx/Vivado/2020.2\lib\classes\batik-ext.jar;C:/Xilinx/Vivado/2020.2\lib\classes\batik-gui-util.jar;C:/Xilinx/Vivado/2020.2\lib\classes\batik-gvt.jar;C:/Xilinx/Vivado/2020.2\lib\classes\batik-parser.jar;C:/Xilinx/Vivado/2020.2\lib\classes\batik-script.jar;C:/Xilinx/Vivado/2020.2\lib\classes\batik-svg-dom.jar;C:/Xilinx/Vivado/2020.2\lib\classes\batik-swing.jar;C:/Xilinx/Vivado/2020.2\lib\classes\batik-transcoder.jar;C:/Xilinx/Vivado/2020.2\lib\classes\batik-util.jar;C:/Xilinx/Vivado/2020.2\lib\classes\batik-xml.jar;C:/Xilinx/Vivado/2020.2\lib\classes\com.google.gson_2.8.2.v20180104-1110.jar;C:/Xilinx/Vivado/2020.2\lib\classes\com.google.guava_27.1.0.v20190517-1946.jar;C:/Xilinx/Vivado/2020.2\lib\classes\com.ibm.icu_4.4.2.v20110208.jar;C:/Xilinx/Vivado/2020.2\lib\classes\com.sigasi.hdt.connection_4.9.0.202009050929.jar;C:/Xilinx/Vivado/2020.2\lib\classes\com.sigasi.hdt.epl_4.9.0.202009050929.jar;C:/Xilinx/Vivado/2020.2\lib\classes\com.sigasi.hdt.project_4.9.0.202009050929.jar;C:/Xilinx/Vivado/2020.2\lib\classes\com.sigasi.hdt.readonlyfilesystem_4.9.0.202009050929.jar;C:/Xilinx/Vivado/2020.2\lib\classes\com.sigasi.lcm_4.9.0.202009050929.jar;C:/Xilinx/Vivado/2020.2\lib\classes\com.sigasi.sdk.client_4.9.0.202009050929.jar;C:/Xilinx/Vivado/2020.2\lib\classes\com.xilinx.hls.services.jar;C:/Xili
Launcher Type: generic

[Global flags]
     bool BytecodeVerificationLocal                = false                                     {product} {command line}
     bool BytecodeVerificationRemote               = false                                     {product} {command line}
     intx CICompilerCount                          = 12                                        {product} {ergonomic}
     uint ConcGCThreads                            = 3                                         {product} {ergonomic}
     uint G1ConcRefinementThreads                  = 13                                        {product} {ergonomic}
   size_t G1HeapRegionSize                         = 1048576                                   {product} {ergonomic}
    uintx GCDrainStackTargetSize                   = 64                                        {product} {ergonomic}
   size_t InitialHeapSize                          = 134217728                                 {product} {command line}
   size_t MarkStackSize                            = 4194304                                   {product} {ergonomic}
   size_t MaxHeapSize                              = 3221225472                                {product} {command line}
   size_t MaxNewSize                               = 62914560                                  {product} {command line}
   size_t MinHeapDeltaBytes                        = 1048576                                   {product} {ergonomic}
   size_t NewSize                                  = 62914560                                  {product} {command line}
    uintx NonNMethodCodeHeapSize                   = 7591728                                {pd product} {ergonomic}
    uintx NonProfiledCodeHeapSize                  = 122033256                              {pd product} {ergonomic}
    uintx ProfiledCodeHeapSize                     = 122033256                              {pd product} {ergonomic}
    uintx ReservedCodeCacheSize                    = 251658240                              {pd product} {ergonomic}
     bool SegmentedCodeCache                       = true                                      {product} {ergonomic}
    uintx StringTableSize                          = 4072                                      {product} {command line}
     intx ThreadStackSize                          = 5120                                   {pd product} {command line}
     bool UseCompressedClassPointers               = true                                 {lp64_product} {ergonomic}
     bool UseCompressedOops                        = true                                 {lp64_product} {ergonomic}
     bool UseG1GC                                  = true                                      {product} {ergonomic}
     bool UseLargePagesIndividualAllocation        = false                                  {pd product} {ergonomic}
     bool UsePerfData                              = false                                     {product} {command line}

Logging:
Log output configuration:
 #0: stdout all=warning uptime,level,tags
 #1: stderr all=off uptime,level,tags

Environment Variables:
PATH=C:/Xilinx/Vivado/2020.2\gnuwin\bin;C:/Xilinx/Vivado/2020.2\gnu\microblaze\nt\bin;C:/Xilinx/Vivado/2020.2/bin;C:/Xilinx/Vivado/2020.2/tps/win64/javafx-sdk-11.0.2/lib;C:/Xilinx/Vivado/2020.2/tps/win64/javafx-sdk-11.0.2/bin;C:/Xilinx/Vivado/2020.2/lib/win64.o;C:/Xilinx/Vivado/2020.2/tps/win64/jre11.0.2/bin/server;C:/Xilinx/Vivado/2020.2/tps/win64/jre11.0.2/bin;C:/Xilinx/Vitis/2020.2/bin;C:/Xilinx/Vivado/2020.2/ids_lite/ISE/bin/nt64;C:/Xilinx/Vivado/2020.2/ids_lite/ISE/lib/nt64;C:/Xilinx/Vitis_HLS/2020.2/bin;C:\WINDOWS\system32;C:\WINDOWS;C:\WINDOWS\System32\Wbem;C:\WINDOWS\System32\WindowsPowerShell\v1.0\;C:\WINDOWS\System32\OpenSSH\;C:\Program Files\Bandizip\;C:\Program Files (x86)\Windows Kits\10\Windows Performance Toolkit\;C:\Program Files\Git\cmd;C:\Users\kccistc\AppData\Local\Microsoft\WindowsApps;C:\Users\kccistc\AppData\Local\Programs\Microsoft VS Code\bin;C:\Program Files\Vim\vim92;;C:/Xilinx/Vivado/2020.2\tps\mingw\6.2.0\win64.o\nt\bin;C:/Xilinx/Vivado/2020.2\tps\mingw\6.2.0\win64.o\nt\libexec\gcc\x86_64-w64-mingw32\6.2.0;C:/Xilinx/Vivado/2020.2\tps\win64\python-3.8.3;C:/Xilinx/Vivado/2020.2\tps\win64\python-3.8.3\bin;C:/Xilinx/Vivado/2020.2\tps\win64\python-3.8.3\lib;C:/Xilinx/Vivado/2020.2\tps\win64\python-3.8.3\lib\site-packages
USERNAME=kccistc
OS=Windows_NT
PROCESSOR_IDENTIFIER=Intel64 Family 6 Model 154 Stepping 3, GenuineIntel



---------------  S Y S T E M  ---------------

OS: Windows 10 , 64 bit Build 26100 (10.0.26100.8328)

CPU:total 16 (initial active 16) (8 cores per cpu, 2 threads per core) family 6 model 154 stepping 3, cmov, cx8, fxsr, mmx, sse, sse2, sse3, ssse3, sse4.1, sse4.2, popcnt, avx, avx2, aes, clmul, erms, 3dnowpref, lzcnt, ht, tsc, tscinvbit, bmi1, bmi2, adx, sha, fma

Memory: 4k page, system-wide physical 16066M (5930M free)
TotalPageFile size 32450M (AvailPageFile size 18542M)
current process WorkingSet (physical memory assigned to process): 1321M, peak: 1390M
current process commit charge ("private bytes"): 2013M, peak: 2045M

vm_info: OpenJDK 64-Bit Server VM (11.0.2+9) for windows-amd64 JRE (11.0.2+9), built on Jan 18 2019 05:23:22 by "mach5one" with MS VC++ 15.5 (VS2017)

END.
